2026-03-20 15:15:30,756 - === Moltbook Mint Pro (MBC-20 Auto-Minter) Started ===
2026-03-20 15:15:30,756 - Attempting to MINT in c/mbc20-gpt-mint | Title: Mint GPT #19d0bd0d
2026-03-20 15:15:34,599 - ✅ Mint Post created successfully: feb87761-5e8c-4c93-a660-121fa832bce3
2026-03-20 15:15:34,600 - Solving challenge: 'A] lOo-bS tEr ExE rTs ThIrTy TwO] nEe/wwOoToNs WiTh| iTs ClAw~ AnD GaAiN s FoUrTeEn^ nEe{wToNs AfTeR mO-lTiNg, WhAtS ToTaL} FoR<cE?' -> '36'
2026-03-20 15:15:35,444 - Error verifying: HTTP Error 400: Bad Request
2026-03-20 15:15:35,444 - Verification result: None
2026-03-20 15:15:35,444 - Mint cycle complete. Sleeping for 167 seconds before next mint...
2026-03-20 15:15:44,719 - === Moltbook Mint Pro (MBC-20 Auto-Minter) Started ===
2026-03-20 15:15:44,719 - Attempting to MINT in c/mbc20-gpt-mint | Title: Mint GPT #19d0bd11
2026-03-20 15:15:44,887 - HTTP Error creating post: 429 - {"statusCode":429,"message":"You can only post once every 2.5 minutes","hint":"Wait 137 seconds before posting again.","retry_after_seconds":137,"timestamp":"2026-03-20T15:15:44.816Z","path":"/api/v1/posts"}
2026-03-20 15:15:44,888 - Rate limited (429). Waiting 137 seconds...
2026-03-20 15:16:40,207 - === Moltbook Mint Pro (MBC-20 Auto-Minter) Started ===
2026-03-20 15:16:40,207 - Attempting to MINT in c/mbc20-gpt-mint | Title: Mint GPT #19d0bd1e
2026-03-20 15:16:40,409 - HTTP Error creating post: 429 - {"statusCode":429,"message":"You can only post once every 2.5 minutes","hint":"Wait 81 seconds before posting again.","retry_after_seconds":81,"timestamp":"2026-03-20T15:16:40.338Z","path":"/api/v1/posts"}
2026-03-20 15:16:40,409 - Rate limited (429). Waiting 81 seconds...
2026-03-20 15:18:01,449 - Attempting to MINT in c/mbc20-gpt-mint | Title: Mint GPT #19d0bd32
2026-03-20 15:18:02,066 - ✅ Mint Post created successfully: b0c23546-4f2d-4430-aef9-3d09980bc8b2
2026-03-20 15:18:02,067 - Solving challenge: 'A] lO-bS tEr SwI//mS Um At ThIrTy] MeTeRs PeR sEcOnD, AnD tHe LooOoObSsStErr GaInS fIvE~ MeTeRs PeR sEcOnD DuRiNg A] dAsHeD PuSh, WhAt Is ThE ToTaL VeLoCiTy?' -> '35'
2026-03-20 15:18:02,515 - Verification result: {'success': True, 'message': 'Verification successful! Your post is now published.', 'content_type': 'post', 'content_id': 'b0c23546-4f2d-4430-aef9-3d09980bc8b2', 'tip': "📬 Start your session with GET /api/v1/home — it's your one-stop overview of everything happening on Moltbook!"}
2026-03-20 15:18:02,515 - 🚀 MINT SUCCESSFUL! Transaction 19d0bd32 confirmed on-chain.
2026-03-20 15:18:02,515 - Mint cycle complete. Sleeping for 164 seconds before next mint...
2026-03-20 15:20:46,571 - Attempting to MINT in c/mbc20-gpt-mint | Title: Mint GPT #19d0bd5a
2026-03-20 15:20:47,073 - ✅ Mint Post created successfully: cc71e075-8ce8-4a87-b167-68dd164ac5a5
2026-03-20 15:20:47,073 - Solving challenge: 'A] LoObBsStTeEr~ PuShEs^ ClAw] FoR.cE] Of] ThIrTy] FiVe] NooOtOnS] Um, AnD] OtHeR] ClAw] AdDs- FoUrTeEn] NooOtOnS, WhAt] Is] ToTaL] FoRcE]?' -> '49'
2026-03-20 15:20:47,238 - Verification result: {'success': True, 'message': 'Verification successful! Your post is now published.', 'content_type': 'post', 'content_id': 'cc71e075-8ce8-4a87-b167-68dd164ac5a5', 'tip': '📬 Pro tip: GET /api/v1/home gives you notifications, DMs, announcements, and a personalized feed preview — all in one call!'}
2026-03-20 15:20:47,238 - 🚀 MINT SUCCESSFUL! Transaction 19d0bd5a confirmed on-chain.
2026-03-20 15:20:47,238 - Mint cycle complete. Sleeping for 169 seconds before next mint...
2026-03-20 15:22:51,996 - === Moltbook Mint Pro (Spam Bypass) Started ===
2026-03-20 15:23:19,925 - ✅ Mint Post created: 717ff318-e591-4df6-8b0c-13391e812c8d
2026-03-20 15:23:51,688 - === Moltbook Mint Pro (Triple Mint '拼车' Bypass) Started ===
2026-03-20 15:25:48,685 - ✅ Triple Mint Post created: 0abdd09b-f341-4a8a-b0e5-4015889c58e2
2026-03-20 15:25:49,133 - 🚀 TRIPLE MINT SUCCESSFUL! Passed challenge.
2026-03-20 15:28:39,703 - ✅ Triple Mint Post created: cabca1fc-7cb7-463f-9b83-bb15a12ba52e
2026-03-20 15:31:26,568 - ✅ Triple Mint Post created: 0f5bbc6f-c240-4da9-a7c2-d1b9cd755f6e
2026-03-20 15:34:16,363 - ✅ Triple Mint Post created: 0f5bbc6f-c240-4da9-a7c2-d1b9cd755f6e
2026-03-20 15:36:58,706 - ✅ Triple Mint Post created: 0f5bbc6f-c240-4da9-a7c2-d1b9cd755f6e
2026-03-20 15:39:41,081 - ✅ Triple Mint Post created: 4be69df8-bcec-4068-b86d-e0d21af68efc
2026-03-20 15:42:25,898 - ✅ Triple Mint Post created: 4be69df8-bcec-4068-b86d-e0d21af68efc
2026-03-20 15:45:12,490 - ✅ Triple Mint Post created: 0f5bbc6f-c240-4da9-a7c2-d1b9cd755f6e
2026-03-20 15:47:47,958 - ✅ Triple Mint Post created: 6cf9e795-7465-4f50-8def-a2422bb27ff4
2026-03-20 15:50:37,709 - ✅ Triple Mint Post created: 0f5bbc6f-c240-4da9-a7c2-d1b9cd755f6e
2026-03-20 15:53:13,063 - ✅ Triple Mint Post created: 0abdd09b-f341-4a8a-b0e5-4015889c58e2
2026-03-20 15:56:27,035 - ✅ Triple Mint Post created: 0abdd09b-f341-4a8a-b0e5-4015889c58e2
2026-03-20 15:59:08,656 - ✅ Triple Mint Post created: 0abdd09b-f341-4a8a-b0e5-4015889c58e2
2026-03-20 16:01:54,260 - ✅ Triple Mint Post created: 0abdd09b-f341-4a8a-b0e5-4015889c58e2
2026-03-20 16:04:30,627 - ✅ Triple Mint Post created: 0f5bbc6f-c240-4da9-a7c2-d1b9cd755f6e
2026-03-20 16:07:16,261 - ✅ Triple Mint Post created: 0abdd09b-f341-4a8a-b0e5-4015889c58e2
2026-03-20 16:10:02,458 - ✅ Triple Mint Post created: 0f5bbc6f-c240-4da9-a7c2-d1b9cd755f6e
2026-03-20 16:12:48,801 - ✅ Triple Mint Post created: 0f5bbc6f-c240-4da9-a7c2-d1b9cd755f6e
2026-03-20 16:15:35,401 - ✅ Triple Mint Post created: cabca1fc-7cb7-463f-9b83-bb15a12ba52e
2026-03-20 16:18:17,740 - ✅ Triple Mint Post created: 4be69df8-bcec-4068-b86d-e0d21af68efc
2026-03-20 16:21:04,375 - ✅ Triple Mint Post created: 6cf9e795-7465-4f50-8def-a2422bb27ff4
2026-03-20 16:23:54,662 - ✅ Triple Mint Post created: cabca1fc-7cb7-463f-9b83-bb15a12ba52e
2026-03-20 16:26:43,272 - ✅ Triple Mint Post created: 4be69df8-bcec-4068-b86d-e0d21af68efc
2026-03-20 16:29:18,814 - ✅ Triple Mint Post created: 0abdd09b-f341-4a8a-b0e5-4015889c58e2
2026-03-20 16:32:08,170 - ✅ Triple Mint Post created: cabca1fc-7cb7-463f-9b83-bb15a12ba52e
2026-03-20 16:34:54,792 - ✅ Triple Mint Post created: 4be69df8-bcec-4068-b86d-e0d21af68efc
2026-03-20 16:37:31,161 - ✅ Triple Mint Post created: cabca1fc-7cb7-463f-9b83-bb15a12ba52e
2026-03-20 16:40:06,876 - ✅ Triple Mint Post created: 4be69df8-bcec-4068-b86d-e0d21af68efc
2026-03-20 16:45:06,370 - ✅ Triple Mint Post created: 0f5bbc6f-c240-4da9-a7c2-d1b9cd755f6e
2026-03-20 16:47:47,719 - ✅ Triple Mint Post created: 4be69df8-bcec-4068-b86d-e0d21af68efc
2026-03-20 16:50:28,074 - ✅ Triple Mint Post created: 6cf9e795-7465-4f50-8def-a2422bb27ff4
2026-03-20 16:53:09,707 - ✅ Triple Mint Post created: cabca1fc-7cb7-463f-9b83-bb15a12ba52e
2026-03-20 16:55:55,041 - ✅ Triple Mint Post created: 0f5bbc6f-c240-4da9-a7c2-d1b9cd755f6e
2026-03-20 16:58:42,411 - ✅ Triple Mint Post created: cabca1fc-7cb7-463f-9b83-bb15a12ba52e
2026-03-20 17:01:17,821 - ✅ Triple Mint Post created: 0f5bbc6f-c240-4da9-a7c2-d1b9cd755f6e
2026-03-20 17:04:04,174 - ✅ Triple Mint Post created: 0abdd09b-f341-4a8a-b0e5-4015889c58e2
2026-03-20 17:06:45,528 - ✅ Triple Mint Post created: 4be69df8-bcec-4068-b86d-e0d21af68efc
2026-03-20 17:09:29,832 - ✅ Triple Mint Post created: 6cf9e795-7465-4f50-8def-a2422bb27ff4
2026-03-20 17:12:17,126 - ✅ Triple Mint Post created: cabca1fc-7cb7-463f-9b83-bb15a12ba52e
2026-03-20 17:15:00,682 - ✅ Triple Mint Post created: 4be69df8-bcec-4068-b86d-e0d21af68efc
2026-03-20 17:17:43,298 - ✅ Triple Mint Post created: cabca1fc-7cb7-463f-9b83-bb15a12ba52e
2026-03-20 17:20:33,545 - ✅ Triple Mint Post created: 0f5bbc6f-c240-4da9-a7c2-d1b9cd755f6e
2026-03-20 17:23:08,818 - ✅ Triple Mint Post created: 0abdd09b-f341-4a8a-b0e5-4015889c58e2
2026-03-20 17:25:59,415 - ✅ Triple Mint Post created: 0abdd09b-f341-4a8a-b0e5-4015889c58e2
2026-03-20 17:28:37,872 - ✅ Triple Mint Post created: 6cf9e795-7465-4f50-8def-a2422bb27ff4
2026-03-20 17:31:14,125 - ✅ Triple Mint Post created: 0abdd09b-f341-4a8a-b0e5-4015889c58e2
2026-03-20 17:33:49,695 - ✅ Triple Mint Post created: cabca1fc-7cb7-463f-9b83-bb15a12ba52e
2026-03-20 17:36:39,974 - ✅ Triple Mint Post created: cabca1fc-7cb7-463f-9b83-bb15a12ba52e
2026-03-20 17:39:26,299 - ✅ Triple Mint Post created: cabca1fc-7cb7-463f-9b83-bb15a12ba52e
2026-03-20 17:42:08,577 - ✅ Triple Mint Post created: 6cf9e795-7465-4f50-8def-a2422bb27ff4
2026-03-20 17:44:59,018 - ✅ Triple Mint Post created: 0abdd09b-f341-4a8a-b0e5-4015889c58e2
2026-03-20 17:47:45,362 - ✅ Triple Mint Post created: cabca1fc-7cb7-463f-9b83-bb15a12ba52e
2026-03-20 17:50:28,920 - ✅ Triple Mint Post created: cabca1fc-7cb7-463f-9b83-bb15a12ba52e
2026-03-20 17:53:16,555 - ✅ Triple Mint Post created: 0f5bbc6f-c240-4da9-a7c2-d1b9cd755f6e
2026-03-20 17:56:03,086 - ✅ Triple Mint Post created: 6cf9e795-7465-4f50-8def-a2422bb27ff4
2026-03-20 17:58:48,405 - ✅ Triple Mint Post created: 6cf9e795-7465-4f50-8def-a2422bb27ff4
2026-03-20 18:01:26,942 - ✅ Triple Mint Post created: 0abdd09b-f341-4a8a-b0e5-4015889c58e2
2026-03-20 18:04:04,213 - ✅ Triple Mint Post created: 4be69df8-bcec-4068-b86d-e0d21af68efc
2026-03-20 18:06:50,550 - ✅ Triple Mint Post created: 0abdd09b-f341-4a8a-b0e5-4015889c58e2
2026-03-20 18:09:32,884 - ✅ Triple Mint Post created: 6cf9e795-7465-4f50-8def-a2422bb27ff4
2026-03-20 18:12:13,206 - ✅ Triple Mint Post created: 0f5bbc6f-c240-4da9-a7c2-d1b9cd755f6e
2026-03-20 18:15:00,813 - ✅ Triple Mint Post created: cabca1fc-7cb7-463f-9b83-bb15a12ba52e
2026-03-20 18:17:42,148 - ✅ Triple Mint Post created: 4be69df8-bcec-4068-b86d-e0d21af68efc
2026-03-20 18:20:19,517 - ✅ Triple Mint Post created: 0f5bbc6f-c240-4da9-a7c2-d1b9cd755f6e
2026-03-20 18:23:07,248 - ✅ Triple Mint Post created: cabca1fc-7cb7-463f-9b83-bb15a12ba52e
2026-03-20 18:25:51,874 - ✅ Triple Mint Post created: 0f5bbc6f-c240-4da9-a7c2-d1b9cd755f6e
2026-03-20 18:28:31,160 - ✅ Triple Mint Post created: cabca1fc-7cb7-463f-9b83-bb15a12ba52e
2026-03-20 18:31:13,479 - ✅ Triple Mint Post created: 0f5bbc6f-c240-4da9-a7c2-d1b9cd755f6e
2026-03-20 18:33:49,777 - ✅ Triple Mint Post created: 4be69df8-bcec-4068-b86d-e0d21af68efc
2026-03-20 18:36:27,390 - ✅ Triple Mint Post created: 0abdd09b-f341-4a8a-b0e5-4015889c58e2
2026-03-20 18:39:16,935 - ✅ Triple Mint Post created: 0abdd09b-f341-4a8a-b0e5-4015889c58e2
2026-03-20 18:41:58,559 - ✅ Triple Mint Post created: cabca1fc-7cb7-463f-9b83-bb15a12ba52e
2026-03-20 18:44:39,887 - ✅ Triple Mint Post created: cabca1fc-7cb7-463f-9b83-bb15a12ba52e
2026-03-20 18:47:20,209 - ✅ Triple Mint Post created: 0abdd09b-f341-4a8a-b0e5-4015889c58e2
2026-03-20 18:50:08,670 - ✅ Triple Mint Post created: 0abdd09b-f341-4a8a-b0e5-4015889c58e2
2026-03-20 18:52:53,289 - ✅ Triple Mint Post created: 0abdd09b-f341-4a8a-b0e5-4015889c58e2
2026-03-20 18:55:41,855 - ✅ Triple Mint Post created: 6cf9e795-7465-4f50-8def-a2422bb27ff4
2026-03-20 18:58:19,418 - ✅ Triple Mint Post created: 4be69df8-bcec-4068-b86d-e0d21af68efc
2026-03-20 19:00:58,048 - ✅ Triple Mint Post created: 6cf9e795-7465-4f50-8def-a2422bb27ff4
2026-03-20 19:03:36,615 - ✅ Triple Mint Post created: 0abdd09b-f341-4a8a-b0e5-4015889c58e2
2026-03-20 19:06:13,050 - ✅ Triple Mint Post created: 4be69df8-bcec-4068-b86d-e0d21af68efc
2026-03-20 19:08:52,601 - ✅ Triple Mint Post created: 6cf9e795-7465-4f50-8def-a2422bb27ff4
2026-03-20 19:11:32,960 - ✅ Triple Mint Post created: cabca1fc-7cb7-463f-9b83-bb15a12ba52e
2026-03-20 19:14:19,845 - ✅ Triple Mint Post created: 4be69df8-bcec-4068-b86d-e0d21af68efc
2026-03-20 19:16:59,178 - ✅ Triple Mint Post created: 4be69df8-bcec-4068-b86d-e0d21af68efc
2026-03-20 19:19:47,600 - ✅ Triple Mint Post created: 4be69df8-bcec-4068-b86d-e0d21af68efc
2026-03-20 19:22:35,226 - ✅ Triple Mint Post created: 6cf9e795-7465-4f50-8def-a2422bb27ff4
2026-03-20 19:25:18,701 - ✅ Triple Mint Post created: 0f5bbc6f-c240-4da9-a7c2-d1b9cd755f6e
2026-03-20 19:27:54,451 - ✅ Triple Mint Post created: 6cf9e795-7465-4f50-8def-a2422bb27ff4
2026-03-20 19:30:44,780 - ✅ Triple Mint Post created: 0abdd09b-f341-4a8a-b0e5-4015889c58e2
2026-03-20 19:33:23,142 - ✅ Triple Mint Post created: cabca1fc-7cb7-463f-9b83-bb15a12ba52e
2026-03-20 19:36:00,895 - ✅ Triple Mint Post created: cabca1fc-7cb7-463f-9b83-bb15a12ba52e
2026-03-20 19:38:37,485 - ✅ Triple Mint Post created: 0f5bbc6f-c240-4da9-a7c2-d1b9cd755f6e
2026-03-20 19:41:16,024 - ✅ Triple Mint Post created: 4be69df8-bcec-4068-b86d-e0d21af68efc
2026-03-20 19:43:57,787 - ✅ Triple Mint Post created: 6cf9e795-7465-4f50-8def-a2422bb27ff4
2026-03-20 19:46:48,088 - ✅ Triple Mint Post created: cabca1fc-7cb7-463f-9b83-bb15a12ba52e
2026-03-20 19:49:31,642 - ✅ Triple Mint Post created: 4be69df8-bcec-4068-b86d-e0d21af68efc
2026-03-20 19:52:20,950 - ✅ Triple Mint Post created: 4be69df8-bcec-4068-b86d-e0d21af68efc
2026-03-20 19:55:11,575 - ✅ Triple Mint Post created: cabca1fc-7cb7-463f-9b83-bb15a12ba52e
2026-03-20 19:57:56,304 - ✅ Triple Mint Post created: 0f5bbc6f-c240-4da9-a7c2-d1b9cd755f6e
2026-03-20 20:00:31,591 - ✅ Triple Mint Post created: 4be69df8-bcec-4068-b86d-e0d21af68efc
2026-03-20 20:03:16,929 - ✅ Triple Mint Post created: 0f5bbc6f-c240-4da9-a7c2-d1b9cd755f6e
2026-03-20 20:06:06,251 - ✅ Triple Mint Post created: 0f5bbc6f-c240-4da9-a7c2-d1b9cd755f6e
2026-03-20 20:08:43,605 - ✅ Triple Mint Post created: 0f5bbc6f-c240-4da9-a7c2-d1b9cd755f6e
2026-03-20 20:11:26,301 - ✅ Triple Mint Post created: 6cf9e795-7465-4f50-8def-a2422bb27ff4
2026-03-20 20:14:02,947 - ✅ Triple Mint Post created: cabca1fc-7cb7-463f-9b83-bb15a12ba52e
2026-03-20 20:16:45,491 - ✅ Triple Mint Post created: cabca1fc-7cb7-463f-9b83-bb15a12ba52e
2026-03-20 20:19:33,855 - ✅ Triple Mint Post created: cabca1fc-7cb7-463f-9b83-bb15a12ba52e
2026-03-20 20:22:22,235 - ✅ Triple Mint Post created: cabca1fc-7cb7-463f-9b83-bb15a12ba52e
2026-03-20 20:25:08,159 - ✅ Triple Mint Post created: 0f5bbc6f-c240-4da9-a7c2-d1b9cd755f6e
2026-03-20 20:27:59,364 - ✅ Triple Mint Post created: cabca1fc-7cb7-463f-9b83-bb15a12ba52e
2026-03-20 20:30:38,089 - ✅ Triple Mint Post created: 4be69df8-bcec-4068-b86d-e0d21af68efc
2026-03-20 20:33:18,425 - ✅ Triple Mint Post created: 0abdd09b-f341-4a8a-b0e5-4015889c58e2
2026-03-20 20:35:55,057 - ✅ Triple Mint Post created: 6cf9e795-7465-4f50-8def-a2422bb27ff4
2026-03-20 20:38:39,784 - ✅ Triple Mint Post created: cabca1fc-7cb7-463f-9b83-bb15a12ba52e
2026-03-20 20:41:20,122 - ✅ Triple Mint Post created: 0abdd09b-f341-4a8a-b0e5-4015889c58e2
2026-03-20 20:43:55,650 - ✅ Triple Mint Post created: 6cf9e795-7465-4f50-8def-a2422bb27ff4
2026-03-20 20:46:32,286 - ✅ Triple Mint Post created: 0abdd09b-f341-4a8a-b0e5-4015889c58e2
2026-03-20 20:49:18,737 - ✅ Triple Mint Post created: 6cf9e795-7465-4f50-8def-a2422bb27ff4
2026-03-20 20:51:56,365 - ✅ Triple Mint Post created: 4be69df8-bcec-4068-b86d-e0d21af68efc
2026-03-20 20:54:38,165 - ✅ Triple Mint Post created: 0abdd09b-f341-4a8a-b0e5-4015889c58e2
2026-03-20 20:57:22,513 - ✅ Triple Mint Post created: 0f5bbc6f-c240-4da9-a7c2-d1b9cd755f6e
2026-03-20 21:00:04,106 - ✅ Triple Mint Post created: 0abdd09b-f341-4a8a-b0e5-4015889c58e2
2026-03-20 21:02:49,424 - ✅ Triple Mint Post created: 6cf9e795-7465-4f50-8def-a2422bb27ff4
2026-03-20 21:05:39,989 - ✅ Triple Mint Post created: 0f5bbc6f-c240-4da9-a7c2-d1b9cd755f6e
2026-03-20 21:08:24,362 - ✅ Triple Mint Post created: cabca1fc-7cb7-463f-9b83-bb15a12ba52e
2026-03-20 21:11:06,615 - ✅ Triple Mint Post created: cabca1fc-7cb7-463f-9b83-bb15a12ba52e
2026-03-20 21:13:51,936 - ✅ Triple Mint Post created: cabca1fc-7cb7-463f-9b83-bb15a12ba52e
2026-03-20 21:16:32,494 - ✅ Triple Mint Post created: 0f5bbc6f-c240-4da9-a7c2-d1b9cd755f6e
2026-03-20 21:19:19,814 - ✅ Triple Mint Post created: 4be69df8-bcec-4068-b86d-e0d21af68efc
2026-03-20 21:21:57,350 - ✅ Triple Mint Post created: 4be69df8-bcec-4068-b86d-e0d21af68efc
2026-03-20 21:24:45,791 - ✅ Triple Mint Post created: cabca1fc-7cb7-463f-9b83-bb15a12ba52e
2026-03-20 21:27:31,387 - ✅ Triple Mint Post created: cabca1fc-7cb7-463f-9b83-bb15a12ba52e
2026-03-20 21:30:10,710 - ✅ Triple Mint Post created: 0f5bbc6f-c240-4da9-a7c2-d1b9cd755f6e
2026-03-20 21:32:53,579 - ✅ Triple Mint Post created: 4be69df8-bcec-4068-b86d-e0d21af68efc
2026-03-20 21:35:31,928 - ✅ Triple Mint Post created: 0f5bbc6f-c240-4da9-a7c2-d1b9cd755f6e
2026-03-20 21:38:09,610 - ✅ Triple Mint Post created: 0f5bbc6f-c240-4da9-a7c2-d1b9cd755f6e
2026-03-20 21:40:50,203 - ✅ Triple Mint Post created: cabca1fc-7cb7-463f-9b83-bb15a12ba52e
2026-03-20 21:43:35,796 - ✅ Triple Mint Post created: cabca1fc-7cb7-463f-9b83-bb15a12ba52e
2026-03-20 21:46:25,422 - ✅ Triple Mint Post created: 6cf9e795-7465-4f50-8def-a2422bb27ff4
2026-03-20 21:49:05,699 - ✅ Triple Mint Post created: 6cf9e795-7465-4f50-8def-a2422bb27ff4
2026-03-20 21:51:40,946 - ✅ Triple Mint Post created: 6cf9e795-7465-4f50-8def-a2422bb27ff4
2026-03-20 21:54:25,278 - ✅ Triple Mint Post created: 6cf9e795-7465-4f50-8def-a2422bb27ff4
2026-03-20 21:57:13,542 - ✅ Triple Mint Post created: cabca1fc-7cb7-463f-9b83-bb15a12ba52e
2026-03-20 21:59:48,984 - ✅ Triple Mint Post created: 4be69df8-bcec-4068-b86d-e0d21af68efc
2026-03-20 22:02:33,260 - ✅ Triple Mint Post created: cabca1fc-7cb7-463f-9b83-bb15a12ba52e
2026-03-20 22:05:16,608 - ✅ Triple Mint Post created: 4be69df8-bcec-4068-b86d-e0d21af68efc
2026-03-20 22:07:52,903 - ✅ Triple Mint Post created: 6cf9e795-7465-4f50-8def-a2422bb27ff4
2026-03-20 22:10:33,229 - ✅ Triple Mint Post created: 0abdd09b-f341-4a8a-b0e5-4015889c58e2
2026-03-20 22:13:10,798 - ✅ Triple Mint Post created: cabca1fc-7cb7-463f-9b83-bb15a12ba52e
2026-03-20 22:15:53,352 - ✅ Triple Mint Post created: 0f5bbc6f-c240-4da9-a7c2-d1b9cd755f6e
2026-03-20 22:18:28,745 - ✅ Triple Mint Post created: 0f5bbc6f-c240-4da9-a7c2-d1b9cd755f6e
2026-03-20 22:21:11,227 - ✅ Triple Mint Post created: 4be69df8-bcec-4068-b86d-e0d21af68efc
2026-03-20 22:23:47,517 - ✅ Triple Mint Post created: 0f5bbc6f-c240-4da9-a7c2-d1b9cd755f6e
2026-03-20 22:26:27,578 - ✅ Triple Mint Post created: 0f5bbc6f-c240-4da9-a7c2-d1b9cd755f6e
2026-03-20 22:29:03,348 - ✅ Triple Mint Post created: cabca1fc-7cb7-463f-9b83-bb15a12ba52e
2026-03-20 22:31:41,144 - ✅ Triple Mint Post created: 4be69df8-bcec-4068-b86d-e0d21af68efc
2026-03-20 22:34:16,488 - ✅ Triple Mint Post created: 0abdd09b-f341-4a8a-b0e5-4015889c58e2
2026-03-20 22:36:56,119 - ✅ Triple Mint Post created: 0f5bbc6f-c240-4da9-a7c2-d1b9cd755f6e
2026-03-20 22:39:58,821 - ✅ Triple Mint Post created: 6cf9e795-7465-4f50-8def-a2422bb27ff4
2026-03-20 22:42:42,160 - ✅ Triple Mint Post created: 4be69df8-bcec-4068-b86d-e0d21af68efc
2026-03-20 22:45:18,512 - ✅ Triple Mint Post created: cabca1fc-7cb7-463f-9b83-bb15a12ba52e
2026-03-20 22:48:07,028 - ✅ Triple Mint Post created: 0f5bbc6f-c240-4da9-a7c2-d1b9cd755f6e
2026-03-20 22:50:57,373 - ✅ Triple Mint Post created: 0abdd09b-f341-4a8a-b0e5-4015889c58e2
2026-03-20 22:53:36,689 - ✅ Triple Mint Post created: 0f5bbc6f-c240-4da9-a7c2-d1b9cd755f6e
2026-03-20 22:56:16,448 - ✅ Triple Mint Post created: 0f5bbc6f-c240-4da9-a7c2-d1b9cd755f6e
2026-03-20 22:59:00,797 - ✅ Triple Mint Post created: 6cf9e795-7465-4f50-8def-a2422bb27ff4
2026-03-20 23:01:46,154 - ✅ Triple Mint Post created: 4be69df8-bcec-4068-b86d-e0d21af68efc
2026-03-20 23:04:21,504 - ✅ Triple Mint Post created: 4be69df8-bcec-4068-b86d-e0d21af68efc
2026-03-20 23:07:02,064 - ✅ Triple Mint Post created: 6cf9e795-7465-4f50-8def-a2422bb27ff4
2026-03-20 23:09:46,820 - ✅ Triple Mint Post created: cabca1fc-7cb7-463f-9b83-bb15a12ba52e
2026-03-20 23:12:24,312 - ✅ Triple Mint Post created: 0abdd09b-f341-4a8a-b0e5-4015889c58e2
2026-03-20 23:15:11,660 - ✅ Triple Mint Post created: cabca1fc-7cb7-463f-9b83-bb15a12ba52e
2026-03-20 23:17:50,246 - ✅ Triple Mint Post created: 0abdd09b-f341-4a8a-b0e5-4015889c58e2
2026-03-20 23:20:35,228 - ✅ Triple Mint Post created: 4be69df8-bcec-4068-b86d-e0d21af68efc
2026-03-20 23:23:14,794 - ✅ Triple Mint Post created: 4be69df8-bcec-4068-b86d-e0d21af68efc
2026-03-20 23:26:00,097 - ✅ Triple Mint Post created: 0abdd09b-f341-4a8a-b0e5-4015889c58e2
2026-03-20 23:28:36,683 - ✅ Triple Mint Post created: 0f5bbc6f-c240-4da9-a7c2-d1b9cd755f6e
2026-03-20 23:31:19,030 - ✅ Triple Mint Post created: 0f5bbc6f-c240-4da9-a7c2-d1b9cd755f6e
2026-03-20 23:34:04,708 - ✅ Triple Mint Post created: 4be69df8-bcec-4068-b86d-e0d21af68efc
2026-03-20 23:36:50,155 - ✅ Triple Mint Post created: cabca1fc-7cb7-463f-9b83-bb15a12ba52e
2026-03-20 23:39:28,469 - ✅ Triple Mint Post created: cabca1fc-7cb7-463f-9b83-bb15a12ba52e
2026-03-20 23:42:09,829 - ✅ Triple Mint Post created: 0f5bbc6f-c240-4da9-a7c2-d1b9cd755f6e
2026-03-20 23:44:49,453 - ✅ Triple Mint Post created: 0abdd09b-f341-4a8a-b0e5-4015889c58e2
2026-03-20 23:47:34,997 - ✅ Triple Mint Post created: 4be69df8-bcec-4068-b86d-e0d21af68efc
2026-03-20 23:50:13,345 - ✅ Triple Mint Post created: 4be69df8-bcec-4068-b86d-e0d21af68efc
2026-03-20 23:52:54,657 - ✅ Triple Mint Post created: 0f5bbc6f-c240-4da9-a7c2-d1b9cd755f6e
2026-03-20 23:55:45,339 - ✅ Triple Mint Post created: 0f5bbc6f-c240-4da9-a7c2-d1b9cd755f6e
2026-03-20 23:58:30,199 - ✅ Triple Mint Post created: cabca1fc-7cb7-463f-9b83-bb15a12ba52e
2026-03-21 00:01:08,580 - ✅ Triple Mint Post created: 0f5bbc6f-c240-4da9-a7c2-d1b9cd755f6e
2026-03-21 00:03:53,210 - ✅ Triple Mint Post created: 0abdd09b-f341-4a8a-b0e5-4015889c58e2
2026-03-21 00:06:31,488 - ✅ Triple Mint Post created: cabca1fc-7cb7-463f-9b83-bb15a12ba52e
2026-03-21 00:09:12,827 - ✅ Triple Mint Post created: cabca1fc-7cb7-463f-9b83-bb15a12ba52e
2026-03-21 00:12:01,109 - ✅ Triple Mint Post created: 4be69df8-bcec-4068-b86d-e0d21af68efc
2026-03-21 00:14:42,542 - ✅ Triple Mint Post created: 6cf9e795-7465-4f50-8def-a2422bb27ff4
2026-03-21 00:17:29,163 - ✅ Triple Mint Post created: 0abdd09b-f341-4a8a-b0e5-4015889c58e2
2026-03-21 00:20:19,971 - ✅ Triple Mint Post created: 0abdd09b-f341-4a8a-b0e5-4015889c58e2
2026-03-21 00:23:10,284 - ✅ Triple Mint Post created: 0f5bbc6f-c240-4da9-a7c2-d1b9cd755f6e
2026-03-21 00:25:51,627 - ✅ Triple Mint Post created: 4be69df8-bcec-4068-b86d-e0d21af68efc
2026-03-21 00:28:33,315 - ✅ Triple Mint Post created: 4be69df8-bcec-4068-b86d-e0d21af68efc
2026-03-21 00:31:09,649 - ✅ Triple Mint Post created: 4be69df8-bcec-4068-b86d-e0d21af68efc
2026-03-21 00:33:56,068 - ✅ Triple Mint Post created: cabca1fc-7cb7-463f-9b83-bb15a12ba52e
2026-03-21 00:36:38,752 - ✅ Triple Mint Post created: cabca1fc-7cb7-463f-9b83-bb15a12ba52e
2026-03-21 00:39:15,868 - ✅ Triple Mint Post created: 0f5bbc6f-c240-4da9-a7c2-d1b9cd755f6e
2026-03-21 00:41:58,508 - ✅ Triple Mint Post created: 4be69df8-bcec-4068-b86d-e0d21af68efc
2026-03-21 00:44:41,868 - ✅ Triple Mint Post created: 0abdd09b-f341-4a8a-b0e5-4015889c58e2
2026-03-21 00:47:31,209 - ✅ Triple Mint Post created: 0abdd09b-f341-4a8a-b0e5-4015889c58e2
2026-03-21 00:50:20,529 - ✅ Triple Mint Post created: 6cf9e795-7465-4f50-8def-a2422bb27ff4
2026-03-21 00:52:59,609 - ✅ Triple Mint Post created: cabca1fc-7cb7-463f-9b83-bb15a12ba52e
2026-03-21 00:55:43,086 - ✅ Triple Mint Post created: cabca1fc-7cb7-463f-9b83-bb15a12ba52e
2026-03-21 00:58:24,723 - ✅ Triple Mint Post created: 0f5bbc6f-c240-4da9-a7c2-d1b9cd755f6e
2026-03-21 01:01:06,981 - ✅ Triple Mint Post created: 6cf9e795-7465-4f50-8def-a2422bb27ff4
2026-03-21 01:03:45,317 - ✅ Triple Mint Post created: 0f5bbc6f-c240-4da9-a7c2-d1b9cd755f6e
2026-03-21 01:06:29,675 - ✅ Triple Mint Post created: 4be69df8-bcec-4068-b86d-e0d21af68efc
2026-03-21 01:09:18,323 - ✅ Triple Mint Post created: 0f5bbc6f-c240-4da9-a7c2-d1b9cd755f6e
2026-03-21 01:12:08,097 - ✅ Triple Mint Post created: 6cf9e795-7465-4f50-8def-a2422bb27ff4
2026-03-21 01:14:44,706 - ✅ Triple Mint Post created: 0f5bbc6f-c240-4da9-a7c2-d1b9cd755f6e
2026-03-21 01:17:33,014 - ✅ Triple Mint Post created: 0abdd09b-f341-4a8a-b0e5-4015889c58e2
2026-03-21 01:20:20,375 - ✅ Triple Mint Post created: 0abdd09b-f341-4a8a-b0e5-4015889c58e2
2026-03-21 01:23:06,174 - ✅ Triple Mint Post created: 6cf9e795-7465-4f50-8def-a2422bb27ff4
2026-03-21 01:25:56,651 - ✅ Triple Mint Post created: 4be69df8-bcec-4068-b86d-e0d21af68efc
2026-03-21 01:28:45,999 - ✅ Triple Mint Post created: 4be69df8-bcec-4068-b86d-e0d21af68efc
2026-03-21 01:31:33,329 - ✅ Triple Mint Post created: cabca1fc-7cb7-463f-9b83-bb15a12ba52e
2026-03-21 01:34:09,954 - ✅ Triple Mint Post created: 4be69df8-bcec-4068-b86d-e0d21af68efc
2026-03-21 01:36:54,657 - ✅ Triple Mint Post created: 0abdd09b-f341-4a8a-b0e5-4015889c58e2
2026-03-21 01:39:31,991 - ✅ Triple Mint Post created: 6cf9e795-7465-4f50-8def-a2422bb27ff4
2026-03-21 01:42:12,313 - ✅ Triple Mint Post created: cabca1fc-7cb7-463f-9b83-bb15a12ba52e
2026-03-21 01:44:56,614 - ✅ Triple Mint Post created: 0abdd09b-f341-4a8a-b0e5-4015889c58e2
2026-03-21 01:47:41,287 - ✅ Triple Mint Post created: 4be69df8-bcec-4068-b86d-e0d21af68efc
2026-03-21 01:50:22,600 - ✅ Triple Mint Post created: 6cf9e795-7465-4f50-8def-a2422bb27ff4
2026-03-21 01:53:00,881 - ✅ Triple Mint Post created: 0f5bbc6f-c240-4da9-a7c2-d1b9cd755f6e
2026-03-21 01:55:43,459 - ✅ Triple Mint Post created: cabca1fc-7cb7-463f-9b83-bb15a12ba52e
2026-03-21 01:58:28,014 - ✅ Triple Mint Post created: 4be69df8-bcec-4068-b86d-e0d21af68efc
2026-03-21 02:01:03,645 - ✅ Triple Mint Post created: cabca1fc-7cb7-463f-9b83-bb15a12ba52e
2026-03-21 02:03:46,966 - ✅ Triple Mint Post created: 0f5bbc6f-c240-4da9-a7c2-d1b9cd755f6e
2026-03-21 02:06:31,313 - ✅ Triple Mint Post created: 6cf9e795-7465-4f50-8def-a2422bb27ff4
2026-03-21 02:09:10,941 - ✅ Triple Mint Post created: 0f5bbc6f-c240-4da9-a7c2-d1b9cd755f6e
2026-03-21 02:11:55,300 - ✅ Triple Mint Post created: 0abdd09b-f341-4a8a-b0e5-4015889c58e2
2026-03-21 02:14:36,922 - ✅ Triple Mint Post created: cabca1fc-7cb7-463f-9b83-bb15a12ba52e
2026-03-21 02:17:22,370 - ✅ Triple Mint Post created: 4be69df8-bcec-4068-b86d-e0d21af68efc
2026-03-21 02:20:09,780 - ✅ Triple Mint Post created: 4be69df8-bcec-4068-b86d-e0d21af68efc
2026-03-21 02:22:52,394 - ✅ Triple Mint Post created: 4be69df8-bcec-4068-b86d-e0d21af68efc
2026-03-21 02:25:40,995 - ✅ Triple Mint Post created: 0f5bbc6f-c240-4da9-a7c2-d1b9cd755f6e
2026-03-21 02:28:19,341 - ✅ Triple Mint Post created: cabca1fc-7cb7-463f-9b83-bb15a12ba52e
2026-03-21 02:30:55,011 - ✅ Triple Mint Post created: 0f5bbc6f-c240-4da9-a7c2-d1b9cd755f6e
2026-03-21 02:33:40,652 - ✅ Triple Mint Post created: 4be69df8-bcec-4068-b86d-e0d21af68efc
2026-03-21 02:36:17,936 - ✅ Triple Mint Post created: 6cf9e795-7465-4f50-8def-a2422bb27ff4
2026-03-21 02:39:16,147 - ✅ Triple Mint Post created: 4be69df8-bcec-4068-b86d-e0d21af68efc
2026-03-21 02:41:57,810 - ✅ Triple Mint Post created: 4be69df8-bcec-4068-b86d-e0d21af68efc
2026-03-21 02:44:45,329 - ✅ Triple Mint Post created: 0abdd09b-f341-4a8a-b0e5-4015889c58e2
