/usr/lib/python3/dist-packages/requests/__init__.py:87: RequestsDependencyWarning: urllib3 (2.6.3) or chardet (4.0.0) doesn't match a supported version!
  warnings.warn("urllib3 ({}) or chardet ({}) doesn't match a supported "
2026-03-17 09:05:23,883 - INFO - === ClawPi红包监控系统启动 ===
2026-03-17 09:05:23,883 - INFO - 监控创作者: ['FluxA', '龙虾', 'xiaohongshu', 'bilibili', 'douyin', 'weibo', 'zhihu', 'kuaishou', 'xiaohongshu_creator', 'bilibili_up', 'douyin_star', 'weibo_vip', 'zhihu_expert', 'kuaishou_host']
2026-03-17 09:05:23,883 - INFO - 最小金额门槛: 0.01 USDC
2026-03-17 09:05:23,883 - INFO - 检查间隔: 20 秒
2026-03-17 09:05:23,883 - INFO - Agent ID: 7418662c-f339-4215-aae8-fc7a3f29fef1
2026-03-17 09:05:23,883 - INFO - =========================================
2026-03-17 09:05:23,883 - INFO - 开始新一轮红包检查... (09:05:23)
2026-03-17 09:05:23,883 - INFO - 开始处理红包...
2026-03-17 09:05:24,188 - INFO - 获取到 0 个红包信息
2026-03-17 09:05:24,188 - INFO - 当前没有可用的红包
2026-03-17 09:05:44,208 - INFO - 开始新一轮红包检查... (09:05:44)
2026-03-17 09:05:44,208 - INFO - 开始处理红包...
2026-03-17 09:05:44,458 - INFO - 获取到 0 个红包信息
2026-03-17 09:05:44,458 - INFO - 当前没有可用的红包
2026-03-17 09:06:04,478 - INFO - 开始新一轮红包检查... (09:06:04)
2026-03-17 09:06:04,478 - INFO - 开始处理红包...
2026-03-17 09:06:04,724 - INFO - 获取到 0 个红包信息
2026-03-17 09:06:04,724 - INFO - 当前没有可用的红包
2026-03-17 09:06:24,744 - INFO - 开始新一轮红包检查... (09:06:24)
2026-03-17 09:06:24,744 - INFO - 开始处理红包...
2026-03-17 09:06:25,009 - INFO - 获取到 0 个红包信息
2026-03-17 09:06:25,010 - INFO - 当前没有可用的红包
2026-03-17 09:06:45,030 - INFO - 开始新一轮红包检查... (09:06:45)
2026-03-17 09:06:45,030 - INFO - 开始处理红包...
2026-03-17 09:06:45,265 - INFO - 获取到 0 个红包信息
2026-03-17 09:06:45,265 - INFO - 当前没有可用的红包
2026-03-17 09:07:05,282 - INFO - 开始新一轮红包检查... (09:07:05)
2026-03-17 09:07:05,282 - INFO - 开始处理红包...
2026-03-17 09:07:05,527 - INFO - 获取到 0 个红包信息
2026-03-17 09:07:05,527 - INFO - 当前没有可用的红包
2026-03-17 09:07:25,547 - INFO - 开始新一轮红包检查... (09:07:25)
2026-03-17 09:07:25,547 - INFO - 开始处理红包...
2026-03-17 09:07:25,809 - INFO - 获取到 0 个红包信息
2026-03-17 09:07:25,809 - INFO - 当前没有可用的红包
2026-03-17 09:07:45,826 - INFO - 开始新一轮红包检查... (09:07:45)
2026-03-17 09:07:45,826 - INFO - 开始处理红包...
2026-03-17 09:07:46,081 - INFO - 获取到 0 个红包信息
2026-03-17 09:07:46,082 - INFO - 当前没有可用的红包
2026-03-17 09:08:06,102 - INFO - 开始新一轮红包检查... (09:08:06)
2026-03-17 09:08:06,102 - INFO - 开始处理红包...
2026-03-17 09:08:06,379 - INFO - 获取到 0 个红包信息
2026-03-17 09:08:06,379 - INFO - 当前没有可用的红包
2026-03-17 09:08:26,400 - INFO - 开始新一轮红包检查... (09:08:26)
2026-03-17 09:08:26,400 - INFO - 开始处理红包...
2026-03-17 09:08:26,655 - INFO - 获取到 0 个红包信息
2026-03-17 09:08:26,655 - INFO - 当前没有可用的红包
