/usr/lib/python3/dist-packages/requests/__init__.py:87: RequestsDependencyWarning: urllib3 (2.6.3) or chardet (4.0.0) doesn't match a supported version!
  warnings.warn("urllib3 ({}) or chardet ({}) doesn't match a supported "
2026-03-17 09:00:36,472 - INFO - === ClawPi红包监控系统启动 ===
2026-03-17 09:00:36,472 - INFO - 监控创作者: ['FluxA', '龙虾', 'xiaohongshu', 'bilibili', 'douyin', 'weibo', 'zhihu', 'kuaishou', 'xiaohongshu_creator', 'bilibili_up', 'douyin_star', 'weibo_vip', 'zhihu_expert', 'kuaishou_host']
2026-03-17 09:00:36,472 - INFO - 最小金额门槛: 0.01 USDC
2026-03-17 09:00:36,472 - INFO - 检查间隔: 3 秒
2026-03-17 09:00:36,472 - INFO - Agent ID: 7418662c-f339-4215-aae8-fc7a3f29fef1
2026-03-17 09:00:36,472 - INFO - =========================================
2026-03-17 09:00:36,472 - INFO - 开始新一轮红包检查... (09:00:36)
2026-03-17 09:00:36,472 - INFO - 开始处理红包...
2026-03-17 09:00:36,778 - INFO - 获取到 1 个红包信息
2026-03-17 09:00:36,778 - INFO - 检查红包: [FluxA首席大龙虾🦞] (ID: 41)
2026-03-17 09:00:36,778 - INFO - 🎯 准备领取: FluxA首席大龙虾🦞 - 0.100000 USDC (ID: 41)
2026-03-17 09:00:37,127 - ERROR - ❌ FluxA API返回HTML，可能是token无效或API有问题
2026-03-17 09:00:37,127 - ERROR - 创建支付链接失败 (ID: 41)
2026-03-17 09:00:37,127 - INFO - 本轮处理完成: 1 个红包尝试领取, 0 个成功
2026-03-17 09:00:40,130 - INFO - 开始新一轮红包检查... (09:00:40)
2026-03-17 09:00:40,130 - INFO - 开始处理红包...
2026-03-17 09:00:40,432 - INFO - 获取到 1 个红包信息
2026-03-17 09:00:40,432 - INFO - 检查红包: [FluxA首席大龙虾🦞] (ID: 41)
2026-03-17 09:00:40,432 - INFO - 本轮处理完成: 0 个红包尝试领取, 0 个成功
2026-03-17 09:00:43,436 - INFO - 开始新一轮红包检查... (09:00:43)
2026-03-17 09:00:43,436 - INFO - 开始处理红包...
2026-03-17 09:00:43,691 - INFO - 获取到 1 个红包信息
2026-03-17 09:00:43,691 - INFO - 检查红包: [FluxA首席大龙虾🦞] (ID: 41)
2026-03-17 09:00:43,691 - INFO - 本轮处理完成: 0 个红包尝试领取, 0 个成功
2026-03-17 09:00:46,694 - INFO - 开始新一轮红包检查... (09:00:46)
2026-03-17 09:00:46,694 - INFO - 开始处理红包...
2026-03-17 09:00:46,947 - INFO - 获取到 1 个红包信息
2026-03-17 09:00:46,947 - INFO - 检查红包: [FluxA首席大龙虾🦞] (ID: 41)
2026-03-17 09:00:46,950 - INFO - 本轮处理完成: 0 个红包尝试领取, 0 个成功
2026-03-17 09:00:49,953 - INFO - 开始新一轮红包检查... (09:00:49)
2026-03-17 09:00:49,953 - INFO - 开始处理红包...
2026-03-17 09:00:50,210 - INFO - 获取到 1 个红包信息
2026-03-17 09:00:50,210 - INFO - 检查红包: [FluxA首席大龙虾🦞] (ID: 41)
2026-03-17 09:00:50,210 - INFO - 本轮处理完成: 0 个红包尝试领取, 0 个成功
2026-03-17 09:00:53,213 - INFO - 开始新一轮红包检查... (09:00:53)
2026-03-17 09:00:53,213 - INFO - 开始处理红包...
2026-03-17 09:00:53,458 - INFO - 获取到 1 个红包信息
2026-03-17 09:00:53,458 - INFO - 检查红包: [FluxA首席大龙虾🦞] (ID: 41)
2026-03-17 09:00:53,459 - INFO - 本轮处理完成: 0 个红包尝试领取, 0 个成功
2026-03-17 09:00:56,462 - INFO - 开始新一轮红包检查... (09:00:56)
2026-03-17 09:00:56,462 - INFO - 开始处理红包...
2026-03-17 09:00:56,719 - INFO - 获取到 1 个红包信息
2026-03-17 09:00:56,719 - INFO - 检查红包: [FluxA首席大龙虾🦞] (ID: 41)
2026-03-17 09:00:56,719 - INFO - 本轮处理完成: 0 个红包尝试领取, 0 个成功
2026-03-17 09:00:59,722 - INFO - 开始新一轮红包检查... (09:00:59)
2026-03-17 09:00:59,722 - INFO - 开始处理红包...
2026-03-17 09:00:59,962 - INFO - 获取到 1 个红包信息
2026-03-17 09:00:59,962 - INFO - 检查红包: [FluxA首席大龙虾🦞] (ID: 41)
2026-03-17 09:00:59,962 - INFO - 本轮处理完成: 0 个红包尝试领取, 0 个成功
2026-03-17 09:01:02,966 - INFO - 开始新一轮红包检查... (09:01:02)
2026-03-17 09:01:02,966 - INFO - 开始处理红包...
2026-03-17 09:01:03,208 - INFO - 获取到 1 个红包信息
2026-03-17 09:01:03,208 - INFO - 检查红包: [FluxA首席大龙虾🦞] (ID: 41)
2026-03-17 09:01:03,208 - INFO - 本轮处理完成: 0 个红包尝试领取, 0 个成功
2026-03-17 09:01:06,210 - INFO - 开始新一轮红包检查... (09:01:06)
2026-03-17 09:01:06,210 - INFO - 开始处理红包...
2026-03-17 09:01:06,464 - INFO - 获取到 1 个红包信息
2026-03-17 09:01:06,464 - INFO - 检查红包: [FluxA首席大龙虾🦞] (ID: 41)
2026-03-17 09:01:06,464 - INFO - 本轮处理完成: 0 个红包尝试领取, 0 个成功
2026-03-17 09:01:09,467 - INFO - 开始新一轮红包检查... (09:01:09)
2026-03-17 09:01:09,468 - INFO - 开始处理红包...
2026-03-17 09:01:09,725 - INFO - 获取到 1 个红包信息
2026-03-17 09:01:09,726 - INFO - 检查红包: [FluxA首席大龙虾🦞] (ID: 41)
2026-03-17 09:01:09,726 - INFO - 本轮处理完成: 0 个红包尝试领取, 0 个成功
2026-03-17 09:01:12,729 - INFO - 开始新一轮红包检查... (09:01:12)
2026-03-17 09:01:12,729 - INFO - 开始处理红包...
2026-03-17 09:01:12,999 - INFO - 获取到 1 个红包信息
2026-03-17 09:01:12,999 - INFO - 检查红包: [FluxA首席大龙虾🦞] (ID: 41)
2026-03-17 09:01:12,999 - INFO - 本轮处理完成: 0 个红包尝试领取, 0 个成功
2026-03-17 09:01:16,002 - INFO - 开始新一轮红包检查... (09:01:16)
2026-03-17 09:01:16,002 - INFO - 开始处理红包...
2026-03-17 09:01:16,248 - INFO - 获取到 1 个红包信息
2026-03-17 09:01:16,248 - INFO - 检查红包: [FluxA首席大龙虾🦞] (ID: 41)
2026-03-17 09:01:16,248 - INFO - 本轮处理完成: 0 个红包尝试领取, 0 个成功
2026-03-17 09:01:19,251 - INFO - 开始新一轮红包检查... (09:01:19)
2026-03-17 09:01:19,251 - INFO - 开始处理红包...
2026-03-17 09:01:19,505 - INFO - 获取到 1 个红包信息
2026-03-17 09:01:19,505 - INFO - 检查红包: [FluxA首席大龙虾🦞] (ID: 41)
2026-03-17 09:01:19,505 - INFO - 本轮处理完成: 0 个红包尝试领取, 0 个成功
