/usr/lib/python3/dist-packages/requests/__init__.py:87: RequestsDependencyWarning: urllib3 (2.6.3) or chardet (4.0.0) doesn't match a supported version!
  warnings.warn("urllib3 ({}) or chardet ({}) doesn't match a supported "
2026-03-17 09:01:20,537 - INFO - === ClawPi红包监控系统启动 ===
2026-03-17 09:01:20,537 - INFO - 监控创作者: ['FluxA', '龙虾', 'xiaohongshu', 'bilibili', 'douyin', 'weibo', 'zhihu', 'kuaishou', 'xiaohongshu_creator', 'bilibili_up', 'douyin_star', 'weibo_vip', 'zhihu_expert', 'kuaishou_host']
2026-03-17 09:01:20,537 - INFO - 最小金额门槛: 0.01 USDC
2026-03-17 09:01:20,537 - INFO - 检查间隔: 3 秒
2026-03-17 09:01:20,537 - INFO - Agent ID: 7418662c-f339-4215-aae8-fc7a3f29fef1
2026-03-17 09:01:20,537 - INFO - =========================================
2026-03-17 09:01:20,537 - INFO - 开始新一轮红包检查... (09:01:20)
2026-03-17 09:01:20,537 - INFO - 开始处理红包...
2026-03-17 09:01:20,865 - INFO - 获取到 1 个红包信息
2026-03-17 09:01:20,865 - INFO - 检查红包: [FluxA首席大龙虾🦞] (ID: 41)
2026-03-17 09:01:20,865 - INFO - 🎯 准备领取: FluxA首席大龙虾🦞 - 0.100000 USDC (ID: 41)
2026-03-17 09:01:21,030 - ERROR - ❌ FluxA API返回HTML，可能是token无效或API有问题
2026-03-17 09:01:21,030 - ERROR - 创建支付链接失败 (ID: 41)
2026-03-17 09:01:21,030 - INFO - 本轮处理完成: 1 个红包尝试领取, 0 个成功
2026-03-17 09:01:24,034 - INFO - 开始新一轮红包检查... (09:01:24)
2026-03-17 09:01:24,034 - INFO - 开始处理红包...
2026-03-17 09:01:24,290 - INFO - 获取到 1 个红包信息
2026-03-17 09:01:24,290 - INFO - 检查红包: [FluxA首席大龙虾🦞] (ID: 41)
2026-03-17 09:01:24,290 - INFO - 🎯 准备领取: FluxA首席大龙虾🦞 - 0.100000 USDC (ID: 41)
2026-03-17 09:01:24,405 - ERROR - ❌ FluxA API返回HTML，可能是token无效或API有问题
2026-03-17 09:01:24,405 - ERROR - 创建支付链接失败 (ID: 41)
2026-03-17 09:01:24,406 - INFO - 本轮处理完成: 1 个红包尝试领取, 0 个成功
2026-03-17 09:01:27,409 - INFO - 开始新一轮红包检查... (09:01:27)
2026-03-17 09:01:27,409 - INFO - 开始处理红包...
2026-03-17 09:01:27,688 - INFO - 获取到 1 个红包信息
2026-03-17 09:01:27,688 - INFO - 检查红包: [FluxA首席大龙虾🦞] (ID: 41)
2026-03-17 09:01:27,688 - INFO - 🎯 准备领取: FluxA首席大龙虾🦞 - 0.100000 USDC (ID: 41)
2026-03-17 09:01:27,796 - ERROR - ❌ FluxA API返回HTML，可能是token无效或API有问题
2026-03-17 09:01:27,796 - ERROR - 创建支付链接失败 (ID: 41)
2026-03-17 09:01:27,796 - INFO - 本轮处理完成: 1 个红包尝试领取, 0 个成功
2026-03-17 09:01:30,799 - INFO - 开始新一轮红包检查... (09:01:30)
2026-03-17 09:01:30,800 - INFO - 开始处理红包...
2026-03-17 09:01:31,209 - INFO - 获取到 1 个红包信息
2026-03-17 09:01:31,209 - INFO - 检查红包: [FluxA首席大龙虾🦞] (ID: 41)
2026-03-17 09:01:31,209 - INFO - 🎯 准备领取: FluxA首席大龙虾🦞 - 0.100000 USDC (ID: 41)
2026-03-17 09:01:31,316 - ERROR - ❌ FluxA API返回HTML，可能是token无效或API有问题
2026-03-17 09:01:31,316 - ERROR - 创建支付链接失败 (ID: 41)
2026-03-17 09:01:31,316 - INFO - 本轮处理完成: 1 个红包尝试领取, 0 个成功
2026-03-17 09:01:34,319 - INFO - 开始新一轮红包检查... (09:01:34)
2026-03-17 09:01:34,320 - INFO - 开始处理红包...
2026-03-17 09:01:34,556 - INFO - 获取到 1 个红包信息
2026-03-17 09:01:34,556 - INFO - 检查红包: [FluxA首席大龙虾🦞] (ID: 41)
2026-03-17 09:01:34,556 - INFO - 🎯 准备领取: FluxA首席大龙虾🦞 - 0.100000 USDC (ID: 41)
2026-03-17 09:01:34,666 - ERROR - ❌ FluxA API返回HTML，可能是token无效或API有问题
2026-03-17 09:01:34,666 - ERROR - 创建支付链接失败 (ID: 41)
2026-03-17 09:01:34,666 - INFO - 本轮处理完成: 1 个红包尝试领取, 0 个成功
2026-03-17 09:01:37,670 - INFO - 开始新一轮红包检查... (09:01:37)
2026-03-17 09:01:37,670 - INFO - 开始处理红包...
2026-03-17 09:01:38,078 - INFO - 获取到 1 个红包信息
2026-03-17 09:01:38,078 - INFO - 检查红包: [FluxA首席大龙虾🦞] (ID: 41)
2026-03-17 09:01:38,078 - INFO - 🎯 准备领取: FluxA首席大龙虾🦞 - 0.100000 USDC (ID: 41)
2026-03-17 09:01:38,186 - ERROR - ❌ FluxA API返回HTML，可能是token无效或API有问题
2026-03-17 09:01:38,186 - ERROR - 创建支付链接失败 (ID: 41)
2026-03-17 09:01:38,186 - INFO - 本轮处理完成: 1 个红包尝试领取, 0 个成功
2026-03-17 09:01:41,189 - INFO - 开始新一轮红包检查... (09:01:41)
2026-03-17 09:01:41,190 - INFO - 开始处理红包...
2026-03-17 09:01:41,435 - INFO - 获取到 1 个红包信息
2026-03-17 09:01:41,435 - INFO - 检查红包: [FluxA首席大龙虾🦞] (ID: 41)
2026-03-17 09:01:41,435 - INFO - 🎯 准备领取: FluxA首席大龙虾🦞 - 0.100000 USDC (ID: 41)
2026-03-17 09:01:41,542 - ERROR - ❌ FluxA API返回HTML，可能是token无效或API有问题
2026-03-17 09:01:41,542 - ERROR - 创建支付链接失败 (ID: 41)
2026-03-17 09:01:41,542 - INFO - 本轮处理完成: 1 个红包尝试领取, 0 个成功
2026-03-17 09:01:44,545 - INFO - 开始新一轮红包检查... (09:01:44)
2026-03-17 09:01:44,546 - INFO - 开始处理红包...
2026-03-17 09:01:44,790 - INFO - 获取到 1 个红包信息
2026-03-17 09:01:44,790 - INFO - 检查红包: [FluxA首席大龙虾🦞] (ID: 41)
2026-03-17 09:01:44,790 - INFO - 🎯 准备领取: FluxA首席大龙虾🦞 - 0.100000 USDC (ID: 41)
2026-03-17 09:01:44,897 - ERROR - ❌ FluxA API返回HTML，可能是token无效或API有问题
2026-03-17 09:01:44,898 - ERROR - 创建支付链接失败 (ID: 41)
2026-03-17 09:01:44,898 - INFO - 本轮处理完成: 1 个红包尝试领取, 0 个成功
2026-03-17 09:01:47,901 - INFO - 开始新一轮红包检查... (09:01:47)
2026-03-17 09:01:47,901 - INFO - 开始处理红包...
2026-03-17 09:01:48,152 - INFO - 获取到 1 个红包信息
2026-03-17 09:01:48,152 - INFO - 检查红包: [FluxA首席大龙虾🦞] (ID: 41)
2026-03-17 09:01:48,152 - INFO - 🎯 准备领取: FluxA首席大龙虾🦞 - 0.100000 USDC (ID: 41)
2026-03-17 09:01:48,260 - ERROR - ❌ FluxA API返回HTML，可能是token无效或API有问题
2026-03-17 09:01:48,260 - ERROR - 创建支付链接失败 (ID: 41)
2026-03-17 09:01:48,260 - INFO - 本轮处理完成: 1 个红包尝试领取, 0 个成功
2026-03-17 09:01:51,263 - INFO - 开始新一轮红包检查... (09:01:51)
2026-03-17 09:01:51,263 - INFO - 开始处理红包...
2026-03-17 09:01:51,513 - INFO - 获取到 1 个红包信息
2026-03-17 09:01:51,514 - INFO - 检查红包: [FluxA首席大龙虾🦞] (ID: 41)
2026-03-17 09:01:51,514 - INFO - 🎯 准备领取: FluxA首席大龙虾🦞 - 0.100000 USDC (ID: 41)
2026-03-17 09:01:51,621 - ERROR - ❌ FluxA API返回HTML，可能是token无效或API有问题
2026-03-17 09:01:51,621 - ERROR - 创建支付链接失败 (ID: 41)
2026-03-17 09:01:51,621 - INFO - 本轮处理完成: 1 个红包尝试领取, 0 个成功
2026-03-17 09:01:54,624 - INFO - 开始新一轮红包检查... (09:01:54)
2026-03-17 09:01:54,625 - INFO - 开始处理红包...
2026-03-17 09:01:54,879 - INFO - 获取到 1 个红包信息
2026-03-17 09:01:54,879 - INFO - 检查红包: [FluxA首席大龙虾🦞] (ID: 41)
2026-03-17 09:01:54,879 - INFO - 🎯 准备领取: FluxA首席大龙虾🦞 - 0.100000 USDC (ID: 41)
2026-03-17 09:01:54,997 - ERROR - ❌ FluxA API返回HTML，可能是token无效或API有问题
2026-03-17 09:01:54,997 - ERROR - 创建支付链接失败 (ID: 41)
2026-03-17 09:01:54,997 - INFO - 本轮处理完成: 1 个红包尝试领取, 0 个成功
2026-03-17 09:01:58,000 - INFO - 开始新一轮红包检查... (09:01:58)
2026-03-17 09:01:58,001 - INFO - 开始处理红包...
2026-03-17 09:01:58,247 - INFO - 获取到 1 个红包信息
2026-03-17 09:01:58,247 - INFO - 检查红包: [FluxA首席大龙虾🦞] (ID: 41)
2026-03-17 09:01:58,247 - INFO - 🎯 准备领取: FluxA首席大龙虾🦞 - 0.100000 USDC (ID: 41)
2026-03-17 09:01:58,356 - ERROR - ❌ FluxA API返回HTML，可能是token无效或API有问题
2026-03-17 09:01:58,356 - ERROR - 创建支付链接失败 (ID: 41)
2026-03-17 09:01:58,356 - INFO - 本轮处理完成: 1 个红包尝试领取, 0 个成功
2026-03-17 09:02:01,359 - INFO - 开始新一轮红包检查... (09:02:01)
2026-03-17 09:02:01,359 - INFO - 开始处理红包...
2026-03-17 09:02:01,631 - INFO - 获取到 1 个红包信息
2026-03-17 09:02:01,632 - INFO - 检查红包: [FluxA首席大龙虾🦞] (ID: 41)
2026-03-17 09:02:01,632 - INFO - 🎯 准备领取: FluxA首席大龙虾🦞 - 0.100000 USDC (ID: 41)
2026-03-17 09:02:01,742 - ERROR - ❌ FluxA API返回HTML，可能是token无效或API有问题
2026-03-17 09:02:01,743 - ERROR - 创建支付链接失败 (ID: 41)
2026-03-17 09:02:01,743 - INFO - 本轮处理完成: 1 个红包尝试领取, 0 个成功
