2026-03-16 12:00:49,912 - INFO - === ClawPi红包监控系统启动 ===
2026-03-16 12:00:49,912 - INFO - 监控创作者: ['xiaohongshu', 'bilibili', 'douyin', 'weibo', 'zhihu', 'kuaishou', 'xiaohongshu_creator', 'bilibili_up', 'douyin_star', 'weibo_vip', 'zhihu_expert', 'kuaishou_host']
2026-03-16 12:00:49,912 - INFO - 最小金额门槛: 0.01 USDC
2026-03-16 12:00:49,912 - INFO - 检查间隔: 30 秒
2026-03-16 12:00:49,912 - INFO - Agent ID: 7418662c-f339-4215-aae8-fc7a3f29fef1
2026-03-16 12:00:49,912 - INFO - =========================================
2026-03-16 12:00:49,912 - INFO - 💡 注意: 当前为演示模式，仅监控红包状态，不自动领取
2026-03-16 12:00:50,212 - INFO - ✅ Clawpi API连接正常
2026-03-16 12:00:50,213 - INFO - 开始新一轮红包检查... (12:00:50)
2026-03-16 12:00:50,213 - INFO - 开始处理红包...
2026-03-16 12:00:50,454 - INFO - 获取到 0 个红包信息
2026-03-16 12:00:50,454 - INFO - 当前没有可用的红包
2026-03-16 12:00:50,454 - INFO - 检查完成，等待 30 秒后下一轮...
2026-03-16 12:01:20,482 - INFO - 开始新一轮红包检查... (12:01:20)
2026-03-16 12:01:20,482 - INFO - 开始处理红包...
2026-03-16 12:01:20,739 - INFO - 获取到 0 个红包信息
2026-03-16 12:01:20,739 - INFO - 当前没有可用的红包
2026-03-16 12:01:20,739 - INFO - 检查完成，等待 30 秒后下一轮...
2026-03-16 12:01:50,769 - INFO - 开始新一轮红包检查... (12:01:50)
2026-03-16 12:01:50,769 - INFO - 开始处理红包...
2026-03-16 12:01:51,009 - INFO - 获取到 0 个红包信息
2026-03-16 12:01:51,009 - INFO - 当前没有可用的红包
2026-03-16 12:01:51,009 - INFO - 检查完成，等待 30 秒后下一轮...
2026-03-16 12:02:21,026 - INFO - 开始新一轮红包检查... (12:02:21)
2026-03-16 12:02:21,026 - INFO - 开始处理红包...
2026-03-16 12:02:21,297 - INFO - 获取到 0 个红包信息
2026-03-16 12:02:21,297 - INFO - 当前没有可用的红包
2026-03-16 12:02:21,297 - INFO - 检查完成，等待 30 秒后下一轮...
2026-03-16 12:02:51,327 - INFO - 开始新一轮红包检查... (12:02:51)
2026-03-16 12:02:51,328 - INFO - 开始处理红包...
2026-03-16 12:02:51,574 - INFO - 获取到 0 个红包信息
2026-03-16 12:02:51,574 - INFO - 当前没有可用的红包
2026-03-16 12:02:51,574 - INFO - 检查完成，等待 30 秒后下一轮...
2026-03-16 12:03:21,604 - INFO - 开始新一轮红包检查... (12:03:21)
2026-03-16 12:03:21,605 - INFO - 开始处理红包...
2026-03-16 12:03:21,854 - INFO - 获取到 0 个红包信息
2026-03-16 12:03:21,854 - INFO - 当前没有可用的红包
2026-03-16 12:03:21,854 - INFO - 检查完成，等待 30 秒后下一轮...
2026-03-16 12:03:51,884 - INFO - 开始新一轮红包检查... (12:03:51)
2026-03-16 12:03:51,884 - INFO - 开始处理红包...
2026-03-16 12:03:52,117 - INFO - 获取到 0 个红包信息
2026-03-16 12:03:52,118 - INFO - 当前没有可用的红包
2026-03-16 12:03:52,118 - INFO - 检查完成，等待 30 秒后下一轮...
2026-03-16 12:04:22,148 - INFO - 开始新一轮红包检查... (12:04:22)
2026-03-16 12:04:22,148 - INFO - 开始处理红包...
2026-03-16 12:04:22,395 - INFO - 获取到 0 个红包信息
2026-03-16 12:04:22,395 - INFO - 当前没有可用的红包
2026-03-16 12:04:22,395 - INFO - 检查完成，等待 30 秒后下一轮...
2026-03-16 12:04:52,425 - INFO - 开始新一轮红包检查... (12:04:52)
2026-03-16 12:04:52,425 - INFO - 开始处理红包...
2026-03-16 12:04:52,678 - INFO - 获取到 0 个红包信息
2026-03-16 12:04:52,678 - INFO - 当前没有可用的红包
2026-03-16 12:04:52,678 - INFO - 检查完成，等待 30 秒后下一轮...
2026-03-16 12:05:22,698 - INFO - 开始新一轮红包检查... (12:05:22)
2026-03-16 12:05:22,698 - INFO - 开始处理红包...
2026-03-16 12:05:22,948 - INFO - 获取到 0 个红包信息
2026-03-16 12:05:22,948 - INFO - 当前没有可用的红包
2026-03-16 12:05:22,950 - INFO - 检查完成，等待 30 秒后下一轮...
2026-03-16 12:05:52,980 - INFO - 开始新一轮红包检查... (12:05:52)
2026-03-16 12:05:52,980 - INFO - 开始处理红包...
2026-03-16 12:05:53,252 - INFO - 获取到 0 个红包信息
2026-03-16 12:05:53,252 - INFO - 当前没有可用的红包
2026-03-16 12:05:53,252 - INFO - 检查完成，等待 30 秒后下一轮...
2026-03-16 12:06:23,266 - INFO - 开始新一轮红包检查... (12:06:23)
2026-03-16 12:06:23,266 - INFO - 开始处理红包...
2026-03-16 12:06:23,519 - INFO - 获取到 0 个红包信息
2026-03-16 12:06:23,519 - INFO - 当前没有可用的红包
2026-03-16 12:06:23,519 - INFO - 检查完成，等待 30 秒后下一轮...
2026-03-16 12:06:53,549 - INFO - 开始新一轮红包检查... (12:06:53)
2026-03-16 12:06:53,549 - INFO - 开始处理红包...
2026-03-16 12:06:53,813 - INFO - 获取到 0 个红包信息
2026-03-16 12:06:53,814 - INFO - 当前没有可用的红包
2026-03-16 12:06:53,814 - INFO - 检查完成，等待 30 秒后下一轮...
2026-03-16 12:07:23,834 - INFO - 开始新一轮红包检查... (12:07:23)
2026-03-16 12:07:23,834 - INFO - 开始处理红包...
2026-03-16 12:07:24,088 - INFO - 获取到 0 个红包信息
2026-03-16 12:07:24,088 - INFO - 当前没有可用的红包
2026-03-16 12:07:24,088 - INFO - 检查完成，等待 30 秒后下一轮...
2026-03-16 12:07:54,118 - INFO - 开始新一轮红包检查... (12:07:54)
2026-03-16 12:07:54,118 - INFO - 开始处理红包...
2026-03-16 12:07:54,370 - INFO - 获取到 0 个红包信息
2026-03-16 12:07:54,370 - INFO - 当前没有可用的红包
2026-03-16 12:07:54,370 - INFO - 检查完成，等待 30 秒后下一轮...
2026-03-16 12:08:24,386 - INFO - 开始新一轮红包检查... (12:08:24)
2026-03-16 12:08:24,386 - INFO - 开始处理红包...
2026-03-16 12:08:24,634 - INFO - 获取到 0 个红包信息
2026-03-16 12:08:24,634 - INFO - 当前没有可用的红包
2026-03-16 12:08:24,634 - INFO - 检查完成，等待 30 秒后下一轮...
