/usr/lib/python3/dist-packages/requests/__init__.py:87: RequestsDependencyWarning: urllib3 (2.6.3) or chardet (4.0.0) doesn't match a supported version!
  warnings.warn("urllib3 ({}) or chardet ({}) doesn't match a supported "
2026-03-17 22:55:28,603 - INFO - === ClawPi红包监控系统启动 ===
2026-03-17 22:55:28,603 - INFO - 监控创作者: ['FluxA', '龙虾', 'xiaohongshu', 'bilibili', 'douyin', 'weibo', 'zhihu', 'kuaishou', 'xiaohongshu_creator', 'bilibili_up', 'douyin_star', 'weibo_vip', 'zhihu_expert', 'kuaishou_host']
2026-03-17 22:55:28,603 - INFO - 最小金额门槛: 0.01 USDC
2026-03-17 22:55:28,603 - INFO - 检查间隔: 20 秒
2026-03-17 22:55:28,603 - INFO - Agent ID: 7418662c-f339-4215-aae8-fc7a3f29fef1
2026-03-17 22:55:28,603 - INFO - =========================================
2026-03-17 22:55:28,603 - INFO - 开始新一轮红包检查... (22:55:28)
2026-03-17 22:55:28,603 - INFO - 开始处理红包...
2026-03-17 22:55:28,896 - INFO - 获取到 0 个红包信息
2026-03-17 22:55:28,896 - INFO - 当前没有可用的红包
2026-03-17 22:55:48,905 - INFO - 开始新一轮红包检查... (22:55:48)
2026-03-17 22:55:48,906 - INFO - 开始处理红包...
2026-03-17 22:55:49,153 - INFO - 获取到 0 个红包信息
2026-03-17 22:55:49,153 - INFO - 当前没有可用的红包
2026-03-17 22:56:09,173 - INFO - 开始新一轮红包检查... (22:56:09)
2026-03-17 22:56:09,173 - INFO - 开始处理红包...
2026-03-17 22:56:09,514 - INFO - 获取到 0 个红包信息
2026-03-17 22:56:09,514 - INFO - 当前没有可用的红包
2026-03-17 22:56:29,534 - INFO - 开始新一轮红包检查... (22:56:29)
2026-03-17 22:56:29,534 - INFO - 开始处理红包...
2026-03-17 22:56:29,785 - INFO - 获取到 0 个红包信息
2026-03-17 22:56:29,785 - INFO - 当前没有可用的红包
2026-03-17 22:56:49,805 - INFO - 开始新一轮红包检查... (22:56:49)
2026-03-17 22:56:49,805 - INFO - 开始处理红包...
2026-03-17 22:56:50,096 - INFO - 获取到 0 个红包信息
2026-03-17 22:56:50,096 - INFO - 当前没有可用的红包
2026-03-17 22:57:10,117 - INFO - 开始新一轮红包检查... (22:57:10)
2026-03-17 22:57:10,117 - INFO - 开始处理红包...
2026-03-17 22:57:10,362 - INFO - 获取到 0 个红包信息
2026-03-17 22:57:10,362 - INFO - 当前没有可用的红包
2026-03-17 22:57:30,383 - INFO - 开始新一轮红包检查... (22:57:30)
2026-03-17 22:57:30,383 - INFO - 开始处理红包...
2026-03-17 22:57:31,034 - INFO - 获取到 0 个红包信息
2026-03-17 22:57:31,034 - INFO - 当前没有可用的红包
2026-03-17 22:57:51,055 - INFO - 开始新一轮红包检查... (22:57:51)
2026-03-17 22:57:51,055 - INFO - 开始处理红包...
2026-03-17 22:57:51,292 - INFO - 获取到 0 个红包信息
2026-03-17 22:57:51,293 - INFO - 当前没有可用的红包
2026-03-17 22:58:11,313 - INFO - 开始新一轮红包检查... (22:58:11)
2026-03-17 22:58:11,313 - INFO - 开始处理红包...
2026-03-17 22:58:11,635 - INFO - 获取到 0 个红包信息
2026-03-17 22:58:11,635 - INFO - 当前没有可用的红包
2026-03-17 22:58:31,655 - INFO - 开始新一轮红包检查... (22:58:31)
2026-03-17 22:58:31,655 - INFO - 开始处理红包...
2026-03-17 22:58:31,894 - INFO - 获取到 0 个红包信息
2026-03-17 22:58:31,894 - INFO - 当前没有可用的红包
2026-03-17 22:58:51,915 - INFO - 开始新一轮红包检查... (22:58:51)
2026-03-17 22:58:51,915 - INFO - 开始处理红包...
2026-03-17 22:58:52,153 - INFO - 获取到 0 个红包信息
2026-03-17 22:58:52,153 - INFO - 当前没有可用的红包
2026-03-17 22:59:12,173 - INFO - 开始新一轮红包检查... (22:59:12)
2026-03-17 22:59:12,173 - INFO - 开始处理红包...
2026-03-17 22:59:12,422 - INFO - 获取到 0 个红包信息
2026-03-17 22:59:12,422 - INFO - 当前没有可用的红包
2026-03-17 22:59:32,443 - INFO - 开始新一轮红包检查... (22:59:32)
2026-03-17 22:59:32,443 - INFO - 开始处理红包...
2026-03-17 22:59:32,703 - INFO - 获取到 0 个红包信息
2026-03-17 22:59:32,703 - INFO - 当前没有可用的红包
2026-03-17 22:59:52,723 - INFO - 开始新一轮红包检查... (22:59:52)
2026-03-17 22:59:52,723 - INFO - 开始处理红包...
2026-03-17 22:59:52,978 - INFO - 获取到 0 个红包信息
2026-03-17 22:59:52,978 - INFO - 当前没有可用的红包
2026-03-17 23:00:12,998 - INFO - 开始新一轮红包检查... (23:00:12)
2026-03-17 23:00:12,999 - INFO - 开始处理红包...
2026-03-17 23:00:13,238 - INFO - 获取到 0 个红包信息
2026-03-17 23:00:13,238 - INFO - 当前没有可用的红包
2026-03-17 23:00:33,259 - INFO - 开始新一轮红包检查... (23:00:33)
2026-03-17 23:00:33,259 - INFO - 开始处理红包...
2026-03-17 23:00:33,515 - INFO - 获取到 0 个红包信息
2026-03-17 23:00:33,515 - INFO - 当前没有可用的红包
2026-03-17 23:00:53,536 - INFO - 开始新一轮红包检查... (23:00:53)
2026-03-17 23:00:53,536 - INFO - 开始处理红包...
2026-03-17 23:00:53,791 - INFO - 获取到 0 个红包信息
2026-03-17 23:00:53,791 - INFO - 当前没有可用的红包
2026-03-17 23:01:13,801 - INFO - 开始新一轮红包检查... (23:01:13)
2026-03-17 23:01:13,802 - INFO - 开始处理红包...
2026-03-17 23:01:14,045 - INFO - 获取到 0 个红包信息
2026-03-17 23:01:14,045 - INFO - 当前没有可用的红包
2026-03-17 23:01:34,066 - INFO - 开始新一轮红包检查... (23:01:34)
2026-03-17 23:01:34,066 - INFO - 开始处理红包...
2026-03-17 23:01:34,319 - INFO - 获取到 0 个红包信息
2026-03-17 23:01:34,320 - INFO - 当前没有可用的红包
2026-03-17 23:01:54,320 - INFO - 开始新一轮红包检查... (23:01:54)
2026-03-17 23:01:54,320 - INFO - 开始处理红包...
2026-03-17 23:01:54,561 - INFO - 获取到 0 个红包信息
2026-03-17 23:01:54,562 - INFO - 当前没有可用的红包
2026-03-17 23:02:14,582 - INFO - 开始新一轮红包检查... (23:02:14)
2026-03-17 23:02:14,582 - INFO - 开始处理红包...
2026-03-17 23:02:14,822 - INFO - 获取到 0 个红包信息
2026-03-17 23:02:14,822 - INFO - 当前没有可用的红包
2026-03-17 23:02:34,842 - INFO - 开始新一轮红包检查... (23:02:34)
2026-03-17 23:02:34,842 - INFO - 开始处理红包...
2026-03-17 23:02:35,098 - INFO - 获取到 0 个红包信息
2026-03-17 23:02:35,099 - INFO - 当前没有可用的红包
2026-03-17 23:02:55,119 - INFO - 开始新一轮红包检查... (23:02:55)
2026-03-17 23:02:55,119 - INFO - 开始处理红包...
2026-03-17 23:02:55,383 - INFO - 获取到 0 个红包信息
2026-03-17 23:02:55,383 - INFO - 当前没有可用的红包
2026-03-17 23:03:15,399 - INFO - 开始新一轮红包检查... (23:03:15)
2026-03-17 23:03:15,400 - INFO - 开始处理红包...
2026-03-17 23:03:15,651 - INFO - 获取到 0 个红包信息
2026-03-17 23:03:15,651 - INFO - 当前没有可用的红包
2026-03-17 23:03:35,671 - INFO - 开始新一轮红包检查... (23:03:35)
2026-03-17 23:03:35,671 - INFO - 开始处理红包...
2026-03-17 23:03:35,929 - INFO - 获取到 0 个红包信息
2026-03-17 23:03:35,929 - INFO - 当前没有可用的红包
2026-03-17 23:03:55,949 - INFO - 开始新一轮红包检查... (23:03:55)
2026-03-17 23:03:55,949 - INFO - 开始处理红包...
2026-03-17 23:03:56,213 - INFO - 获取到 0 个红包信息
2026-03-17 23:03:56,213 - INFO - 当前没有可用的红包
2026-03-17 23:04:16,217 - INFO - 开始新一轮红包检查... (23:04:16)
2026-03-17 23:04:16,218 - INFO - 开始处理红包...
2026-03-17 23:04:16,476 - INFO - 获取到 0 个红包信息
2026-03-17 23:04:16,476 - INFO - 当前没有可用的红包
2026-03-17 23:04:36,489 - INFO - 开始新一轮红包检查... (23:04:36)
2026-03-17 23:04:36,489 - INFO - 开始处理红包...
2026-03-17 23:04:36,743 - INFO - 获取到 0 个红包信息
2026-03-17 23:04:36,744 - INFO - 当前没有可用的红包
2026-03-17 23:04:56,747 - INFO - 开始新一轮红包检查... (23:04:56)
2026-03-17 23:04:56,748 - INFO - 开始处理红包...
2026-03-17 23:04:56,986 - INFO - 获取到 0 个红包信息
2026-03-17 23:04:56,986 - INFO - 当前没有可用的红包
2026-03-17 23:05:17,007 - INFO - 开始新一轮红包检查... (23:05:17)
2026-03-17 23:05:17,007 - INFO - 开始处理红包...
2026-03-17 23:05:17,343 - INFO - 获取到 0 个红包信息
2026-03-17 23:05:17,343 - INFO - 当前没有可用的红包
2026-03-17 23:05:37,363 - INFO - 开始新一轮红包检查... (23:05:37)
2026-03-17 23:05:37,363 - INFO - 开始处理红包...
2026-03-17 23:05:37,675 - INFO - 获取到 0 个红包信息
2026-03-17 23:05:37,675 - INFO - 当前没有可用的红包
2026-03-17 23:05:57,696 - INFO - 开始新一轮红包检查... (23:05:57)
2026-03-17 23:05:57,696 - INFO - 开始处理红包...
2026-03-17 23:05:57,975 - INFO - 获取到 0 个红包信息
2026-03-17 23:05:57,975 - INFO - 当前没有可用的红包
2026-03-17 23:06:17,995 - INFO - 开始新一轮红包检查... (23:06:17)
2026-03-17 23:06:17,996 - INFO - 开始处理红包...
2026-03-17 23:06:18,258 - INFO - 获取到 0 个红包信息
2026-03-17 23:06:18,258 - INFO - 当前没有可用的红包
2026-03-17 23:06:38,278 - INFO - 开始新一轮红包检查... (23:06:38)
2026-03-17 23:06:38,278 - INFO - 开始处理红包...
2026-03-17 23:06:38,532 - INFO - 获取到 0 个红包信息
2026-03-17 23:06:38,532 - INFO - 当前没有可用的红包
2026-03-17 23:06:58,553 - INFO - 开始新一轮红包检查... (23:06:58)
2026-03-17 23:06:58,553 - INFO - 开始处理红包...
2026-03-17 23:06:58,807 - INFO - 获取到 0 个红包信息
2026-03-17 23:06:58,807 - INFO - 当前没有可用的红包
2026-03-17 23:07:18,827 - INFO - 开始新一轮红包检查... (23:07:18)
2026-03-17 23:07:18,827 - INFO - 开始处理红包...
2026-03-17 23:07:19,067 - INFO - 获取到 0 个红包信息
2026-03-17 23:07:19,067 - INFO - 当前没有可用的红包
2026-03-17 23:07:39,088 - INFO - 开始新一轮红包检查... (23:07:39)
2026-03-17 23:07:39,088 - INFO - 开始处理红包...
2026-03-17 23:07:39,329 - INFO - 获取到 0 个红包信息
2026-03-17 23:07:39,329 - INFO - 当前没有可用的红包
2026-03-17 23:07:59,349 - INFO - 开始新一轮红包检查... (23:07:59)
2026-03-17 23:07:59,349 - INFO - 开始处理红包...
2026-03-17 23:07:59,602 - INFO - 获取到 0 个红包信息
2026-03-17 23:07:59,602 - INFO - 当前没有可用的红包
2026-03-17 23:08:19,622 - INFO - 开始新一轮红包检查... (23:08:19)
2026-03-17 23:08:19,622 - INFO - 开始处理红包...
2026-03-17 23:08:19,866 - INFO - 获取到 0 个红包信息
2026-03-17 23:08:19,867 - INFO - 当前没有可用的红包
2026-03-17 23:08:39,887 - INFO - 开始新一轮红包检查... (23:08:39)
2026-03-17 23:08:39,887 - INFO - 开始处理红包...
2026-03-17 23:08:40,150 - INFO - 获取到 0 个红包信息
2026-03-17 23:08:40,150 - INFO - 当前没有可用的红包
2026-03-17 23:09:00,170 - INFO - 开始新一轮红包检查... (23:09:00)
2026-03-17 23:09:00,170 - INFO - 开始处理红包...
2026-03-17 23:09:00,427 - INFO - 获取到 0 个红包信息
2026-03-17 23:09:00,427 - INFO - 当前没有可用的红包
2026-03-17 23:09:20,447 - INFO - 开始新一轮红包检查... (23:09:20)
2026-03-17 23:09:20,448 - INFO - 开始处理红包...
2026-03-17 23:09:20,693 - INFO - 获取到 0 个红包信息
2026-03-17 23:09:20,693 - INFO - 当前没有可用的红包
2026-03-17 23:09:40,713 - INFO - 开始新一轮红包检查... (23:09:40)
2026-03-17 23:09:40,713 - INFO - 开始处理红包...
2026-03-17 23:09:40,986 - INFO - 获取到 0 个红包信息
2026-03-17 23:09:40,987 - INFO - 当前没有可用的红包
2026-03-17 23:10:01,007 - INFO - 开始新一轮红包检查... (23:10:01)
2026-03-17 23:10:01,007 - INFO - 开始处理红包...
2026-03-17 23:10:01,311 - INFO - 获取到 0 个红包信息
2026-03-17 23:10:01,311 - INFO - 当前没有可用的红包
2026-03-17 23:10:21,331 - INFO - 开始新一轮红包检查... (23:10:21)
2026-03-17 23:10:21,331 - INFO - 开始处理红包...
2026-03-17 23:10:21,570 - INFO - 获取到 0 个红包信息
2026-03-17 23:10:21,570 - INFO - 当前没有可用的红包
2026-03-17 23:10:41,590 - INFO - 开始新一轮红包检查... (23:10:41)
2026-03-17 23:10:41,590 - INFO - 开始处理红包...
2026-03-17 23:10:41,854 - INFO - 获取到 0 个红包信息
2026-03-17 23:10:41,854 - INFO - 当前没有可用的红包
2026-03-17 23:11:01,875 - INFO - 开始新一轮红包检查... (23:11:01)
2026-03-17 23:11:01,875 - INFO - 开始处理红包...
2026-03-17 23:11:02,151 - INFO - 获取到 0 个红包信息
2026-03-17 23:11:02,151 - INFO - 当前没有可用的红包
2026-03-17 23:11:22,171 - INFO - 开始新一轮红包检查... (23:11:22)
2026-03-17 23:11:22,171 - INFO - 开始处理红包...
2026-03-17 23:11:22,421 - INFO - 获取到 0 个红包信息
2026-03-17 23:11:22,422 - INFO - 当前没有可用的红包
2026-03-17 23:11:42,442 - INFO - 开始新一轮红包检查... (23:11:42)
2026-03-17 23:11:42,442 - INFO - 开始处理红包...
2026-03-17 23:11:42,690 - INFO - 获取到 0 个红包信息
2026-03-17 23:11:42,690 - INFO - 当前没有可用的红包
2026-03-17 23:12:02,697 - INFO - 开始新一轮红包检查... (23:12:02)
2026-03-17 23:12:02,698 - INFO - 开始处理红包...
2026-03-17 23:12:02,953 - INFO - 获取到 0 个红包信息
2026-03-17 23:12:02,953 - INFO - 当前没有可用的红包
2026-03-17 23:12:22,973 - INFO - 开始新一轮红包检查... (23:12:22)
2026-03-17 23:12:22,974 - INFO - 开始处理红包...
2026-03-17 23:12:23,225 - INFO - 获取到 0 个红包信息
2026-03-17 23:12:23,226 - INFO - 当前没有可用的红包
2026-03-17 23:12:43,246 - INFO - 开始新一轮红包检查... (23:12:43)
2026-03-17 23:12:43,246 - INFO - 开始处理红包...
2026-03-17 23:12:43,483 - INFO - 获取到 0 个红包信息
2026-03-17 23:12:43,484 - INFO - 当前没有可用的红包
2026-03-17 23:13:03,504 - INFO - 开始新一轮红包检查... (23:13:03)
2026-03-17 23:13:03,504 - INFO - 开始处理红包...
2026-03-17 23:13:03,748 - INFO - 获取到 0 个红包信息
2026-03-17 23:13:03,749 - INFO - 当前没有可用的红包
2026-03-17 23:13:23,769 - INFO - 开始新一轮红包检查... (23:13:23)
2026-03-17 23:13:23,769 - INFO - 开始处理红包...
2026-03-17 23:13:24,017 - INFO - 获取到 0 个红包信息
2026-03-17 23:13:24,017 - INFO - 当前没有可用的红包
2026-03-17 23:13:44,038 - INFO - 开始新一轮红包检查... (23:13:44)
2026-03-17 23:13:44,038 - INFO - 开始处理红包...
2026-03-17 23:13:44,292 - INFO - 获取到 0 个红包信息
2026-03-17 23:13:44,293 - INFO - 当前没有可用的红包
2026-03-17 23:14:04,298 - INFO - 开始新一轮红包检查... (23:14:04)
2026-03-17 23:14:04,298 - INFO - 开始处理红包...
2026-03-17 23:14:04,547 - INFO - 获取到 0 个红包信息
2026-03-17 23:14:04,547 - INFO - 当前没有可用的红包
2026-03-17 23:14:24,567 - INFO - 开始新一轮红包检查... (23:14:24)
2026-03-17 23:14:24,567 - INFO - 开始处理红包...
2026-03-17 23:14:24,810 - INFO - 获取到 0 个红包信息
2026-03-17 23:14:24,810 - INFO - 当前没有可用的红包
2026-03-17 23:14:44,830 - INFO - 开始新一轮红包检查... (23:14:44)
2026-03-17 23:14:44,830 - INFO - 开始处理红包...
2026-03-17 23:14:45,069 - INFO - 获取到 0 个红包信息
2026-03-17 23:14:45,069 - INFO - 当前没有可用的红包
2026-03-17 23:15:05,090 - INFO - 开始新一轮红包检查... (23:15:05)
2026-03-17 23:15:05,090 - INFO - 开始处理红包...
2026-03-17 23:15:05,344 - INFO - 获取到 0 个红包信息
2026-03-17 23:15:05,344 - INFO - 当前没有可用的红包
2026-03-17 23:15:25,353 - INFO - 开始新一轮红包检查... (23:15:25)
2026-03-17 23:15:25,354 - INFO - 开始处理红包...
2026-03-17 23:15:25,609 - INFO - 获取到 0 个红包信息
2026-03-17 23:15:25,609 - INFO - 当前没有可用的红包
2026-03-17 23:15:45,609 - INFO - 开始新一轮红包检查... (23:15:45)
2026-03-17 23:15:45,610 - INFO - 开始处理红包...
2026-03-17 23:15:45,855 - INFO - 获取到 0 个红包信息
2026-03-17 23:15:45,855 - INFO - 当前没有可用的红包
2026-03-17 23:16:05,876 - INFO - 开始新一轮红包检查... (23:16:05)
2026-03-17 23:16:05,876 - INFO - 开始处理红包...
2026-03-17 23:16:06,136 - INFO - 获取到 0 个红包信息
2026-03-17 23:16:06,136 - INFO - 当前没有可用的红包
2026-03-17 23:16:26,156 - INFO - 开始新一轮红包检查... (23:16:26)
2026-03-17 23:16:26,156 - INFO - 开始处理红包...
2026-03-17 23:16:26,402 - INFO - 获取到 0 个红包信息
2026-03-17 23:16:26,402 - INFO - 当前没有可用的红包
2026-03-17 23:16:46,423 - INFO - 开始新一轮红包检查... (23:16:46)
2026-03-17 23:16:46,425 - INFO - 开始处理红包...
2026-03-17 23:16:46,673 - INFO - 获取到 0 个红包信息
2026-03-17 23:16:46,673 - INFO - 当前没有可用的红包
2026-03-17 23:17:06,674 - INFO - 开始新一轮红包检查... (23:17:06)
2026-03-17 23:17:06,674 - INFO - 开始处理红包...
2026-03-17 23:17:06,932 - INFO - 获取到 0 个红包信息
2026-03-17 23:17:06,932 - INFO - 当前没有可用的红包
2026-03-17 23:17:26,952 - INFO - 开始新一轮红包检查... (23:17:26)
2026-03-17 23:17:26,952 - INFO - 开始处理红包...
2026-03-17 23:17:27,192 - INFO - 获取到 0 个红包信息
2026-03-17 23:17:27,192 - INFO - 当前没有可用的红包
2026-03-17 23:17:47,212 - INFO - 开始新一轮红包检查... (23:17:47)
2026-03-17 23:17:47,212 - INFO - 开始处理红包...
2026-03-17 23:17:47,459 - INFO - 获取到 0 个红包信息
2026-03-17 23:17:47,459 - INFO - 当前没有可用的红包
2026-03-17 23:18:07,479 - INFO - 开始新一轮红包检查... (23:18:07)
2026-03-17 23:18:07,479 - INFO - 开始处理红包...
2026-03-17 23:18:07,736 - INFO - 获取到 0 个红包信息
2026-03-17 23:18:07,737 - INFO - 当前没有可用的红包
2026-03-17 23:18:27,757 - INFO - 开始新一轮红包检查... (23:18:27)
2026-03-17 23:18:27,757 - INFO - 开始处理红包...
2026-03-17 23:18:28,005 - INFO - 获取到 0 个红包信息
2026-03-17 23:18:28,005 - INFO - 当前没有可用的红包
2026-03-17 23:18:48,025 - INFO - 开始新一轮红包检查... (23:18:48)
2026-03-17 23:18:48,025 - INFO - 开始处理红包...
2026-03-17 23:18:48,291 - INFO - 获取到 0 个红包信息
2026-03-17 23:18:48,291 - INFO - 当前没有可用的红包
2026-03-17 23:19:08,297 - INFO - 开始新一轮红包检查... (23:19:08)
2026-03-17 23:19:08,298 - INFO - 开始处理红包...
2026-03-17 23:19:08,538 - INFO - 获取到 0 个红包信息
2026-03-17 23:19:08,538 - INFO - 当前没有可用的红包
2026-03-17 23:19:28,558 - INFO - 开始新一轮红包检查... (23:19:28)
2026-03-17 23:19:28,558 - INFO - 开始处理红包...
2026-03-17 23:19:28,822 - INFO - 获取到 0 个红包信息
2026-03-17 23:19:28,822 - INFO - 当前没有可用的红包
2026-03-17 23:19:48,843 - INFO - 开始新一轮红包检查... (23:19:48)
2026-03-17 23:19:48,843 - INFO - 开始处理红包...
2026-03-17 23:19:49,116 - INFO - 获取到 0 个红包信息
2026-03-17 23:19:49,116 - INFO - 当前没有可用的红包
2026-03-17 23:20:09,137 - INFO - 开始新一轮红包检查... (23:20:09)
2026-03-17 23:20:09,137 - INFO - 开始处理红包...
2026-03-17 23:20:09,368 - INFO - 获取到 0 个红包信息
2026-03-17 23:20:09,368 - INFO - 当前没有可用的红包
2026-03-17 23:20:29,389 - INFO - 开始新一轮红包检查... (23:20:29)
2026-03-17 23:20:29,389 - INFO - 开始处理红包...
2026-03-17 23:20:29,630 - INFO - 获取到 0 个红包信息
2026-03-17 23:20:29,630 - INFO - 当前没有可用的红包
2026-03-17 23:20:49,650 - INFO - 开始新一轮红包检查... (23:20:49)
2026-03-17 23:20:49,650 - INFO - 开始处理红包...
2026-03-17 23:20:49,896 - INFO - 获取到 0 个红包信息
2026-03-17 23:20:49,896 - INFO - 当前没有可用的红包
2026-03-17 23:21:09,916 - INFO - 开始新一轮红包检查... (23:21:09)
2026-03-17 23:21:09,947 - INFO - 开始处理红包...
2026-03-17 23:21:10,196 - INFO - 获取到 0 个红包信息
2026-03-17 23:21:10,196 - INFO - 当前没有可用的红包
2026-03-17 23:21:30,216 - INFO - 开始新一轮红包检查... (23:21:30)
2026-03-17 23:21:30,217 - INFO - 开始处理红包...
2026-03-17 23:21:30,464 - INFO - 获取到 0 个红包信息
2026-03-17 23:21:30,464 - INFO - 当前没有可用的红包
2026-03-17 23:21:50,485 - INFO - 开始新一轮红包检查... (23:21:50)
2026-03-17 23:21:50,485 - INFO - 开始处理红包...
2026-03-17 23:21:50,736 - INFO - 获取到 0 个红包信息
2026-03-17 23:21:50,736 - INFO - 当前没有可用的红包
2026-03-17 23:22:10,756 - INFO - 开始新一轮红包检查... (23:22:10)
2026-03-17 23:22:10,756 - INFO - 开始处理红包...
2026-03-17 23:22:11,010 - INFO - 获取到 0 个红包信息
2026-03-17 23:22:11,010 - INFO - 当前没有可用的红包
2026-03-17 23:22:31,031 - INFO - 开始新一轮红包检查... (23:22:31)
2026-03-17 23:22:31,031 - INFO - 开始处理红包...
2026-03-17 23:22:31,277 - INFO - 获取到 0 个红包信息
2026-03-17 23:22:31,278 - INFO - 当前没有可用的红包
2026-03-17 23:22:51,298 - INFO - 开始新一轮红包检查... (23:22:51)
2026-03-17 23:22:51,298 - INFO - 开始处理红包...
2026-03-17 23:22:51,537 - INFO - 获取到 0 个红包信息
2026-03-17 23:22:51,537 - INFO - 当前没有可用的红包
2026-03-17 23:23:11,557 - INFO - 开始新一轮红包检查... (23:23:11)
2026-03-17 23:23:11,557 - INFO - 开始处理红包...
2026-03-17 23:23:11,801 - INFO - 获取到 0 个红包信息
2026-03-17 23:23:11,801 - INFO - 当前没有可用的红包
2026-03-17 23:23:31,821 - INFO - 开始新一轮红包检查... (23:23:31)
2026-03-17 23:23:31,822 - INFO - 开始处理红包...
2026-03-17 23:23:32,077 - INFO - 获取到 0 个红包信息
2026-03-17 23:23:32,077 - INFO - 当前没有可用的红包
2026-03-17 23:23:52,097 - INFO - 开始新一轮红包检查... (23:23:52)
2026-03-17 23:23:52,097 - INFO - 开始处理红包...
2026-03-17 23:23:52,335 - INFO - 获取到 0 个红包信息
2026-03-17 23:23:52,335 - INFO - 当前没有可用的红包
2026-03-17 23:24:12,355 - INFO - 开始新一轮红包检查... (23:24:12)
2026-03-17 23:24:12,355 - INFO - 开始处理红包...
2026-03-17 23:24:12,611 - INFO - 获取到 0 个红包信息
2026-03-17 23:24:12,611 - INFO - 当前没有可用的红包
2026-03-17 23:24:32,631 - INFO - 开始新一轮红包检查... (23:24:32)
2026-03-17 23:24:32,631 - INFO - 开始处理红包...
2026-03-17 23:24:32,880 - INFO - 获取到 0 个红包信息
2026-03-17 23:24:32,880 - INFO - 当前没有可用的红包
2026-03-17 23:24:52,900 - INFO - 开始新一轮红包检查... (23:24:52)
2026-03-17 23:24:52,901 - INFO - 开始处理红包...
2026-03-17 23:24:53,158 - INFO - 获取到 0 个红包信息
2026-03-17 23:24:53,158 - INFO - 当前没有可用的红包
2026-03-17 23:25:13,179 - INFO - 开始新一轮红包检查... (23:25:13)
2026-03-17 23:25:13,179 - INFO - 开始处理红包...
2026-03-17 23:25:13,466 - INFO - 获取到 0 个红包信息
2026-03-17 23:25:13,466 - INFO - 当前没有可用的红包
2026-03-17 23:25:33,473 - INFO - 开始新一轮红包检查... (23:25:33)
2026-03-17 23:25:33,474 - INFO - 开始处理红包...
2026-03-17 23:25:33,737 - INFO - 获取到 0 个红包信息
2026-03-17 23:25:33,737 - INFO - 当前没有可用的红包
2026-03-17 23:25:53,757 - INFO - 开始新一轮红包检查... (23:25:53)
2026-03-17 23:25:53,758 - INFO - 开始处理红包...
2026-03-17 23:25:53,998 - INFO - 获取到 0 个红包信息
2026-03-17 23:25:53,999 - INFO - 当前没有可用的红包
2026-03-17 23:26:14,019 - INFO - 开始新一轮红包检查... (23:26:14)
2026-03-17 23:26:14,019 - INFO - 开始处理红包...
2026-03-17 23:26:14,265 - INFO - 获取到 0 个红包信息
2026-03-17 23:26:14,265 - INFO - 当前没有可用的红包
2026-03-17 23:26:34,286 - INFO - 开始新一轮红包检查... (23:26:34)
2026-03-17 23:26:34,286 - INFO - 开始处理红包...
2026-03-17 23:26:34,544 - INFO - 获取到 0 个红包信息
2026-03-17 23:26:34,544 - INFO - 当前没有可用的红包
2026-03-17 23:26:54,564 - INFO - 开始新一轮红包检查... (23:26:54)
2026-03-17 23:26:54,564 - INFO - 开始处理红包...
2026-03-17 23:26:54,833 - INFO - 获取到 0 个红包信息
2026-03-17 23:26:54,834 - INFO - 当前没有可用的红包
2026-03-17 23:27:14,854 - INFO - 开始新一轮红包检查... (23:27:14)
2026-03-17 23:27:14,854 - INFO - 开始处理红包...
2026-03-17 23:27:15,090 - INFO - 获取到 0 个红包信息
2026-03-17 23:27:15,090 - INFO - 当前没有可用的红包
2026-03-17 23:27:35,110 - INFO - 开始新一轮红包检查... (23:27:35)
2026-03-17 23:27:35,111 - INFO - 开始处理红包...
2026-03-17 23:27:35,368 - INFO - 获取到 0 个红包信息
2026-03-17 23:27:35,368 - INFO - 当前没有可用的红包
2026-03-17 23:27:55,389 - INFO - 开始新一轮红包检查... (23:27:55)
2026-03-17 23:27:55,389 - INFO - 开始处理红包...
2026-03-17 23:27:55,653 - INFO - 获取到 0 个红包信息
2026-03-17 23:27:55,653 - INFO - 当前没有可用的红包
2026-03-17 23:28:15,674 - INFO - 开始新一轮红包检查... (23:28:15)
2026-03-17 23:28:15,674 - INFO - 开始处理红包...
2026-03-17 23:28:15,918 - INFO - 获取到 0 个红包信息
2026-03-17 23:28:15,918 - INFO - 当前没有可用的红包
2026-03-17 23:28:35,932 - INFO - 开始新一轮红包检查... (23:28:35)
2026-03-17 23:28:35,932 - INFO - 开始处理红包...
2026-03-17 23:28:36,198 - INFO - 获取到 0 个红包信息
2026-03-17 23:28:36,198 - INFO - 当前没有可用的红包
2026-03-17 23:28:56,201 - INFO - 开始新一轮红包检查... (23:28:56)
2026-03-17 23:28:56,202 - INFO - 开始处理红包...
2026-03-17 23:28:56,459 - INFO - 获取到 0 个红包信息
2026-03-17 23:28:56,459 - INFO - 当前没有可用的红包
2026-03-17 23:29:16,479 - INFO - 开始新一轮红包检查... (23:29:16)
2026-03-17 23:29:16,479 - INFO - 开始处理红包...
2026-03-17 23:29:16,730 - INFO - 获取到 0 个红包信息
2026-03-17 23:29:16,731 - INFO - 当前没有可用的红包
2026-03-17 23:29:36,751 - INFO - 开始新一轮红包检查... (23:29:36)
2026-03-17 23:29:36,751 - INFO - 开始处理红包...
2026-03-17 23:29:36,993 - INFO - 获取到 0 个红包信息
2026-03-17 23:29:36,993 - INFO - 当前没有可用的红包
2026-03-17 23:29:57,013 - INFO - 开始新一轮红包检查... (23:29:57)
2026-03-17 23:29:57,014 - INFO - 开始处理红包...
2026-03-17 23:29:57,258 - INFO - 获取到 0 个红包信息
2026-03-17 23:29:57,258 - INFO - 当前没有可用的红包
2026-03-17 23:30:17,278 - INFO - 开始新一轮红包检查... (23:30:17)
2026-03-17 23:30:17,279 - INFO - 开始处理红包...
2026-03-17 23:30:17,513 - INFO - 获取到 0 个红包信息
2026-03-17 23:30:17,513 - INFO - 当前没有可用的红包
2026-03-17 23:30:37,533 - INFO - 开始新一轮红包检查... (23:30:37)
2026-03-17 23:30:37,534 - INFO - 开始处理红包...
2026-03-17 23:30:37,772 - INFO - 获取到 0 个红包信息
2026-03-17 23:30:37,772 - INFO - 当前没有可用的红包
2026-03-17 23:30:57,792 - INFO - 开始新一轮红包检查... (23:30:57)
2026-03-17 23:30:57,792 - INFO - 开始处理红包...
2026-03-17 23:30:58,051 - INFO - 获取到 0 个红包信息
2026-03-17 23:30:58,051 - INFO - 当前没有可用的红包
2026-03-17 23:31:18,071 - INFO - 开始新一轮红包检查... (23:31:18)
2026-03-17 23:31:18,071 - INFO - 开始处理红包...
2026-03-17 23:31:18,338 - INFO - 获取到 0 个红包信息
2026-03-17 23:31:18,338 - INFO - 当前没有可用的红包
2026-03-17 23:31:38,358 - INFO - 开始新一轮红包检查... (23:31:38)
2026-03-17 23:31:38,359 - INFO - 开始处理红包...
2026-03-17 23:31:38,611 - INFO - 获取到 0 个红包信息
2026-03-17 23:31:38,612 - INFO - 当前没有可用的红包
2026-03-17 23:31:58,632 - INFO - 开始新一轮红包检查... (23:31:58)
2026-03-17 23:31:58,632 - INFO - 开始处理红包...
2026-03-17 23:31:58,873 - INFO - 获取到 0 个红包信息
2026-03-17 23:31:58,873 - INFO - 当前没有可用的红包
2026-03-17 23:32:18,894 - INFO - 开始新一轮红包检查... (23:32:18)
2026-03-17 23:32:18,894 - INFO - 开始处理红包...
2026-03-17 23:32:19,148 - INFO - 获取到 0 个红包信息
2026-03-17 23:32:19,148 - INFO - 当前没有可用的红包
2026-03-17 23:32:39,168 - INFO - 开始新一轮红包检查... (23:32:39)
2026-03-17 23:32:39,169 - INFO - 开始处理红包...
2026-03-17 23:32:39,434 - INFO - 获取到 0 个红包信息
2026-03-17 23:32:39,434 - INFO - 当前没有可用的红包
2026-03-17 23:32:59,454 - INFO - 开始新一轮红包检查... (23:32:59)
2026-03-17 23:32:59,454 - INFO - 开始处理红包...
2026-03-17 23:32:59,703 - INFO - 获取到 0 个红包信息
2026-03-17 23:32:59,703 - INFO - 当前没有可用的红包
2026-03-17 23:33:19,723 - INFO - 开始新一轮红包检查... (23:33:19)
2026-03-17 23:33:19,724 - INFO - 开始处理红包...
2026-03-17 23:33:19,977 - INFO - 获取到 0 个红包信息
2026-03-17 23:33:19,977 - INFO - 当前没有可用的红包
2026-03-17 23:33:39,998 - INFO - 开始新一轮红包检查... (23:33:39)
2026-03-17 23:33:39,998 - INFO - 开始处理红包...
2026-03-17 23:33:40,257 - INFO - 获取到 0 个红包信息
2026-03-17 23:33:40,257 - INFO - 当前没有可用的红包
2026-03-17 23:34:00,277 - INFO - 开始新一轮红包检查... (23:34:00)
2026-03-17 23:34:00,277 - INFO - 开始处理红包...
2026-03-17 23:34:00,530 - INFO - 获取到 0 个红包信息
2026-03-17 23:34:00,530 - INFO - 当前没有可用的红包
2026-03-17 23:34:20,550 - INFO - 开始新一轮红包检查... (23:34:20)
2026-03-17 23:34:20,551 - INFO - 开始处理红包...
2026-03-17 23:34:20,799 - INFO - 获取到 0 个红包信息
2026-03-17 23:34:20,799 - INFO - 当前没有可用的红包
2026-03-17 23:34:40,819 - INFO - 开始新一轮红包检查... (23:34:40)
2026-03-17 23:34:40,820 - INFO - 开始处理红包...
2026-03-17 23:34:41,061 - INFO - 获取到 0 个红包信息
2026-03-17 23:34:41,061 - INFO - 当前没有可用的红包
2026-03-17 23:35:01,082 - INFO - 开始新一轮红包检查... (23:35:01)
2026-03-17 23:35:01,082 - INFO - 开始处理红包...
2026-03-17 23:35:01,321 - INFO - 获取到 0 个红包信息
2026-03-17 23:35:01,321 - INFO - 当前没有可用的红包
2026-03-17 23:35:21,341 - INFO - 开始新一轮红包检查... (23:35:21)
2026-03-17 23:35:21,341 - INFO - 开始处理红包...
2026-03-17 23:35:21,604 - INFO - 获取到 0 个红包信息
2026-03-17 23:35:21,604 - INFO - 当前没有可用的红包
2026-03-17 23:35:41,624 - INFO - 开始新一轮红包检查... (23:35:41)
2026-03-17 23:35:41,625 - INFO - 开始处理红包...
2026-03-17 23:35:41,878 - INFO - 获取到 0 个红包信息
2026-03-17 23:35:41,878 - INFO - 当前没有可用的红包
2026-03-17 23:36:01,899 - INFO - 开始新一轮红包检查... (23:36:01)
2026-03-17 23:36:01,899 - INFO - 开始处理红包...
2026-03-17 23:36:02,162 - INFO - 获取到 0 个红包信息
2026-03-17 23:36:02,162 - INFO - 当前没有可用的红包
2026-03-17 23:36:22,182 - INFO - 开始新一轮红包检查... (23:36:22)
2026-03-17 23:36:22,183 - INFO - 开始处理红包...
2026-03-17 23:36:22,448 - INFO - 获取到 0 个红包信息
2026-03-17 23:36:22,448 - INFO - 当前没有可用的红包
2026-03-17 23:36:42,468 - INFO - 开始新一轮红包检查... (23:36:42)
2026-03-17 23:36:42,468 - INFO - 开始处理红包...
2026-03-17 23:36:42,710 - INFO - 获取到 0 个红包信息
2026-03-17 23:36:42,710 - INFO - 当前没有可用的红包
2026-03-17 23:37:02,730 - INFO - 开始新一轮红包检查... (23:37:02)
2026-03-17 23:37:02,730 - INFO - 开始处理红包...
2026-03-17 23:37:02,999 - INFO - 获取到 0 个红包信息
2026-03-17 23:37:02,999 - INFO - 当前没有可用的红包
2026-03-17 23:37:23,020 - INFO - 开始新一轮红包检查... (23:37:23)
2026-03-17 23:37:23,020 - INFO - 开始处理红包...
2026-03-17 23:37:23,295 - INFO - 获取到 0 个红包信息
2026-03-17 23:37:23,295 - INFO - 当前没有可用的红包
2026-03-17 23:37:43,315 - INFO - 开始新一轮红包检查... (23:37:43)
2026-03-17 23:37:43,315 - INFO - 开始处理红包...
2026-03-17 23:37:43,575 - INFO - 获取到 0 个红包信息
2026-03-17 23:37:43,576 - INFO - 当前没有可用的红包
2026-03-17 23:38:03,596 - INFO - 开始新一轮红包检查... (23:38:03)
2026-03-17 23:38:03,596 - INFO - 开始处理红包...
2026-03-17 23:38:03,837 - INFO - 获取到 0 个红包信息
2026-03-17 23:38:03,837 - INFO - 当前没有可用的红包
2026-03-17 23:38:23,857 - INFO - 开始新一轮红包检查... (23:38:23)
2026-03-17 23:38:23,858 - INFO - 开始处理红包...
2026-03-17 23:38:24,116 - INFO - 获取到 0 个红包信息
2026-03-17 23:38:24,116 - INFO - 当前没有可用的红包
2026-03-17 23:38:44,136 - INFO - 开始新一轮红包检查... (23:38:44)
2026-03-17 23:38:44,137 - INFO - 开始处理红包...
2026-03-17 23:38:44,377 - INFO - 获取到 0 个红包信息
2026-03-17 23:38:44,377 - INFO - 当前没有可用的红包
2026-03-17 23:39:04,397 - INFO - 开始新一轮红包检查... (23:39:04)
2026-03-17 23:39:04,398 - INFO - 开始处理红包...
2026-03-17 23:39:04,637 - INFO - 获取到 0 个红包信息
2026-03-17 23:39:04,637 - INFO - 当前没有可用的红包
2026-03-17 23:39:24,658 - INFO - 开始新一轮红包检查... (23:39:24)
2026-03-17 23:39:24,658 - INFO - 开始处理红包...
2026-03-17 23:39:24,906 - INFO - 获取到 0 个红包信息
2026-03-17 23:39:24,906 - INFO - 当前没有可用的红包
2026-03-17 23:39:44,927 - INFO - 开始新一轮红包检查... (23:39:44)
2026-03-17 23:39:44,927 - INFO - 开始处理红包...
2026-03-17 23:39:45,169 - INFO - 获取到 0 个红包信息
2026-03-17 23:39:45,169 - INFO - 当前没有可用的红包
2026-03-17 23:40:05,189 - INFO - 开始新一轮红包检查... (23:40:05)
2026-03-17 23:40:05,190 - INFO - 开始处理红包...
2026-03-17 23:40:05,465 - INFO - 获取到 0 个红包信息
2026-03-17 23:40:05,465 - INFO - 当前没有可用的红包
2026-03-17 23:40:25,485 - INFO - 开始新一轮红包检查... (23:40:25)
2026-03-17 23:40:25,485 - INFO - 开始处理红包...
2026-03-17 23:40:25,723 - INFO - 获取到 0 个红包信息
2026-03-17 23:40:25,724 - INFO - 当前没有可用的红包
2026-03-17 23:40:45,744 - INFO - 开始新一轮红包检查... (23:40:45)
2026-03-17 23:40:45,744 - INFO - 开始处理红包...
2026-03-17 23:40:46,010 - INFO - 获取到 0 个红包信息
2026-03-17 23:40:46,010 - INFO - 当前没有可用的红包
2026-03-17 23:41:06,030 - INFO - 开始新一轮红包检查... (23:41:06)
2026-03-17 23:41:06,030 - INFO - 开始处理红包...
2026-03-17 23:41:06,267 - INFO - 获取到 0 个红包信息
2026-03-17 23:41:06,268 - INFO - 当前没有可用的红包
2026-03-17 23:41:26,288 - INFO - 开始新一轮红包检查... (23:41:26)
2026-03-17 23:41:26,288 - INFO - 开始处理红包...
2026-03-17 23:41:26,555 - INFO - 获取到 0 个红包信息
2026-03-17 23:41:26,555 - INFO - 当前没有可用的红包
2026-03-17 23:41:46,569 - INFO - 开始新一轮红包检查... (23:41:46)
2026-03-17 23:41:46,570 - INFO - 开始处理红包...
2026-03-17 23:41:46,808 - INFO - 获取到 0 个红包信息
2026-03-17 23:41:46,808 - INFO - 当前没有可用的红包
2026-03-17 23:42:06,828 - INFO - 开始新一轮红包检查... (23:42:06)
2026-03-17 23:42:06,828 - INFO - 开始处理红包...
2026-03-17 23:42:07,077 - INFO - 获取到 0 个红包信息
2026-03-17 23:42:07,077 - INFO - 当前没有可用的红包
2026-03-17 23:42:27,098 - INFO - 开始新一轮红包检查... (23:42:27)
2026-03-17 23:42:27,098 - INFO - 开始处理红包...
2026-03-17 23:42:27,344 - INFO - 获取到 0 个红包信息
2026-03-17 23:42:27,344 - INFO - 当前没有可用的红包
2026-03-17 23:42:47,359 - INFO - 开始新一轮红包检查... (23:42:47)
2026-03-17 23:42:47,359 - INFO - 开始处理红包...
2026-03-17 23:42:47,613 - INFO - 获取到 0 个红包信息
2026-03-17 23:42:47,613 - INFO - 当前没有可用的红包
2026-03-17 23:43:07,614 - INFO - 开始新一轮红包检查... (23:43:07)
2026-03-17 23:43:07,614 - INFO - 开始处理红包...
2026-03-17 23:43:07,876 - INFO - 获取到 0 个红包信息
2026-03-17 23:43:07,876 - INFO - 当前没有可用的红包
2026-03-17 23:43:27,896 - INFO - 开始新一轮红包检查... (23:43:27)
2026-03-17 23:43:27,896 - INFO - 开始处理红包...
2026-03-17 23:43:28,136 - INFO - 获取到 0 个红包信息
2026-03-17 23:43:28,136 - INFO - 当前没有可用的红包
2026-03-17 23:43:48,157 - INFO - 开始新一轮红包检查... (23:43:48)
2026-03-17 23:43:48,157 - INFO - 开始处理红包...
2026-03-17 23:43:48,421 - INFO - 获取到 0 个红包信息
2026-03-17 23:43:48,422 - INFO - 当前没有可用的红包
2026-03-17 23:44:08,433 - INFO - 开始新一轮红包检查... (23:44:08)
2026-03-17 23:44:08,433 - INFO - 开始处理红包...
2026-03-17 23:44:08,683 - INFO - 获取到 0 个红包信息
2026-03-17 23:44:08,683 - INFO - 当前没有可用的红包
2026-03-17 23:44:28,696 - INFO - 开始新一轮红包检查... (23:44:28)
2026-03-17 23:44:28,697 - INFO - 开始处理红包...
2026-03-17 23:44:28,950 - INFO - 获取到 0 个红包信息
2026-03-17 23:44:28,950 - INFO - 当前没有可用的红包
2026-03-17 23:44:48,971 - INFO - 开始新一轮红包检查... (23:44:48)
2026-03-17 23:44:48,971 - INFO - 开始处理红包...
2026-03-17 23:44:49,267 - INFO - 获取到 0 个红包信息
2026-03-17 23:44:49,267 - INFO - 当前没有可用的红包
2026-03-17 23:45:09,287 - INFO - 开始新一轮红包检查... (23:45:09)
2026-03-17 23:45:09,287 - INFO - 开始处理红包...
2026-03-17 23:45:09,542 - INFO - 获取到 0 个红包信息
2026-03-17 23:45:09,542 - INFO - 当前没有可用的红包
2026-03-17 23:45:29,545 - INFO - 开始新一轮红包检查... (23:45:29)
2026-03-17 23:45:29,546 - INFO - 开始处理红包...
2026-03-17 23:45:29,811 - INFO - 获取到 0 个红包信息
2026-03-17 23:45:29,811 - INFO - 当前没有可用的红包
2026-03-17 23:45:49,831 - INFO - 开始新一轮红包检查... (23:45:49)
2026-03-17 23:45:49,831 - INFO - 开始处理红包...
2026-03-17 23:45:50,078 - INFO - 获取到 0 个红包信息
2026-03-17 23:45:50,078 - INFO - 当前没有可用的红包
2026-03-17 23:46:10,098 - INFO - 开始新一轮红包检查... (23:46:10)
2026-03-17 23:46:10,099 - INFO - 开始处理红包...
2026-03-17 23:46:10,342 - INFO - 获取到 0 个红包信息
2026-03-17 23:46:10,343 - INFO - 当前没有可用的红包
2026-03-17 23:46:30,363 - INFO - 开始新一轮红包检查... (23:46:30)
2026-03-17 23:46:30,363 - INFO - 开始处理红包...
2026-03-17 23:46:30,608 - INFO - 获取到 0 个红包信息
2026-03-17 23:46:30,608 - INFO - 当前没有可用的红包
2026-03-17 23:46:50,610 - INFO - 开始新一轮红包检查... (23:46:50)
2026-03-17 23:46:50,610 - INFO - 开始处理红包...
2026-03-17 23:46:50,852 - INFO - 获取到 0 个红包信息
2026-03-17 23:46:50,852 - INFO - 当前没有可用的红包
2026-03-17 23:47:10,873 - INFO - 开始新一轮红包检查... (23:47:10)
2026-03-17 23:47:10,873 - INFO - 开始处理红包...
2026-03-17 23:47:11,141 - INFO - 获取到 0 个红包信息
2026-03-17 23:47:11,141 - INFO - 当前没有可用的红包
2026-03-17 23:47:31,161 - INFO - 开始新一轮红包检查... (23:47:31)
2026-03-17 23:47:31,161 - INFO - 开始处理红包...
2026-03-17 23:47:31,405 - INFO - 获取到 0 个红包信息
2026-03-17 23:47:31,405 - INFO - 当前没有可用的红包
2026-03-17 23:47:51,425 - INFO - 开始新一轮红包检查... (23:47:51)
2026-03-17 23:47:51,425 - INFO - 开始处理红包...
2026-03-17 23:47:51,672 - INFO - 获取到 0 个红包信息
2026-03-17 23:47:51,672 - INFO - 当前没有可用的红包
2026-03-17 23:48:11,692 - INFO - 开始新一轮红包检查... (23:48:11)
2026-03-17 23:48:11,692 - INFO - 开始处理红包...
2026-03-17 23:48:11,949 - INFO - 获取到 0 个红包信息
2026-03-17 23:48:11,949 - INFO - 当前没有可用的红包
2026-03-17 23:48:31,969 - INFO - 开始新一轮红包检查... (23:48:31)
2026-03-17 23:48:31,970 - INFO - 开始处理红包...
2026-03-17 23:48:32,221 - INFO - 获取到 0 个红包信息
2026-03-17 23:48:32,221 - INFO - 当前没有可用的红包
2026-03-17 23:48:52,241 - INFO - 开始新一轮红包检查... (23:48:52)
2026-03-17 23:48:52,242 - INFO - 开始处理红包...
2026-03-17 23:48:52,494 - INFO - 获取到 0 个红包信息
2026-03-17 23:48:52,494 - INFO - 当前没有可用的红包
2026-03-17 23:49:12,514 - INFO - 开始新一轮红包检查... (23:49:12)
2026-03-17 23:49:12,515 - INFO - 开始处理红包...
2026-03-17 23:49:12,763 - INFO - 获取到 0 个红包信息
2026-03-17 23:49:12,763 - INFO - 当前没有可用的红包
2026-03-17 23:49:32,784 - INFO - 开始新一轮红包检查... (23:49:32)
2026-03-17 23:49:32,784 - INFO - 开始处理红包...
2026-03-17 23:49:33,031 - INFO - 获取到 0 个红包信息
2026-03-17 23:49:33,032 - INFO - 当前没有可用的红包
2026-03-17 23:49:53,052 - INFO - 开始新一轮红包检查... (23:49:53)
2026-03-17 23:49:53,052 - INFO - 开始处理红包...
2026-03-17 23:49:53,321 - INFO - 获取到 0 个红包信息
2026-03-17 23:49:53,321 - INFO - 当前没有可用的红包
2026-03-17 23:50:13,342 - INFO - 开始新一轮红包检查... (23:50:13)
2026-03-17 23:50:13,342 - INFO - 开始处理红包...
2026-03-17 23:50:13,580 - INFO - 获取到 0 个红包信息
2026-03-17 23:50:13,580 - INFO - 当前没有可用的红包
2026-03-17 23:50:33,600 - INFO - 开始新一轮红包检查... (23:50:33)
2026-03-17 23:50:33,600 - INFO - 开始处理红包...
2026-03-17 23:50:33,854 - INFO - 获取到 0 个红包信息
2026-03-17 23:50:33,855 - INFO - 当前没有可用的红包
2026-03-17 23:50:53,875 - INFO - 开始新一轮红包检查... (23:50:53)
2026-03-17 23:50:53,875 - INFO - 开始处理红包...
2026-03-17 23:50:54,113 - INFO - 获取到 0 个红包信息
2026-03-17 23:50:54,113 - INFO - 当前没有可用的红包
2026-03-17 23:51:14,134 - INFO - 开始新一轮红包检查... (23:51:14)
2026-03-17 23:51:14,134 - INFO - 开始处理红包...
2026-03-17 23:51:14,371 - INFO - 获取到 0 个红包信息
2026-03-17 23:51:14,371 - INFO - 当前没有可用的红包
2026-03-17 23:51:34,377 - INFO - 开始新一轮红包检查... (23:51:34)
2026-03-17 23:51:34,377 - INFO - 开始处理红包...
2026-03-17 23:51:34,632 - INFO - 获取到 0 个红包信息
2026-03-17 23:51:34,632 - INFO - 当前没有可用的红包
2026-03-17 23:51:54,653 - INFO - 开始新一轮红包检查... (23:51:54)
2026-03-17 23:51:54,653 - INFO - 开始处理红包...
2026-03-17 23:51:54,888 - INFO - 获取到 0 个红包信息
2026-03-17 23:51:54,889 - INFO - 当前没有可用的红包
2026-03-17 23:52:14,909 - INFO - 开始新一轮红包检查... (23:52:14)
2026-03-17 23:52:14,909 - INFO - 开始处理红包...
2026-03-17 23:52:15,186 - INFO - 获取到 0 个红包信息
2026-03-17 23:52:15,186 - INFO - 当前没有可用的红包
2026-03-17 23:52:35,206 - INFO - 开始新一轮红包检查... (23:52:35)
2026-03-17 23:52:35,207 - INFO - 开始处理红包...
2026-03-17 23:52:35,462 - INFO - 获取到 0 个红包信息
2026-03-17 23:52:35,463 - INFO - 当前没有可用的红包
2026-03-17 23:52:55,483 - INFO - 开始新一轮红包检查... (23:52:55)
2026-03-17 23:52:55,483 - INFO - 开始处理红包...
2026-03-17 23:52:55,734 - INFO - 获取到 0 个红包信息
2026-03-17 23:52:55,734 - INFO - 当前没有可用的红包
2026-03-17 23:53:15,755 - INFO - 开始新一轮红包检查... (23:53:15)
2026-03-17 23:53:15,755 - INFO - 开始处理红包...
2026-03-17 23:53:16,025 - INFO - 获取到 0 个红包信息
2026-03-17 23:53:16,025 - INFO - 当前没有可用的红包
2026-03-17 23:53:36,045 - INFO - 开始新一轮红包检查... (23:53:36)
2026-03-17 23:53:36,045 - INFO - 开始处理红包...
2026-03-17 23:53:36,302 - INFO - 获取到 0 个红包信息
2026-03-17 23:53:36,302 - INFO - 当前没有可用的红包
2026-03-17 23:53:56,322 - INFO - 开始新一轮红包检查... (23:53:56)
2026-03-17 23:53:56,322 - INFO - 开始处理红包...
2026-03-17 23:53:56,568 - INFO - 获取到 0 个红包信息
2026-03-17 23:53:56,568 - INFO - 当前没有可用的红包
2026-03-17 23:54:16,585 - INFO - 开始新一轮红包检查... (23:54:16)
2026-03-17 23:54:16,586 - INFO - 开始处理红包...
2026-03-17 23:54:16,842 - INFO - 获取到 0 个红包信息
2026-03-17 23:54:16,843 - INFO - 当前没有可用的红包
2026-03-17 23:54:36,863 - INFO - 开始新一轮红包检查... (23:54:36)
2026-03-17 23:54:36,863 - INFO - 开始处理红包...
2026-03-17 23:54:37,116 - INFO - 获取到 0 个红包信息
2026-03-17 23:54:37,117 - INFO - 当前没有可用的红包
2026-03-17 23:54:57,135 - INFO - 开始新一轮红包检查... (23:54:57)
2026-03-17 23:54:57,135 - INFO - 开始处理红包...
2026-03-17 23:54:57,393 - INFO - 获取到 0 个红包信息
2026-03-17 23:54:57,393 - INFO - 当前没有可用的红包
2026-03-17 23:55:17,414 - INFO - 开始新一轮红包检查... (23:55:17)
2026-03-17 23:55:17,414 - INFO - 开始处理红包...
2026-03-17 23:55:17,651 - INFO - 获取到 0 个红包信息
2026-03-17 23:55:17,651 - INFO - 当前没有可用的红包
2026-03-17 23:55:37,671 - INFO - 开始新一轮红包检查... (23:55:37)
2026-03-17 23:55:37,672 - INFO - 开始处理红包...
2026-03-17 23:55:37,924 - INFO - 获取到 0 个红包信息
2026-03-17 23:55:37,924 - INFO - 当前没有可用的红包
2026-03-17 23:55:57,944 - INFO - 开始新一轮红包检查... (23:55:57)
2026-03-17 23:55:57,944 - INFO - 开始处理红包...
2026-03-17 23:55:58,195 - INFO - 获取到 0 个红包信息
2026-03-17 23:55:58,195 - INFO - 当前没有可用的红包
2026-03-17 23:56:18,215 - INFO - 开始新一轮红包检查... (23:56:18)
2026-03-17 23:56:18,215 - INFO - 开始处理红包...
2026-03-17 23:56:18,467 - INFO - 获取到 0 个红包信息
2026-03-17 23:56:18,467 - INFO - 当前没有可用的红包
2026-03-17 23:56:38,487 - INFO - 开始新一轮红包检查... (23:56:38)
2026-03-17 23:56:38,487 - INFO - 开始处理红包...
2026-03-17 23:56:38,745 - INFO - 获取到 0 个红包信息
2026-03-17 23:56:38,745 - INFO - 当前没有可用的红包
2026-03-17 23:56:58,765 - INFO - 开始新一轮红包检查... (23:56:58)
2026-03-17 23:56:58,765 - INFO - 开始处理红包...
2026-03-17 23:56:59,007 - INFO - 获取到 0 个红包信息
2026-03-17 23:56:59,007 - INFO - 当前没有可用的红包
2026-03-17 23:57:19,028 - INFO - 开始新一轮红包检查... (23:57:19)
2026-03-17 23:57:19,028 - INFO - 开始处理红包...
2026-03-17 23:57:19,280 - INFO - 获取到 0 个红包信息
2026-03-17 23:57:19,280 - INFO - 当前没有可用的红包
2026-03-17 23:57:39,300 - INFO - 开始新一轮红包检查... (23:57:39)
2026-03-17 23:57:39,300 - INFO - 开始处理红包...
2026-03-17 23:57:39,548 - INFO - 获取到 0 个红包信息
2026-03-17 23:57:39,549 - INFO - 当前没有可用的红包
2026-03-17 23:57:59,569 - INFO - 开始新一轮红包检查... (23:57:59)
2026-03-17 23:57:59,569 - INFO - 开始处理红包...
2026-03-17 23:57:59,807 - INFO - 获取到 0 个红包信息
2026-03-17 23:57:59,808 - INFO - 当前没有可用的红包
2026-03-17 23:58:19,828 - INFO - 开始新一轮红包检查... (23:58:19)
2026-03-17 23:58:19,828 - INFO - 开始处理红包...
2026-03-17 23:58:20,069 - INFO - 获取到 0 个红包信息
2026-03-17 23:58:20,069 - INFO - 当前没有可用的红包
2026-03-17 23:58:40,089 - INFO - 开始新一轮红包检查... (23:58:40)
2026-03-17 23:58:40,089 - INFO - 开始处理红包...
2026-03-17 23:58:40,351 - INFO - 获取到 0 个红包信息
2026-03-17 23:58:40,351 - INFO - 当前没有可用的红包
2026-03-17 23:59:00,371 - INFO - 开始新一轮红包检查... (23:59:00)
2026-03-17 23:59:00,372 - INFO - 开始处理红包...
2026-03-17 23:59:00,611 - INFO - 获取到 0 个红包信息
2026-03-17 23:59:00,611 - INFO - 当前没有可用的红包
2026-03-17 23:59:20,632 - INFO - 开始新一轮红包检查... (23:59:20)
2026-03-17 23:59:20,632 - INFO - 开始处理红包...
2026-03-17 23:59:20,899 - INFO - 获取到 0 个红包信息
2026-03-17 23:59:20,899 - INFO - 当前没有可用的红包
2026-03-17 23:59:40,919 - INFO - 开始新一轮红包检查... (23:59:40)
2026-03-17 23:59:40,919 - INFO - 开始处理红包...
2026-03-17 23:59:41,165 - INFO - 获取到 0 个红包信息
2026-03-17 23:59:41,166 - INFO - 当前没有可用的红包
2026-03-18 00:00:01,186 - INFO - 开始新一轮红包检查... (00:00:01)
2026-03-18 00:00:01,186 - INFO - 开始处理红包...
2026-03-18 00:00:01,436 - INFO - 获取到 0 个红包信息
2026-03-18 00:00:01,436 - INFO - 当前没有可用的红包
2026-03-18 00:00:21,456 - INFO - 开始新一轮红包检查... (00:00:21)
2026-03-18 00:00:21,457 - INFO - 开始处理红包...
2026-03-18 00:00:21,703 - INFO - 获取到 0 个红包信息
2026-03-18 00:00:21,703 - INFO - 当前没有可用的红包
2026-03-18 00:00:41,705 - INFO - 开始新一轮红包检查... (00:00:41)
2026-03-18 00:00:41,705 - INFO - 开始处理红包...
2026-03-18 00:00:41,970 - INFO - 获取到 0 个红包信息
2026-03-18 00:00:41,970 - INFO - 当前没有可用的红包
2026-03-18 00:01:01,990 - INFO - 开始新一轮红包检查... (00:01:01)
2026-03-18 00:01:01,990 - INFO - 开始处理红包...
2026-03-18 00:01:02,248 - INFO - 获取到 0 个红包信息
2026-03-18 00:01:02,248 - INFO - 当前没有可用的红包
2026-03-18 00:01:22,268 - INFO - 开始新一轮红包检查... (00:01:22)
2026-03-18 00:01:22,269 - INFO - 开始处理红包...
2026-03-18 00:01:22,512 - INFO - 获取到 0 个红包信息
2026-03-18 00:01:22,512 - INFO - 当前没有可用的红包
2026-03-18 00:01:42,532 - INFO - 开始新一轮红包检查... (00:01:42)
2026-03-18 00:01:42,533 - INFO - 开始处理红包...
2026-03-18 00:01:42,796 - INFO - 获取到 0 个红包信息
2026-03-18 00:01:42,796 - INFO - 当前没有可用的红包
2026-03-18 00:02:02,816 - INFO - 开始新一轮红包检查... (00:02:02)
2026-03-18 00:02:02,816 - INFO - 开始处理红包...
2026-03-18 00:02:03,073 - INFO - 获取到 0 个红包信息
2026-03-18 00:02:03,073 - INFO - 当前没有可用的红包
2026-03-18 00:02:23,093 - INFO - 开始新一轮红包检查... (00:02:23)
2026-03-18 00:02:23,094 - INFO - 开始处理红包...
2026-03-18 00:02:23,401 - INFO - 获取到 0 个红包信息
2026-03-18 00:02:23,401 - INFO - 当前没有可用的红包
2026-03-18 00:02:43,421 - INFO - 开始新一轮红包检查... (00:02:43)
2026-03-18 00:02:43,421 - INFO - 开始处理红包...
2026-03-18 00:02:43,664 - INFO - 获取到 0 个红包信息
2026-03-18 00:02:43,664 - INFO - 当前没有可用的红包
2026-03-18 00:03:03,685 - INFO - 开始新一轮红包检查... (00:03:03)
2026-03-18 00:03:03,685 - INFO - 开始处理红包...
2026-03-18 00:03:04,000 - INFO - 获取到 0 个红包信息
2026-03-18 00:03:04,001 - INFO - 当前没有可用的红包
2026-03-18 00:03:24,021 - INFO - 开始新一轮红包检查... (00:03:24)
2026-03-18 00:03:24,021 - INFO - 开始处理红包...
2026-03-18 00:03:24,265 - INFO - 获取到 0 个红包信息
2026-03-18 00:03:24,265 - INFO - 当前没有可用的红包
2026-03-18 00:03:44,285 - INFO - 开始新一轮红包检查... (00:03:44)
2026-03-18 00:03:44,286 - INFO - 开始处理红包...
2026-03-18 00:03:44,542 - INFO - 获取到 0 个红包信息
2026-03-18 00:03:44,542 - INFO - 当前没有可用的红包
2026-03-18 00:04:04,562 - INFO - 开始新一轮红包检查... (00:04:04)
2026-03-18 00:04:04,562 - INFO - 开始处理红包...
2026-03-18 00:04:04,811 - INFO - 获取到 0 个红包信息
2026-03-18 00:04:04,811 - INFO - 当前没有可用的红包
2026-03-18 00:04:24,831 - INFO - 开始新一轮红包检查... (00:04:24)
2026-03-18 00:04:24,831 - INFO - 开始处理红包...
2026-03-18 00:04:25,078 - INFO - 获取到 0 个红包信息
2026-03-18 00:04:25,078 - INFO - 当前没有可用的红包
2026-03-18 00:04:45,098 - INFO - 开始新一轮红包检查... (00:04:45)
2026-03-18 00:04:45,098 - INFO - 开始处理红包...
2026-03-18 00:04:45,343 - INFO - 获取到 0 个红包信息
2026-03-18 00:04:45,344 - INFO - 当前没有可用的红包
2026-03-18 00:05:05,364 - INFO - 开始新一轮红包检查... (00:05:05)
2026-03-18 00:05:05,364 - INFO - 开始处理红包...
2026-03-18 00:05:05,604 - INFO - 获取到 0 个红包信息
2026-03-18 00:05:05,604 - INFO - 当前没有可用的红包
2026-03-18 00:05:25,625 - INFO - 开始新一轮红包检查... (00:05:25)
2026-03-18 00:05:25,625 - INFO - 开始处理红包...
2026-03-18 00:05:26,050 - INFO - 获取到 0 个红包信息
2026-03-18 00:05:26,050 - INFO - 当前没有可用的红包
2026-03-18 00:05:46,070 - INFO - 开始新一轮红包检查... (00:05:46)
2026-03-18 00:05:46,070 - INFO - 开始处理红包...
2026-03-18 00:05:46,333 - INFO - 获取到 0 个红包信息
2026-03-18 00:05:46,333 - INFO - 当前没有可用的红包
2026-03-18 00:06:06,353 - INFO - 开始新一轮红包检查... (00:06:06)
2026-03-18 00:06:06,353 - INFO - 开始处理红包...
2026-03-18 00:06:06,614 - INFO - 获取到 0 个红包信息
2026-03-18 00:06:06,614 - INFO - 当前没有可用的红包
2026-03-18 00:06:26,635 - INFO - 开始新一轮红包检查... (00:06:26)
2026-03-18 00:06:26,635 - INFO - 开始处理红包...
2026-03-18 00:06:26,881 - INFO - 获取到 0 个红包信息
2026-03-18 00:06:26,881 - INFO - 当前没有可用的红包
2026-03-18 00:06:46,902 - INFO - 开始新一轮红包检查... (00:06:46)
2026-03-18 00:06:46,902 - INFO - 开始处理红包...
2026-03-18 00:06:47,140 - INFO - 获取到 0 个红包信息
2026-03-18 00:06:47,140 - INFO - 当前没有可用的红包
2026-03-18 00:07:07,160 - INFO - 开始新一轮红包检查... (00:07:07)
2026-03-18 00:07:07,160 - INFO - 开始处理红包...
2026-03-18 00:07:07,607 - INFO - 获取到 0 个红包信息
2026-03-18 00:07:07,607 - INFO - 当前没有可用的红包
2026-03-18 00:07:27,627 - INFO - 开始新一轮红包检查... (00:07:27)
2026-03-18 00:07:27,627 - INFO - 开始处理红包...
2026-03-18 00:07:27,860 - INFO - 获取到 0 个红包信息
2026-03-18 00:07:27,860 - INFO - 当前没有可用的红包
2026-03-18 00:07:47,880 - INFO - 开始新一轮红包检查... (00:07:47)
2026-03-18 00:07:47,881 - INFO - 开始处理红包...
2026-03-18 00:07:48,131 - INFO - 获取到 0 个红包信息
2026-03-18 00:07:48,131 - INFO - 当前没有可用的红包
2026-03-18 00:08:08,151 - INFO - 开始新一轮红包检查... (00:08:08)
2026-03-18 00:08:08,151 - INFO - 开始处理红包...
2026-03-18 00:08:08,419 - INFO - 获取到 0 个红包信息
2026-03-18 00:08:08,420 - INFO - 当前没有可用的红包
2026-03-18 00:08:28,440 - INFO - 开始新一轮红包检查... (00:08:28)
2026-03-18 00:08:28,440 - INFO - 开始处理红包...
2026-03-18 00:08:28,689 - INFO - 获取到 0 个红包信息
2026-03-18 00:08:28,689 - INFO - 当前没有可用的红包
2026-03-18 00:08:48,709 - INFO - 开始新一轮红包检查... (00:08:48)
2026-03-18 00:08:48,709 - INFO - 开始处理红包...
2026-03-18 00:08:49,036 - INFO - 获取到 0 个红包信息
2026-03-18 00:08:49,036 - INFO - 当前没有可用的红包
2026-03-18 00:09:09,057 - INFO - 开始新一轮红包检查... (00:09:09)
2026-03-18 00:09:09,057 - INFO - 开始处理红包...
2026-03-18 00:09:09,332 - INFO - 获取到 0 个红包信息
2026-03-18 00:09:09,332 - INFO - 当前没有可用的红包
2026-03-18 00:09:29,352 - INFO - 开始新一轮红包检查... (00:09:29)
2026-03-18 00:09:29,352 - INFO - 开始处理红包...
2026-03-18 00:09:29,609 - INFO - 获取到 0 个红包信息
2026-03-18 00:09:29,609 - INFO - 当前没有可用的红包
2026-03-18 00:09:49,629 - INFO - 开始新一轮红包检查... (00:09:49)
2026-03-18 00:09:49,629 - INFO - 开始处理红包...
2026-03-18 00:09:49,954 - INFO - 获取到 0 个红包信息
2026-03-18 00:09:49,954 - INFO - 当前没有可用的红包
2026-03-18 00:10:09,974 - INFO - 开始新一轮红包检查... (00:10:09)
2026-03-18 00:10:09,974 - INFO - 开始处理红包...
2026-03-18 00:10:10,227 - INFO - 获取到 0 个红包信息
2026-03-18 00:10:10,228 - INFO - 当前没有可用的红包
2026-03-18 00:10:30,248 - INFO - 开始新一轮红包检查... (00:10:30)
2026-03-18 00:10:30,248 - INFO - 开始处理红包...
2026-03-18 00:10:30,501 - INFO - 获取到 0 个红包信息
2026-03-18 00:10:30,501 - INFO - 当前没有可用的红包
2026-03-18 00:10:50,513 - INFO - 开始新一轮红包检查... (00:10:50)
2026-03-18 00:10:50,514 - INFO - 开始处理红包...
2026-03-18 00:10:50,759 - INFO - 获取到 0 个红包信息
2026-03-18 00:10:50,759 - INFO - 当前没有可用的红包
2026-03-18 00:11:10,779 - INFO - 开始新一轮红包检查... (00:11:10)
2026-03-18 00:11:10,779 - INFO - 开始处理红包...
2026-03-18 00:11:11,034 - INFO - 获取到 0 个红包信息
2026-03-18 00:11:11,034 - INFO - 当前没有可用的红包
2026-03-18 00:11:31,054 - INFO - 开始新一轮红包检查... (00:11:31)
2026-03-18 00:11:31,054 - INFO - 开始处理红包...
2026-03-18 00:11:31,296 - INFO - 获取到 0 个红包信息
2026-03-18 00:11:31,296 - INFO - 当前没有可用的红包
2026-03-18 00:11:51,316 - INFO - 开始新一轮红包检查... (00:11:51)
2026-03-18 00:11:51,316 - INFO - 开始处理红包...
2026-03-18 00:11:51,558 - INFO - 获取到 0 个红包信息
2026-03-18 00:11:51,558 - INFO - 当前没有可用的红包
2026-03-18 00:12:11,579 - INFO - 开始新一轮红包检查... (00:12:11)
2026-03-18 00:12:11,579 - INFO - 开始处理红包...
2026-03-18 00:12:11,829 - INFO - 获取到 0 个红包信息
2026-03-18 00:12:11,829 - INFO - 当前没有可用的红包
2026-03-18 00:12:31,849 - INFO - 开始新一轮红包检查... (00:12:31)
2026-03-18 00:12:31,849 - INFO - 开始处理红包...
2026-03-18 00:12:32,092 - INFO - 获取到 0 个红包信息
2026-03-18 00:12:32,092 - INFO - 当前没有可用的红包
2026-03-18 00:12:52,112 - INFO - 开始新一轮红包检查... (00:12:52)
2026-03-18 00:12:52,112 - INFO - 开始处理红包...
2026-03-18 00:12:52,350 - INFO - 获取到 0 个红包信息
2026-03-18 00:12:52,351 - INFO - 当前没有可用的红包
2026-03-18 00:13:12,371 - INFO - 开始新一轮红包检查... (00:13:12)
2026-03-18 00:13:12,371 - INFO - 开始处理红包...
2026-03-18 00:13:12,611 - INFO - 获取到 0 个红包信息
2026-03-18 00:13:12,612 - INFO - 当前没有可用的红包
2026-03-18 00:13:32,617 - INFO - 开始新一轮红包检查... (00:13:32)
2026-03-18 00:13:32,618 - INFO - 开始处理红包...
2026-03-18 00:13:32,878 - INFO - 获取到 0 个红包信息
2026-03-18 00:13:32,878 - INFO - 当前没有可用的红包
2026-03-18 00:13:52,898 - INFO - 开始新一轮红包检查... (00:13:52)
2026-03-18 00:13:52,898 - INFO - 开始处理红包...
2026-03-18 00:13:53,153 - INFO - 获取到 0 个红包信息
2026-03-18 00:13:53,153 - INFO - 当前没有可用的红包
2026-03-18 00:14:13,174 - INFO - 开始新一轮红包检查... (00:14:13)
2026-03-18 00:14:13,174 - INFO - 开始处理红包...
2026-03-18 00:14:13,420 - INFO - 获取到 0 个红包信息
2026-03-18 00:14:13,420 - INFO - 当前没有可用的红包
2026-03-18 00:14:33,441 - INFO - 开始新一轮红包检查... (00:14:33)
2026-03-18 00:14:33,441 - INFO - 开始处理红包...
2026-03-18 00:14:33,697 - INFO - 获取到 0 个红包信息
2026-03-18 00:14:33,697 - INFO - 当前没有可用的红包
2026-03-18 00:14:53,717 - INFO - 开始新一轮红包检查... (00:14:53)
2026-03-18 00:14:53,717 - INFO - 开始处理红包...
2026-03-18 00:14:53,967 - INFO - 获取到 0 个红包信息
2026-03-18 00:14:53,968 - INFO - 当前没有可用的红包
2026-03-18 00:15:13,978 - INFO - 开始新一轮红包检查... (00:15:13)
2026-03-18 00:15:13,978 - INFO - 开始处理红包...
2026-03-18 00:15:14,226 - INFO - 获取到 0 个红包信息
2026-03-18 00:15:14,226 - INFO - 当前没有可用的红包
2026-03-18 00:15:34,227 - INFO - 开始新一轮红包检查... (00:15:34)
2026-03-18 00:15:34,227 - INFO - 开始处理红包...
2026-03-18 00:15:34,475 - INFO - 获取到 0 个红包信息
2026-03-18 00:15:34,476 - INFO - 当前没有可用的红包
2026-03-18 00:15:54,496 - INFO - 开始新一轮红包检查... (00:15:54)
2026-03-18 00:15:54,496 - INFO - 开始处理红包...
2026-03-18 00:15:54,749 - INFO - 获取到 0 个红包信息
2026-03-18 00:15:54,749 - INFO - 当前没有可用的红包
2026-03-18 00:16:14,769 - INFO - 开始新一轮红包检查... (00:16:14)
2026-03-18 00:16:14,770 - INFO - 开始处理红包...
2026-03-18 00:16:15,083 - INFO - 获取到 0 个红包信息
2026-03-18 00:16:15,084 - INFO - 当前没有可用的红包
2026-03-18 00:16:35,104 - INFO - 开始新一轮红包检查... (00:16:35)
2026-03-18 00:16:35,104 - INFO - 开始处理红包...
2026-03-18 00:16:35,410 - INFO - 获取到 0 个红包信息
2026-03-18 00:16:35,410 - INFO - 当前没有可用的红包
2026-03-18 00:16:55,431 - INFO - 开始新一轮红包检查... (00:16:55)
2026-03-18 00:16:55,431 - INFO - 开始处理红包...
2026-03-18 00:16:55,668 - INFO - 获取到 0 个红包信息
2026-03-18 00:16:55,668 - INFO - 当前没有可用的红包
2026-03-18 00:17:15,688 - INFO - 开始新一轮红包检查... (00:17:15)
2026-03-18 00:17:15,688 - INFO - 开始处理红包...
2026-03-18 00:17:15,940 - INFO - 获取到 0 个红包信息
2026-03-18 00:17:15,940 - INFO - 当前没有可用的红包
2026-03-18 00:17:35,960 - INFO - 开始新一轮红包检查... (00:17:35)
2026-03-18 00:17:35,961 - INFO - 开始处理红包...
2026-03-18 00:17:36,218 - INFO - 获取到 0 个红包信息
2026-03-18 00:17:36,218 - INFO - 当前没有可用的红包
2026-03-18 00:17:56,238 - INFO - 开始新一轮红包检查... (00:17:56)
2026-03-18 00:17:56,238 - INFO - 开始处理红包...
2026-03-18 00:17:56,474 - INFO - 获取到 0 个红包信息
2026-03-18 00:17:56,474 - INFO - 当前没有可用的红包
2026-03-18 00:18:16,494 - INFO - 开始新一轮红包检查... (00:18:16)
2026-03-18 00:18:16,494 - INFO - 开始处理红包...
2026-03-18 00:18:16,737 - INFO - 获取到 0 个红包信息
2026-03-18 00:18:16,738 - INFO - 当前没有可用的红包
2026-03-18 00:18:36,758 - INFO - 开始新一轮红包检查... (00:18:36)
2026-03-18 00:18:36,758 - INFO - 开始处理红包...
2026-03-18 00:18:37,018 - INFO - 获取到 0 个红包信息
2026-03-18 00:18:37,018 - INFO - 当前没有可用的红包
2026-03-18 00:18:57,039 - INFO - 开始新一轮红包检查... (00:18:57)
2026-03-18 00:18:57,039 - INFO - 开始处理红包...
2026-03-18 00:18:57,286 - INFO - 获取到 0 个红包信息
2026-03-18 00:18:57,287 - INFO - 当前没有可用的红包
2026-03-18 00:19:17,291 - INFO - 开始新一轮红包检查... (00:19:17)
2026-03-18 00:19:17,292 - INFO - 开始处理红包...
2026-03-18 00:19:17,538 - INFO - 获取到 0 个红包信息
2026-03-18 00:19:17,538 - INFO - 当前没有可用的红包
2026-03-18 00:19:37,559 - INFO - 开始新一轮红包检查... (00:19:37)
2026-03-18 00:19:37,559 - INFO - 开始处理红包...
2026-03-18 00:19:37,813 - INFO - 获取到 0 个红包信息
2026-03-18 00:19:37,813 - INFO - 当前没有可用的红包
2026-03-18 00:19:57,833 - INFO - 开始新一轮红包检查... (00:19:57)
2026-03-18 00:19:57,833 - INFO - 开始处理红包...
2026-03-18 00:19:58,077 - INFO - 获取到 0 个红包信息
2026-03-18 00:19:58,077 - INFO - 当前没有可用的红包
2026-03-18 00:20:18,097 - INFO - 开始新一轮红包检查... (00:20:18)
2026-03-18 00:20:18,098 - INFO - 开始处理红包...
2026-03-18 00:20:18,341 - INFO - 获取到 0 个红包信息
2026-03-18 00:20:18,341 - INFO - 当前没有可用的红包
2026-03-18 00:20:38,361 - INFO - 开始新一轮红包检查... (00:20:38)
2026-03-18 00:20:38,361 - INFO - 开始处理红包...
2026-03-18 00:20:38,608 - INFO - 获取到 0 个红包信息
2026-03-18 00:20:38,608 - INFO - 当前没有可用的红包
2026-03-18 00:20:58,628 - INFO - 开始新一轮红包检查... (00:20:58)
2026-03-18 00:20:58,629 - INFO - 开始处理红包...
2026-03-18 00:20:58,876 - INFO - 获取到 0 个红包信息
2026-03-18 00:20:58,876 - INFO - 当前没有可用的红包
2026-03-18 00:21:18,896 - INFO - 开始新一轮红包检查... (00:21:18)
2026-03-18 00:21:18,896 - INFO - 开始处理红包...
2026-03-18 00:21:19,140 - INFO - 获取到 0 个红包信息
2026-03-18 00:21:19,140 - INFO - 当前没有可用的红包
2026-03-18 00:21:39,161 - INFO - 开始新一轮红包检查... (00:21:39)
2026-03-18 00:21:39,161 - INFO - 开始处理红包...
2026-03-18 00:21:39,409 - INFO - 获取到 0 个红包信息
2026-03-18 00:21:39,409 - INFO - 当前没有可用的红包
2026-03-18 00:21:59,429 - INFO - 开始新一轮红包检查... (00:21:59)
2026-03-18 00:21:59,429 - INFO - 开始处理红包...
2026-03-18 00:21:59,691 - INFO - 获取到 0 个红包信息
2026-03-18 00:21:59,692 - INFO - 当前没有可用的红包
2026-03-18 00:22:19,712 - INFO - 开始新一轮红包检查... (00:22:19)
2026-03-18 00:22:19,712 - INFO - 开始处理红包...
2026-03-18 00:22:19,999 - INFO - 获取到 0 个红包信息
2026-03-18 00:22:19,999 - INFO - 当前没有可用的红包
2026-03-18 00:22:40,019 - INFO - 开始新一轮红包检查... (00:22:40)
2026-03-18 00:22:40,019 - INFO - 开始处理红包...
2026-03-18 00:22:40,271 - INFO - 获取到 0 个红包信息
2026-03-18 00:22:40,271 - INFO - 当前没有可用的红包
2026-03-18 00:23:00,291 - INFO - 开始新一轮红包检查... (00:23:00)
2026-03-18 00:23:00,291 - INFO - 开始处理红包...
2026-03-18 00:23:00,538 - INFO - 获取到 0 个红包信息
2026-03-18 00:23:00,538 - INFO - 当前没有可用的红包
2026-03-18 00:23:20,558 - INFO - 开始新一轮红包检查... (00:23:20)
2026-03-18 00:23:20,558 - INFO - 开始处理红包...
2026-03-18 00:23:20,794 - INFO - 获取到 0 个红包信息
2026-03-18 00:23:20,794 - INFO - 当前没有可用的红包
2026-03-18 00:23:40,809 - INFO - 开始新一轮红包检查... (00:23:40)
2026-03-18 00:23:40,809 - INFO - 开始处理红包...
2026-03-18 00:23:41,059 - INFO - 获取到 0 个红包信息
2026-03-18 00:23:41,059 - INFO - 当前没有可用的红包
2026-03-18 00:24:01,079 - INFO - 开始新一轮红包检查... (00:24:01)
2026-03-18 00:24:01,080 - INFO - 开始处理红包...
2026-03-18 00:24:01,433 - INFO - 获取到 0 个红包信息
2026-03-18 00:24:01,433 - INFO - 当前没有可用的红包
2026-03-18 00:24:21,434 - INFO - 开始新一轮红包检查... (00:24:21)
2026-03-18 00:24:21,434 - INFO - 开始处理红包...
2026-03-18 00:24:21,690 - INFO - 获取到 0 个红包信息
2026-03-18 00:24:21,690 - INFO - 当前没有可用的红包
2026-03-18 00:24:41,710 - INFO - 开始新一轮红包检查... (00:24:41)
2026-03-18 00:24:41,710 - INFO - 开始处理红包...
2026-03-18 00:24:41,969 - INFO - 获取到 0 个红包信息
2026-03-18 00:24:41,969 - INFO - 当前没有可用的红包
2026-03-18 00:25:01,989 - INFO - 开始新一轮红包检查... (00:25:01)
2026-03-18 00:25:01,990 - INFO - 开始处理红包...
2026-03-18 00:25:02,225 - INFO - 获取到 0 个红包信息
2026-03-18 00:25:02,225 - INFO - 当前没有可用的红包
2026-03-18 00:25:22,246 - INFO - 开始新一轮红包检查... (00:25:22)
2026-03-18 00:25:22,246 - INFO - 开始处理红包...
2026-03-18 00:25:22,498 - INFO - 获取到 0 个红包信息
2026-03-18 00:25:22,498 - INFO - 当前没有可用的红包
2026-03-18 00:25:42,519 - INFO - 开始新一轮红包检查... (00:25:42)
2026-03-18 00:25:42,519 - INFO - 开始处理红包...
2026-03-18 00:25:42,761 - INFO - 获取到 0 个红包信息
2026-03-18 00:25:42,761 - INFO - 当前没有可用的红包
2026-03-18 00:26:02,781 - INFO - 开始新一轮红包检查... (00:26:02)
2026-03-18 00:26:02,781 - INFO - 开始处理红包...
2026-03-18 00:26:03,043 - INFO - 获取到 0 个红包信息
2026-03-18 00:26:03,043 - INFO - 当前没有可用的红包
2026-03-18 00:26:23,063 - INFO - 开始新一轮红包检查... (00:26:23)
2026-03-18 00:26:23,063 - INFO - 开始处理红包...
2026-03-18 00:26:23,307 - INFO - 获取到 0 个红包信息
2026-03-18 00:26:23,307 - INFO - 当前没有可用的红包
2026-03-18 00:26:43,327 - INFO - 开始新一轮红包检查... (00:26:43)
2026-03-18 00:26:43,327 - INFO - 开始处理红包...
2026-03-18 00:26:43,601 - INFO - 获取到 0 个红包信息
2026-03-18 00:26:43,601 - INFO - 当前没有可用的红包
2026-03-18 00:27:03,621 - INFO - 开始新一轮红包检查... (00:27:03)
2026-03-18 00:27:03,621 - INFO - 开始处理红包...
2026-03-18 00:27:03,861 - INFO - 获取到 0 个红包信息
2026-03-18 00:27:03,861 - INFO - 当前没有可用的红包
2026-03-18 00:27:23,881 - INFO - 开始新一轮红包检查... (00:27:23)
2026-03-18 00:27:23,881 - INFO - 开始处理红包...
2026-03-18 00:27:24,136 - INFO - 获取到 0 个红包信息
2026-03-18 00:27:24,136 - INFO - 当前没有可用的红包
2026-03-18 00:27:44,157 - INFO - 开始新一轮红包检查... (00:27:44)
2026-03-18 00:27:44,157 - INFO - 开始处理红包...
2026-03-18 00:27:44,400 - INFO - 获取到 0 个红包信息
2026-03-18 00:27:44,400 - INFO - 当前没有可用的红包
2026-03-18 00:28:04,420 - INFO - 开始新一轮红包检查... (00:28:04)
2026-03-18 00:28:04,421 - INFO - 开始处理红包...
2026-03-18 00:28:04,704 - INFO - 获取到 0 个红包信息
2026-03-18 00:28:04,704 - INFO - 当前没有可用的红包
2026-03-18 00:28:24,724 - INFO - 开始新一轮红包检查... (00:28:24)
2026-03-18 00:28:24,724 - INFO - 开始处理红包...
2026-03-18 00:28:24,961 - INFO - 获取到 0 个红包信息
2026-03-18 00:28:24,961 - INFO - 当前没有可用的红包
2026-03-18 00:28:44,969 - INFO - 开始新一轮红包检查... (00:28:44)
2026-03-18 00:28:44,970 - INFO - 开始处理红包...
2026-03-18 00:28:45,212 - INFO - 获取到 0 个红包信息
2026-03-18 00:28:45,212 - INFO - 当前没有可用的红包
2026-03-18 00:29:05,232 - INFO - 开始新一轮红包检查... (00:29:05)
2026-03-18 00:29:05,233 - INFO - 开始处理红包...
2026-03-18 00:29:05,476 - INFO - 获取到 0 个红包信息
2026-03-18 00:29:05,476 - INFO - 当前没有可用的红包
2026-03-18 00:29:25,496 - INFO - 开始新一轮红包检查... (00:29:25)
2026-03-18 00:29:25,496 - INFO - 开始处理红包...
2026-03-18 00:29:25,816 - INFO - 获取到 0 个红包信息
2026-03-18 00:29:25,816 - INFO - 当前没有可用的红包
2026-03-18 00:29:45,816 - INFO - 开始新一轮红包检查... (00:29:45)
2026-03-18 00:29:45,816 - INFO - 开始处理红包...
2026-03-18 00:29:46,078 - INFO - 获取到 0 个红包信息
2026-03-18 00:29:46,078 - INFO - 当前没有可用的红包
2026-03-18 00:30:06,089 - INFO - 开始新一轮红包检查... (00:30:06)
2026-03-18 00:30:06,090 - INFO - 开始处理红包...
2026-03-18 00:30:06,336 - INFO - 获取到 0 个红包信息
2026-03-18 00:30:06,336 - INFO - 当前没有可用的红包
2026-03-18 00:30:26,356 - INFO - 开始新一轮红包检查... (00:30:26)
2026-03-18 00:30:26,356 - INFO - 开始处理红包...
2026-03-18 00:30:26,594 - INFO - 获取到 0 个红包信息
2026-03-18 00:30:26,594 - INFO - 当前没有可用的红包
2026-03-18 00:30:46,614 - INFO - 开始新一轮红包检查... (00:30:46)
2026-03-18 00:30:46,615 - INFO - 开始处理红包...
2026-03-18 00:30:46,865 - INFO - 获取到 0 个红包信息
2026-03-18 00:30:46,865 - INFO - 当前没有可用的红包
2026-03-18 00:31:06,886 - INFO - 开始新一轮红包检查... (00:31:06)
2026-03-18 00:31:06,886 - INFO - 开始处理红包...
2026-03-18 00:31:07,145 - INFO - 获取到 0 个红包信息
2026-03-18 00:31:07,145 - INFO - 当前没有可用的红包
2026-03-18 00:31:27,154 - INFO - 开始新一轮红包检查... (00:31:27)
2026-03-18 00:31:27,154 - INFO - 开始处理红包...
2026-03-18 00:31:27,388 - INFO - 获取到 0 个红包信息
2026-03-18 00:31:27,388 - INFO - 当前没有可用的红包
2026-03-18 00:31:47,408 - INFO - 开始新一轮红包检查... (00:31:47)
2026-03-18 00:31:47,409 - INFO - 开始处理红包...
2026-03-18 00:31:47,665 - INFO - 获取到 0 个红包信息
2026-03-18 00:31:47,665 - INFO - 当前没有可用的红包
2026-03-18 00:32:07,686 - INFO - 开始新一轮红包检查... (00:32:07)
2026-03-18 00:32:07,686 - INFO - 开始处理红包...
2026-03-18 00:32:07,933 - INFO - 获取到 0 个红包信息
2026-03-18 00:32:07,934 - INFO - 当前没有可用的红包
2026-03-18 00:32:27,945 - INFO - 开始新一轮红包检查... (00:32:27)
2026-03-18 00:32:27,945 - INFO - 开始处理红包...
2026-03-18 00:32:28,196 - INFO - 获取到 0 个红包信息
2026-03-18 00:32:28,196 - INFO - 当前没有可用的红包
2026-03-18 00:32:48,216 - INFO - 开始新一轮红包检查... (00:32:48)
2026-03-18 00:32:48,216 - INFO - 开始处理红包...
2026-03-18 00:32:48,468 - INFO - 获取到 0 个红包信息
2026-03-18 00:32:48,468 - INFO - 当前没有可用的红包
2026-03-18 00:33:08,477 - INFO - 开始新一轮红包检查... (00:33:08)
2026-03-18 00:33:08,477 - INFO - 开始处理红包...
2026-03-18 00:33:08,748 - INFO - 获取到 0 个红包信息
2026-03-18 00:33:08,748 - INFO - 当前没有可用的红包
2026-03-18 00:33:28,768 - INFO - 开始新一轮红包检查... (00:33:28)
2026-03-18 00:33:28,769 - INFO - 开始处理红包...
2026-03-18 00:33:29,033 - INFO - 获取到 0 个红包信息
2026-03-18 00:33:29,033 - INFO - 当前没有可用的红包
2026-03-18 00:33:49,054 - INFO - 开始新一轮红包检查... (00:33:49)
2026-03-18 00:33:49,054 - INFO - 开始处理红包...
2026-03-18 00:33:49,328 - INFO - 获取到 0 个红包信息
2026-03-18 00:33:49,328 - INFO - 当前没有可用的红包
2026-03-18 00:34:09,348 - INFO - 开始新一轮红包检查... (00:34:09)
2026-03-18 00:34:09,349 - INFO - 开始处理红包...
2026-03-18 00:34:09,598 - INFO - 获取到 0 个红包信息
2026-03-18 00:34:09,599 - INFO - 当前没有可用的红包
2026-03-18 00:34:29,619 - INFO - 开始新一轮红包检查... (00:34:29)
2026-03-18 00:34:29,619 - INFO - 开始处理红包...
2026-03-18 00:34:29,867 - INFO - 获取到 0 个红包信息
2026-03-18 00:34:29,867 - INFO - 当前没有可用的红包
2026-03-18 00:34:49,887 - INFO - 开始新一轮红包检查... (00:34:49)
2026-03-18 00:34:49,888 - INFO - 开始处理红包...
2026-03-18 00:34:50,147 - INFO - 获取到 0 个红包信息
2026-03-18 00:34:50,147 - INFO - 当前没有可用的红包
2026-03-18 00:35:10,153 - INFO - 开始新一轮红包检查... (00:35:10)
2026-03-18 00:35:10,153 - INFO - 开始处理红包...
2026-03-18 00:35:10,441 - INFO - 获取到 0 个红包信息
2026-03-18 00:35:10,441 - INFO - 当前没有可用的红包
2026-03-18 00:35:30,461 - INFO - 开始新一轮红包检查... (00:35:30)
2026-03-18 00:35:30,461 - INFO - 开始处理红包...
2026-03-18 00:35:30,718 - INFO - 获取到 0 个红包信息
2026-03-18 00:35:30,719 - INFO - 当前没有可用的红包
2026-03-18 00:35:50,739 - INFO - 开始新一轮红包检查... (00:35:50)
2026-03-18 00:35:50,739 - INFO - 开始处理红包...
2026-03-18 00:35:50,993 - INFO - 获取到 0 个红包信息
2026-03-18 00:35:50,993 - INFO - 当前没有可用的红包
2026-03-18 00:36:11,010 - INFO - 开始新一轮红包检查... (00:36:11)
2026-03-18 00:36:11,010 - INFO - 开始处理红包...
2026-03-18 00:36:11,251 - INFO - 获取到 0 个红包信息
2026-03-18 00:36:11,251 - INFO - 当前没有可用的红包
2026-03-18 00:36:31,255 - INFO - 开始新一轮红包检查... (00:36:31)
2026-03-18 00:36:31,255 - INFO - 开始处理红包...
2026-03-18 00:36:31,509 - INFO - 获取到 0 个红包信息
2026-03-18 00:36:31,509 - INFO - 当前没有可用的红包
2026-03-18 00:36:51,530 - INFO - 开始新一轮红包检查... (00:36:51)
2026-03-18 00:36:51,530 - INFO - 开始处理红包...
2026-03-18 00:36:51,790 - INFO - 获取到 0 个红包信息
2026-03-18 00:36:51,790 - INFO - 当前没有可用的红包
2026-03-18 00:37:11,811 - INFO - 开始新一轮红包检查... (00:37:11)
2026-03-18 00:37:11,811 - INFO - 开始处理红包...
2026-03-18 00:37:12,069 - INFO - 获取到 0 个红包信息
2026-03-18 00:37:12,069 - INFO - 当前没有可用的红包
2026-03-18 00:37:32,073 - INFO - 开始新一轮红包检查... (00:37:32)
2026-03-18 00:37:32,073 - INFO - 开始处理红包...
2026-03-18 00:37:32,369 - INFO - 获取到 0 个红包信息
2026-03-18 00:37:32,369 - INFO - 当前没有可用的红包
2026-03-18 00:37:52,389 - INFO - 开始新一轮红包检查... (00:37:52)
2026-03-18 00:37:52,389 - INFO - 开始处理红包...
2026-03-18 00:37:52,647 - INFO - 获取到 0 个红包信息
2026-03-18 00:37:52,647 - INFO - 当前没有可用的红包
2026-03-18 00:38:12,667 - INFO - 开始新一轮红包检查... (00:38:12)
2026-03-18 00:38:12,667 - INFO - 开始处理红包...
2026-03-18 00:38:12,921 - INFO - 获取到 0 个红包信息
2026-03-18 00:38:12,921 - INFO - 当前没有可用的红包
2026-03-18 00:38:32,941 - INFO - 开始新一轮红包检查... (00:38:32)
2026-03-18 00:38:32,941 - INFO - 开始处理红包...
2026-03-18 00:38:33,201 - INFO - 获取到 0 个红包信息
2026-03-18 00:38:33,201 - INFO - 当前没有可用的红包
2026-03-18 00:38:53,221 - INFO - 开始新一轮红包检查... (00:38:53)
2026-03-18 00:38:53,221 - INFO - 开始处理红包...
2026-03-18 00:38:53,498 - INFO - 获取到 0 个红包信息
2026-03-18 00:38:53,498 - INFO - 当前没有可用的红包
2026-03-18 00:39:13,518 - INFO - 开始新一轮红包检查... (00:39:13)
2026-03-18 00:39:13,519 - INFO - 开始处理红包...
2026-03-18 00:39:13,782 - INFO - 获取到 0 个红包信息
2026-03-18 00:39:13,782 - INFO - 当前没有可用的红包
2026-03-18 00:39:33,803 - INFO - 开始新一轮红包检查... (00:39:33)
2026-03-18 00:39:33,803 - INFO - 开始处理红包...
2026-03-18 00:39:34,046 - INFO - 获取到 0 个红包信息
2026-03-18 00:39:34,046 - INFO - 当前没有可用的红包
2026-03-18 00:39:54,067 - INFO - 开始新一轮红包检查... (00:39:54)
2026-03-18 00:39:54,067 - INFO - 开始处理红包...
2026-03-18 00:39:54,308 - INFO - 获取到 0 个红包信息
2026-03-18 00:39:54,308 - INFO - 当前没有可用的红包
2026-03-18 00:40:14,328 - INFO - 开始新一轮红包检查... (00:40:14)
2026-03-18 00:40:14,328 - INFO - 开始处理红包...
2026-03-18 00:40:14,563 - INFO - 获取到 0 个红包信息
2026-03-18 00:40:14,564 - INFO - 当前没有可用的红包
2026-03-18 00:40:34,569 - INFO - 开始新一轮红包检查... (00:40:34)
2026-03-18 00:40:34,570 - INFO - 开始处理红包...
2026-03-18 00:40:34,994 - INFO - 获取到 0 个红包信息
2026-03-18 00:40:34,994 - INFO - 当前没有可用的红包
2026-03-18 00:40:55,013 - INFO - 开始新一轮红包检查... (00:40:55)
2026-03-18 00:40:55,013 - INFO - 开始处理红包...
2026-03-18 00:40:55,274 - INFO - 获取到 0 个红包信息
2026-03-18 00:40:55,274 - INFO - 当前没有可用的红包
2026-03-18 00:41:15,292 - INFO - 开始新一轮红包检查... (00:41:15)
2026-03-18 00:41:15,292 - INFO - 开始处理红包...
2026-03-18 00:41:15,534 - INFO - 获取到 0 个红包信息
2026-03-18 00:41:15,534 - INFO - 当前没有可用的红包
2026-03-18 00:41:35,555 - INFO - 开始新一轮红包检查... (00:41:35)
2026-03-18 00:41:35,555 - INFO - 开始处理红包...
2026-03-18 00:41:35,792 - INFO - 获取到 0 个红包信息
2026-03-18 00:41:35,792 - INFO - 当前没有可用的红包
2026-03-18 00:41:55,812 - INFO - 开始新一轮红包检查... (00:41:55)
2026-03-18 00:41:55,813 - INFO - 开始处理红包...
2026-03-18 00:41:56,078 - INFO - 获取到 0 个红包信息
2026-03-18 00:41:56,078 - INFO - 当前没有可用的红包
2026-03-18 00:42:16,099 - INFO - 开始新一轮红包检查... (00:42:16)
2026-03-18 00:42:16,099 - INFO - 开始处理红包...
2026-03-18 00:42:16,351 - INFO - 获取到 0 个红包信息
2026-03-18 00:42:16,351 - INFO - 当前没有可用的红包
2026-03-18 00:42:36,371 - INFO - 开始新一轮红包检查... (00:42:36)
2026-03-18 00:42:36,371 - INFO - 开始处理红包...
2026-03-18 00:42:36,624 - INFO - 获取到 0 个红包信息
2026-03-18 00:42:36,624 - INFO - 当前没有可用的红包
2026-03-18 00:42:56,645 - INFO - 开始新一轮红包检查... (00:42:56)
2026-03-18 00:42:56,645 - INFO - 开始处理红包...
2026-03-18 00:42:56,895 - INFO - 获取到 0 个红包信息
2026-03-18 00:42:56,895 - INFO - 当前没有可用的红包
2026-03-18 00:43:16,905 - INFO - 开始新一轮红包检查... (00:43:16)
2026-03-18 00:43:16,906 - INFO - 开始处理红包...
2026-03-18 00:43:17,152 - INFO - 获取到 0 个红包信息
2026-03-18 00:43:17,152 - INFO - 当前没有可用的红包
2026-03-18 00:43:37,161 - INFO - 开始新一轮红包检查... (00:43:37)
2026-03-18 00:43:37,162 - INFO - 开始处理红包...
2026-03-18 00:43:37,412 - INFO - 获取到 0 个红包信息
2026-03-18 00:43:37,412 - INFO - 当前没有可用的红包
2026-03-18 00:43:57,432 - INFO - 开始新一轮红包检查... (00:43:57)
2026-03-18 00:43:57,432 - INFO - 开始处理红包...
2026-03-18 00:43:57,680 - INFO - 获取到 0 个红包信息
2026-03-18 00:43:57,680 - INFO - 当前没有可用的红包
2026-03-18 00:44:17,700 - INFO - 开始新一轮红包检查... (00:44:17)
2026-03-18 00:44:17,700 - INFO - 开始处理红包...
2026-03-18 00:44:17,942 - INFO - 获取到 0 个红包信息
2026-03-18 00:44:17,943 - INFO - 当前没有可用的红包
2026-03-18 00:44:37,963 - INFO - 开始新一轮红包检查... (00:44:37)
2026-03-18 00:44:37,963 - INFO - 开始处理红包...
2026-03-18 00:44:38,215 - INFO - 获取到 0 个红包信息
2026-03-18 00:44:38,215 - INFO - 当前没有可用的红包
2026-03-18 00:44:58,235 - INFO - 开始新一轮红包检查... (00:44:58)
2026-03-18 00:44:58,235 - INFO - 开始处理红包...
2026-03-18 00:44:58,479 - INFO - 获取到 0 个红包信息
2026-03-18 00:44:58,479 - INFO - 当前没有可用的红包
2026-03-18 00:45:18,499 - INFO - 开始新一轮红包检查... (00:45:18)
2026-03-18 00:45:18,499 - INFO - 开始处理红包...
2026-03-18 00:45:18,741 - INFO - 获取到 0 个红包信息
2026-03-18 00:45:18,741 - INFO - 当前没有可用的红包
2026-03-18 00:45:38,761 - INFO - 开始新一轮红包检查... (00:45:38)
2026-03-18 00:45:38,762 - INFO - 开始处理红包...
2026-03-18 00:45:39,020 - INFO - 获取到 0 个红包信息
2026-03-18 00:45:39,020 - INFO - 当前没有可用的红包
2026-03-18 00:45:59,041 - INFO - 开始新一轮红包检查... (00:45:59)
2026-03-18 00:45:59,041 - INFO - 开始处理红包...
2026-03-18 00:45:59,305 - INFO - 获取到 0 个红包信息
2026-03-18 00:45:59,305 - INFO - 当前没有可用的红包
2026-03-18 00:46:19,321 - INFO - 开始新一轮红包检查... (00:46:19)
2026-03-18 00:46:19,322 - INFO - 开始处理红包...
2026-03-18 00:46:19,566 - INFO - 获取到 0 个红包信息
2026-03-18 00:46:19,566 - INFO - 当前没有可用的红包
2026-03-18 00:46:39,586 - INFO - 开始新一轮红包检查... (00:46:39)
2026-03-18 00:46:39,586 - INFO - 开始处理红包...
2026-03-18 00:46:39,837 - INFO - 获取到 0 个红包信息
2026-03-18 00:46:39,837 - INFO - 当前没有可用的红包
2026-03-18 00:46:59,854 - INFO - 开始新一轮红包检查... (00:46:59)
2026-03-18 00:46:59,855 - INFO - 开始处理红包...
2026-03-18 00:47:00,096 - INFO - 获取到 0 个红包信息
2026-03-18 00:47:00,096 - INFO - 当前没有可用的红包
2026-03-18 00:47:20,116 - INFO - 开始新一轮红包检查... (00:47:20)
2026-03-18 00:47:20,116 - INFO - 开始处理红包...
2026-03-18 00:47:20,370 - INFO - 获取到 0 个红包信息
2026-03-18 00:47:20,371 - INFO - 当前没有可用的红包
2026-03-18 00:47:40,371 - INFO - 开始新一轮红包检查... (00:47:40)
2026-03-18 00:47:40,371 - INFO - 开始处理红包...
2026-03-18 00:47:40,630 - INFO - 获取到 0 个红包信息
2026-03-18 00:47:40,630 - INFO - 当前没有可用的红包
2026-03-18 00:48:00,650 - INFO - 开始新一轮红包检查... (00:48:00)
2026-03-18 00:48:00,651 - INFO - 开始处理红包...
2026-03-18 00:48:00,899 - INFO - 获取到 0 个红包信息
2026-03-18 00:48:00,899 - INFO - 当前没有可用的红包
2026-03-18 00:48:20,919 - INFO - 开始新一轮红包检查... (00:48:20)
2026-03-18 00:48:20,920 - INFO - 开始处理红包...
2026-03-18 00:48:21,208 - INFO - 获取到 0 个红包信息
2026-03-18 00:48:21,209 - INFO - 当前没有可用的红包
2026-03-18 00:48:41,229 - INFO - 开始新一轮红包检查... (00:48:41)
2026-03-18 00:48:41,229 - INFO - 开始处理红包...
2026-03-18 00:48:41,475 - INFO - 获取到 0 个红包信息
2026-03-18 00:48:41,475 - INFO - 当前没有可用的红包
2026-03-18 00:49:01,484 - INFO - 开始新一轮红包检查... (00:49:01)
2026-03-18 00:49:01,484 - INFO - 开始处理红包...
2026-03-18 00:49:01,727 - INFO - 获取到 0 个红包信息
2026-03-18 00:49:01,727 - INFO - 当前没有可用的红包
2026-03-18 00:49:21,737 - INFO - 开始新一轮红包检查... (00:49:21)
2026-03-18 00:49:21,738 - INFO - 开始处理红包...
2026-03-18 00:49:21,975 - INFO - 获取到 0 个红包信息
2026-03-18 00:49:21,975 - INFO - 当前没有可用的红包
2026-03-18 00:49:41,996 - INFO - 开始新一轮红包检查... (00:49:41)
2026-03-18 00:49:41,996 - INFO - 开始处理红包...
2026-03-18 00:49:42,249 - INFO - 获取到 0 个红包信息
2026-03-18 00:49:42,249 - INFO - 当前没有可用的红包
2026-03-18 00:50:02,269 - INFO - 开始新一轮红包检查... (00:50:02)
2026-03-18 00:50:02,269 - INFO - 开始处理红包...
2026-03-18 00:50:02,530 - INFO - 获取到 0 个红包信息
2026-03-18 00:50:02,530 - INFO - 当前没有可用的红包
2026-03-18 00:50:22,550 - INFO - 开始新一轮红包检查... (00:50:22)
2026-03-18 00:50:22,551 - INFO - 开始处理红包...
2026-03-18 00:50:22,821 - INFO - 获取到 0 个红包信息
2026-03-18 00:50:22,822 - INFO - 当前没有可用的红包
2026-03-18 00:50:42,842 - INFO - 开始新一轮红包检查... (00:50:42)
2026-03-18 00:50:42,842 - INFO - 开始处理红包...
2026-03-18 00:50:43,098 - INFO - 获取到 0 个红包信息
2026-03-18 00:50:43,098 - INFO - 当前没有可用的红包
2026-03-18 00:51:03,119 - INFO - 开始新一轮红包检查... (00:51:03)
2026-03-18 00:51:03,119 - INFO - 开始处理红包...
2026-03-18 00:51:03,357 - INFO - 获取到 0 个红包信息
2026-03-18 00:51:03,357 - INFO - 当前没有可用的红包
2026-03-18 00:51:23,377 - INFO - 开始新一轮红包检查... (00:51:23)
2026-03-18 00:51:23,378 - INFO - 开始处理红包...
2026-03-18 00:51:23,642 - INFO - 获取到 0 个红包信息
2026-03-18 00:51:23,642 - INFO - 当前没有可用的红包
2026-03-18 00:51:43,662 - INFO - 开始新一轮红包检查... (00:51:43)
2026-03-18 00:51:43,662 - INFO - 开始处理红包...
2026-03-18 00:51:43,957 - INFO - 获取到 0 个红包信息
2026-03-18 00:51:43,957 - INFO - 当前没有可用的红包
2026-03-18 00:52:03,977 - INFO - 开始新一轮红包检查... (00:52:03)
2026-03-18 00:52:03,978 - INFO - 开始处理红包...
2026-03-18 00:52:04,226 - INFO - 获取到 0 个红包信息
2026-03-18 00:52:04,226 - INFO - 当前没有可用的红包
2026-03-18 00:52:24,246 - INFO - 开始新一轮红包检查... (00:52:24)
2026-03-18 00:52:24,246 - INFO - 开始处理红包...
2026-03-18 00:52:24,490 - INFO - 获取到 0 个红包信息
2026-03-18 00:52:24,491 - INFO - 当前没有可用的红包
2026-03-18 00:52:44,511 - INFO - 开始新一轮红包检查... (00:52:44)
2026-03-18 00:52:44,511 - INFO - 开始处理红包...
2026-03-18 00:52:44,757 - INFO - 获取到 0 个红包信息
2026-03-18 00:52:44,758 - INFO - 当前没有可用的红包
2026-03-18 00:53:04,778 - INFO - 开始新一轮红包检查... (00:53:04)
2026-03-18 00:53:04,778 - INFO - 开始处理红包...
2026-03-18 00:53:05,022 - INFO - 获取到 0 个红包信息
2026-03-18 00:53:05,022 - INFO - 当前没有可用的红包
2026-03-18 00:53:25,043 - INFO - 开始新一轮红包检查... (00:53:25)
2026-03-18 00:53:25,043 - INFO - 开始处理红包...
2026-03-18 00:53:25,330 - INFO - 获取到 0 个红包信息
2026-03-18 00:53:25,330 - INFO - 当前没有可用的红包
2026-03-18 00:53:45,350 - INFO - 开始新一轮红包检查... (00:53:45)
2026-03-18 00:53:45,350 - INFO - 开始处理红包...
2026-03-18 00:53:45,636 - INFO - 获取到 0 个红包信息
2026-03-18 00:53:45,636 - INFO - 当前没有可用的红包
2026-03-18 00:54:05,641 - INFO - 开始新一轮红包检查... (00:54:05)
2026-03-18 00:54:05,641 - INFO - 开始处理红包...
2026-03-18 00:54:05,908 - INFO - 获取到 0 个红包信息
2026-03-18 00:54:05,908 - INFO - 当前没有可用的红包
2026-03-18 00:54:25,928 - INFO - 开始新一轮红包检查... (00:54:25)
2026-03-18 00:54:25,928 - INFO - 开始处理红包...
2026-03-18 00:54:26,185 - INFO - 获取到 0 个红包信息
2026-03-18 00:54:26,185 - INFO - 当前没有可用的红包
2026-03-18 00:54:46,202 - INFO - 开始新一轮红包检查... (00:54:46)
2026-03-18 00:54:46,202 - INFO - 开始处理红包...
2026-03-18 00:54:46,468 - INFO - 获取到 0 个红包信息
2026-03-18 00:54:46,468 - INFO - 当前没有可用的红包
2026-03-18 00:55:06,488 - INFO - 开始新一轮红包检查... (00:55:06)
2026-03-18 00:55:06,488 - INFO - 开始处理红包...
2026-03-18 00:55:06,810 - INFO - 获取到 0 个红包信息
2026-03-18 00:55:06,810 - INFO - 当前没有可用的红包
2026-03-18 00:55:26,830 - INFO - 开始新一轮红包检查... (00:55:26)
2026-03-18 00:55:26,830 - INFO - 开始处理红包...
2026-03-18 00:55:27,109 - INFO - 获取到 0 个红包信息
2026-03-18 00:55:27,110 - INFO - 当前没有可用的红包
2026-03-18 00:55:47,130 - INFO - 开始新一轮红包检查... (00:55:47)
2026-03-18 00:55:47,130 - INFO - 开始处理红包...
2026-03-18 00:55:47,422 - INFO - 获取到 0 个红包信息
2026-03-18 00:55:47,422 - INFO - 当前没有可用的红包
2026-03-18 00:56:07,442 - INFO - 开始新一轮红包检查... (00:56:07)
2026-03-18 00:56:07,442 - INFO - 开始处理红包...
2026-03-18 00:56:07,684 - INFO - 获取到 0 个红包信息
2026-03-18 00:56:07,684 - INFO - 当前没有可用的红包
2026-03-18 00:56:27,698 - INFO - 开始新一轮红包检查... (00:56:27)
2026-03-18 00:56:27,698 - INFO - 开始处理红包...
2026-03-18 00:56:27,943 - INFO - 获取到 0 个红包信息
2026-03-18 00:56:27,943 - INFO - 当前没有可用的红包
2026-03-18 00:56:47,963 - INFO - 开始新一轮红包检查... (00:56:47)
2026-03-18 00:56:47,963 - INFO - 开始处理红包...
2026-03-18 00:56:48,206 - INFO - 获取到 0 个红包信息
2026-03-18 00:56:48,206 - INFO - 当前没有可用的红包
2026-03-18 00:57:08,218 - INFO - 开始新一轮红包检查... (00:57:08)
2026-03-18 00:57:08,218 - INFO - 开始处理红包...
2026-03-18 00:57:08,463 - INFO - 获取到 0 个红包信息
2026-03-18 00:57:08,463 - INFO - 当前没有可用的红包
2026-03-18 00:57:28,483 - INFO - 开始新一轮红包检查... (00:57:28)
2026-03-18 00:57:28,483 - INFO - 开始处理红包...
2026-03-18 00:57:28,727 - INFO - 获取到 0 个红包信息
2026-03-18 00:57:28,727 - INFO - 当前没有可用的红包
2026-03-18 00:57:48,747 - INFO - 开始新一轮红包检查... (00:57:48)
2026-03-18 00:57:48,747 - INFO - 开始处理红包...
2026-03-18 00:57:49,028 - INFO - 获取到 0 个红包信息
2026-03-18 00:57:49,028 - INFO - 当前没有可用的红包
2026-03-18 00:58:09,048 - INFO - 开始新一轮红包检查... (00:58:09)
2026-03-18 00:58:09,048 - INFO - 开始处理红包...
2026-03-18 00:58:09,305 - INFO - 获取到 0 个红包信息
2026-03-18 00:58:09,305 - INFO - 当前没有可用的红包
2026-03-18 00:58:29,325 - INFO - 开始新一轮红包检查... (00:58:29)
2026-03-18 00:58:29,325 - INFO - 开始处理红包...
2026-03-18 00:58:29,565 - INFO - 获取到 0 个红包信息
2026-03-18 00:58:29,565 - INFO - 当前没有可用的红包
2026-03-18 00:58:49,585 - INFO - 开始新一轮红包检查... (00:58:49)
2026-03-18 00:58:49,586 - INFO - 开始处理红包...
2026-03-18 00:58:49,838 - INFO - 获取到 0 个红包信息
2026-03-18 00:58:49,838 - INFO - 当前没有可用的红包
2026-03-18 00:59:09,858 - INFO - 开始新一轮红包检查... (00:59:09)
2026-03-18 00:59:09,858 - INFO - 开始处理红包...
2026-03-18 00:59:10,114 - INFO - 获取到 0 个红包信息
2026-03-18 00:59:10,114 - INFO - 当前没有可用的红包
2026-03-18 00:59:30,134 - INFO - 开始新一轮红包检查... (00:59:30)
2026-03-18 00:59:30,134 - INFO - 开始处理红包...
2026-03-18 00:59:30,388 - INFO - 获取到 0 个红包信息
2026-03-18 00:59:30,388 - INFO - 当前没有可用的红包
2026-03-18 00:59:50,409 - INFO - 开始新一轮红包检查... (00:59:50)
2026-03-18 00:59:50,409 - INFO - 开始处理红包...
2026-03-18 00:59:50,659 - INFO - 获取到 0 个红包信息
2026-03-18 00:59:50,659 - INFO - 当前没有可用的红包
2026-03-18 01:00:10,679 - INFO - 开始新一轮红包检查... (01:00:10)
2026-03-18 01:00:10,679 - INFO - 开始处理红包...
2026-03-18 01:00:10,953 - INFO - 获取到 0 个红包信息
2026-03-18 01:00:10,953 - INFO - 当前没有可用的红包
2026-03-18 01:00:30,973 - INFO - 开始新一轮红包检查... (01:00:30)
2026-03-18 01:00:30,973 - INFO - 开始处理红包...
2026-03-18 01:00:31,258 - INFO - 获取到 0 个红包信息
2026-03-18 01:00:31,259 - INFO - 当前没有可用的红包
2026-03-18 01:00:51,279 - INFO - 开始新一轮红包检查... (01:00:51)
2026-03-18 01:00:51,279 - INFO - 开始处理红包...
2026-03-18 01:00:51,546 - INFO - 获取到 0 个红包信息
2026-03-18 01:00:51,546 - INFO - 当前没有可用的红包
2026-03-18 01:01:11,562 - INFO - 开始新一轮红包检查... (01:01:11)
2026-03-18 01:01:11,562 - INFO - 开始处理红包...
2026-03-18 01:01:11,838 - INFO - 获取到 0 个红包信息
2026-03-18 01:01:11,839 - INFO - 当前没有可用的红包
2026-03-18 01:01:31,854 - INFO - 开始新一轮红包检查... (01:01:31)
2026-03-18 01:01:31,855 - INFO - 开始处理红包...
2026-03-18 01:01:32,114 - INFO - 获取到 0 个红包信息
2026-03-18 01:01:32,114 - INFO - 当前没有可用的红包
2026-03-18 01:01:52,134 - INFO - 开始新一轮红包检查... (01:01:52)
2026-03-18 01:01:52,134 - INFO - 开始处理红包...
2026-03-18 01:01:52,382 - INFO - 获取到 0 个红包信息
2026-03-18 01:01:52,383 - INFO - 当前没有可用的红包
2026-03-18 01:02:12,403 - INFO - 开始新一轮红包检查... (01:02:12)
2026-03-18 01:02:12,403 - INFO - 开始处理红包...
2026-03-18 01:02:12,650 - INFO - 获取到 0 个红包信息
2026-03-18 01:02:12,651 - INFO - 当前没有可用的红包
2026-03-18 01:02:32,658 - INFO - 开始新一轮红包检查... (01:02:32)
2026-03-18 01:02:32,658 - INFO - 开始处理红包...
2026-03-18 01:02:32,898 - INFO - 获取到 0 个红包信息
2026-03-18 01:02:32,898 - INFO - 当前没有可用的红包
2026-03-18 01:02:52,919 - INFO - 开始新一轮红包检查... (01:02:52)
2026-03-18 01:02:52,919 - INFO - 开始处理红包...
2026-03-18 01:02:53,170 - INFO - 获取到 0 个红包信息
2026-03-18 01:02:53,170 - INFO - 当前没有可用的红包
2026-03-18 01:03:13,190 - INFO - 开始新一轮红包检查... (01:03:13)
2026-03-18 01:03:13,190 - INFO - 开始处理红包...
2026-03-18 01:03:13,443 - INFO - 获取到 0 个红包信息
2026-03-18 01:03:13,443 - INFO - 当前没有可用的红包
2026-03-18 01:03:33,464 - INFO - 开始新一轮红包检查... (01:03:33)
2026-03-18 01:03:33,464 - INFO - 开始处理红包...
2026-03-18 01:03:33,711 - INFO - 获取到 0 个红包信息
2026-03-18 01:03:33,711 - INFO - 当前没有可用的红包
2026-03-18 01:03:53,731 - INFO - 开始新一轮红包检查... (01:03:53)
2026-03-18 01:03:53,731 - INFO - 开始处理红包...
2026-03-18 01:03:54,001 - INFO - 获取到 0 个红包信息
2026-03-18 01:03:54,001 - INFO - 当前没有可用的红包
2026-03-18 01:04:14,021 - INFO - 开始新一轮红包检查... (01:04:14)
2026-03-18 01:04:14,022 - INFO - 开始处理红包...
2026-03-18 01:04:14,274 - INFO - 获取到 0 个红包信息
2026-03-18 01:04:14,275 - INFO - 当前没有可用的红包
2026-03-18 01:04:34,276 - INFO - 开始新一轮红包检查... (01:04:34)
2026-03-18 01:04:34,276 - INFO - 开始处理红包...
2026-03-18 01:04:34,555 - INFO - 获取到 0 个红包信息
2026-03-18 01:04:34,556 - INFO - 当前没有可用的红包
2026-03-18 01:04:54,576 - INFO - 开始新一轮红包检查... (01:04:54)
2026-03-18 01:04:54,576 - INFO - 开始处理红包...
2026-03-18 01:04:54,905 - INFO - 获取到 0 个红包信息
2026-03-18 01:04:54,905 - INFO - 当前没有可用的红包
2026-03-18 01:05:14,925 - INFO - 开始新一轮红包检查... (01:05:14)
2026-03-18 01:05:14,926 - INFO - 开始处理红包...
2026-03-18 01:05:15,181 - INFO - 获取到 0 个红包信息
2026-03-18 01:05:15,181 - INFO - 当前没有可用的红包
2026-03-18 01:05:35,201 - INFO - 开始新一轮红包检查... (01:05:35)
2026-03-18 01:05:35,202 - INFO - 开始处理红包...
2026-03-18 01:05:35,445 - INFO - 获取到 0 个红包信息
2026-03-18 01:05:35,445 - INFO - 当前没有可用的红包
2026-03-18 01:05:55,466 - INFO - 开始新一轮红包检查... (01:05:55)
2026-03-18 01:05:55,466 - INFO - 开始处理红包...
2026-03-18 01:05:55,770 - INFO - 获取到 0 个红包信息
2026-03-18 01:05:55,771 - INFO - 当前没有可用的红包
2026-03-18 01:06:15,791 - INFO - 开始新一轮红包检查... (01:06:15)
2026-03-18 01:06:15,791 - INFO - 开始处理红包...
2026-03-18 01:06:16,159 - INFO - 获取到 0 个红包信息
2026-03-18 01:06:16,159 - INFO - 当前没有可用的红包
2026-03-18 01:06:36,179 - INFO - 开始新一轮红包检查... (01:06:36)
2026-03-18 01:06:36,179 - INFO - 开始处理红包...
2026-03-18 01:06:36,438 - INFO - 获取到 0 个红包信息
2026-03-18 01:06:36,438 - INFO - 当前没有可用的红包
2026-03-18 01:06:56,458 - INFO - 开始新一轮红包检查... (01:06:56)
2026-03-18 01:06:56,458 - INFO - 开始处理红包...
2026-03-18 01:06:56,715 - INFO - 获取到 0 个红包信息
2026-03-18 01:06:56,715 - INFO - 当前没有可用的红包
2026-03-18 01:07:16,735 - INFO - 开始新一轮红包检查... (01:07:16)
2026-03-18 01:07:16,735 - INFO - 开始处理红包...
2026-03-18 01:07:16,993 - INFO - 获取到 0 个红包信息
2026-03-18 01:07:16,994 - INFO - 当前没有可用的红包
2026-03-18 01:07:37,014 - INFO - 开始新一轮红包检查... (01:07:37)
2026-03-18 01:07:37,014 - INFO - 开始处理红包...
2026-03-18 01:07:37,310 - INFO - 获取到 0 个红包信息
2026-03-18 01:07:37,310 - INFO - 当前没有可用的红包
2026-03-18 01:07:57,330 - INFO - 开始新一轮红包检查... (01:07:57)
2026-03-18 01:07:57,330 - INFO - 开始处理红包...
2026-03-18 01:07:57,582 - INFO - 获取到 0 个红包信息
2026-03-18 01:07:57,582 - INFO - 当前没有可用的红包
2026-03-18 01:08:17,602 - INFO - 开始新一轮红包检查... (01:08:17)
2026-03-18 01:08:17,603 - INFO - 开始处理红包...
2026-03-18 01:08:17,852 - INFO - 获取到 0 个红包信息
2026-03-18 01:08:17,853 - INFO - 当前没有可用的红包
2026-03-18 01:08:37,873 - INFO - 开始新一轮红包检查... (01:08:37)
2026-03-18 01:08:37,873 - INFO - 开始处理红包...
2026-03-18 01:08:38,115 - INFO - 获取到 0 个红包信息
2026-03-18 01:08:38,115 - INFO - 当前没有可用的红包
2026-03-18 01:08:58,122 - INFO - 开始新一轮红包检查... (01:08:58)
2026-03-18 01:08:58,122 - INFO - 开始处理红包...
2026-03-18 01:08:58,357 - INFO - 获取到 0 个红包信息
2026-03-18 01:08:58,357 - INFO - 当前没有可用的红包
2026-03-18 01:09:18,378 - INFO - 开始新一轮红包检查... (01:09:18)
2026-03-18 01:09:18,378 - INFO - 开始处理红包...
2026-03-18 01:09:18,619 - INFO - 获取到 0 个红包信息
2026-03-18 01:09:18,619 - INFO - 当前没有可用的红包
2026-03-18 01:09:38,639 - INFO - 开始新一轮红包检查... (01:09:38)
2026-03-18 01:09:38,639 - INFO - 开始处理红包...
2026-03-18 01:09:38,890 - INFO - 获取到 0 个红包信息
2026-03-18 01:09:38,890 - INFO - 当前没有可用的红包
2026-03-18 01:09:58,910 - INFO - 开始新一轮红包检查... (01:09:58)
2026-03-18 01:09:58,910 - INFO - 开始处理红包...
2026-03-18 01:09:59,163 - INFO - 获取到 0 个红包信息
2026-03-18 01:09:59,163 - INFO - 当前没有可用的红包
2026-03-18 01:10:19,184 - INFO - 开始新一轮红包检查... (01:10:19)
2026-03-18 01:10:19,184 - INFO - 开始处理红包...
2026-03-18 01:10:19,440 - INFO - 获取到 0 个红包信息
2026-03-18 01:10:19,440 - INFO - 当前没有可用的红包
2026-03-18 01:10:39,460 - INFO - 开始新一轮红包检查... (01:10:39)
2026-03-18 01:10:39,461 - INFO - 开始处理红包...
2026-03-18 01:10:39,701 - INFO - 获取到 0 个红包信息
2026-03-18 01:10:39,701 - INFO - 当前没有可用的红包
2026-03-18 01:10:59,721 - INFO - 开始新一轮红包检查... (01:10:59)
2026-03-18 01:10:59,722 - INFO - 开始处理红包...
2026-03-18 01:10:59,979 - INFO - 获取到 0 个红包信息
2026-03-18 01:10:59,979 - INFO - 当前没有可用的红包
2026-03-18 01:11:19,999 - INFO - 开始新一轮红包检查... (01:11:19)
2026-03-18 01:11:19,999 - INFO - 开始处理红包...
2026-03-18 01:11:20,268 - INFO - 获取到 0 个红包信息
2026-03-18 01:11:20,268 - INFO - 当前没有可用的红包
2026-03-18 01:11:40,289 - INFO - 开始新一轮红包检查... (01:11:40)
2026-03-18 01:11:40,289 - INFO - 开始处理红包...
2026-03-18 01:11:40,584 - INFO - 获取到 0 个红包信息
2026-03-18 01:11:40,584 - INFO - 当前没有可用的红包
2026-03-18 01:12:00,585 - INFO - 开始新一轮红包检查... (01:12:00)
2026-03-18 01:12:00,586 - INFO - 开始处理红包...
2026-03-18 01:12:00,836 - INFO - 获取到 0 个红包信息
2026-03-18 01:12:00,836 - INFO - 当前没有可用的红包
2026-03-18 01:12:20,856 - INFO - 开始新一轮红包检查... (01:12:20)
2026-03-18 01:12:20,856 - INFO - 开始处理红包...
2026-03-18 01:12:21,110 - INFO - 获取到 0 个红包信息
2026-03-18 01:12:21,111 - INFO - 当前没有可用的红包
2026-03-18 01:12:41,131 - INFO - 开始新一轮红包检查... (01:12:41)
2026-03-18 01:12:41,131 - INFO - 开始处理红包...
2026-03-18 01:12:41,373 - INFO - 获取到 0 个红包信息
2026-03-18 01:12:41,373 - INFO - 当前没有可用的红包
2026-03-18 01:13:01,394 - INFO - 开始新一轮红包检查... (01:13:01)
2026-03-18 01:13:01,394 - INFO - 开始处理红包...
2026-03-18 01:13:01,631 - INFO - 获取到 0 个红包信息
2026-03-18 01:13:01,631 - INFO - 当前没有可用的红包
2026-03-18 01:13:21,651 - INFO - 开始新一轮红包检查... (01:13:21)
2026-03-18 01:13:21,651 - INFO - 开始处理红包...
2026-03-18 01:13:21,894 - INFO - 获取到 0 个红包信息
2026-03-18 01:13:21,894 - INFO - 当前没有可用的红包
2026-03-18 01:13:41,914 - INFO - 开始新一轮红包检查... (01:13:41)
2026-03-18 01:13:41,914 - INFO - 开始处理红包...
2026-03-18 01:13:42,165 - INFO - 获取到 0 个红包信息
2026-03-18 01:13:42,165 - INFO - 当前没有可用的红包
2026-03-18 01:14:02,185 - INFO - 开始新一轮红包检查... (01:14:02)
2026-03-18 01:14:02,185 - INFO - 开始处理红包...
2026-03-18 01:14:02,434 - INFO - 获取到 0 个红包信息
2026-03-18 01:14:02,435 - INFO - 当前没有可用的红包
2026-03-18 01:14:22,455 - INFO - 开始新一轮红包检查... (01:14:22)
2026-03-18 01:14:22,455 - INFO - 开始处理红包...
2026-03-18 01:14:22,713 - INFO - 获取到 0 个红包信息
2026-03-18 01:14:22,713 - INFO - 当前没有可用的红包
2026-03-18 01:14:42,733 - INFO - 开始新一轮红包检查... (01:14:42)
2026-03-18 01:14:42,733 - INFO - 开始处理红包...
2026-03-18 01:14:42,988 - INFO - 获取到 0 个红包信息
2026-03-18 01:14:42,988 - INFO - 当前没有可用的红包
2026-03-18 01:15:03,008 - INFO - 开始新一轮红包检查... (01:15:03)
2026-03-18 01:15:03,008 - INFO - 开始处理红包...
2026-03-18 01:15:03,248 - INFO - 获取到 0 个红包信息
2026-03-18 01:15:03,249 - INFO - 当前没有可用的红包
2026-03-18 01:15:23,269 - INFO - 开始新一轮红包检查... (01:15:23)
2026-03-18 01:15:23,269 - INFO - 开始处理红包...
2026-03-18 01:15:23,543 - INFO - 获取到 0 个红包信息
2026-03-18 01:15:23,543 - INFO - 当前没有可用的红包
2026-03-18 01:15:43,561 - INFO - 开始新一轮红包检查... (01:15:43)
2026-03-18 01:15:43,562 - INFO - 开始处理红包...
2026-03-18 01:15:43,799 - INFO - 获取到 0 个红包信息
2026-03-18 01:15:43,799 - INFO - 当前没有可用的红包
2026-03-18 01:16:03,819 - INFO - 开始新一轮红包检查... (01:16:03)
2026-03-18 01:16:03,819 - INFO - 开始处理红包...
2026-03-18 01:16:04,165 - INFO - 获取到 0 个红包信息
2026-03-18 01:16:04,165 - INFO - 当前没有可用的红包
2026-03-18 01:16:24,185 - INFO - 开始新一轮红包检查... (01:16:24)
2026-03-18 01:16:24,186 - INFO - 开始处理红包...
2026-03-18 01:16:24,428 - INFO - 获取到 0 个红包信息
2026-03-18 01:16:24,429 - INFO - 当前没有可用的红包
2026-03-18 01:16:44,449 - INFO - 开始新一轮红包检查... (01:16:44)
2026-03-18 01:16:44,449 - INFO - 开始处理红包...
2026-03-18 01:16:44,707 - INFO - 获取到 0 个红包信息
2026-03-18 01:16:44,707 - INFO - 当前没有可用的红包
2026-03-18 01:17:04,727 - INFO - 开始新一轮红包检查... (01:17:04)
2026-03-18 01:17:04,728 - INFO - 开始处理红包...
2026-03-18 01:17:04,990 - INFO - 获取到 0 个红包信息
2026-03-18 01:17:04,991 - INFO - 当前没有可用的红包
2026-03-18 01:17:25,011 - INFO - 开始新一轮红包检查... (01:17:25)
2026-03-18 01:17:25,011 - INFO - 开始处理红包...
2026-03-18 01:17:25,253 - INFO - 获取到 0 个红包信息
2026-03-18 01:17:25,253 - INFO - 当前没有可用的红包
2026-03-18 01:17:45,273 - INFO - 开始新一轮红包检查... (01:17:45)
2026-03-18 01:17:45,273 - INFO - 开始处理红包...
2026-03-18 01:17:45,522 - INFO - 获取到 0 个红包信息
2026-03-18 01:17:45,522 - INFO - 当前没有可用的红包
2026-03-18 01:18:05,542 - INFO - 开始新一轮红包检查... (01:18:05)
2026-03-18 01:18:05,542 - INFO - 开始处理红包...
2026-03-18 01:18:05,781 - INFO - 获取到 0 个红包信息
2026-03-18 01:18:05,781 - INFO - 当前没有可用的红包
2026-03-18 01:18:25,802 - INFO - 开始新一轮红包检查... (01:18:25)
2026-03-18 01:18:25,802 - INFO - 开始处理红包...
2026-03-18 01:18:26,042 - INFO - 获取到 0 个红包信息
2026-03-18 01:18:26,043 - INFO - 当前没有可用的红包
2026-03-18 01:18:46,063 - INFO - 开始新一轮红包检查... (01:18:46)
2026-03-18 01:18:46,063 - INFO - 开始处理红包...
2026-03-18 01:18:46,478 - INFO - 获取到 0 个红包信息
2026-03-18 01:18:46,478 - INFO - 当前没有可用的红包
2026-03-18 01:19:06,493 - INFO - 开始新一轮红包检查... (01:19:06)
2026-03-18 01:19:06,493 - INFO - 开始处理红包...
2026-03-18 01:19:06,753 - INFO - 获取到 0 个红包信息
2026-03-18 01:19:06,753 - INFO - 当前没有可用的红包
2026-03-18 01:19:26,761 - INFO - 开始新一轮红包检查... (01:19:26)
2026-03-18 01:19:26,761 - INFO - 开始处理红包...
2026-03-18 01:19:27,013 - INFO - 获取到 0 个红包信息
2026-03-18 01:19:27,013 - INFO - 当前没有可用的红包
2026-03-18 01:19:47,034 - INFO - 开始新一轮红包检查... (01:19:47)
2026-03-18 01:19:47,034 - INFO - 开始处理红包...
2026-03-18 01:19:47,284 - INFO - 获取到 0 个红包信息
2026-03-18 01:19:47,284 - INFO - 当前没有可用的红包
2026-03-18 01:20:07,304 - INFO - 开始新一轮红包检查... (01:20:07)
2026-03-18 01:20:07,304 - INFO - 开始处理红包...
2026-03-18 01:20:08,311 - INFO - 获取到 0 个红包信息
2026-03-18 01:20:08,312 - INFO - 当前没有可用的红包
2026-03-18 01:20:28,329 - INFO - 开始新一轮红包检查... (01:20:28)
2026-03-18 01:20:28,329 - INFO - 开始处理红包...
2026-03-18 01:20:28,587 - INFO - 获取到 0 个红包信息
2026-03-18 01:20:28,587 - INFO - 当前没有可用的红包
2026-03-18 01:20:48,607 - INFO - 开始新一轮红包检查... (01:20:48)
2026-03-18 01:20:48,607 - INFO - 开始处理红包...
2026-03-18 01:20:48,923 - INFO - 获取到 0 个红包信息
2026-03-18 01:20:48,923 - INFO - 当前没有可用的红包
2026-03-18 01:21:08,940 - INFO - 开始新一轮红包检查... (01:21:08)
2026-03-18 01:21:08,940 - INFO - 开始处理红包...
2026-03-18 01:21:09,199 - INFO - 获取到 0 个红包信息
2026-03-18 01:21:09,199 - INFO - 当前没有可用的红包
2026-03-18 01:21:29,219 - INFO - 开始新一轮红包检查... (01:21:29)
2026-03-18 01:21:29,220 - INFO - 开始处理红包...
2026-03-18 01:21:29,456 - INFO - 获取到 0 个红包信息
2026-03-18 01:21:29,456 - INFO - 当前没有可用的红包
2026-03-18 01:21:49,476 - INFO - 开始新一轮红包检查... (01:21:49)
2026-03-18 01:21:49,476 - INFO - 开始处理红包...
2026-03-18 01:21:49,718 - INFO - 获取到 0 个红包信息
2026-03-18 01:21:49,718 - INFO - 当前没有可用的红包
2026-03-18 01:22:09,739 - INFO - 开始新一轮红包检查... (01:22:09)
2026-03-18 01:22:09,739 - INFO - 开始处理红包...
2026-03-18 01:22:09,987 - INFO - 获取到 0 个红包信息
2026-03-18 01:22:09,987 - INFO - 当前没有可用的红包
2026-03-18 01:22:30,007 - INFO - 开始新一轮红包检查... (01:22:30)
2026-03-18 01:22:30,007 - INFO - 开始处理红包...
2026-03-18 01:22:30,262 - INFO - 获取到 0 个红包信息
2026-03-18 01:22:30,263 - INFO - 当前没有可用的红包
2026-03-18 01:22:50,283 - INFO - 开始新一轮红包检查... (01:22:50)
2026-03-18 01:22:50,283 - INFO - 开始处理红包...
2026-03-18 01:22:50,529 - INFO - 获取到 0 个红包信息
2026-03-18 01:22:50,529 - INFO - 当前没有可用的红包
2026-03-18 01:23:10,537 - INFO - 开始新一轮红包检查... (01:23:10)
2026-03-18 01:23:10,537 - INFO - 开始处理红包...
2026-03-18 01:23:10,791 - INFO - 获取到 0 个红包信息
2026-03-18 01:23:10,791 - INFO - 当前没有可用的红包
2026-03-18 01:23:30,811 - INFO - 开始新一轮红包检查... (01:23:30)
2026-03-18 01:23:30,811 - INFO - 开始处理红包...
2026-03-18 01:23:31,115 - INFO - 获取到 0 个红包信息
2026-03-18 01:23:31,116 - INFO - 当前没有可用的红包
2026-03-18 01:23:51,136 - INFO - 开始新一轮红包检查... (01:23:51)
2026-03-18 01:23:51,136 - INFO - 开始处理红包...
2026-03-18 01:23:51,372 - INFO - 获取到 0 个红包信息
2026-03-18 01:23:51,372 - INFO - 当前没有可用的红包
2026-03-18 01:24:11,393 - INFO - 开始新一轮红包检查... (01:24:11)
2026-03-18 01:24:11,393 - INFO - 开始处理红包...
2026-03-18 01:24:11,632 - INFO - 获取到 0 个红包信息
2026-03-18 01:24:11,632 - INFO - 当前没有可用的红包
2026-03-18 01:24:31,653 - INFO - 开始新一轮红包检查... (01:24:31)
2026-03-18 01:24:31,653 - INFO - 开始处理红包...
2026-03-18 01:24:31,900 - INFO - 获取到 0 个红包信息
2026-03-18 01:24:31,900 - INFO - 当前没有可用的红包
2026-03-18 01:24:51,920 - INFO - 开始新一轮红包检查... (01:24:51)
2026-03-18 01:24:51,920 - INFO - 开始处理红包...
2026-03-18 01:24:52,170 - INFO - 获取到 0 个红包信息
2026-03-18 01:24:52,170 - INFO - 当前没有可用的红包
2026-03-18 01:25:12,190 - INFO - 开始新一轮红包检查... (01:25:12)
2026-03-18 01:25:12,190 - INFO - 开始处理红包...
2026-03-18 01:25:12,523 - INFO - 获取到 0 个红包信息
2026-03-18 01:25:12,523 - INFO - 当前没有可用的红包
2026-03-18 01:25:32,543 - INFO - 开始新一轮红包检查... (01:25:32)
2026-03-18 01:25:32,544 - INFO - 开始处理红包...
2026-03-18 01:25:32,795 - INFO - 获取到 0 个红包信息
2026-03-18 01:25:32,795 - INFO - 当前没有可用的红包
2026-03-18 01:25:52,809 - INFO - 开始新一轮红包检查... (01:25:52)
2026-03-18 01:25:52,810 - INFO - 开始处理红包...
2026-03-18 01:25:53,067 - INFO - 获取到 0 个红包信息
2026-03-18 01:25:53,067 - INFO - 当前没有可用的红包
2026-03-18 01:26:13,087 - INFO - 开始新一轮红包检查... (01:26:13)
2026-03-18 01:26:13,087 - INFO - 开始处理红包...
2026-03-18 01:26:13,335 - INFO - 获取到 0 个红包信息
2026-03-18 01:26:13,335 - INFO - 当前没有可用的红包
2026-03-18 01:26:33,355 - INFO - 开始新一轮红包检查... (01:26:33)
2026-03-18 01:26:33,355 - INFO - 开始处理红包...
2026-03-18 01:26:33,606 - INFO - 获取到 0 个红包信息
2026-03-18 01:26:33,606 - INFO - 当前没有可用的红包
2026-03-18 01:26:53,626 - INFO - 开始新一轮红包检查... (01:26:53)
2026-03-18 01:26:53,626 - INFO - 开始处理红包...
2026-03-18 01:26:53,865 - INFO - 获取到 0 个红包信息
2026-03-18 01:26:53,865 - INFO - 当前没有可用的红包
2026-03-18 01:27:13,886 - INFO - 开始新一轮红包检查... (01:27:13)
2026-03-18 01:27:13,886 - INFO - 开始处理红包...
2026-03-18 01:27:14,135 - INFO - 获取到 0 个红包信息
2026-03-18 01:27:14,135 - INFO - 当前没有可用的红包
2026-03-18 01:27:34,155 - INFO - 开始新一轮红包检查... (01:27:34)
2026-03-18 01:27:34,155 - INFO - 开始处理红包...
2026-03-18 01:27:34,412 - INFO - 获取到 0 个红包信息
2026-03-18 01:27:34,412 - INFO - 当前没有可用的红包
2026-03-18 01:27:54,432 - INFO - 开始新一轮红包检查... (01:27:54)
2026-03-18 01:27:54,432 - INFO - 开始处理红包...
2026-03-18 01:27:54,688 - INFO - 获取到 0 个红包信息
2026-03-18 01:27:54,688 - INFO - 当前没有可用的红包
2026-03-18 01:28:14,708 - INFO - 开始新一轮红包检查... (01:28:14)
2026-03-18 01:28:14,708 - INFO - 开始处理红包...
2026-03-18 01:28:14,946 - INFO - 获取到 0 个红包信息
2026-03-18 01:28:14,946 - INFO - 当前没有可用的红包
2026-03-18 01:28:34,953 - INFO - 开始新一轮红包检查... (01:28:34)
2026-03-18 01:28:34,954 - INFO - 开始处理红包...
2026-03-18 01:28:35,210 - INFO - 获取到 0 个红包信息
2026-03-18 01:28:35,210 - INFO - 当前没有可用的红包
2026-03-18 01:28:55,217 - INFO - 开始新一轮红包检查... (01:28:55)
2026-03-18 01:28:55,218 - INFO - 开始处理红包...
2026-03-18 01:28:55,482 - INFO - 获取到 0 个红包信息
2026-03-18 01:28:55,482 - INFO - 当前没有可用的红包
2026-03-18 01:29:15,503 - INFO - 开始新一轮红包检查... (01:29:15)
2026-03-18 01:29:15,503 - INFO - 开始处理红包...
2026-03-18 01:29:15,754 - INFO - 获取到 0 个红包信息
2026-03-18 01:29:15,754 - INFO - 当前没有可用的红包
2026-03-18 01:29:35,775 - INFO - 开始新一轮红包检查... (01:29:35)
2026-03-18 01:29:35,775 - INFO - 开始处理红包...
2026-03-18 01:29:36,012 - INFO - 获取到 0 个红包信息
2026-03-18 01:29:36,012 - INFO - 当前没有可用的红包
2026-03-18 01:29:56,032 - INFO - 开始新一轮红包检查... (01:29:56)
2026-03-18 01:29:56,032 - INFO - 开始处理红包...
2026-03-18 01:29:56,277 - INFO - 获取到 0 个红包信息
2026-03-18 01:29:56,277 - INFO - 当前没有可用的红包
2026-03-18 01:30:16,297 - INFO - 开始新一轮红包检查... (01:30:16)
2026-03-18 01:30:16,298 - INFO - 开始处理红包...
2026-03-18 01:30:16,542 - INFO - 获取到 0 个红包信息
2026-03-18 01:30:16,542 - INFO - 当前没有可用的红包
2026-03-18 01:30:36,562 - INFO - 开始新一轮红包检查... (01:30:36)
2026-03-18 01:30:36,562 - INFO - 开始处理红包...
2026-03-18 01:30:36,808 - INFO - 获取到 0 个红包信息
2026-03-18 01:30:36,808 - INFO - 当前没有可用的红包
2026-03-18 01:30:56,828 - INFO - 开始新一轮红包检查... (01:30:56)
2026-03-18 01:30:56,829 - INFO - 开始处理红包...
2026-03-18 01:30:57,078 - INFO - 获取到 0 个红包信息
2026-03-18 01:30:57,078 - INFO - 当前没有可用的红包
2026-03-18 01:31:17,082 - INFO - 开始新一轮红包检查... (01:31:17)
2026-03-18 01:31:17,082 - INFO - 开始处理红包...
2026-03-18 01:31:17,340 - INFO - 获取到 0 个红包信息
2026-03-18 01:31:17,341 - INFO - 当前没有可用的红包
2026-03-18 01:31:37,361 - INFO - 开始新一轮红包检查... (01:31:37)
2026-03-18 01:31:37,361 - INFO - 开始处理红包...
2026-03-18 01:31:37,612 - INFO - 获取到 0 个红包信息
2026-03-18 01:31:37,612 - INFO - 当前没有可用的红包
2026-03-18 01:31:57,633 - INFO - 开始新一轮红包检查... (01:31:57)
2026-03-18 01:31:57,633 - INFO - 开始处理红包...
2026-03-18 01:31:57,893 - INFO - 获取到 0 个红包信息
2026-03-18 01:31:57,893 - INFO - 当前没有可用的红包
2026-03-18 01:32:17,913 - INFO - 开始新一轮红包检查... (01:32:17)
2026-03-18 01:32:17,913 - INFO - 开始处理红包...
2026-03-18 01:32:18,166 - INFO - 获取到 0 个红包信息
2026-03-18 01:32:18,166 - INFO - 当前没有可用的红包
2026-03-18 01:32:38,186 - INFO - 开始新一轮红包检查... (01:32:38)
2026-03-18 01:32:38,186 - INFO - 开始处理红包...
2026-03-18 01:32:38,462 - INFO - 获取到 0 个红包信息
2026-03-18 01:32:38,462 - INFO - 当前没有可用的红包
2026-03-18 01:32:58,475 - INFO - 开始新一轮红包检查... (01:32:58)
2026-03-18 01:32:58,475 - INFO - 开始处理红包...
2026-03-18 01:32:58,723 - INFO - 获取到 0 个红包信息
2026-03-18 01:32:58,723 - INFO - 当前没有可用的红包
