/usr/lib/python3/dist-packages/requests/__init__.py:87: RequestsDependencyWarning: urllib3 (2.6.3) or chardet (4.0.0) doesn't match a supported version!
  warnings.warn("urllib3 ({}) or chardet ({}) doesn't match a supported "
2026-03-17 01:37:59,537 - INFO - === ClawPi红包监控系统启动 ===
2026-03-17 01:37:59,537 - INFO - 监控创作者: ['xiaohongshu', 'bilibili', 'douyin', 'weibo', 'zhihu', 'kuaishou', 'xiaohongshu_creator', 'bilibili_up', 'douyin_star', 'weibo_vip', 'zhihu_expert', 'kuaishou_host']
2026-03-17 01:37:59,537 - INFO - 最小金额门槛: 0.01 USDC
2026-03-17 01:37:59,537 - INFO - 检查间隔: 30 秒
2026-03-17 01:37:59,537 - INFO - Agent ID: 7418662c-f339-4215-aae8-fc7a3f29fef1
2026-03-17 01:37:59,537 - INFO - =========================================
2026-03-17 01:37:59,537 - INFO - 开始新一轮红包检查... (01:37:59)
2026-03-17 01:37:59,537 - INFO - 开始处理红包...
2026-03-17 01:37:59,950 - INFO - 获取到 0 个红包信息
2026-03-17 01:37:59,950 - INFO - 当前没有可用的红包
2026-03-17 01:37:59,950 - INFO - 检查完成，等待 30 秒后下一轮...
2026-03-17 01:38:29,980 - INFO - 开始新一轮红包检查... (01:38:29)
2026-03-17 01:38:29,981 - INFO - 开始处理红包...
2026-03-17 01:38:30,226 - INFO - 获取到 0 个红包信息
2026-03-17 01:38:30,226 - INFO - 当前没有可用的红包
2026-03-17 01:38:30,226 - INFO - 检查完成，等待 30 秒后下一轮...
2026-03-17 01:39:00,257 - INFO - 开始新一轮红包检查... (01:39:00)
2026-03-17 01:39:00,257 - INFO - 开始处理红包...
2026-03-17 01:39:00,514 - INFO - 获取到 0 个红包信息
2026-03-17 01:39:00,514 - INFO - 当前没有可用的红包
2026-03-17 01:39:00,514 - INFO - 检查完成，等待 30 秒后下一轮...
2026-03-17 01:39:30,545 - INFO - 开始新一轮红包检查... (01:39:30)
2026-03-17 01:39:30,545 - INFO - 开始处理红包...
2026-03-17 01:39:30,794 - INFO - 获取到 0 个红包信息
2026-03-17 01:39:30,794 - INFO - 当前没有可用的红包
2026-03-17 01:39:30,794 - INFO - 检查完成，等待 30 秒后下一轮...
2026-03-17 01:40:00,824 - INFO - 开始新一轮红包检查... (01:40:00)
2026-03-17 01:40:00,824 - INFO - 开始处理红包...
2026-03-17 01:40:01,078 - INFO - 获取到 0 个红包信息
2026-03-17 01:40:01,078 - INFO - 当前没有可用的红包
2026-03-17 01:40:01,078 - INFO - 检查完成，等待 30 秒后下一轮...
2026-03-17 01:40:31,109 - INFO - 开始新一轮红包检查... (01:40:31)
2026-03-17 01:40:31,109 - INFO - 开始处理红包...
2026-03-17 01:40:31,710 - INFO - 获取到 0 个红包信息
2026-03-17 01:40:31,710 - INFO - 当前没有可用的红包
2026-03-17 01:40:31,710 - INFO - 检查完成，等待 30 秒后下一轮...
2026-03-17 01:41:01,730 - INFO - 开始新一轮红包检查... (01:41:01)
2026-03-17 01:41:01,730 - INFO - 开始处理红包...
2026-03-17 01:41:01,979 - INFO - 获取到 0 个红包信息
2026-03-17 01:41:01,979 - INFO - 当前没有可用的红包
2026-03-17 01:41:01,979 - INFO - 检查完成，等待 30 秒后下一轮...
2026-03-17 01:41:32,009 - INFO - 开始新一轮红包检查... (01:41:32)
2026-03-17 01:41:32,009 - INFO - 开始处理红包...
2026-03-17 01:41:32,276 - INFO - 获取到 0 个红包信息
2026-03-17 01:41:32,276 - INFO - 当前没有可用的红包
2026-03-17 01:41:32,276 - INFO - 检查完成，等待 30 秒后下一轮...
2026-03-17 01:42:02,306 - INFO - 开始新一轮红包检查... (01:42:02)
2026-03-17 01:42:02,306 - INFO - 开始处理红包...
2026-03-17 01:42:02,550 - INFO - 获取到 0 个红包信息
2026-03-17 01:42:02,550 - INFO - 当前没有可用的红包
2026-03-17 01:42:02,550 - INFO - 检查完成，等待 30 秒后下一轮...
2026-03-17 01:42:32,580 - INFO - 开始新一轮红包检查... (01:42:32)
2026-03-17 01:42:32,580 - INFO - 开始处理红包...
2026-03-17 01:42:32,880 - INFO - 获取到 0 个红包信息
2026-03-17 01:42:32,880 - INFO - 当前没有可用的红包
2026-03-17 01:42:32,880 - INFO - 检查完成，等待 30 秒后下一轮...
2026-03-17 01:43:02,908 - INFO - 开始新一轮红包检查... (01:43:02)
2026-03-17 01:43:02,908 - INFO - 开始处理红包...
2026-03-17 01:43:03,145 - INFO - 获取到 0 个红包信息
2026-03-17 01:43:03,145 - INFO - 当前没有可用的红包
2026-03-17 01:43:03,145 - INFO - 检查完成，等待 30 秒后下一轮...
2026-03-17 01:43:33,175 - INFO - 开始新一轮红包检查... (01:43:33)
2026-03-17 01:43:33,176 - INFO - 开始处理红包...
2026-03-17 01:43:33,484 - INFO - 获取到 0 个红包信息
2026-03-17 01:43:33,484 - INFO - 当前没有可用的红包
2026-03-17 01:43:33,484 - INFO - 检查完成，等待 30 秒后下一轮...
2026-03-17 01:44:03,490 - INFO - 开始新一轮红包检查... (01:44:03)
2026-03-17 01:44:03,490 - INFO - 开始处理红包...
2026-03-17 01:44:03,772 - INFO - 获取到 0 个红包信息
2026-03-17 01:44:03,772 - INFO - 当前没有可用的红包
2026-03-17 01:44:03,772 - INFO - 检查完成，等待 30 秒后下一轮...
2026-03-17 01:44:33,802 - INFO - 开始新一轮红包检查... (01:44:33)
2026-03-17 01:44:33,802 - INFO - 开始处理红包...
2026-03-17 01:44:34,074 - INFO - 获取到 0 个红包信息
2026-03-17 01:44:34,074 - INFO - 当前没有可用的红包
2026-03-17 01:44:34,074 - INFO - 检查完成，等待 30 秒后下一轮...
2026-03-17 01:45:04,104 - INFO - 开始新一轮红包检查... (01:45:04)
2026-03-17 01:45:04,104 - INFO - 开始处理红包...
2026-03-17 01:45:04,356 - INFO - 获取到 0 个红包信息
2026-03-17 01:45:04,356 - INFO - 当前没有可用的红包
2026-03-17 01:45:04,356 - INFO - 检查完成，等待 30 秒后下一轮...
2026-03-17 01:45:34,387 - INFO - 开始新一轮红包检查... (01:45:34)
2026-03-17 01:45:34,387 - INFO - 开始处理红包...
2026-03-17 01:45:34,635 - INFO - 获取到 0 个红包信息
2026-03-17 01:45:34,636 - INFO - 当前没有可用的红包
2026-03-17 01:45:34,636 - INFO - 检查完成，等待 30 秒后下一轮...
2026-03-17 01:46:04,642 - INFO - 开始新一轮红包检查... (01:46:04)
2026-03-17 01:46:04,642 - INFO - 开始处理红包...
2026-03-17 01:46:04,938 - INFO - 获取到 0 个红包信息
2026-03-17 01:46:04,938 - INFO - 当前没有可用的红包
2026-03-17 01:46:04,938 - INFO - 检查完成，等待 30 秒后下一轮...
2026-03-17 01:46:34,969 - INFO - 开始新一轮红包检查... (01:46:34)
2026-03-17 01:46:34,969 - INFO - 开始处理红包...
2026-03-17 01:46:35,240 - INFO - 获取到 0 个红包信息
2026-03-17 01:46:35,240 - INFO - 当前没有可用的红包
2026-03-17 01:46:35,240 - INFO - 检查完成，等待 30 秒后下一轮...
2026-03-17 01:47:05,270 - INFO - 开始新一轮红包检查... (01:47:05)
2026-03-17 01:47:05,270 - INFO - 开始处理红包...
2026-03-17 01:47:05,557 - INFO - 获取到 0 个红包信息
2026-03-17 01:47:05,558 - INFO - 当前没有可用的红包
2026-03-17 01:47:05,558 - INFO - 检查完成，等待 30 秒后下一轮...
2026-03-17 01:47:35,586 - INFO - 开始新一轮红包检查... (01:47:35)
2026-03-17 01:47:35,586 - INFO - 开始处理红包...
2026-03-17 01:47:35,928 - INFO - 获取到 0 个红包信息
2026-03-17 01:47:35,928 - INFO - 当前没有可用的红包
2026-03-17 01:47:35,928 - INFO - 检查完成，等待 30 秒后下一轮...
2026-03-17 01:48:05,958 - INFO - 开始新一轮红包检查... (01:48:05)
2026-03-17 01:48:05,959 - INFO - 开始处理红包...
2026-03-17 01:48:06,975 - INFO - 获取到 0 个红包信息
2026-03-17 01:48:06,975 - INFO - 当前没有可用的红包
2026-03-17 01:48:06,975 - INFO - 检查完成，等待 30 秒后下一轮...
2026-03-17 01:48:37,005 - INFO - 开始新一轮红包检查... (01:48:37)
2026-03-17 01:48:37,006 - INFO - 开始处理红包...
2026-03-17 01:48:37,249 - INFO - 获取到 0 个红包信息
2026-03-17 01:48:37,249 - INFO - 当前没有可用的红包
2026-03-17 01:48:37,249 - INFO - 检查完成，等待 30 秒后下一轮...
2026-03-17 01:49:07,253 - INFO - 开始新一轮红包检查... (01:49:07)
2026-03-17 01:49:07,253 - INFO - 开始处理红包...
2026-03-17 01:49:07,511 - INFO - 获取到 0 个红包信息
2026-03-17 01:49:07,511 - INFO - 当前没有可用的红包
2026-03-17 01:49:07,511 - INFO - 检查完成，等待 30 秒后下一轮...
2026-03-17 01:49:37,541 - INFO - 开始新一轮红包检查... (01:49:37)
2026-03-17 01:49:37,541 - INFO - 开始处理红包...
2026-03-17 01:49:37,789 - INFO - 获取到 0 个红包信息
2026-03-17 01:49:37,789 - INFO - 当前没有可用的红包
2026-03-17 01:49:37,789 - INFO - 检查完成，等待 30 秒后下一轮...
2026-03-17 01:50:07,794 - INFO - 开始新一轮红包检查... (01:50:07)
2026-03-17 01:50:07,794 - INFO - 开始处理红包...
2026-03-17 01:50:08,041 - INFO - 获取到 0 个红包信息
2026-03-17 01:50:08,041 - INFO - 当前没有可用的红包
2026-03-17 01:50:08,041 - INFO - 检查完成，等待 30 秒后下一轮...
2026-03-17 01:50:38,071 - INFO - 开始新一轮红包检查... (01:50:38)
2026-03-17 01:50:38,071 - INFO - 开始处理红包...
2026-03-17 01:50:38,324 - INFO - 获取到 0 个红包信息
2026-03-17 01:50:38,324 - INFO - 当前没有可用的红包
2026-03-17 01:50:38,324 - INFO - 检查完成，等待 30 秒后下一轮...
2026-03-17 01:51:08,354 - INFO - 开始新一轮红包检查... (01:51:08)
2026-03-17 01:51:08,354 - INFO - 开始处理红包...
2026-03-17 01:51:08,616 - INFO - 获取到 0 个红包信息
2026-03-17 01:51:08,616 - INFO - 当前没有可用的红包
2026-03-17 01:51:08,616 - INFO - 检查完成，等待 30 秒后下一轮...
2026-03-17 01:51:38,646 - INFO - 开始新一轮红包检查... (01:51:38)
2026-03-17 01:51:38,646 - INFO - 开始处理红包...
2026-03-17 01:51:38,916 - INFO - 获取到 0 个红包信息
2026-03-17 01:51:38,917 - INFO - 当前没有可用的红包
2026-03-17 01:51:38,917 - INFO - 检查完成，等待 30 秒后下一轮...
2026-03-17 01:52:08,930 - INFO - 开始新一轮红包检查... (01:52:08)
2026-03-17 01:52:08,930 - INFO - 开始处理红包...
2026-03-17 01:52:09,183 - INFO - 获取到 0 个红包信息
2026-03-17 01:52:09,183 - INFO - 当前没有可用的红包
2026-03-17 01:52:09,183 - INFO - 检查完成，等待 30 秒后下一轮...
2026-03-17 01:52:39,214 - INFO - 开始新一轮红包检查... (01:52:39)
2026-03-17 01:52:39,214 - INFO - 开始处理红包...
2026-03-17 01:52:39,463 - INFO - 获取到 0 个红包信息
2026-03-17 01:52:39,463 - INFO - 当前没有可用的红包
2026-03-17 01:52:39,463 - INFO - 检查完成，等待 30 秒后下一轮...
2026-03-17 01:53:09,493 - INFO - 开始新一轮红包检查... (01:53:09)
2026-03-17 01:53:09,493 - INFO - 开始处理红包...
2026-03-17 01:53:09,744 - INFO - 获取到 0 个红包信息
2026-03-17 01:53:09,744 - INFO - 当前没有可用的红包
2026-03-17 01:53:09,744 - INFO - 检查完成，等待 30 秒后下一轮...
2026-03-17 01:53:39,774 - INFO - 开始新一轮红包检查... (01:53:39)
2026-03-17 01:53:39,775 - INFO - 开始处理红包...
2026-03-17 01:53:40,015 - INFO - 获取到 0 个红包信息
2026-03-17 01:53:40,015 - INFO - 当前没有可用的红包
2026-03-17 01:53:40,015 - INFO - 检查完成，等待 30 秒后下一轮...
2026-03-17 01:54:10,023 - INFO - 开始新一轮红包检查... (01:54:10)
2026-03-17 01:54:10,023 - INFO - 开始处理红包...
2026-03-17 01:54:10,261 - INFO - 获取到 0 个红包信息
2026-03-17 01:54:10,261 - INFO - 当前没有可用的红包
2026-03-17 01:54:10,261 - INFO - 检查完成，等待 30 秒后下一轮...
2026-03-17 01:54:40,264 - INFO - 开始新一轮红包检查... (01:54:40)
2026-03-17 01:54:40,264 - INFO - 开始处理红包...
2026-03-17 01:54:40,514 - INFO - 获取到 0 个红包信息
2026-03-17 01:54:40,514 - INFO - 当前没有可用的红包
2026-03-17 01:54:40,514 - INFO - 检查完成，等待 30 秒后下一轮...
2026-03-17 01:55:10,544 - INFO - 开始新一轮红包检查... (01:55:10)
2026-03-17 01:55:10,545 - INFO - 开始处理红包...
2026-03-17 01:55:10,795 - INFO - 获取到 0 个红包信息
2026-03-17 01:55:10,795 - INFO - 当前没有可用的红包
2026-03-17 01:55:10,796 - INFO - 检查完成，等待 30 秒后下一轮...
2026-03-17 01:55:40,826 - INFO - 开始新一轮红包检查... (01:55:40)
2026-03-17 01:55:40,826 - INFO - 开始处理红包...
2026-03-17 01:55:41,072 - INFO - 获取到 0 个红包信息
2026-03-17 01:55:41,072 - INFO - 当前没有可用的红包
2026-03-17 01:55:41,072 - INFO - 检查完成，等待 30 秒后下一轮...
2026-03-17 01:56:11,102 - INFO - 开始新一轮红包检查... (01:56:11)
2026-03-17 01:56:11,102 - INFO - 开始处理红包...
2026-03-17 01:56:11,344 - INFO - 获取到 0 个红包信息
2026-03-17 01:56:11,344 - INFO - 当前没有可用的红包
2026-03-17 01:56:11,345 - INFO - 检查完成，等待 30 秒后下一轮...
2026-03-17 01:56:41,352 - INFO - 开始新一轮红包检查... (01:56:41)
2026-03-17 01:56:41,352 - INFO - 开始处理红包...
2026-03-17 01:56:41,598 - INFO - 获取到 0 个红包信息
2026-03-17 01:56:41,598 - INFO - 当前没有可用的红包
2026-03-17 01:56:41,598 - INFO - 检查完成，等待 30 秒后下一轮...
2026-03-17 01:57:11,629 - INFO - 开始新一轮红包检查... (01:57:11)
2026-03-17 01:57:11,629 - INFO - 开始处理红包...
2026-03-17 01:57:11,879 - INFO - 获取到 0 个红包信息
2026-03-17 01:57:11,879 - INFO - 当前没有可用的红包
2026-03-17 01:57:11,879 - INFO - 检查完成，等待 30 秒后下一轮...
2026-03-17 01:57:41,910 - INFO - 开始新一轮红包检查... (01:57:41)
2026-03-17 01:57:41,910 - INFO - 开始处理红包...
2026-03-17 01:57:42,159 - INFO - 获取到 0 个红包信息
2026-03-17 01:57:42,159 - INFO - 当前没有可用的红包
2026-03-17 01:57:42,160 - INFO - 检查完成，等待 30 秒后下一轮...
2026-03-17 01:58:12,161 - INFO - 开始新一轮红包检查... (01:58:12)
2026-03-17 01:58:12,161 - INFO - 开始处理红包...
2026-03-17 01:58:12,410 - INFO - 获取到 0 个红包信息
2026-03-17 01:58:12,410 - INFO - 当前没有可用的红包
2026-03-17 01:58:12,410 - INFO - 检查完成，等待 30 秒后下一轮...
2026-03-17 01:58:42,420 - INFO - 开始新一轮红包检查... (01:58:42)
2026-03-17 01:58:42,420 - INFO - 开始处理红包...
2026-03-17 01:58:42,665 - INFO - 获取到 0 个红包信息
2026-03-17 01:58:42,665 - INFO - 当前没有可用的红包
2026-03-17 01:58:42,665 - INFO - 检查完成，等待 30 秒后下一轮...
2026-03-17 01:59:12,695 - INFO - 开始新一轮红包检查... (01:59:12)
2026-03-17 01:59:12,695 - INFO - 开始处理红包...
2026-03-17 01:59:12,948 - INFO - 获取到 0 个红包信息
2026-03-17 01:59:12,948 - INFO - 当前没有可用的红包
2026-03-17 01:59:12,948 - INFO - 检查完成，等待 30 秒后下一轮...
2026-03-17 01:59:42,978 - INFO - 开始新一轮红包检查... (01:59:42)
2026-03-17 01:59:42,979 - INFO - 开始处理红包...
2026-03-17 01:59:43,232 - INFO - 获取到 0 个红包信息
2026-03-17 01:59:43,232 - INFO - 当前没有可用的红包
2026-03-17 01:59:43,232 - INFO - 检查完成，等待 30 秒后下一轮...
2026-03-17 02:00:13,262 - INFO - 开始新一轮红包检查... (02:00:13)
2026-03-17 02:00:13,262 - INFO - 开始处理红包...
2026-03-17 02:00:13,586 - INFO - 获取到 0 个红包信息
2026-03-17 02:00:13,586 - INFO - 当前没有可用的红包
2026-03-17 02:00:13,586 - INFO - 检查完成，等待 30 秒后下一轮...
2026-03-17 02:00:43,602 - INFO - 开始新一轮红包检查... (02:00:43)
2026-03-17 02:00:43,602 - INFO - 开始处理红包...
2026-03-17 02:00:43,868 - INFO - 获取到 0 个红包信息
2026-03-17 02:00:43,868 - INFO - 当前没有可用的红包
2026-03-17 02:00:43,868 - INFO - 检查完成，等待 30 秒后下一轮...
2026-03-17 02:01:13,899 - INFO - 开始新一轮红包检查... (02:01:13)
2026-03-17 02:01:13,899 - INFO - 开始处理红包...
2026-03-17 02:01:14,152 - INFO - 获取到 0 个红包信息
2026-03-17 02:01:14,153 - INFO - 当前没有可用的红包
2026-03-17 02:01:14,153 - INFO - 检查完成，等待 30 秒后下一轮...
2026-03-17 02:01:44,162 - INFO - 开始新一轮红包检查... (02:01:44)
2026-03-17 02:01:44,162 - INFO - 开始处理红包...
2026-03-17 02:01:44,416 - INFO - 获取到 0 个红包信息
2026-03-17 02:01:44,416 - INFO - 当前没有可用的红包
2026-03-17 02:01:44,416 - INFO - 检查完成，等待 30 秒后下一轮...
2026-03-17 02:02:14,446 - INFO - 开始新一轮红包检查... (02:02:14)
2026-03-17 02:02:14,446 - INFO - 开始处理红包...
2026-03-17 02:02:14,693 - INFO - 获取到 0 个红包信息
2026-03-17 02:02:14,693 - INFO - 当前没有可用的红包
2026-03-17 02:02:14,693 - INFO - 检查完成，等待 30 秒后下一轮...
2026-03-17 02:02:44,706 - INFO - 开始新一轮红包检查... (02:02:44)
2026-03-17 02:02:44,706 - INFO - 开始处理红包...
2026-03-17 02:02:44,954 - INFO - 获取到 0 个红包信息
2026-03-17 02:02:44,954 - INFO - 当前没有可用的红包
2026-03-17 02:02:44,954 - INFO - 检查完成，等待 30 秒后下一轮...
2026-03-17 02:03:14,984 - INFO - 开始新一轮红包检查... (02:03:14)
2026-03-17 02:03:14,984 - INFO - 开始处理红包...
2026-03-17 02:03:15,242 - INFO - 获取到 0 个红包信息
2026-03-17 02:03:15,242 - INFO - 当前没有可用的红包
2026-03-17 02:03:15,242 - INFO - 检查完成，等待 30 秒后下一轮...
2026-03-17 02:03:45,272 - INFO - 开始新一轮红包检查... (02:03:45)
2026-03-17 02:03:45,272 - INFO - 开始处理红包...
2026-03-17 02:03:45,575 - INFO - 获取到 0 个红包信息
2026-03-17 02:03:45,575 - INFO - 当前没有可用的红包
2026-03-17 02:03:45,575 - INFO - 检查完成，等待 30 秒后下一轮...
2026-03-17 02:04:15,605 - INFO - 开始新一轮红包检查... (02:04:15)
2026-03-17 02:04:15,605 - INFO - 开始处理红包...
2026-03-17 02:04:15,865 - INFO - 获取到 0 个红包信息
2026-03-17 02:04:15,865 - INFO - 当前没有可用的红包
2026-03-17 02:04:15,865 - INFO - 检查完成，等待 30 秒后下一轮...
2026-03-17 02:04:45,874 - INFO - 开始新一轮红包检查... (02:04:45)
2026-03-17 02:04:45,874 - INFO - 开始处理红包...
2026-03-17 02:04:46,117 - INFO - 获取到 0 个红包信息
2026-03-17 02:04:46,117 - INFO - 当前没有可用的红包
2026-03-17 02:04:46,118 - INFO - 检查完成，等待 30 秒后下一轮...
2026-03-17 02:05:16,148 - INFO - 开始新一轮红包检查... (02:05:16)
2026-03-17 02:05:16,148 - INFO - 开始处理红包...
2026-03-17 02:05:16,405 - INFO - 获取到 0 个红包信息
2026-03-17 02:05:16,405 - INFO - 当前没有可用的红包
2026-03-17 02:05:16,405 - INFO - 检查完成，等待 30 秒后下一轮...
2026-03-17 02:05:46,435 - INFO - 开始新一轮红包检查... (02:05:46)
2026-03-17 02:05:46,435 - INFO - 开始处理红包...
2026-03-17 02:05:46,689 - INFO - 获取到 0 个红包信息
2026-03-17 02:05:46,689 - INFO - 当前没有可用的红包
2026-03-17 02:05:46,689 - INFO - 检查完成，等待 30 秒后下一轮...
2026-03-17 02:06:16,706 - INFO - 开始新一轮红包检查... (02:06:16)
2026-03-17 02:06:16,706 - INFO - 开始处理红包...
2026-03-17 02:06:16,965 - INFO - 获取到 0 个红包信息
2026-03-17 02:06:16,965 - INFO - 当前没有可用的红包
2026-03-17 02:06:16,965 - INFO - 检查完成，等待 30 秒后下一轮...
2026-03-17 02:06:46,986 - INFO - 开始新一轮红包检查... (02:06:46)
2026-03-17 02:06:46,986 - INFO - 开始处理红包...
2026-03-17 02:06:47,230 - INFO - 获取到 0 个红包信息
2026-03-17 02:06:47,230 - INFO - 当前没有可用的红包
2026-03-17 02:06:47,230 - INFO - 检查完成，等待 30 秒后下一轮...
2026-03-17 02:07:17,260 - INFO - 开始新一轮红包检查... (02:07:17)
2026-03-17 02:07:17,260 - INFO - 开始处理红包...
2026-03-17 02:07:17,508 - INFO - 获取到 0 个红包信息
2026-03-17 02:07:17,509 - INFO - 当前没有可用的红包
2026-03-17 02:07:17,509 - INFO - 检查完成，等待 30 秒后下一轮...
2026-03-17 02:07:47,538 - INFO - 开始新一轮红包检查... (02:07:47)
2026-03-17 02:07:47,538 - INFO - 开始处理红包...
2026-03-17 02:07:47,811 - INFO - 获取到 0 个红包信息
2026-03-17 02:07:47,811 - INFO - 当前没有可用的红包
2026-03-17 02:07:47,811 - INFO - 检查完成，等待 30 秒后下一轮...
2026-03-17 02:08:17,841 - INFO - 开始新一轮红包检查... (02:08:17)
2026-03-17 02:08:17,841 - INFO - 开始处理红包...
2026-03-17 02:08:18,169 - INFO - 获取到 0 个红包信息
2026-03-17 02:08:18,169 - INFO - 当前没有可用的红包
2026-03-17 02:08:18,169 - INFO - 检查完成，等待 30 秒后下一轮...
2026-03-17 02:08:48,199 - INFO - 开始新一轮红包检查... (02:08:48)
2026-03-17 02:08:48,199 - INFO - 开始处理红包...
2026-03-17 02:08:48,451 - INFO - 获取到 0 个红包信息
2026-03-17 02:08:48,451 - INFO - 当前没有可用的红包
2026-03-17 02:08:48,451 - INFO - 检查完成，等待 30 秒后下一轮...
2026-03-17 02:09:18,480 - INFO - 开始新一轮红包检查... (02:09:18)
2026-03-17 02:09:18,480 - INFO - 开始处理红包...
2026-03-17 02:09:18,732 - INFO - 获取到 0 个红包信息
2026-03-17 02:09:18,733 - INFO - 当前没有可用的红包
2026-03-17 02:09:18,733 - INFO - 检查完成，等待 30 秒后下一轮...
2026-03-17 02:09:48,763 - INFO - 开始新一轮红包检查... (02:09:48)
2026-03-17 02:09:48,763 - INFO - 开始处理红包...
2026-03-17 02:09:49,014 - INFO - 获取到 0 个红包信息
2026-03-17 02:09:49,014 - INFO - 当前没有可用的红包
2026-03-17 02:09:49,014 - INFO - 检查完成，等待 30 秒后下一轮...
2026-03-17 02:10:19,045 - INFO - 开始新一轮红包检查... (02:10:19)
2026-03-17 02:10:19,045 - INFO - 开始处理红包...
2026-03-17 02:10:19,312 - INFO - 获取到 0 个红包信息
2026-03-17 02:10:19,312 - INFO - 当前没有可用的红包
2026-03-17 02:10:19,312 - INFO - 检查完成，等待 30 秒后下一轮...
2026-03-17 02:10:49,343 - INFO - 开始新一轮红包检查... (02:10:49)
2026-03-17 02:10:49,343 - INFO - 开始处理红包...
2026-03-17 02:10:49,598 - INFO - 获取到 0 个红包信息
2026-03-17 02:10:49,598 - INFO - 当前没有可用的红包
2026-03-17 02:10:49,598 - INFO - 检查完成，等待 30 秒后下一轮...
2026-03-17 02:11:19,628 - INFO - 开始新一轮红包检查... (02:11:19)
2026-03-17 02:11:19,628 - INFO - 开始处理红包...
2026-03-17 02:11:19,896 - INFO - 获取到 0 个红包信息
2026-03-17 02:11:19,896 - INFO - 当前没有可用的红包
2026-03-17 02:11:19,896 - INFO - 检查完成，等待 30 秒后下一轮...
2026-03-17 02:11:49,926 - INFO - 开始新一轮红包检查... (02:11:49)
2026-03-17 02:11:49,926 - INFO - 开始处理红包...
2026-03-17 02:11:50,180 - INFO - 获取到 0 个红包信息
2026-03-17 02:11:50,180 - INFO - 当前没有可用的红包
2026-03-17 02:11:50,180 - INFO - 检查完成，等待 30 秒后下一轮...
2026-03-17 02:12:20,211 - INFO - 开始新一轮红包检查... (02:12:20)
2026-03-17 02:12:20,211 - INFO - 开始处理红包...
2026-03-17 02:12:20,452 - INFO - 获取到 0 个红包信息
2026-03-17 02:12:20,452 - INFO - 当前没有可用的红包
2026-03-17 02:12:20,454 - INFO - 检查完成，等待 30 秒后下一轮...
2026-03-17 02:12:50,484 - INFO - 开始新一轮红包检查... (02:12:50)
2026-03-17 02:12:50,484 - INFO - 开始处理红包...
2026-03-17 02:12:50,737 - INFO - 获取到 0 个红包信息
2026-03-17 02:12:50,737 - INFO - 当前没有可用的红包
2026-03-17 02:12:50,738 - INFO - 检查完成，等待 30 秒后下一轮...
2026-03-17 02:13:20,754 - INFO - 开始新一轮红包检查... (02:13:20)
2026-03-17 02:13:20,754 - INFO - 开始处理红包...
2026-03-17 02:13:21,015 - INFO - 获取到 0 个红包信息
2026-03-17 02:13:21,015 - INFO - 当前没有可用的红包
2026-03-17 02:13:21,015 - INFO - 检查完成，等待 30 秒后下一轮...
2026-03-17 02:13:51,028 - INFO - 开始新一轮红包检查... (02:13:51)
2026-03-17 02:13:51,028 - INFO - 开始处理红包...
2026-03-17 02:13:51,276 - INFO - 获取到 0 个红包信息
2026-03-17 02:13:51,276 - INFO - 当前没有可用的红包
2026-03-17 02:13:51,277 - INFO - 检查完成，等待 30 秒后下一轮...
2026-03-17 02:14:21,282 - INFO - 开始新一轮红包检查... (02:14:21)
2026-03-17 02:14:21,282 - INFO - 开始处理红包...
2026-03-17 02:14:21,553 - INFO - 获取到 0 个红包信息
2026-03-17 02:14:21,553 - INFO - 当前没有可用的红包
2026-03-17 02:14:21,553 - INFO - 检查完成，等待 30 秒后下一轮...
2026-03-17 02:14:51,583 - INFO - 开始新一轮红包检查... (02:14:51)
2026-03-17 02:14:51,583 - INFO - 开始处理红包...
2026-03-17 02:14:51,847 - INFO - 获取到 0 个红包信息
2026-03-17 02:14:51,847 - INFO - 当前没有可用的红包
2026-03-17 02:14:51,847 - INFO - 检查完成，等待 30 秒后下一轮...
2026-03-17 02:15:21,878 - INFO - 开始新一轮红包检查... (02:15:21)
2026-03-17 02:15:21,878 - INFO - 开始处理红包...
2026-03-17 02:15:22,125 - INFO - 获取到 0 个红包信息
2026-03-17 02:15:22,125 - INFO - 当前没有可用的红包
2026-03-17 02:15:22,125 - INFO - 检查完成，等待 30 秒后下一轮...
2026-03-17 02:15:52,155 - INFO - 开始新一轮红包检查... (02:15:52)
2026-03-17 02:15:52,155 - INFO - 开始处理红包...
2026-03-17 02:15:52,402 - INFO - 获取到 0 个红包信息
2026-03-17 02:15:52,402 - INFO - 当前没有可用的红包
2026-03-17 02:15:52,402 - INFO - 检查完成，等待 30 秒后下一轮...
2026-03-17 02:16:22,432 - INFO - 开始新一轮红包检查... (02:16:22)
2026-03-17 02:16:22,433 - INFO - 开始处理红包...
2026-03-17 02:16:22,689 - INFO - 获取到 0 个红包信息
2026-03-17 02:16:22,689 - INFO - 当前没有可用的红包
2026-03-17 02:16:22,689 - INFO - 检查完成，等待 30 秒后下一轮...
2026-03-17 02:16:52,719 - INFO - 开始新一轮红包检查... (02:16:52)
2026-03-17 02:16:52,720 - INFO - 开始处理红包...
2026-03-17 02:16:53,010 - INFO - 获取到 0 个红包信息
2026-03-17 02:16:53,010 - INFO - 当前没有可用的红包
2026-03-17 02:16:53,010 - INFO - 检查完成，等待 30 秒后下一轮...
2026-03-17 02:17:23,023 - INFO - 开始新一轮红包检查... (02:17:23)
2026-03-17 02:17:23,023 - INFO - 开始处理红包...
2026-03-17 02:17:23,271 - INFO - 获取到 0 个红包信息
2026-03-17 02:17:23,272 - INFO - 当前没有可用的红包
2026-03-17 02:17:23,272 - INFO - 检查完成，等待 30 秒后下一轮...
2026-03-17 02:17:53,302 - INFO - 开始新一轮红包检查... (02:17:53)
2026-03-17 02:17:53,302 - INFO - 开始处理红包...
2026-03-17 02:17:53,812 - INFO - 获取到 0 个红包信息
2026-03-17 02:17:53,812 - INFO - 当前没有可用的红包
2026-03-17 02:17:53,812 - INFO - 检查完成，等待 30 秒后下一轮...
2026-03-17 02:18:23,843 - INFO - 开始新一轮红包检查... (02:18:23)
2026-03-17 02:18:23,843 - INFO - 开始处理红包...
2026-03-17 02:18:24,096 - INFO - 获取到 0 个红包信息
2026-03-17 02:18:24,096 - INFO - 当前没有可用的红包
2026-03-17 02:18:24,096 - INFO - 检查完成，等待 30 秒后下一轮...
2026-03-17 02:18:54,126 - INFO - 开始新一轮红包检查... (02:18:54)
2026-03-17 02:18:54,127 - INFO - 开始处理红包...
2026-03-17 02:18:54,373 - INFO - 获取到 0 个红包信息
2026-03-17 02:18:54,373 - INFO - 当前没有可用的红包
2026-03-17 02:18:54,373 - INFO - 检查完成，等待 30 秒后下一轮...
2026-03-17 02:19:24,386 - INFO - 开始新一轮红包检查... (02:19:24)
2026-03-17 02:19:24,386 - INFO - 开始处理红包...
2026-03-17 02:19:24,639 - INFO - 获取到 0 个红包信息
2026-03-17 02:19:24,639 - INFO - 当前没有可用的红包
2026-03-17 02:19:24,639 - INFO - 检查完成，等待 30 秒后下一轮...
2026-03-17 02:19:54,658 - INFO - 开始新一轮红包检查... (02:19:54)
2026-03-17 02:19:54,658 - INFO - 开始处理红包...
2026-03-17 02:19:54,929 - INFO - 获取到 0 个红包信息
2026-03-17 02:19:54,929 - INFO - 当前没有可用的红包
2026-03-17 02:19:54,929 - INFO - 检查完成，等待 30 秒后下一轮...
2026-03-17 02:20:24,946 - INFO - 开始新一轮红包检查... (02:20:24)
2026-03-17 02:20:24,946 - INFO - 开始处理红包...
2026-03-17 02:20:25,188 - INFO - 获取到 0 个红包信息
2026-03-17 02:20:25,188 - INFO - 当前没有可用的红包
2026-03-17 02:20:25,189 - INFO - 检查完成，等待 30 秒后下一轮...
2026-03-17 02:20:55,219 - INFO - 开始新一轮红包检查... (02:20:55)
2026-03-17 02:20:55,219 - INFO - 开始处理红包...
2026-03-17 02:20:55,470 - INFO - 获取到 0 个红包信息
2026-03-17 02:20:55,470 - INFO - 当前没有可用的红包
2026-03-17 02:20:55,470 - INFO - 检查完成，等待 30 秒后下一轮...
2026-03-17 02:21:25,501 - INFO - 开始新一轮红包检查... (02:21:25)
2026-03-17 02:21:25,501 - INFO - 开始处理红包...
2026-03-17 02:21:25,766 - INFO - 获取到 0 个红包信息
2026-03-17 02:21:25,767 - INFO - 当前没有可用的红包
2026-03-17 02:21:25,767 - INFO - 检查完成，等待 30 秒后下一轮...
2026-03-17 02:21:55,797 - INFO - 开始新一轮红包检查... (02:21:55)
2026-03-17 02:21:55,797 - INFO - 开始处理红包...
2026-03-17 02:21:56,042 - INFO - 获取到 0 个红包信息
2026-03-17 02:21:56,043 - INFO - 当前没有可用的红包
2026-03-17 02:21:56,043 - INFO - 检查完成，等待 30 秒后下一轮...
2026-03-17 02:22:26,073 - INFO - 开始新一轮红包检查... (02:22:26)
2026-03-17 02:22:26,073 - INFO - 开始处理红包...
2026-03-17 02:22:26,343 - INFO - 获取到 0 个红包信息
2026-03-17 02:22:26,343 - INFO - 当前没有可用的红包
2026-03-17 02:22:26,343 - INFO - 检查完成，等待 30 秒后下一轮...
2026-03-17 02:22:56,373 - INFO - 开始新一轮红包检查... (02:22:56)
2026-03-17 02:22:56,373 - INFO - 开始处理红包...
2026-03-17 02:22:56,644 - INFO - 获取到 0 个红包信息
2026-03-17 02:22:56,644 - INFO - 当前没有可用的红包
2026-03-17 02:22:56,644 - INFO - 检查完成，等待 30 秒后下一轮...
2026-03-17 02:23:26,658 - INFO - 开始新一轮红包检查... (02:23:26)
2026-03-17 02:23:26,658 - INFO - 开始处理红包...
2026-03-17 02:23:26,909 - INFO - 获取到 0 个红包信息
2026-03-17 02:23:26,910 - INFO - 当前没有可用的红包
2026-03-17 02:23:26,910 - INFO - 检查完成，等待 30 秒后下一轮...
2026-03-17 02:23:56,940 - INFO - 开始新一轮红包检查... (02:23:56)
2026-03-17 02:23:56,940 - INFO - 开始处理红包...
2026-03-17 02:23:57,194 - INFO - 获取到 0 个红包信息
2026-03-17 02:23:57,194 - INFO - 当前没有可用的红包
2026-03-17 02:23:57,194 - INFO - 检查完成，等待 30 秒后下一轮...
2026-03-17 02:24:27,224 - INFO - 开始新一轮红包检查... (02:24:27)
2026-03-17 02:24:27,224 - INFO - 开始处理红包...
2026-03-17 02:24:27,496 - INFO - 获取到 0 个红包信息
2026-03-17 02:24:27,497 - INFO - 当前没有可用的红包
2026-03-17 02:24:27,497 - INFO - 检查完成，等待 30 秒后下一轮...
2026-03-17 02:24:57,522 - INFO - 开始新一轮红包检查... (02:24:57)
2026-03-17 02:24:57,522 - INFO - 开始处理红包...
2026-03-17 02:24:57,793 - INFO - 获取到 0 个红包信息
2026-03-17 02:24:57,793 - INFO - 当前没有可用的红包
2026-03-17 02:24:57,793 - INFO - 检查完成，等待 30 秒后下一轮...
2026-03-17 02:25:27,823 - INFO - 开始新一轮红包检查... (02:25:27)
2026-03-17 02:25:27,824 - INFO - 开始处理红包...
2026-03-17 02:25:28,076 - INFO - 获取到 0 个红包信息
2026-03-17 02:25:28,076 - INFO - 当前没有可用的红包
2026-03-17 02:25:28,076 - INFO - 检查完成，等待 30 秒后下一轮...
2026-03-17 02:25:58,082 - INFO - 开始新一轮红包检查... (02:25:58)
2026-03-17 02:25:58,082 - INFO - 开始处理红包...
2026-03-17 02:25:58,330 - INFO - 获取到 0 个红包信息
2026-03-17 02:25:58,330 - INFO - 当前没有可用的红包
2026-03-17 02:25:58,330 - INFO - 检查完成，等待 30 秒后下一轮...
2026-03-17 02:26:28,339 - INFO - 开始新一轮红包检查... (02:26:28)
2026-03-17 02:26:28,339 - INFO - 开始处理红包...
2026-03-17 02:26:28,647 - INFO - 获取到 0 个红包信息
2026-03-17 02:26:28,648 - INFO - 当前没有可用的红包
2026-03-17 02:26:28,648 - INFO - 检查完成，等待 30 秒后下一轮...
2026-03-17 02:26:58,678 - INFO - 开始新一轮红包检查... (02:26:58)
2026-03-17 02:26:58,678 - INFO - 开始处理红包...
2026-03-17 02:26:58,948 - INFO - 获取到 0 个红包信息
2026-03-17 02:26:58,948 - INFO - 当前没有可用的红包
2026-03-17 02:26:58,950 - INFO - 检查完成，等待 30 秒后下一轮...
2026-03-17 02:27:28,978 - INFO - 开始新一轮红包检查... (02:27:28)
2026-03-17 02:27:28,978 - INFO - 开始处理红包...
2026-03-17 02:27:29,232 - INFO - 获取到 0 个红包信息
2026-03-17 02:27:29,232 - INFO - 当前没有可用的红包
2026-03-17 02:27:29,233 - INFO - 检查完成，等待 30 秒后下一轮...
2026-03-17 02:27:59,264 - INFO - 开始新一轮红包检查... (02:27:59)
2026-03-17 02:27:59,264 - INFO - 开始处理红包...
2026-03-17 02:27:59,506 - INFO - 获取到 0 个红包信息
2026-03-17 02:27:59,506 - INFO - 当前没有可用的红包
2026-03-17 02:27:59,506 - INFO - 检查完成，等待 30 秒后下一轮...
2026-03-17 02:28:29,515 - INFO - 开始新一轮红包检查... (02:28:29)
2026-03-17 02:28:29,515 - INFO - 开始处理红包...
2026-03-17 02:28:29,798 - INFO - 获取到 0 个红包信息
2026-03-17 02:28:29,798 - INFO - 当前没有可用的红包
2026-03-17 02:28:29,798 - INFO - 检查完成，等待 30 秒后下一轮...
2026-03-17 02:28:59,829 - INFO - 开始新一轮红包检查... (02:28:59)
2026-03-17 02:28:59,829 - INFO - 开始处理红包...
2026-03-17 02:29:00,086 - INFO - 获取到 0 个红包信息
2026-03-17 02:29:00,086 - INFO - 当前没有可用的红包
2026-03-17 02:29:00,086 - INFO - 检查完成，等待 30 秒后下一轮...
2026-03-17 02:29:30,103 - INFO - 开始新一轮红包检查... (02:29:30)
2026-03-17 02:29:30,103 - INFO - 开始处理红包...
2026-03-17 02:29:30,366 - INFO - 获取到 0 个红包信息
2026-03-17 02:29:30,366 - INFO - 当前没有可用的红包
2026-03-17 02:29:30,366 - INFO - 检查完成，等待 30 秒后下一轮...
2026-03-17 02:30:00,396 - INFO - 开始新一轮红包检查... (02:30:00)
2026-03-17 02:30:00,397 - INFO - 开始处理红包...
2026-03-17 02:30:00,653 - INFO - 获取到 0 个红包信息
2026-03-17 02:30:00,653 - INFO - 当前没有可用的红包
2026-03-17 02:30:00,653 - INFO - 检查完成，等待 30 秒后下一轮...
2026-03-17 02:30:30,680 - INFO - 开始新一轮红包检查... (02:30:30)
2026-03-17 02:30:30,680 - INFO - 开始处理红包...
2026-03-17 02:30:30,945 - INFO - 获取到 0 个红包信息
2026-03-17 02:30:30,945 - INFO - 当前没有可用的红包
2026-03-17 02:30:30,945 - INFO - 检查完成，等待 30 秒后下一轮...
2026-03-17 02:31:00,975 - INFO - 开始新一轮红包检查... (02:31:00)
2026-03-17 02:31:00,975 - INFO - 开始处理红包...
2026-03-17 02:31:01,243 - INFO - 获取到 0 个红包信息
2026-03-17 02:31:01,243 - INFO - 当前没有可用的红包
2026-03-17 02:31:01,243 - INFO - 检查完成，等待 30 秒后下一轮...
2026-03-17 02:31:31,266 - INFO - 开始新一轮红包检查... (02:31:31)
2026-03-17 02:31:31,266 - INFO - 开始处理红包...
2026-03-17 02:31:31,525 - INFO - 获取到 0 个红包信息
2026-03-17 02:31:31,525 - INFO - 当前没有可用的红包
2026-03-17 02:31:31,525 - INFO - 检查完成，等待 30 秒后下一轮...
2026-03-17 02:32:01,555 - INFO - 开始新一轮红包检查... (02:32:01)
2026-03-17 02:32:01,555 - INFO - 开始处理红包...
2026-03-17 02:32:01,813 - INFO - 获取到 0 个红包信息
2026-03-17 02:32:01,813 - INFO - 当前没有可用的红包
2026-03-17 02:32:01,813 - INFO - 检查完成，等待 30 秒后下一轮...
2026-03-17 02:32:31,844 - INFO - 开始新一轮红包检查... (02:32:31)
2026-03-17 02:32:31,844 - INFO - 开始处理红包...
2026-03-17 02:32:32,086 - INFO - 获取到 0 个红包信息
2026-03-17 02:32:32,086 - INFO - 当前没有可用的红包
2026-03-17 02:32:32,086 - INFO - 检查完成，等待 30 秒后下一轮...
2026-03-17 02:33:02,116 - INFO - 开始新一轮红包检查... (02:33:02)
2026-03-17 02:33:02,116 - INFO - 开始处理红包...
2026-03-17 02:33:02,468 - INFO - 获取到 0 个红包信息
2026-03-17 02:33:02,468 - INFO - 当前没有可用的红包
2026-03-17 02:33:02,468 - INFO - 检查完成，等待 30 秒后下一轮...
2026-03-17 02:33:32,498 - INFO - 开始新一轮红包检查... (02:33:32)
2026-03-17 02:33:32,498 - INFO - 开始处理红包...
2026-03-17 02:33:32,737 - INFO - 获取到 0 个红包信息
2026-03-17 02:33:32,737 - INFO - 当前没有可用的红包
2026-03-17 02:33:32,737 - INFO - 检查完成，等待 30 秒后下一轮...
2026-03-17 02:34:02,767 - INFO - 开始新一轮红包检查... (02:34:02)
2026-03-17 02:34:02,767 - INFO - 开始处理红包...
2026-03-17 02:34:03,049 - INFO - 获取到 0 个红包信息
2026-03-17 02:34:03,049 - INFO - 当前没有可用的红包
2026-03-17 02:34:03,049 - INFO - 检查完成，等待 30 秒后下一轮...
2026-03-17 02:34:33,065 - INFO - 开始新一轮红包检查... (02:34:33)
2026-03-17 02:34:33,065 - INFO - 开始处理红包...
2026-03-17 02:34:33,328 - INFO - 获取到 0 个红包信息
2026-03-17 02:34:33,328 - INFO - 当前没有可用的红包
2026-03-17 02:34:33,328 - INFO - 检查完成，等待 30 秒后下一轮...
2026-03-17 02:35:03,330 - INFO - 开始新一轮红包检查... (02:35:03)
2026-03-17 02:35:03,330 - INFO - 开始处理红包...
2026-03-17 02:35:03,610 - INFO - 获取到 0 个红包信息
2026-03-17 02:35:03,610 - INFO - 当前没有可用的红包
2026-03-17 02:35:03,610 - INFO - 检查完成，等待 30 秒后下一轮...
2026-03-17 02:35:33,620 - INFO - 开始新一轮红包检查... (02:35:33)
2026-03-17 02:35:33,620 - INFO - 开始处理红包...
2026-03-17 02:35:33,919 - INFO - 获取到 0 个红包信息
2026-03-17 02:35:33,919 - INFO - 当前没有可用的红包
2026-03-17 02:35:33,919 - INFO - 检查完成，等待 30 秒后下一轮...
2026-03-17 02:36:03,934 - INFO - 开始新一轮红包检查... (02:36:03)
2026-03-17 02:36:03,934 - INFO - 开始处理红包...
2026-03-17 02:36:04,185 - INFO - 获取到 0 个红包信息
2026-03-17 02:36:04,185 - INFO - 当前没有可用的红包
2026-03-17 02:36:04,185 - INFO - 检查完成，等待 30 秒后下一轮...
2026-03-17 02:36:34,202 - INFO - 开始新一轮红包检查... (02:36:34)
2026-03-17 02:36:34,202 - INFO - 开始处理红包...
2026-03-17 02:36:34,447 - INFO - 获取到 0 个红包信息
2026-03-17 02:36:34,447 - INFO - 当前没有可用的红包
2026-03-17 02:36:34,447 - INFO - 检查完成，等待 30 秒后下一轮...
2026-03-17 02:37:04,477 - INFO - 开始新一轮红包检查... (02:37:04)
2026-03-17 02:37:04,478 - INFO - 开始处理红包...
2026-03-17 02:37:04,753 - INFO - 获取到 0 个红包信息
2026-03-17 02:37:04,753 - INFO - 当前没有可用的红包
2026-03-17 02:37:04,753 - INFO - 检查完成，等待 30 秒后下一轮...
2026-03-17 02:37:34,783 - INFO - 开始新一轮红包检查... (02:37:34)
2026-03-17 02:37:34,783 - INFO - 开始处理红包...
2026-03-17 02:37:35,030 - INFO - 获取到 0 个红包信息
2026-03-17 02:37:35,030 - INFO - 当前没有可用的红包
2026-03-17 02:37:35,030 - INFO - 检查完成，等待 30 秒后下一轮...
2026-03-17 02:38:05,042 - INFO - 开始新一轮红包检查... (02:38:05)
2026-03-17 02:38:05,042 - INFO - 开始处理红包...
2026-03-17 02:38:05,302 - INFO - 获取到 0 个红包信息
2026-03-17 02:38:05,302 - INFO - 当前没有可用的红包
2026-03-17 02:38:05,302 - INFO - 检查完成，等待 30 秒后下一轮...
2026-03-17 02:38:35,332 - INFO - 开始新一轮红包检查... (02:38:35)
2026-03-17 02:38:35,333 - INFO - 开始处理红包...
2026-03-17 02:38:35,584 - INFO - 获取到 0 个红包信息
2026-03-17 02:38:35,584 - INFO - 当前没有可用的红包
2026-03-17 02:38:35,584 - INFO - 检查完成，等待 30 秒后下一轮...
2026-03-17 02:39:05,614 - INFO - 开始新一轮红包检查... (02:39:05)
2026-03-17 02:39:05,614 - INFO - 开始处理红包...
2026-03-17 02:39:05,861 - INFO - 获取到 0 个红包信息
2026-03-17 02:39:05,862 - INFO - 当前没有可用的红包
2026-03-17 02:39:05,862 - INFO - 检查完成，等待 30 秒后下一轮...
2026-03-17 02:39:35,882 - INFO - 开始新一轮红包检查... (02:39:35)
2026-03-17 02:39:35,882 - INFO - 开始处理红包...
2026-03-17 02:39:36,135 - INFO - 获取到 0 个红包信息
2026-03-17 02:39:36,135 - INFO - 当前没有可用的红包
2026-03-17 02:39:36,135 - INFO - 检查完成，等待 30 秒后下一轮...
2026-03-17 02:40:06,165 - INFO - 开始新一轮红包检查... (02:40:06)
2026-03-17 02:40:06,165 - INFO - 开始处理红包...
2026-03-17 02:40:06,432 - INFO - 获取到 0 个红包信息
2026-03-17 02:40:06,432 - INFO - 当前没有可用的红包
2026-03-17 02:40:06,432 - INFO - 检查完成，等待 30 秒后下一轮...
2026-03-17 02:40:36,462 - INFO - 开始新一轮红包检查... (02:40:36)
2026-03-17 02:40:36,462 - INFO - 开始处理红包...
2026-03-17 02:40:36,729 - INFO - 获取到 0 个红包信息
2026-03-17 02:40:36,729 - INFO - 当前没有可用的红包
2026-03-17 02:40:36,729 - INFO - 检查完成，等待 30 秒后下一轮...
2026-03-17 02:41:06,760 - INFO - 开始新一轮红包检查... (02:41:06)
2026-03-17 02:41:06,760 - INFO - 开始处理红包...
2026-03-17 02:41:07,013 - INFO - 获取到 0 个红包信息
2026-03-17 02:41:07,013 - INFO - 当前没有可用的红包
2026-03-17 02:41:07,013 - INFO - 检查完成，等待 30 秒后下一轮...
2026-03-17 02:41:37,043 - INFO - 开始新一轮红包检查... (02:41:37)
2026-03-17 02:41:37,044 - INFO - 开始处理红包...
2026-03-17 02:41:37,297 - INFO - 获取到 0 个红包信息
2026-03-17 02:41:37,297 - INFO - 当前没有可用的红包
2026-03-17 02:41:37,297 - INFO - 检查完成，等待 30 秒后下一轮...
2026-03-17 02:42:07,327 - INFO - 开始新一轮红包检查... (02:42:07)
2026-03-17 02:42:07,327 - INFO - 开始处理红包...
2026-03-17 02:42:07,597 - INFO - 获取到 0 个红包信息
2026-03-17 02:42:07,597 - INFO - 当前没有可用的红包
2026-03-17 02:42:07,597 - INFO - 检查完成，等待 30 秒后下一轮...
2026-03-17 02:42:37,602 - INFO - 开始新一轮红包检查... (02:42:37)
2026-03-17 02:42:37,602 - INFO - 开始处理红包...
2026-03-17 02:42:37,856 - INFO - 获取到 0 个红包信息
2026-03-17 02:42:37,856 - INFO - 当前没有可用的红包
2026-03-17 02:42:37,857 - INFO - 检查完成，等待 30 秒后下一轮...
2026-03-17 02:43:07,858 - INFO - 开始新一轮红包检查... (02:43:07)
2026-03-17 02:43:07,858 - INFO - 开始处理红包...
2026-03-17 02:43:08,105 - INFO - 获取到 0 个红包信息
2026-03-17 02:43:08,105 - INFO - 当前没有可用的红包
2026-03-17 02:43:08,105 - INFO - 检查完成，等待 30 秒后下一轮...
2026-03-17 02:43:38,135 - INFO - 开始新一轮红包检查... (02:43:38)
2026-03-17 02:43:38,136 - INFO - 开始处理红包...
2026-03-17 02:43:38,381 - INFO - 获取到 0 个红包信息
2026-03-17 02:43:38,381 - INFO - 当前没有可用的红包
2026-03-17 02:43:38,381 - INFO - 检查完成，等待 30 秒后下一轮...
2026-03-17 02:44:08,411 - INFO - 开始新一轮红包检查... (02:44:08)
2026-03-17 02:44:08,411 - INFO - 开始处理红包...
2026-03-17 02:44:08,671 - INFO - 获取到 0 个红包信息
2026-03-17 02:44:08,672 - INFO - 当前没有可用的红包
2026-03-17 02:44:08,672 - INFO - 检查完成，等待 30 秒后下一轮...
2026-03-17 02:44:38,702 - INFO - 开始新一轮红包检查... (02:44:38)
2026-03-17 02:44:38,702 - INFO - 开始处理红包...
2026-03-17 02:44:38,942 - INFO - 获取到 0 个红包信息
2026-03-17 02:44:38,942 - INFO - 当前没有可用的红包
2026-03-17 02:44:38,942 - INFO - 检查完成，等待 30 秒后下一轮...
2026-03-17 02:45:08,950 - INFO - 开始新一轮红包检查... (02:45:08)
2026-03-17 02:45:08,950 - INFO - 开始处理红包...
2026-03-17 02:45:09,210 - INFO - 获取到 0 个红包信息
2026-03-17 02:45:09,210 - INFO - 当前没有可用的红包
2026-03-17 02:45:09,210 - INFO - 检查完成，等待 30 秒后下一轮...
2026-03-17 02:45:39,241 - INFO - 开始新一轮红包检查... (02:45:39)
2026-03-17 02:45:39,241 - INFO - 开始处理红包...
2026-03-17 02:45:39,482 - INFO - 获取到 0 个红包信息
2026-03-17 02:45:39,482 - INFO - 当前没有可用的红包
2026-03-17 02:45:39,482 - INFO - 检查完成，等待 30 秒后下一轮...
2026-03-17 02:46:09,506 - INFO - 开始新一轮红包检查... (02:46:09)
2026-03-17 02:46:09,506 - INFO - 开始处理红包...
2026-03-17 02:46:09,757 - INFO - 获取到 0 个红包信息
2026-03-17 02:46:09,757 - INFO - 当前没有可用的红包
2026-03-17 02:46:09,757 - INFO - 检查完成，等待 30 秒后下一轮...
2026-03-17 02:46:39,787 - INFO - 开始新一轮红包检查... (02:46:39)
2026-03-17 02:46:39,787 - INFO - 开始处理红包...
2026-03-17 02:46:40,033 - INFO - 获取到 0 个红包信息
2026-03-17 02:46:40,033 - INFO - 当前没有可用的红包
2026-03-17 02:46:40,033 - INFO - 检查完成，等待 30 秒后下一轮...
2026-03-17 02:47:10,064 - INFO - 开始新一轮红包检查... (02:47:10)
2026-03-17 02:47:10,064 - INFO - 开始处理红包...
2026-03-17 02:47:10,305 - INFO - 获取到 0 个红包信息
2026-03-17 02:47:10,305 - INFO - 当前没有可用的红包
2026-03-17 02:47:10,305 - INFO - 检查完成，等待 30 秒后下一轮...
2026-03-17 02:47:40,322 - INFO - 开始新一轮红包检查... (02:47:40)
2026-03-17 02:47:40,322 - INFO - 开始处理红包...
2026-03-17 02:47:40,572 - INFO - 获取到 0 个红包信息
2026-03-17 02:47:40,572 - INFO - 当前没有可用的红包
2026-03-17 02:47:40,572 - INFO - 检查完成，等待 30 秒后下一轮...
2026-03-17 02:48:10,602 - INFO - 开始新一轮红包检查... (02:48:10)
2026-03-17 02:48:10,602 - INFO - 开始处理红包...
2026-03-17 02:48:10,856 - INFO - 获取到 0 个红包信息
2026-03-17 02:48:10,856 - INFO - 当前没有可用的红包
2026-03-17 02:48:10,856 - INFO - 检查完成，等待 30 秒后下一轮...
2026-03-17 02:48:40,886 - INFO - 开始新一轮红包检查... (02:48:40)
2026-03-17 02:48:40,886 - INFO - 开始处理红包...
2026-03-17 02:48:41,138 - INFO - 获取到 0 个红包信息
2026-03-17 02:48:41,138 - INFO - 当前没有可用的红包
2026-03-17 02:48:41,138 - INFO - 检查完成，等待 30 秒后下一轮...
2026-03-17 02:49:11,169 - INFO - 开始新一轮红包检查... (02:49:11)
2026-03-17 02:49:11,169 - INFO - 开始处理红包...
2026-03-17 02:49:11,419 - INFO - 获取到 0 个红包信息
2026-03-17 02:49:11,419 - INFO - 当前没有可用的红包
2026-03-17 02:49:11,419 - INFO - 检查完成，等待 30 秒后下一轮...
2026-03-17 02:49:41,426 - INFO - 开始新一轮红包检查... (02:49:41)
2026-03-17 02:49:41,426 - INFO - 开始处理红包...
2026-03-17 02:49:41,687 - INFO - 获取到 0 个红包信息
2026-03-17 02:49:41,687 - INFO - 当前没有可用的红包
2026-03-17 02:49:41,687 - INFO - 检查完成，等待 30 秒后下一轮...
2026-03-17 02:50:11,703 - INFO - 开始新一轮红包检查... (02:50:11)
2026-03-17 02:50:11,703 - INFO - 开始处理红包...
2026-03-17 02:50:11,945 - INFO - 获取到 0 个红包信息
2026-03-17 02:50:11,945 - INFO - 当前没有可用的红包
2026-03-17 02:50:11,945 - INFO - 检查完成，等待 30 秒后下一轮...
2026-03-17 02:50:41,954 - INFO - 开始新一轮红包检查... (02:50:41)
2026-03-17 02:50:41,954 - INFO - 开始处理红包...
2026-03-17 02:50:42,190 - INFO - 获取到 0 个红包信息
2026-03-17 02:50:42,191 - INFO - 当前没有可用的红包
2026-03-17 02:50:42,191 - INFO - 检查完成，等待 30 秒后下一轮...
2026-03-17 02:51:12,213 - INFO - 开始新一轮红包检查... (02:51:12)
2026-03-17 02:51:12,213 - INFO - 开始处理红包...
2026-03-17 02:51:12,472 - INFO - 获取到 0 个红包信息
2026-03-17 02:51:12,472 - INFO - 当前没有可用的红包
2026-03-17 02:51:12,472 - INFO - 检查完成，等待 30 秒后下一轮...
2026-03-17 02:51:42,473 - INFO - 开始新一轮红包检查... (02:51:42)
2026-03-17 02:51:42,473 - INFO - 开始处理红包...
2026-03-17 02:51:42,742 - INFO - 获取到 0 个红包信息
2026-03-17 02:51:42,742 - INFO - 当前没有可用的红包
2026-03-17 02:51:42,742 - INFO - 检查完成，等待 30 秒后下一轮...
2026-03-17 02:52:12,772 - INFO - 开始新一轮红包检查... (02:52:12)
2026-03-17 02:52:12,772 - INFO - 开始处理红包...
2026-03-17 02:52:13,041 - INFO - 获取到 0 个红包信息
2026-03-17 02:52:13,041 - INFO - 当前没有可用的红包
2026-03-17 02:52:13,041 - INFO - 检查完成，等待 30 秒后下一轮...
2026-03-17 02:52:43,071 - INFO - 开始新一轮红包检查... (02:52:43)
2026-03-17 02:52:43,071 - INFO - 开始处理红包...
2026-03-17 02:52:43,324 - INFO - 获取到 0 个红包信息
2026-03-17 02:52:43,325 - INFO - 当前没有可用的红包
2026-03-17 02:52:43,325 - INFO - 检查完成，等待 30 秒后下一轮...
2026-03-17 02:53:13,353 - INFO - 开始新一轮红包检查... (02:53:13)
2026-03-17 02:53:13,353 - INFO - 开始处理红包...
2026-03-17 02:53:13,610 - INFO - 获取到 0 个红包信息
2026-03-17 02:53:13,610 - INFO - 当前没有可用的红包
2026-03-17 02:53:13,610 - INFO - 检查完成，等待 30 秒后下一轮...
2026-03-17 02:53:43,640 - INFO - 开始新一轮红包检查... (02:53:43)
2026-03-17 02:53:43,641 - INFO - 开始处理红包...
2026-03-17 02:53:43,887 - INFO - 获取到 0 个红包信息
2026-03-17 02:53:43,887 - INFO - 当前没有可用的红包
2026-03-17 02:53:43,887 - INFO - 检查完成，等待 30 秒后下一轮...
2026-03-17 02:54:13,917 - INFO - 开始新一轮红包检查... (02:54:13)
2026-03-17 02:54:13,917 - INFO - 开始处理红包...
2026-03-17 02:54:14,167 - INFO - 获取到 0 个红包信息
2026-03-17 02:54:14,167 - INFO - 当前没有可用的红包
2026-03-17 02:54:14,167 - INFO - 检查完成，等待 30 秒后下一轮...
2026-03-17 02:54:44,194 - INFO - 开始新一轮红包检查... (02:54:44)
2026-03-17 02:54:44,194 - INFO - 开始处理红包...
2026-03-17 02:54:44,446 - INFO - 获取到 0 个红包信息
2026-03-17 02:54:44,446 - INFO - 当前没有可用的红包
2026-03-17 02:54:44,446 - INFO - 检查完成，等待 30 秒后下一轮...
2026-03-17 02:55:14,476 - INFO - 开始新一轮红包检查... (02:55:14)
2026-03-17 02:55:14,476 - INFO - 开始处理红包...
2026-03-17 02:55:14,738 - INFO - 获取到 0 个红包信息
2026-03-17 02:55:14,738 - INFO - 当前没有可用的红包
2026-03-17 02:55:14,738 - INFO - 检查完成，等待 30 秒后下一轮...
2026-03-17 02:55:44,768 - INFO - 开始新一轮红包检查... (02:55:44)
2026-03-17 02:55:44,768 - INFO - 开始处理红包...
2026-03-17 02:55:45,150 - INFO - 获取到 0 个红包信息
2026-03-17 02:55:45,150 - INFO - 当前没有可用的红包
2026-03-17 02:55:45,150 - INFO - 检查完成，等待 30 秒后下一轮...
2026-03-17 02:56:15,160 - INFO - 开始新一轮红包检查... (02:56:15)
2026-03-17 02:56:15,160 - INFO - 开始处理红包...
2026-03-17 02:56:15,405 - INFO - 获取到 0 个红包信息
2026-03-17 02:56:15,405 - INFO - 当前没有可用的红包
2026-03-17 02:56:15,405 - INFO - 检查完成，等待 30 秒后下一轮...
2026-03-17 02:56:45,436 - INFO - 开始新一轮红包检查... (02:56:45)
2026-03-17 02:56:45,436 - INFO - 开始处理红包...
2026-03-17 02:56:45,687 - INFO - 获取到 0 个红包信息
2026-03-17 02:56:45,687 - INFO - 当前没有可用的红包
2026-03-17 02:56:45,687 - INFO - 检查完成，等待 30 秒后下一轮...
2026-03-17 02:57:15,713 - INFO - 开始新一轮红包检查... (02:57:15)
2026-03-17 02:57:15,713 - INFO - 开始处理红包...
2026-03-17 02:57:15,964 - INFO - 获取到 0 个红包信息
2026-03-17 02:57:15,965 - INFO - 当前没有可用的红包
2026-03-17 02:57:15,965 - INFO - 检查完成，等待 30 秒后下一轮...
2026-03-17 02:57:45,981 - INFO - 开始新一轮红包检查... (02:57:45)
2026-03-17 02:57:45,982 - INFO - 开始处理红包...
2026-03-17 02:57:46,227 - INFO - 获取到 1 个红包信息
2026-03-17 02:57:46,227 - INFO - 本轮处理完成: 0 个红包待处理, 0 个红包成功领取
2026-03-17 02:57:46,227 - INFO - 检查完成，等待 30 秒后下一轮...
2026-03-17 02:58:16,257 - INFO - 开始新一轮红包检查... (02:58:16)
2026-03-17 02:58:16,257 - INFO - 开始处理红包...
2026-03-17 02:58:16,510 - INFO - 获取到 1 个红包信息
2026-03-17 02:58:16,510 - INFO - 本轮处理完成: 0 个红包待处理, 0 个红包成功领取
2026-03-17 02:58:16,510 - INFO - 检查完成，等待 30 秒后下一轮...
2026-03-17 02:58:46,540 - INFO - 开始新一轮红包检查... (02:58:46)
2026-03-17 02:58:46,540 - INFO - 开始处理红包...
2026-03-17 02:58:46,802 - INFO - 获取到 1 个红包信息
2026-03-17 02:58:46,802 - INFO - 本轮处理完成: 0 个红包待处理, 0 个红包成功领取
2026-03-17 02:58:46,802 - INFO - 检查完成，等待 30 秒后下一轮...
2026-03-17 02:59:16,832 - INFO - 开始新一轮红包检查... (02:59:16)
2026-03-17 02:59:16,833 - INFO - 开始处理红包...
2026-03-17 02:59:17,090 - INFO - 获取到 1 个红包信息
2026-03-17 02:59:17,091 - INFO - 本轮处理完成: 0 个红包待处理, 0 个红包成功领取
2026-03-17 02:59:17,091 - INFO - 检查完成，等待 30 秒后下一轮...
2026-03-17 02:59:47,121 - INFO - 开始新一轮红包检查... (02:59:47)
2026-03-17 02:59:47,121 - INFO - 开始处理红包...
2026-03-17 02:59:47,368 - INFO - 获取到 1 个红包信息
2026-03-17 02:59:47,368 - INFO - 本轮处理完成: 0 个红包待处理, 0 个红包成功领取
2026-03-17 02:59:47,368 - INFO - 检查完成，等待 30 秒后下一轮...
2026-03-17 03:00:17,399 - INFO - 开始新一轮红包检查... (03:00:17)
2026-03-17 03:00:17,399 - INFO - 开始处理红包...
2026-03-17 03:00:17,710 - INFO - 获取到 1 个红包信息
2026-03-17 03:00:17,710 - INFO - 本轮处理完成: 0 个红包待处理, 0 个红包成功领取
2026-03-17 03:00:17,710 - INFO - 检查完成，等待 30 秒后下一轮...
2026-03-17 03:00:47,740 - INFO - 开始新一轮红包检查... (03:00:47)
2026-03-17 03:00:47,740 - INFO - 开始处理红包...
2026-03-17 03:00:48,002 - INFO - 获取到 1 个红包信息
2026-03-17 03:00:48,002 - INFO - 本轮处理完成: 0 个红包待处理, 0 个红包成功领取
2026-03-17 03:00:48,002 - INFO - 检查完成，等待 30 秒后下一轮...
2026-03-17 03:01:18,018 - INFO - 开始新一轮红包检查... (03:01:18)
2026-03-17 03:01:18,018 - INFO - 开始处理红包...
2026-03-17 03:01:18,270 - INFO - 获取到 1 个红包信息
2026-03-17 03:01:18,270 - INFO - 本轮处理完成: 0 个红包待处理, 0 个红包成功领取
2026-03-17 03:01:18,270 - INFO - 检查完成，等待 30 秒后下一轮...
2026-03-17 03:01:48,301 - INFO - 开始新一轮红包检查... (03:01:48)
2026-03-17 03:01:48,301 - INFO - 开始处理红包...
2026-03-17 03:01:48,544 - INFO - 获取到 1 个红包信息
2026-03-17 03:01:48,544 - INFO - 本轮处理完成: 0 个红包待处理, 0 个红包成功领取
2026-03-17 03:01:48,544 - INFO - 检查完成，等待 30 秒后下一轮...
2026-03-17 03:02:18,546 - INFO - 开始新一轮红包检查... (03:02:18)
2026-03-17 03:02:18,546 - INFO - 开始处理红包...
2026-03-17 03:02:18,796 - INFO - 获取到 1 个红包信息
2026-03-17 03:02:18,796 - INFO - 本轮处理完成: 0 个红包待处理, 0 个红包成功领取
2026-03-17 03:02:18,796 - INFO - 检查完成，等待 30 秒后下一轮...
2026-03-17 03:02:48,826 - INFO - 开始新一轮红包检查... (03:02:48)
2026-03-17 03:02:48,827 - INFO - 开始处理红包...
2026-03-17 03:02:49,062 - INFO - 获取到 1 个红包信息
2026-03-17 03:02:49,062 - INFO - 本轮处理完成: 0 个红包待处理, 0 个红包成功领取
2026-03-17 03:02:49,062 - INFO - 检查完成，等待 30 秒后下一轮...
2026-03-17 03:03:19,092 - INFO - 开始新一轮红包检查... (03:03:19)
2026-03-17 03:03:19,093 - INFO - 开始处理红包...
2026-03-17 03:03:19,354 - INFO - 获取到 1 个红包信息
2026-03-17 03:03:19,354 - INFO - 本轮处理完成: 0 个红包待处理, 0 个红包成功领取
2026-03-17 03:03:19,354 - INFO - 检查完成，等待 30 秒后下一轮...
2026-03-17 03:03:49,384 - INFO - 开始新一轮红包检查... (03:03:49)
2026-03-17 03:03:49,384 - INFO - 开始处理红包...
2026-03-17 03:03:49,637 - INFO - 获取到 1 个红包信息
2026-03-17 03:03:49,638 - INFO - 本轮处理完成: 0 个红包待处理, 0 个红包成功领取
2026-03-17 03:03:49,638 - INFO - 检查完成，等待 30 秒后下一轮...
2026-03-17 03:04:19,655 - INFO - 开始新一轮红包检查... (03:04:19)
2026-03-17 03:04:19,656 - INFO - 开始处理红包...
2026-03-17 03:04:19,937 - INFO - 获取到 1 个红包信息
2026-03-17 03:04:19,937 - INFO - 本轮处理完成: 0 个红包待处理, 0 个红包成功领取
2026-03-17 03:04:19,937 - INFO - 检查完成，等待 30 秒后下一轮...
2026-03-17 03:04:49,967 - INFO - 开始新一轮红包检查... (03:04:49)
2026-03-17 03:04:49,968 - INFO - 开始处理红包...
2026-03-17 03:04:50,221 - INFO - 获取到 1 个红包信息
2026-03-17 03:04:50,221 - INFO - 本轮处理完成: 0 个红包待处理, 0 个红包成功领取
2026-03-17 03:04:50,221 - INFO - 检查完成，等待 30 秒后下一轮...
2026-03-17 03:05:20,252 - INFO - 开始新一轮红包检查... (03:05:20)
2026-03-17 03:05:20,252 - INFO - 开始处理红包...
2026-03-17 03:05:20,510 - INFO - 获取到 1 个红包信息
2026-03-17 03:05:20,510 - INFO - 本轮处理完成: 0 个红包待处理, 0 个红包成功领取
2026-03-17 03:05:20,511 - INFO - 检查完成，等待 30 秒后下一轮...
2026-03-17 03:05:50,541 - INFO - 开始新一轮红包检查... (03:05:50)
2026-03-17 03:05:50,541 - INFO - 开始处理红包...
2026-03-17 03:05:50,786 - INFO - 获取到 1 个红包信息
2026-03-17 03:05:50,787 - INFO - 本轮处理完成: 0 个红包待处理, 0 个红包成功领取
2026-03-17 03:05:50,787 - INFO - 检查完成，等待 30 秒后下一轮...
2026-03-17 03:06:20,817 - INFO - 开始新一轮红包检查... (03:06:20)
2026-03-17 03:06:20,817 - INFO - 开始处理红包...
2026-03-17 03:06:21,153 - INFO - 获取到 1 个红包信息
2026-03-17 03:06:21,153 - INFO - 本轮处理完成: 0 个红包待处理, 0 个红包成功领取
2026-03-17 03:06:21,153 - INFO - 检查完成，等待 30 秒后下一轮...
2026-03-17 03:06:51,183 - INFO - 开始新一轮红包检查... (03:06:51)
2026-03-17 03:06:51,183 - INFO - 开始处理红包...
2026-03-17 03:06:51,439 - INFO - 获取到 1 个红包信息
2026-03-17 03:06:51,439 - INFO - 本轮处理完成: 0 个红包待处理, 0 个红包成功领取
2026-03-17 03:06:51,439 - INFO - 检查完成，等待 30 秒后下一轮...
2026-03-17 03:07:21,469 - INFO - 开始新一轮红包检查... (03:07:21)
2026-03-17 03:07:21,469 - INFO - 开始处理红包...
2026-03-17 03:07:21,746 - INFO - 获取到 1 个红包信息
2026-03-17 03:07:21,747 - INFO - 本轮处理完成: 0 个红包待处理, 0 个红包成功领取
2026-03-17 03:07:21,747 - INFO - 检查完成，等待 30 秒后下一轮...
2026-03-17 03:07:51,762 - INFO - 开始新一轮红包检查... (03:07:51)
2026-03-17 03:07:51,762 - INFO - 开始处理红包...
2026-03-17 03:07:52,021 - INFO - 获取到 1 个红包信息
2026-03-17 03:07:52,021 - INFO - 本轮处理完成: 0 个红包待处理, 0 个红包成功领取
2026-03-17 03:07:52,021 - INFO - 检查完成，等待 30 秒后下一轮...
2026-03-17 03:08:22,050 - INFO - 开始新一轮红包检查... (03:08:22)
2026-03-17 03:08:22,050 - INFO - 开始处理红包...
2026-03-17 03:08:22,355 - INFO - 获取到 1 个红包信息
2026-03-17 03:08:22,355 - INFO - 本轮处理完成: 0 个红包待处理, 0 个红包成功领取
2026-03-17 03:08:22,355 - INFO - 检查完成，等待 30 秒后下一轮...
2026-03-17 03:08:52,386 - INFO - 开始新一轮红包检查... (03:08:52)
2026-03-17 03:08:52,386 - INFO - 开始处理红包...
2026-03-17 03:08:52,634 - INFO - 获取到 1 个红包信息
2026-03-17 03:08:52,635 - INFO - 本轮处理完成: 0 个红包待处理, 0 个红包成功领取
2026-03-17 03:08:52,635 - INFO - 检查完成，等待 30 秒后下一轮...
2026-03-17 03:09:22,665 - INFO - 开始新一轮红包检查... (03:09:22)
2026-03-17 03:09:22,665 - INFO - 开始处理红包...
2026-03-17 03:09:22,935 - INFO - 获取到 1 个红包信息
2026-03-17 03:09:22,935 - INFO - 本轮处理完成: 0 个红包待处理, 0 个红包成功领取
2026-03-17 03:09:22,935 - INFO - 检查完成，等待 30 秒后下一轮...
2026-03-17 03:09:52,965 - INFO - 开始新一轮红包检查... (03:09:52)
2026-03-17 03:09:52,966 - INFO - 开始处理红包...
2026-03-17 03:09:53,213 - INFO - 获取到 1 个红包信息
2026-03-17 03:09:53,213 - INFO - 本轮处理完成: 0 个红包待处理, 0 个红包成功领取
2026-03-17 03:09:53,213 - INFO - 检查完成，等待 30 秒后下一轮...
2026-03-17 03:10:23,243 - INFO - 开始新一轮红包检查... (03:10:23)
2026-03-17 03:10:23,243 - INFO - 开始处理红包...
2026-03-17 03:10:23,502 - INFO - 获取到 1 个红包信息
2026-03-17 03:10:23,503 - INFO - 本轮处理完成: 0 个红包待处理, 0 个红包成功领取
2026-03-17 03:10:23,503 - INFO - 检查完成，等待 30 秒后下一轮...
2026-03-17 03:10:53,533 - INFO - 开始新一轮红包检查... (03:10:53)
2026-03-17 03:10:53,533 - INFO - 开始处理红包...
2026-03-17 03:10:53,802 - INFO - 获取到 1 个红包信息
2026-03-17 03:10:53,802 - INFO - 本轮处理完成: 0 个红包待处理, 0 个红包成功领取
2026-03-17 03:10:53,802 - INFO - 检查完成，等待 30 秒后下一轮...
2026-03-17 03:11:23,832 - INFO - 开始新一轮红包检查... (03:11:23)
2026-03-17 03:11:23,832 - INFO - 开始处理红包...
2026-03-17 03:11:24,077 - INFO - 获取到 1 个红包信息
2026-03-17 03:11:24,077 - INFO - 本轮处理完成: 0 个红包待处理, 0 个红包成功领取
2026-03-17 03:11:24,077 - INFO - 检查完成，等待 30 秒后下一轮...
2026-03-17 03:11:54,082 - INFO - 开始新一轮红包检查... (03:11:54)
2026-03-17 03:11:54,082 - INFO - 开始处理红包...
2026-03-17 03:11:54,341 - INFO - 获取到 1 个红包信息
2026-03-17 03:11:54,343 - INFO - 本轮处理完成: 0 个红包待处理, 0 个红包成功领取
2026-03-17 03:11:54,343 - INFO - 检查完成，等待 30 秒后下一轮...
2026-03-17 03:12:24,373 - INFO - 开始新一轮红包检查... (03:12:24)
2026-03-17 03:12:24,373 - INFO - 开始处理红包...
2026-03-17 03:12:24,630 - INFO - 获取到 1 个红包信息
2026-03-17 03:12:24,630 - INFO - 本轮处理完成: 0 个红包待处理, 0 个红包成功领取
2026-03-17 03:12:24,631 - INFO - 检查完成，等待 30 秒后下一轮...
2026-03-17 03:12:54,661 - INFO - 开始新一轮红包检查... (03:12:54)
2026-03-17 03:12:54,661 - INFO - 开始处理红包...
2026-03-17 03:12:54,918 - INFO - 获取到 1 个红包信息
2026-03-17 03:12:54,918 - INFO - 本轮处理完成: 0 个红包待处理, 0 个红包成功领取
2026-03-17 03:12:54,918 - INFO - 检查完成，等待 30 秒后下一轮...
2026-03-17 03:13:24,948 - INFO - 开始新一轮红包检查... (03:13:24)
2026-03-17 03:13:24,949 - INFO - 开始处理红包...
2026-03-17 03:13:25,207 - INFO - 获取到 1 个红包信息
2026-03-17 03:13:25,207 - INFO - 本轮处理完成: 0 个红包待处理, 0 个红包成功领取
2026-03-17 03:13:25,207 - INFO - 检查完成，等待 30 秒后下一轮...
2026-03-17 03:13:55,238 - INFO - 开始新一轮红包检查... (03:13:55)
2026-03-17 03:13:55,238 - INFO - 开始处理红包...
2026-03-17 03:13:55,485 - INFO - 获取到 1 个红包信息
2026-03-17 03:13:55,485 - INFO - 本轮处理完成: 0 个红包待处理, 0 个红包成功领取
2026-03-17 03:13:55,485 - INFO - 检查完成，等待 30 秒后下一轮...
2026-03-17 03:14:25,515 - INFO - 开始新一轮红包检查... (03:14:25)
2026-03-17 03:14:25,516 - INFO - 开始处理红包...
2026-03-17 03:14:25,765 - INFO - 获取到 1 个红包信息
2026-03-17 03:14:25,765 - INFO - 本轮处理完成: 0 个红包待处理, 0 个红包成功领取
2026-03-17 03:14:25,765 - INFO - 检查完成，等待 30 秒后下一轮...
2026-03-17 03:14:55,795 - INFO - 开始新一轮红包检查... (03:14:55)
2026-03-17 03:14:55,795 - INFO - 开始处理红包...
2026-03-17 03:14:56,045 - INFO - 获取到 1 个红包信息
2026-03-17 03:14:56,045 - INFO - 本轮处理完成: 0 个红包待处理, 0 个红包成功领取
2026-03-17 03:14:56,045 - INFO - 检查完成，等待 30 秒后下一轮...
2026-03-17 03:15:26,050 - INFO - 开始新一轮红包检查... (03:15:26)
2026-03-17 03:15:26,050 - INFO - 开始处理红包...
2026-03-17 03:15:26,308 - INFO - 获取到 1 个红包信息
2026-03-17 03:15:26,308 - INFO - 本轮处理完成: 0 个红包待处理, 0 个红包成功领取
2026-03-17 03:15:26,309 - INFO - 检查完成，等待 30 秒后下一轮...
2026-03-17 03:15:56,339 - INFO - 开始新一轮红包检查... (03:15:56)
2026-03-17 03:15:56,339 - INFO - 开始处理红包...
2026-03-17 03:15:56,579 - INFO - 获取到 1 个红包信息
2026-03-17 03:15:56,579 - INFO - 本轮处理完成: 0 个红包待处理, 0 个红包成功领取
2026-03-17 03:15:56,579 - INFO - 检查完成，等待 30 秒后下一轮...
2026-03-17 03:16:26,594 - INFO - 开始新一轮红包检查... (03:16:26)
2026-03-17 03:16:26,594 - INFO - 开始处理红包...
2026-03-17 03:16:26,858 - INFO - 获取到 1 个红包信息
2026-03-17 03:16:26,858 - INFO - 本轮处理完成: 0 个红包待处理, 0 个红包成功领取
2026-03-17 03:16:26,858 - INFO - 检查完成，等待 30 秒后下一轮...
2026-03-17 03:16:56,866 - INFO - 开始新一轮红包检查... (03:16:56)
2026-03-17 03:16:56,866 - INFO - 开始处理红包...
2026-03-17 03:16:57,138 - INFO - 获取到 1 个红包信息
2026-03-17 03:16:57,139 - INFO - 本轮处理完成: 0 个红包待处理, 0 个红包成功领取
2026-03-17 03:16:57,139 - INFO - 检查完成，等待 30 秒后下一轮...
2026-03-17 03:17:27,152 - INFO - 开始新一轮红包检查... (03:17:27)
2026-03-17 03:17:27,153 - INFO - 开始处理红包...
2026-03-17 03:17:27,408 - INFO - 获取到 1 个红包信息
2026-03-17 03:17:27,408 - INFO - 本轮处理完成: 0 个红包待处理, 0 个红包成功领取
2026-03-17 03:17:27,408 - INFO - 检查完成，等待 30 秒后下一轮...
2026-03-17 03:17:57,438 - INFO - 开始新一轮红包检查... (03:17:57)
2026-03-17 03:17:57,438 - INFO - 开始处理红包...
2026-03-17 03:17:57,698 - INFO - 获取到 1 个红包信息
2026-03-17 03:17:57,698 - INFO - 本轮处理完成: 0 个红包待处理, 0 个红包成功领取
2026-03-17 03:17:57,698 - INFO - 检查完成，等待 30 秒后下一轮...
2026-03-17 03:18:27,728 - INFO - 开始新一轮红包检查... (03:18:27)
2026-03-17 03:18:27,729 - INFO - 开始处理红包...
2026-03-17 03:18:27,987 - INFO - 获取到 1 个红包信息
2026-03-17 03:18:27,987 - INFO - 本轮处理完成: 0 个红包待处理, 0 个红包成功领取
2026-03-17 03:18:27,989 - INFO - 检查完成，等待 30 秒后下一轮...
2026-03-17 03:18:58,019 - INFO - 开始新一轮红包检查... (03:18:58)
2026-03-17 03:18:58,019 - INFO - 开始处理红包...
2026-03-17 03:18:58,266 - INFO - 获取到 1 个红包信息
2026-03-17 03:18:58,266 - INFO - 本轮处理完成: 0 个红包待处理, 0 个红包成功领取
2026-03-17 03:18:58,266 - INFO - 检查完成，等待 30 秒后下一轮...
2026-03-17 03:19:28,296 - INFO - 开始新一轮红包检查... (03:19:28)
2026-03-17 03:19:28,296 - INFO - 开始处理红包...
2026-03-17 03:19:28,543 - INFO - 获取到 1 个红包信息
2026-03-17 03:19:28,543 - INFO - 本轮处理完成: 0 个红包待处理, 0 个红包成功领取
2026-03-17 03:19:28,543 - INFO - 检查完成，等待 30 秒后下一轮...
2026-03-17 03:19:58,573 - INFO - 开始新一轮红包检查... (03:19:58)
2026-03-17 03:19:58,573 - INFO - 开始处理红包...
2026-03-17 03:19:58,834 - INFO - 获取到 1 个红包信息
2026-03-17 03:19:58,834 - INFO - 本轮处理完成: 0 个红包待处理, 0 个红包成功领取
2026-03-17 03:19:58,834 - INFO - 检查完成，等待 30 秒后下一轮...
2026-03-17 03:20:28,859 - INFO - 开始新一轮红包检查... (03:20:28)
2026-03-17 03:20:28,859 - INFO - 开始处理红包...
2026-03-17 03:20:29,111 - INFO - 获取到 1 个红包信息
2026-03-17 03:20:29,111 - INFO - 本轮处理完成: 0 个红包待处理, 0 个红包成功领取
2026-03-17 03:20:29,111 - INFO - 检查完成，等待 30 秒后下一轮...
2026-03-17 03:20:59,141 - INFO - 开始新一轮红包检查... (03:20:59)
2026-03-17 03:20:59,141 - INFO - 开始处理红包...
2026-03-17 03:20:59,389 - INFO - 获取到 1 个红包信息
2026-03-17 03:20:59,389 - INFO - 本轮处理完成: 0 个红包待处理, 0 个红包成功领取
2026-03-17 03:20:59,389 - INFO - 检查完成，等待 30 秒后下一轮...
2026-03-17 03:21:29,420 - INFO - 开始新一轮红包检查... (03:21:29)
2026-03-17 03:21:29,420 - INFO - 开始处理红包...
2026-03-17 03:21:29,675 - INFO - 获取到 1 个红包信息
2026-03-17 03:21:29,675 - INFO - 本轮处理完成: 0 个红包待处理, 0 个红包成功领取
2026-03-17 03:21:29,676 - INFO - 检查完成，等待 30 秒后下一轮...
2026-03-17 03:21:59,706 - INFO - 开始新一轮红包检查... (03:21:59)
2026-03-17 03:21:59,706 - INFO - 开始处理红包...
2026-03-17 03:21:59,959 - INFO - 获取到 1 个红包信息
2026-03-17 03:21:59,960 - INFO - 本轮处理完成: 0 个红包待处理, 0 个红包成功领取
2026-03-17 03:21:59,960 - INFO - 检查完成，等待 30 秒后下一轮...
2026-03-17 03:22:29,986 - INFO - 开始新一轮红包检查... (03:22:29)
2026-03-17 03:22:29,986 - INFO - 开始处理红包...
2026-03-17 03:22:30,255 - INFO - 获取到 1 个红包信息
2026-03-17 03:22:30,256 - INFO - 本轮处理完成: 0 个红包待处理, 0 个红包成功领取
2026-03-17 03:22:30,256 - INFO - 检查完成，等待 30 秒后下一轮...
2026-03-17 03:23:00,258 - INFO - 开始新一轮红包检查... (03:23:00)
2026-03-17 03:23:00,258 - INFO - 开始处理红包...
2026-03-17 03:23:00,561 - INFO - 获取到 1 个红包信息
2026-03-17 03:23:00,561 - INFO - 本轮处理完成: 0 个红包待处理, 0 个红包成功领取
2026-03-17 03:23:00,561 - INFO - 检查完成，等待 30 秒后下一轮...
2026-03-17 03:23:30,591 - INFO - 开始新一轮红包检查... (03:23:30)
2026-03-17 03:23:30,591 - INFO - 开始处理红包...
2026-03-17 03:23:30,879 - INFO - 获取到 1 个红包信息
2026-03-17 03:23:30,879 - INFO - 本轮处理完成: 0 个红包待处理, 0 个红包成功领取
2026-03-17 03:23:30,879 - INFO - 检查完成，等待 30 秒后下一轮...
2026-03-17 03:24:00,909 - INFO - 开始新一轮红包检查... (03:24:00)
2026-03-17 03:24:00,909 - INFO - 开始处理红包...
2026-03-17 03:24:01,167 - INFO - 获取到 1 个红包信息
2026-03-17 03:24:01,167 - INFO - 本轮处理完成: 0 个红包待处理, 0 个红包成功领取
2026-03-17 03:24:01,167 - INFO - 检查完成，等待 30 秒后下一轮...
2026-03-17 03:24:31,197 - INFO - 开始新一轮红包检查... (03:24:31)
2026-03-17 03:24:31,197 - INFO - 开始处理红包...
2026-03-17 03:24:31,458 - INFO - 获取到 1 个红包信息
2026-03-17 03:24:31,458 - INFO - 本轮处理完成: 0 个红包待处理, 0 个红包成功领取
2026-03-17 03:24:31,458 - INFO - 检查完成，等待 30 秒后下一轮...
2026-03-17 03:25:01,488 - INFO - 开始新一轮红包检查... (03:25:01)
2026-03-17 03:25:01,489 - INFO - 开始处理红包...
2026-03-17 03:25:01,741 - INFO - 获取到 1 个红包信息
2026-03-17 03:25:01,741 - INFO - 本轮处理完成: 0 个红包待处理, 0 个红包成功领取
2026-03-17 03:25:01,741 - INFO - 检查完成，等待 30 秒后下一轮...
2026-03-17 03:25:31,758 - INFO - 开始新一轮红包检查... (03:25:31)
2026-03-17 03:25:31,758 - INFO - 开始处理红包...
2026-03-17 03:25:32,006 - INFO - 获取到 1 个红包信息
2026-03-17 03:25:32,006 - INFO - 本轮处理完成: 0 个红包待处理, 0 个红包成功领取
2026-03-17 03:25:32,006 - INFO - 检查完成，等待 30 秒后下一轮...
2026-03-17 03:26:02,036 - INFO - 开始新一轮红包检查... (03:26:02)
2026-03-17 03:26:02,037 - INFO - 开始处理红包...
2026-03-17 03:26:02,293 - INFO - 获取到 1 个红包信息
2026-03-17 03:26:02,293 - INFO - 本轮处理完成: 0 个红包待处理, 0 个红包成功领取
2026-03-17 03:26:02,293 - INFO - 检查完成，等待 30 秒后下一轮...
2026-03-17 03:26:32,322 - INFO - 开始新一轮红包检查... (03:26:32)
2026-03-17 03:26:32,322 - INFO - 开始处理红包...
2026-03-17 03:26:32,588 - INFO - 获取到 1 个红包信息
2026-03-17 03:26:32,588 - INFO - 本轮处理完成: 0 个红包待处理, 0 个红包成功领取
2026-03-17 03:26:32,588 - INFO - 检查完成，等待 30 秒后下一轮...
2026-03-17 03:27:02,619 - INFO - 开始新一轮红包检查... (03:27:02)
2026-03-17 03:27:02,619 - INFO - 开始处理红包...
2026-03-17 03:27:02,882 - INFO - 获取到 1 个红包信息
2026-03-17 03:27:02,883 - INFO - 本轮处理完成: 0 个红包待处理, 0 个红包成功领取
2026-03-17 03:27:02,883 - INFO - 检查完成，等待 30 秒后下一轮...
2026-03-17 03:27:32,898 - INFO - 开始新一轮红包检查... (03:27:32)
2026-03-17 03:27:32,898 - INFO - 开始处理红包...
2026-03-17 03:27:33,150 - INFO - 获取到 1 个红包信息
2026-03-17 03:27:33,150 - INFO - 本轮处理完成: 0 个红包待处理, 0 个红包成功领取
2026-03-17 03:27:33,151 - INFO - 检查完成，等待 30 秒后下一轮...
2026-03-17 03:28:03,170 - INFO - 开始新一轮红包检查... (03:28:03)
2026-03-17 03:28:03,170 - INFO - 开始处理红包...
2026-03-17 03:28:03,421 - INFO - 获取到 1 个红包信息
2026-03-17 03:28:03,421 - INFO - 本轮处理完成: 0 个红包待处理, 0 个红包成功领取
2026-03-17 03:28:03,421 - INFO - 检查完成，等待 30 秒后下一轮...
2026-03-17 03:28:33,452 - INFO - 开始新一轮红包检查... (03:28:33)
2026-03-17 03:28:33,452 - INFO - 开始处理红包...
2026-03-17 03:28:33,706 - INFO - 获取到 1 个红包信息
2026-03-17 03:28:33,706 - INFO - 本轮处理完成: 0 个红包待处理, 0 个红包成功领取
2026-03-17 03:28:33,706 - INFO - 检查完成，等待 30 秒后下一轮...
2026-03-17 03:29:03,714 - INFO - 开始新一轮红包检查... (03:29:03)
2026-03-17 03:29:03,714 - INFO - 开始处理红包...
2026-03-17 03:29:03,959 - INFO - 获取到 1 个红包信息
2026-03-17 03:29:03,959 - INFO - 本轮处理完成: 0 个红包待处理, 0 个红包成功领取
2026-03-17 03:29:03,959 - INFO - 检查完成，等待 30 秒后下一轮...
2026-03-17 03:29:33,990 - INFO - 开始新一轮红包检查... (03:29:33)
2026-03-17 03:29:33,990 - INFO - 开始处理红包...
2026-03-17 03:29:34,234 - INFO - 获取到 1 个红包信息
2026-03-17 03:29:34,234 - INFO - 本轮处理完成: 0 个红包待处理, 0 个红包成功领取
2026-03-17 03:29:34,234 - INFO - 检查完成，等待 30 秒后下一轮...
2026-03-17 03:30:04,264 - INFO - 开始新一轮红包检查... (03:30:04)
2026-03-17 03:30:04,264 - INFO - 开始处理红包...
2026-03-17 03:30:04,520 - INFO - 获取到 1 个红包信息
2026-03-17 03:30:04,520 - INFO - 本轮处理完成: 0 个红包待处理, 0 个红包成功领取
2026-03-17 03:30:04,520 - INFO - 检查完成，等待 30 秒后下一轮...
2026-03-17 03:30:34,550 - INFO - 开始新一轮红包检查... (03:30:34)
2026-03-17 03:30:34,550 - INFO - 开始处理红包...
2026-03-17 03:30:34,812 - INFO - 获取到 1 个红包信息
2026-03-17 03:30:34,812 - INFO - 本轮处理完成: 0 个红包待处理, 0 个红包成功领取
2026-03-17 03:30:34,812 - INFO - 检查完成，等待 30 秒后下一轮...
2026-03-17 03:31:04,842 - INFO - 开始新一轮红包检查... (03:31:04)
2026-03-17 03:31:04,843 - INFO - 开始处理红包...
2026-03-17 03:31:05,090 - INFO - 获取到 1 个红包信息
2026-03-17 03:31:05,090 - INFO - 本轮处理完成: 0 个红包待处理, 0 个红包成功领取
2026-03-17 03:31:05,090 - INFO - 检查完成，等待 30 秒后下一轮...
2026-03-17 03:31:35,106 - INFO - 开始新一轮红包检查... (03:31:35)
2026-03-17 03:31:35,106 - INFO - 开始处理红包...
2026-03-17 03:31:35,357 - INFO - 获取到 1 个红包信息
2026-03-17 03:31:35,357 - INFO - 本轮处理完成: 0 个红包待处理, 0 个红包成功领取
2026-03-17 03:31:35,357 - INFO - 检查完成，等待 30 秒后下一轮...
2026-03-17 03:32:05,387 - INFO - 开始新一轮红包检查... (03:32:05)
2026-03-17 03:32:05,388 - INFO - 开始处理红包...
2026-03-17 03:32:05,670 - INFO - 获取到 1 个红包信息
2026-03-17 03:32:05,670 - INFO - 本轮处理完成: 0 个红包待处理, 0 个红包成功领取
2026-03-17 03:32:05,670 - INFO - 检查完成，等待 30 秒后下一轮...
2026-03-17 03:32:35,700 - INFO - 开始新一轮红包检查... (03:32:35)
2026-03-17 03:32:35,701 - INFO - 开始处理红包...
2026-03-17 03:32:35,954 - INFO - 获取到 1 个红包信息
2026-03-17 03:32:35,954 - INFO - 本轮处理完成: 0 个红包待处理, 0 个红包成功领取
2026-03-17 03:32:35,954 - INFO - 检查完成，等待 30 秒后下一轮...
2026-03-17 03:33:05,984 - INFO - 开始新一轮红包检查... (03:33:05)
2026-03-17 03:33:05,984 - INFO - 开始处理红包...
2026-03-17 03:33:06,241 - INFO - 获取到 1 个红包信息
2026-03-17 03:33:06,241 - INFO - 本轮处理完成: 0 个红包待处理, 0 个红包成功领取
2026-03-17 03:33:06,243 - INFO - 检查完成，等待 30 秒后下一轮...
2026-03-17 03:33:36,273 - INFO - 开始新一轮红包检查... (03:33:36)
2026-03-17 03:33:36,273 - INFO - 开始处理红包...
2026-03-17 03:33:36,525 - INFO - 获取到 1 个红包信息
2026-03-17 03:33:36,526 - INFO - 本轮处理完成: 0 个红包待处理, 0 个红包成功领取
2026-03-17 03:33:36,526 - INFO - 检查完成，等待 30 秒后下一轮...
2026-03-17 03:34:06,546 - INFO - 开始新一轮红包检查... (03:34:06)
2026-03-17 03:34:06,546 - INFO - 开始处理红包...
2026-03-17 03:34:06,801 - INFO - 获取到 1 个红包信息
2026-03-17 03:34:06,801 - INFO - 本轮处理完成: 0 个红包待处理, 0 个红包成功领取
2026-03-17 03:34:06,801 - INFO - 检查完成，等待 30 秒后下一轮...
2026-03-17 03:34:36,818 - INFO - 开始新一轮红包检查... (03:34:36)
2026-03-17 03:34:36,818 - INFO - 开始处理红包...
2026-03-17 03:34:37,068 - INFO - 获取到 1 个红包信息
2026-03-17 03:34:37,068 - INFO - 本轮处理完成: 0 个红包待处理, 0 个红包成功领取
2026-03-17 03:34:37,068 - INFO - 检查完成，等待 30 秒后下一轮...
2026-03-17 03:35:07,099 - INFO - 开始新一轮红包检查... (03:35:07)
2026-03-17 03:35:07,099 - INFO - 开始处理红包...
2026-03-17 03:35:07,356 - INFO - 获取到 1 个红包信息
2026-03-17 03:35:07,356 - INFO - 本轮处理完成: 0 个红包待处理, 0 个红包成功领取
2026-03-17 03:35:07,356 - INFO - 检查完成，等待 30 秒后下一轮...
2026-03-17 03:35:37,386 - INFO - 开始新一轮红包检查... (03:35:37)
2026-03-17 03:35:37,387 - INFO - 开始处理红包...
2026-03-17 03:35:37,620 - INFO - 获取到 1 个红包信息
2026-03-17 03:35:37,621 - INFO - 本轮处理完成: 0 个红包待处理, 0 个红包成功领取
2026-03-17 03:35:37,621 - INFO - 检查完成，等待 30 秒后下一轮...
2026-03-17 03:36:07,651 - INFO - 开始新一轮红包检查... (03:36:07)
2026-03-17 03:36:07,651 - INFO - 开始处理红包...
2026-03-17 03:36:07,917 - INFO - 获取到 1 个红包信息
2026-03-17 03:36:07,917 - INFO - 本轮处理完成: 0 个红包待处理, 0 个红包成功领取
2026-03-17 03:36:07,917 - INFO - 检查完成，等待 30 秒后下一轮...
2026-03-17 03:36:37,947 - INFO - 开始新一轮红包检查... (03:36:37)
2026-03-17 03:36:37,947 - INFO - 开始处理红包...
2026-03-17 03:36:38,199 - INFO - 获取到 1 个红包信息
2026-03-17 03:36:38,199 - INFO - 本轮处理完成: 0 个红包待处理, 0 个红包成功领取
2026-03-17 03:36:38,199 - INFO - 检查完成，等待 30 秒后下一轮...
2026-03-17 03:37:08,224 - INFO - 开始新一轮红包检查... (03:37:08)
2026-03-17 03:37:08,224 - INFO - 开始处理红包...
2026-03-17 03:37:08,478 - INFO - 获取到 1 个红包信息
2026-03-17 03:37:08,478 - INFO - 本轮处理完成: 0 个红包待处理, 0 个红包成功领取
2026-03-17 03:37:08,480 - INFO - 检查完成，等待 30 秒后下一轮...
2026-03-17 03:37:38,510 - INFO - 开始新一轮红包检查... (03:37:38)
2026-03-17 03:37:38,510 - INFO - 开始处理红包...
2026-03-17 03:37:38,747 - INFO - 获取到 1 个红包信息
2026-03-17 03:37:38,747 - INFO - 本轮处理完成: 0 个红包待处理, 0 个红包成功领取
2026-03-17 03:37:38,747 - INFO - 检查完成，等待 30 秒后下一轮...
2026-03-17 03:38:08,778 - INFO - 开始新一轮红包检查... (03:38:08)
2026-03-17 03:38:08,778 - INFO - 开始处理红包...
2026-03-17 03:38:09,018 - INFO - 获取到 1 个红包信息
2026-03-17 03:38:09,018 - INFO - 本轮处理完成: 0 个红包待处理, 0 个红包成功领取
2026-03-17 03:38:09,018 - INFO - 检查完成，等待 30 秒后下一轮...
2026-03-17 03:38:39,048 - INFO - 开始新一轮红包检查... (03:38:39)
2026-03-17 03:38:39,048 - INFO - 开始处理红包...
2026-03-17 03:38:39,303 - INFO - 获取到 1 个红包信息
2026-03-17 03:38:39,303 - INFO - 本轮处理完成: 0 个红包待处理, 0 个红包成功领取
2026-03-17 03:38:39,303 - INFO - 检查完成，等待 30 秒后下一轮...
2026-03-17 03:39:09,333 - INFO - 开始新一轮红包检查... (03:39:09)
2026-03-17 03:39:09,334 - INFO - 开始处理红包...
2026-03-17 03:39:09,567 - INFO - 获取到 1 个红包信息
2026-03-17 03:39:09,567 - INFO - 本轮处理完成: 0 个红包待处理, 0 个红包成功领取
2026-03-17 03:39:09,567 - INFO - 检查完成，等待 30 秒后下一轮...
2026-03-17 03:39:39,597 - INFO - 开始新一轮红包检查... (03:39:39)
2026-03-17 03:39:39,597 - INFO - 开始处理红包...
2026-03-17 03:39:39,846 - INFO - 获取到 1 个红包信息
2026-03-17 03:39:39,846 - INFO - 本轮处理完成: 0 个红包待处理, 0 个红包成功领取
2026-03-17 03:39:39,846 - INFO - 检查完成，等待 30 秒后下一轮...
2026-03-17 03:40:09,876 - INFO - 开始新一轮红包检查... (03:40:09)
2026-03-17 03:40:09,876 - INFO - 开始处理红包...
2026-03-17 03:40:10,120 - INFO - 获取到 1 个红包信息
2026-03-17 03:40:10,121 - INFO - 本轮处理完成: 0 个红包待处理, 0 个红包成功领取
2026-03-17 03:40:10,121 - INFO - 检查完成，等待 30 秒后下一轮...
2026-03-17 03:40:40,147 - INFO - 开始新一轮红包检查... (03:40:40)
2026-03-17 03:40:40,147 - INFO - 开始处理红包...
2026-03-17 03:40:40,635 - INFO - 获取到 1 个红包信息
2026-03-17 03:40:40,635 - INFO - 本轮处理完成: 0 个红包待处理, 0 个红包成功领取
2026-03-17 03:40:40,635 - INFO - 检查完成，等待 30 秒后下一轮...
2026-03-17 03:41:10,642 - INFO - 开始新一轮红包检查... (03:41:10)
2026-03-17 03:41:10,642 - INFO - 开始处理红包...
2026-03-17 03:41:10,909 - INFO - 获取到 1 个红包信息
2026-03-17 03:41:10,909 - INFO - 本轮处理完成: 0 个红包待处理, 0 个红包成功领取
2026-03-17 03:41:10,909 - INFO - 检查完成，等待 30 秒后下一轮...
2026-03-17 03:41:40,930 - INFO - 开始新一轮红包检查... (03:41:40)
2026-03-17 03:41:40,930 - INFO - 开始处理红包...
2026-03-17 03:41:41,176 - INFO - 获取到 1 个红包信息
2026-03-17 03:41:41,176 - INFO - 本轮处理完成: 0 个红包待处理, 0 个红包成功领取
2026-03-17 03:41:41,177 - INFO - 检查完成，等待 30 秒后下一轮...
2026-03-17 03:42:11,207 - INFO - 开始新一轮红包检查... (03:42:11)
2026-03-17 03:42:11,207 - INFO - 开始处理红包...
2026-03-17 03:42:11,522 - INFO - 获取到 1 个红包信息
2026-03-17 03:42:11,522 - INFO - 本轮处理完成: 0 个红包待处理, 0 个红包成功领取
2026-03-17 03:42:11,522 - INFO - 检查完成，等待 30 秒后下一轮...
2026-03-17 03:42:41,538 - INFO - 开始新一轮红包检查... (03:42:41)
2026-03-17 03:42:41,538 - INFO - 开始处理红包...
2026-03-17 03:42:41,831 - INFO - 获取到 1 个红包信息
2026-03-17 03:42:41,831 - INFO - 本轮处理完成: 0 个红包待处理, 0 个红包成功领取
2026-03-17 03:42:41,831 - INFO - 检查完成，等待 30 秒后下一轮...
2026-03-17 03:43:11,834 - INFO - 开始新一轮红包检查... (03:43:11)
2026-03-17 03:43:11,834 - INFO - 开始处理红包...
2026-03-17 03:43:12,105 - INFO - 获取到 1 个红包信息
2026-03-17 03:43:12,105 - INFO - 本轮处理完成: 0 个红包待处理, 0 个红包成功领取
2026-03-17 03:43:12,105 - INFO - 检查完成，等待 30 秒后下一轮...
2026-03-17 03:43:42,109 - INFO - 开始新一轮红包检查... (03:43:42)
2026-03-17 03:43:42,109 - INFO - 开始处理红包...
2026-03-17 03:43:42,350 - INFO - 获取到 1 个红包信息
2026-03-17 03:43:42,350 - INFO - 本轮处理完成: 0 个红包待处理, 0 个红包成功领取
2026-03-17 03:43:42,350 - INFO - 检查完成，等待 30 秒后下一轮...
2026-03-17 03:44:12,380 - INFO - 开始新一轮红包检查... (03:44:12)
2026-03-17 03:44:12,380 - INFO - 开始处理红包...
2026-03-17 03:44:12,629 - INFO - 获取到 1 个红包信息
2026-03-17 03:44:12,629 - INFO - 本轮处理完成: 0 个红包待处理, 0 个红包成功领取
2026-03-17 03:44:12,629 - INFO - 检查完成，等待 30 秒后下一轮...
2026-03-17 03:44:42,658 - INFO - 开始新一轮红包检查... (03:44:42)
2026-03-17 03:44:42,658 - INFO - 开始处理红包...
2026-03-17 03:44:42,919 - INFO - 获取到 1 个红包信息
2026-03-17 03:44:42,919 - INFO - 本轮处理完成: 0 个红包待处理, 0 个红包成功领取
2026-03-17 03:44:42,919 - INFO - 检查完成，等待 30 秒后下一轮...
2026-03-17 03:45:12,930 - INFO - 开始新一轮红包检查... (03:45:12)
2026-03-17 03:45:12,930 - INFO - 开始处理红包...
2026-03-17 03:45:13,196 - INFO - 获取到 1 个红包信息
2026-03-17 03:45:13,196 - INFO - 本轮处理完成: 0 个红包待处理, 0 个红包成功领取
2026-03-17 03:45:13,196 - INFO - 检查完成，等待 30 秒后下一轮...
2026-03-17 03:45:43,226 - INFO - 开始新一轮红包检查... (03:45:43)
2026-03-17 03:45:43,226 - INFO - 开始处理红包...
2026-03-17 03:45:43,490 - INFO - 获取到 1 个红包信息
2026-03-17 03:45:43,490 - INFO - 本轮处理完成: 0 个红包待处理, 0 个红包成功领取
2026-03-17 03:45:43,490 - INFO - 检查完成，等待 30 秒后下一轮...
2026-03-17 03:46:13,520 - INFO - 开始新一轮红包检查... (03:46:13)
2026-03-17 03:46:13,521 - INFO - 开始处理红包...
2026-03-17 03:46:13,811 - INFO - 获取到 1 个红包信息
2026-03-17 03:46:13,811 - INFO - 本轮处理完成: 0 个红包待处理, 0 个红包成功领取
2026-03-17 03:46:13,811 - INFO - 检查完成，等待 30 秒后下一轮...
2026-03-17 03:46:43,834 - INFO - 开始新一轮红包检查... (03:46:43)
2026-03-17 03:46:43,834 - INFO - 开始处理红包...
2026-03-17 03:46:44,085 - INFO - 获取到 1 个红包信息
2026-03-17 03:46:44,085 - INFO - 本轮处理完成: 0 个红包待处理, 0 个红包成功领取
2026-03-17 03:46:44,085 - INFO - 检查完成，等待 30 秒后下一轮...
2026-03-17 03:47:14,115 - INFO - 开始新一轮红包检查... (03:47:14)
2026-03-17 03:47:14,115 - INFO - 开始处理红包...
2026-03-17 03:47:14,373 - INFO - 获取到 1 个红包信息
2026-03-17 03:47:14,373 - INFO - 本轮处理完成: 0 个红包待处理, 0 个红包成功领取
2026-03-17 03:47:14,373 - INFO - 检查完成，等待 30 秒后下一轮...
2026-03-17 03:47:44,404 - INFO - 开始新一轮红包检查... (03:47:44)
2026-03-17 03:47:44,404 - INFO - 开始处理红包...
2026-03-17 03:47:44,664 - INFO - 获取到 1 个红包信息
2026-03-17 03:47:44,664 - INFO - 本轮处理完成: 0 个红包待处理, 0 个红包成功领取
2026-03-17 03:47:44,664 - INFO - 检查完成，等待 30 秒后下一轮...
2026-03-17 03:48:14,674 - INFO - 开始新一轮红包检查... (03:48:14)
2026-03-17 03:48:14,674 - INFO - 开始处理红包...
2026-03-17 03:48:14,929 - INFO - 获取到 1 个红包信息
2026-03-17 03:48:14,929 - INFO - 本轮处理完成: 0 个红包待处理, 0 个红包成功领取
2026-03-17 03:48:14,930 - INFO - 检查完成，等待 30 秒后下一轮...
2026-03-17 03:48:44,959 - INFO - 开始新一轮红包检查... (03:48:44)
2026-03-17 03:48:44,959 - INFO - 开始处理红包...
2026-03-17 03:48:45,211 - INFO - 获取到 1 个红包信息
2026-03-17 03:48:45,211 - INFO - 本轮处理完成: 0 个红包待处理, 0 个红包成功领取
2026-03-17 03:48:45,211 - INFO - 检查完成，等待 30 秒后下一轮...
2026-03-17 03:49:15,242 - INFO - 开始新一轮红包检查... (03:49:15)
2026-03-17 03:49:15,242 - INFO - 开始处理红包...
2026-03-17 03:49:15,506 - INFO - 获取到 1 个红包信息
2026-03-17 03:49:15,507 - INFO - 本轮处理完成: 0 个红包待处理, 0 个红包成功领取
2026-03-17 03:49:15,507 - INFO - 检查完成，等待 30 秒后下一轮...
2026-03-17 03:49:45,537 - INFO - 开始新一轮红包检查... (03:49:45)
2026-03-17 03:49:45,537 - INFO - 开始处理红包...
2026-03-17 03:49:45,781 - INFO - 获取到 1 个红包信息
2026-03-17 03:49:45,781 - INFO - 本轮处理完成: 0 个红包待处理, 0 个红包成功领取
2026-03-17 03:49:45,781 - INFO - 检查完成，等待 30 秒后下一轮...
2026-03-17 03:50:15,810 - INFO - 开始新一轮红包检查... (03:50:15)
2026-03-17 03:50:15,810 - INFO - 开始处理红包...
2026-03-17 03:50:16,062 - INFO - 获取到 1 个红包信息
2026-03-17 03:50:16,062 - INFO - 本轮处理完成: 0 个红包待处理, 0 个红包成功领取
2026-03-17 03:50:16,062 - INFO - 检查完成，等待 30 秒后下一轮...
2026-03-17 03:50:46,092 - INFO - 开始新一轮红包检查... (03:50:46)
2026-03-17 03:50:46,092 - INFO - 开始处理红包...
2026-03-17 03:50:46,334 - INFO - 获取到 1 个红包信息
2026-03-17 03:50:46,334 - INFO - 本轮处理完成: 0 个红包待处理, 0 个红包成功领取
2026-03-17 03:50:46,334 - INFO - 检查完成，等待 30 秒后下一轮...
2026-03-17 03:51:16,365 - INFO - 开始新一轮红包检查... (03:51:16)
2026-03-17 03:51:16,365 - INFO - 开始处理红包...
2026-03-17 03:51:16,608 - INFO - 获取到 1 个红包信息
2026-03-17 03:51:16,608 - INFO - 本轮处理完成: 0 个红包待处理, 0 个红包成功领取
2026-03-17 03:51:16,608 - INFO - 检查完成，等待 30 秒后下一轮...
2026-03-17 03:51:46,638 - INFO - 开始新一轮红包检查... (03:51:46)
2026-03-17 03:51:46,638 - INFO - 开始处理红包...
2026-03-17 03:51:46,889 - INFO - 获取到 1 个红包信息
2026-03-17 03:51:46,889 - INFO - 本轮处理完成: 0 个红包待处理, 0 个红包成功领取
2026-03-17 03:51:46,889 - INFO - 检查完成，等待 30 秒后下一轮...
2026-03-17 03:52:16,919 - INFO - 开始新一轮红包检查... (03:52:16)
2026-03-17 03:52:16,919 - INFO - 开始处理红包...
2026-03-17 03:52:17,162 - INFO - 获取到 1 个红包信息
2026-03-17 03:52:17,162 - INFO - 本轮处理完成: 0 个红包待处理, 0 个红包成功领取
2026-03-17 03:52:17,162 - INFO - 检查完成，等待 30 秒后下一轮...
2026-03-17 03:52:47,193 - INFO - 开始新一轮红包检查... (03:52:47)
2026-03-17 03:52:47,193 - INFO - 开始处理红包...
2026-03-17 03:52:47,465 - INFO - 获取到 1 个红包信息
2026-03-17 03:52:47,466 - INFO - 本轮处理完成: 0 个红包待处理, 0 个红包成功领取
2026-03-17 03:52:47,466 - INFO - 检查完成，等待 30 秒后下一轮...
2026-03-17 03:53:17,496 - INFO - 开始新一轮红包检查... (03:53:17)
2026-03-17 03:53:17,496 - INFO - 开始处理红包...
2026-03-17 03:53:17,747 - INFO - 获取到 1 个红包信息
2026-03-17 03:53:17,747 - INFO - 本轮处理完成: 0 个红包待处理, 0 个红包成功领取
2026-03-17 03:53:17,747 - INFO - 检查完成，等待 30 秒后下一轮...
2026-03-17 03:53:47,777 - INFO - 开始新一轮红包检查... (03:53:47)
2026-03-17 03:53:47,777 - INFO - 开始处理红包...
2026-03-17 03:53:48,031 - INFO - 获取到 1 个红包信息
2026-03-17 03:53:48,031 - INFO - 本轮处理完成: 0 个红包待处理, 0 个红包成功领取
2026-03-17 03:53:48,031 - INFO - 检查完成，等待 30 秒后下一轮...
2026-03-17 03:54:18,058 - INFO - 开始新一轮红包检查... (03:54:18)
2026-03-17 03:54:18,058 - INFO - 开始处理红包...
2026-03-17 03:54:18,311 - INFO - 获取到 1 个红包信息
2026-03-17 03:54:18,311 - INFO - 本轮处理完成: 0 个红包待处理, 0 个红包成功领取
2026-03-17 03:54:18,311 - INFO - 检查完成，等待 30 秒后下一轮...
2026-03-17 03:54:48,316 - INFO - 开始新一轮红包检查... (03:54:48)
2026-03-17 03:54:48,316 - INFO - 开始处理红包...
2026-03-17 03:54:48,568 - INFO - 获取到 1 个红包信息
2026-03-17 03:54:48,569 - INFO - 本轮处理完成: 0 个红包待处理, 0 个红包成功领取
2026-03-17 03:54:48,569 - INFO - 检查完成，等待 30 秒后下一轮...
2026-03-17 03:55:18,599 - INFO - 开始新一轮红包检查... (03:55:18)
2026-03-17 03:55:18,599 - INFO - 开始处理红包...
2026-03-17 03:55:18,863 - INFO - 获取到 1 个红包信息
2026-03-17 03:55:18,864 - INFO - 本轮处理完成: 0 个红包待处理, 0 个红包成功领取
2026-03-17 03:55:18,864 - INFO - 检查完成，等待 30 秒后下一轮...
2026-03-17 03:55:48,893 - INFO - 开始新一轮红包检查... (03:55:48)
2026-03-17 03:55:48,893 - INFO - 开始处理红包...
2026-03-17 03:55:49,139 - INFO - 获取到 1 个红包信息
2026-03-17 03:55:49,139 - INFO - 本轮处理完成: 0 个红包待处理, 0 个红包成功领取
2026-03-17 03:55:49,139 - INFO - 检查完成，等待 30 秒后下一轮...
2026-03-17 03:56:19,169 - INFO - 开始新一轮红包检查... (03:56:19)
2026-03-17 03:56:19,169 - INFO - 开始处理红包...
2026-03-17 03:56:19,414 - INFO - 获取到 1 个红包信息
2026-03-17 03:56:19,414 - INFO - 本轮处理完成: 0 个红包待处理, 0 个红包成功领取
2026-03-17 03:56:19,416 - INFO - 检查完成，等待 30 秒后下一轮...
2026-03-17 03:56:49,446 - INFO - 开始新一轮红包检查... (03:56:49)
2026-03-17 03:56:49,446 - INFO - 开始处理红包...
2026-03-17 03:56:49,702 - INFO - 获取到 1 个红包信息
2026-03-17 03:56:49,702 - INFO - 本轮处理完成: 0 个红包待处理, 0 个红包成功领取
2026-03-17 03:56:49,702 - INFO - 检查完成，等待 30 秒后下一轮...
2026-03-17 03:57:19,714 - INFO - 开始新一轮红包检查... (03:57:19)
2026-03-17 03:57:19,714 - INFO - 开始处理红包...
2026-03-17 03:57:19,980 - INFO - 获取到 1 个红包信息
2026-03-17 03:57:19,980 - INFO - 本轮处理完成: 0 个红包待处理, 0 个红包成功领取
2026-03-17 03:57:19,980 - INFO - 检查完成，等待 30 秒后下一轮...
2026-03-17 03:57:50,010 - INFO - 开始新一轮红包检查... (03:57:50)
2026-03-17 03:57:50,011 - INFO - 开始处理红包...
2026-03-17 03:57:50,260 - INFO - 获取到 1 个红包信息
2026-03-17 03:57:50,260 - INFO - 本轮处理完成: 0 个红包待处理, 0 个红包成功领取
2026-03-17 03:57:50,260 - INFO - 检查完成，等待 30 秒后下一轮...
2026-03-17 03:58:20,290 - INFO - 开始新一轮红包检查... (03:58:20)
2026-03-17 03:58:20,290 - INFO - 开始处理红包...
2026-03-17 03:58:20,547 - INFO - 获取到 1 个红包信息
2026-03-17 03:58:20,547 - INFO - 本轮处理完成: 0 个红包待处理, 0 个红包成功领取
2026-03-17 03:58:20,547 - INFO - 检查完成，等待 30 秒后下一轮...
2026-03-17 03:58:50,577 - INFO - 开始新一轮红包检查... (03:58:50)
2026-03-17 03:58:50,578 - INFO - 开始处理红包...
2026-03-17 03:58:50,825 - INFO - 获取到 1 个红包信息
2026-03-17 03:58:50,826 - INFO - 本轮处理完成: 0 个红包待处理, 0 个红包成功领取
2026-03-17 03:58:50,826 - INFO - 检查完成，等待 30 秒后下一轮...
2026-03-17 03:59:20,834 - INFO - 开始新一轮红包检查... (03:59:20)
2026-03-17 03:59:20,834 - INFO - 开始处理红包...
2026-03-17 03:59:21,085 - INFO - 获取到 1 个红包信息
2026-03-17 03:59:21,086 - INFO - 本轮处理完成: 0 个红包待处理, 0 个红包成功领取
2026-03-17 03:59:21,086 - INFO - 检查完成，等待 30 秒后下一轮...
2026-03-17 03:59:51,116 - INFO - 开始新一轮红包检查... (03:59:51)
2026-03-17 03:59:51,116 - INFO - 开始处理红包...
2026-03-17 03:59:51,352 - INFO - 获取到 1 个红包信息
2026-03-17 03:59:51,352 - INFO - 本轮处理完成: 0 个红包待处理, 0 个红包成功领取
2026-03-17 03:59:51,352 - INFO - 检查完成，等待 30 秒后下一轮...
2026-03-17 04:00:21,383 - INFO - 开始新一轮红包检查... (04:00:21)
2026-03-17 04:00:21,384 - INFO - 开始处理红包...
2026-03-17 04:00:21,625 - INFO - 获取到 1 个红包信息
2026-03-17 04:00:21,625 - INFO - 本轮处理完成: 0 个红包待处理, 0 个红包成功领取
2026-03-17 04:00:21,625 - INFO - 检查完成，等待 30 秒后下一轮...
2026-03-17 04:00:51,653 - INFO - 开始新一轮红包检查... (04:00:51)
2026-03-17 04:00:51,654 - INFO - 开始处理红包...
2026-03-17 04:00:51,908 - INFO - 获取到 1 个红包信息
2026-03-17 04:00:51,909 - INFO - 本轮处理完成: 0 个红包待处理, 0 个红包成功领取
2026-03-17 04:00:51,909 - INFO - 检查完成，等待 30 秒后下一轮...
2026-03-17 04:01:21,939 - INFO - 开始新一轮红包检查... (04:01:21)
2026-03-17 04:01:21,939 - INFO - 开始处理红包...
2026-03-17 04:01:22,196 - INFO - 获取到 1 个红包信息
2026-03-17 04:01:22,196 - INFO - 本轮处理完成: 0 个红包待处理, 0 个红包成功领取
2026-03-17 04:01:22,196 - INFO - 检查完成，等待 30 秒后下一轮...
2026-03-17 04:01:52,226 - INFO - 开始新一轮红包检查... (04:01:52)
2026-03-17 04:01:52,226 - INFO - 开始处理红包...
2026-03-17 04:01:52,480 - INFO - 获取到 1 个红包信息
2026-03-17 04:01:52,480 - INFO - 本轮处理完成: 0 个红包待处理, 0 个红包成功领取
2026-03-17 04:01:52,480 - INFO - 检查完成，等待 30 秒后下一轮...
2026-03-17 04:02:22,506 - INFO - 开始新一轮红包检查... (04:02:22)
2026-03-17 04:02:22,506 - INFO - 开始处理红包...
2026-03-17 04:02:22,755 - INFO - 获取到 1 个红包信息
2026-03-17 04:02:22,755 - INFO - 本轮处理完成: 0 个红包待处理, 0 个红包成功领取
2026-03-17 04:02:22,755 - INFO - 检查完成，等待 30 秒后下一轮...
2026-03-17 04:02:52,770 - INFO - 开始新一轮红包检查... (04:02:52)
2026-03-17 04:02:52,770 - INFO - 开始处理红包...
2026-03-17 04:02:53,030 - INFO - 获取到 1 个红包信息
2026-03-17 04:02:53,030 - INFO - 本轮处理完成: 0 个红包待处理, 0 个红包成功领取
2026-03-17 04:02:53,030 - INFO - 检查完成，等待 30 秒后下一轮...
2026-03-17 04:03:23,060 - INFO - 开始新一轮红包检查... (04:03:23)
2026-03-17 04:03:23,060 - INFO - 开始处理红包...
2026-03-17 04:03:23,330 - INFO - 获取到 1 个红包信息
2026-03-17 04:03:23,330 - INFO - 本轮处理完成: 0 个红包待处理, 0 个红包成功领取
2026-03-17 04:03:23,330 - INFO - 检查完成，等待 30 秒后下一轮...
2026-03-17 04:03:53,361 - INFO - 开始新一轮红包检查... (04:03:53)
2026-03-17 04:03:53,361 - INFO - 开始处理红包...
2026-03-17 04:03:53,605 - INFO - 获取到 1 个红包信息
2026-03-17 04:03:53,605 - INFO - 本轮处理完成: 0 个红包待处理, 0 个红包成功领取
2026-03-17 04:03:53,605 - INFO - 检查完成，等待 30 秒后下一轮...
2026-03-17 04:04:23,635 - INFO - 开始新一轮红包检查... (04:04:23)
2026-03-17 04:04:23,635 - INFO - 开始处理红包...
2026-03-17 04:04:23,892 - INFO - 获取到 1 个红包信息
2026-03-17 04:04:23,892 - INFO - 本轮处理完成: 0 个红包待处理, 0 个红包成功领取
2026-03-17 04:04:23,892 - INFO - 检查完成，等待 30 秒后下一轮...
2026-03-17 04:04:53,922 - INFO - 开始新一轮红包检查... (04:04:53)
2026-03-17 04:04:53,922 - INFO - 开始处理红包...
2026-03-17 04:04:54,178 - INFO - 获取到 1 个红包信息
2026-03-17 04:04:54,178 - INFO - 本轮处理完成: 0 个红包待处理, 0 个红包成功领取
2026-03-17 04:04:54,178 - INFO - 检查完成，等待 30 秒后下一轮...
2026-03-17 04:05:24,208 - INFO - 开始新一轮红包检查... (04:05:24)
2026-03-17 04:05:24,208 - INFO - 开始处理红包...
2026-03-17 04:05:24,484 - INFO - 获取到 1 个红包信息
2026-03-17 04:05:24,484 - INFO - 本轮处理完成: 0 个红包待处理, 0 个红包成功领取
2026-03-17 04:05:24,484 - INFO - 检查完成，等待 30 秒后下一轮...
2026-03-17 04:05:54,514 - INFO - 开始新一轮红包检查... (04:05:54)
2026-03-17 04:05:54,514 - INFO - 开始处理红包...
2026-03-17 04:05:54,759 - INFO - 获取到 1 个红包信息
2026-03-17 04:05:54,760 - INFO - 本轮处理完成: 0 个红包待处理, 0 个红包成功领取
2026-03-17 04:05:54,760 - INFO - 检查完成，等待 30 秒后下一轮...
2026-03-17 04:06:24,790 - INFO - 开始新一轮红包检查... (04:06:24)
2026-03-17 04:06:24,790 - INFO - 开始处理红包...
2026-03-17 04:06:25,043 - INFO - 获取到 1 个红包信息
2026-03-17 04:06:25,043 - INFO - 本轮处理完成: 0 个红包待处理, 0 个红包成功领取
2026-03-17 04:06:25,043 - INFO - 检查完成，等待 30 秒后下一轮...
2026-03-17 04:06:55,073 - INFO - 开始新一轮红包检查... (04:06:55)
2026-03-17 04:06:55,073 - INFO - 开始处理红包...
2026-03-17 04:06:55,451 - INFO - 获取到 1 个红包信息
2026-03-17 04:06:55,451 - INFO - 本轮处理完成: 0 个红包待处理, 0 个红包成功领取
2026-03-17 04:06:55,451 - INFO - 检查完成，等待 30 秒后下一轮...
2026-03-17 04:07:25,481 - INFO - 开始新一轮红包检查... (04:07:25)
2026-03-17 04:07:25,481 - INFO - 开始处理红包...
2026-03-17 04:07:25,755 - INFO - 获取到 1 个红包信息
2026-03-17 04:07:25,755 - INFO - 本轮处理完成: 0 个红包待处理, 0 个红包成功领取
2026-03-17 04:07:25,755 - INFO - 检查完成，等待 30 秒后下一轮...
2026-03-17 04:07:55,785 - INFO - 开始新一轮红包检查... (04:07:55)
2026-03-17 04:07:55,786 - INFO - 开始处理红包...
2026-03-17 04:07:56,029 - INFO - 获取到 1 个红包信息
2026-03-17 04:07:56,029 - INFO - 本轮处理完成: 0 个红包待处理, 0 个红包成功领取
2026-03-17 04:07:56,029 - INFO - 检查完成，等待 30 秒后下一轮...
2026-03-17 04:08:26,060 - INFO - 开始新一轮红包检查... (04:08:26)
2026-03-17 04:08:26,060 - INFO - 开始处理红包...
2026-03-17 04:08:26,313 - INFO - 获取到 1 个红包信息
2026-03-17 04:08:26,314 - INFO - 本轮处理完成: 0 个红包待处理, 0 个红包成功领取
2026-03-17 04:08:26,314 - INFO - 检查完成，等待 30 秒后下一轮...
2026-03-17 04:08:56,344 - INFO - 开始新一轮红包检查... (04:08:56)
2026-03-17 04:08:56,344 - INFO - 开始处理红包...
2026-03-17 04:08:56,597 - INFO - 获取到 1 个红包信息
2026-03-17 04:08:56,597 - INFO - 本轮处理完成: 0 个红包待处理, 0 个红包成功领取
2026-03-17 04:08:56,597 - INFO - 检查完成，等待 30 秒后下一轮...
2026-03-17 04:09:26,627 - INFO - 开始新一轮红包检查... (04:09:26)
2026-03-17 04:09:26,627 - INFO - 开始处理红包...
2026-03-17 04:09:26,883 - INFO - 获取到 1 个红包信息
2026-03-17 04:09:26,883 - INFO - 本轮处理完成: 0 个红包待处理, 0 个红包成功领取
2026-03-17 04:09:26,884 - INFO - 检查完成，等待 30 秒后下一轮...
2026-03-17 04:09:56,906 - INFO - 开始新一轮红包检查... (04:09:56)
2026-03-17 04:09:56,906 - INFO - 开始处理红包...
2026-03-17 04:09:57,158 - INFO - 获取到 1 个红包信息
2026-03-17 04:09:57,158 - INFO - 本轮处理完成: 0 个红包待处理, 0 个红包成功领取
2026-03-17 04:09:57,158 - INFO - 检查完成，等待 30 秒后下一轮...
2026-03-17 04:10:27,189 - INFO - 开始新一轮红包检查... (04:10:27)
2026-03-17 04:10:27,189 - INFO - 开始处理红包...
2026-03-17 04:10:27,441 - INFO - 获取到 1 个红包信息
2026-03-17 04:10:27,441 - INFO - 本轮处理完成: 0 个红包待处理, 0 个红包成功领取
2026-03-17 04:10:27,441 - INFO - 检查完成，等待 30 秒后下一轮...
2026-03-17 04:10:57,442 - INFO - 开始新一轮红包检查... (04:10:57)
2026-03-17 04:10:57,442 - INFO - 开始处理红包...
2026-03-17 04:10:57,744 - INFO - 获取到 1 个红包信息
2026-03-17 04:10:57,745 - INFO - 本轮处理完成: 0 个红包待处理, 0 个红包成功领取
2026-03-17 04:10:57,745 - INFO - 检查完成，等待 30 秒后下一轮...
2026-03-17 04:11:27,775 - INFO - 开始新一轮红包检查... (04:11:27)
2026-03-17 04:11:27,775 - INFO - 开始处理红包...
2026-03-17 04:11:28,032 - INFO - 获取到 1 个红包信息
2026-03-17 04:11:28,032 - INFO - 本轮处理完成: 0 个红包待处理, 0 个红包成功领取
2026-03-17 04:11:28,032 - INFO - 检查完成，等待 30 秒后下一轮...
2026-03-17 04:11:58,062 - INFO - 开始新一轮红包检查... (04:11:58)
2026-03-17 04:11:58,062 - INFO - 开始处理红包...
2026-03-17 04:11:58,333 - INFO - 获取到 1 个红包信息
2026-03-17 04:11:58,333 - INFO - 本轮处理完成: 0 个红包待处理, 0 个红包成功领取
2026-03-17 04:11:58,333 - INFO - 检查完成，等待 30 秒后下一轮...
2026-03-17 04:12:28,364 - INFO - 开始新一轮红包检查... (04:12:28)
2026-03-17 04:12:28,364 - INFO - 开始处理红包...
2026-03-17 04:12:28,615 - INFO - 获取到 1 个红包信息
2026-03-17 04:12:28,615 - INFO - 本轮处理完成: 0 个红包待处理, 0 个红包成功领取
2026-03-17 04:12:28,615 - INFO - 检查完成，等待 30 秒后下一轮...
2026-03-17 04:12:58,626 - INFO - 开始新一轮红包检查... (04:12:58)
2026-03-17 04:12:58,626 - INFO - 开始处理红包...
2026-03-17 04:12:58,892 - INFO - 获取到 1 个红包信息
2026-03-17 04:12:58,892 - INFO - 本轮处理完成: 0 个红包待处理, 0 个红包成功领取
2026-03-17 04:12:58,892 - INFO - 检查完成，等待 30 秒后下一轮...
2026-03-17 04:13:28,922 - INFO - 开始新一轮红包检查... (04:13:28)
2026-03-17 04:13:28,922 - INFO - 开始处理红包...
2026-03-17 04:13:29,173 - INFO - 获取到 1 个红包信息
2026-03-17 04:13:29,173 - INFO - 本轮处理完成: 0 个红包待处理, 0 个红包成功领取
2026-03-17 04:13:29,173 - INFO - 检查完成，等待 30 秒后下一轮...
2026-03-17 04:13:59,203 - INFO - 开始新一轮红包检查... (04:13:59)
2026-03-17 04:13:59,203 - INFO - 开始处理红包...
2026-03-17 04:13:59,487 - INFO - 获取到 1 个红包信息
2026-03-17 04:13:59,487 - INFO - 本轮处理完成: 0 个红包待处理, 0 个红包成功领取
2026-03-17 04:13:59,488 - INFO - 检查完成，等待 30 秒后下一轮...
2026-03-17 04:14:29,518 - INFO - 开始新一轮红包检查... (04:14:29)
2026-03-17 04:14:29,518 - INFO - 开始处理红包...
2026-03-17 04:14:29,772 - INFO - 获取到 1 个红包信息
2026-03-17 04:14:29,772 - INFO - 本轮处理完成: 0 个红包待处理, 0 个红包成功领取
2026-03-17 04:14:29,772 - INFO - 检查完成，等待 30 秒后下一轮...
2026-03-17 04:14:59,803 - INFO - 开始新一轮红包检查... (04:14:59)
2026-03-17 04:14:59,803 - INFO - 开始处理红包...
2026-03-17 04:15:00,051 - INFO - 获取到 1 个红包信息
2026-03-17 04:15:00,051 - INFO - 本轮处理完成: 0 个红包待处理, 0 个红包成功领取
2026-03-17 04:15:00,051 - INFO - 检查完成，等待 30 秒后下一轮...
2026-03-17 04:15:30,081 - INFO - 开始新一轮红包检查... (04:15:30)
2026-03-17 04:15:30,081 - INFO - 开始处理红包...
2026-03-17 04:15:30,334 - INFO - 获取到 1 个红包信息
2026-03-17 04:15:30,334 - INFO - 本轮处理完成: 0 个红包待处理, 0 个红包成功领取
2026-03-17 04:15:30,334 - INFO - 检查完成，等待 30 秒后下一轮...
2026-03-17 04:16:00,365 - INFO - 开始新一轮红包检查... (04:16:00)
2026-03-17 04:16:00,365 - INFO - 开始处理红包...
2026-03-17 04:16:00,625 - INFO - 获取到 1 个红包信息
2026-03-17 04:16:00,625 - INFO - 本轮处理完成: 0 个红包待处理, 0 个红包成功领取
2026-03-17 04:16:00,626 - INFO - 检查完成，等待 30 秒后下一轮...
2026-03-17 04:16:30,656 - INFO - 开始新一轮红包检查... (04:16:30)
2026-03-17 04:16:30,656 - INFO - 开始处理红包...
2026-03-17 04:16:30,916 - INFO - 获取到 1 个红包信息
2026-03-17 04:16:30,917 - INFO - 本轮处理完成: 0 个红包待处理, 0 个红包成功领取
2026-03-17 04:16:30,917 - INFO - 检查完成，等待 30 秒后下一轮...
2026-03-17 04:17:00,921 - INFO - 开始新一轮红包检查... (04:17:00)
2026-03-17 04:17:00,921 - INFO - 开始处理红包...
2026-03-17 04:17:01,185 - INFO - 获取到 1 个红包信息
2026-03-17 04:17:01,185 - INFO - 本轮处理完成: 0 个红包待处理, 0 个红包成功领取
2026-03-17 04:17:01,185 - INFO - 检查完成，等待 30 秒后下一轮...
2026-03-17 04:17:31,215 - INFO - 开始新一轮红包检查... (04:17:31)
2026-03-17 04:17:31,216 - INFO - 开始处理红包...
2026-03-17 04:17:31,455 - INFO - 获取到 1 个红包信息
2026-03-17 04:17:31,455 - INFO - 本轮处理完成: 0 个红包待处理, 0 个红包成功领取
2026-03-17 04:17:31,455 - INFO - 检查完成，等待 30 秒后下一轮...
2026-03-17 04:18:01,485 - INFO - 开始新一轮红包检查... (04:18:01)
2026-03-17 04:18:01,485 - INFO - 开始处理红包...
2026-03-17 04:18:01,808 - INFO - 获取到 1 个红包信息
2026-03-17 04:18:01,808 - INFO - 本轮处理完成: 0 个红包待处理, 0 个红包成功领取
2026-03-17 04:18:01,808 - INFO - 检查完成，等待 30 秒后下一轮...
2026-03-17 04:18:31,834 - INFO - 开始新一轮红包检查... (04:18:31)
2026-03-17 04:18:31,834 - INFO - 开始处理红包...
2026-03-17 04:18:32,085 - INFO - 获取到 1 个红包信息
2026-03-17 04:18:32,085 - INFO - 本轮处理完成: 0 个红包待处理, 0 个红包成功领取
2026-03-17 04:18:32,085 - INFO - 检查完成，等待 30 秒后下一轮...
2026-03-17 04:19:02,115 - INFO - 开始新一轮红包检查... (04:19:02)
2026-03-17 04:19:02,115 - INFO - 开始处理红包...
2026-03-17 04:19:02,356 - INFO - 获取到 1 个红包信息
2026-03-17 04:19:02,356 - INFO - 本轮处理完成: 0 个红包待处理, 0 个红包成功领取
2026-03-17 04:19:02,356 - INFO - 检查完成，等待 30 秒后下一轮...
2026-03-17 04:19:32,370 - INFO - 开始新一轮红包检查... (04:19:32)
2026-03-17 04:19:32,370 - INFO - 开始处理红包...
2026-03-17 04:19:32,615 - INFO - 获取到 1 个红包信息
2026-03-17 04:19:32,615 - INFO - 本轮处理完成: 0 个红包待处理, 0 个红包成功领取
2026-03-17 04:19:32,615 - INFO - 检查完成，等待 30 秒后下一轮...
2026-03-17 04:20:02,645 - INFO - 开始新一轮红包检查... (04:20:02)
2026-03-17 04:20:02,645 - INFO - 开始处理红包...
2026-03-17 04:20:02,901 - INFO - 获取到 1 个红包信息
2026-03-17 04:20:02,901 - INFO - 本轮处理完成: 0 个红包待处理, 0 个红包成功领取
2026-03-17 04:20:02,901 - INFO - 检查完成，等待 30 秒后下一轮...
2026-03-17 04:20:32,931 - INFO - 开始新一轮红包检查... (04:20:32)
2026-03-17 04:20:32,931 - INFO - 开始处理红包...
2026-03-17 04:20:33,170 - INFO - 获取到 1 个红包信息
2026-03-17 04:20:33,170 - INFO - 本轮处理完成: 0 个红包待处理, 0 个红包成功领取
2026-03-17 04:20:33,170 - INFO - 检查完成，等待 30 秒后下一轮...
2026-03-17 04:21:03,195 - INFO - 开始新一轮红包检查... (04:21:03)
2026-03-17 04:21:03,195 - INFO - 开始处理红包...
2026-03-17 04:21:03,503 - INFO - 获取到 1 个红包信息
2026-03-17 04:21:03,503 - INFO - 本轮处理完成: 0 个红包待处理, 0 个红包成功领取
2026-03-17 04:21:03,503 - INFO - 检查完成，等待 30 秒后下一轮...
2026-03-17 04:21:33,534 - INFO - 开始新一轮红包检查... (04:21:33)
2026-03-17 04:21:33,534 - INFO - 开始处理红包...
2026-03-17 04:21:33,785 - INFO - 获取到 1 个红包信息
2026-03-17 04:21:33,785 - INFO - 本轮处理完成: 0 个红包待处理, 0 个红包成功领取
2026-03-17 04:21:33,785 - INFO - 检查完成，等待 30 秒后下一轮...
2026-03-17 04:22:03,810 - INFO - 开始新一轮红包检查... (04:22:03)
2026-03-17 04:22:03,810 - INFO - 开始处理红包...
2026-03-17 04:22:04,074 - INFO - 获取到 1 个红包信息
2026-03-17 04:22:04,074 - INFO - 本轮处理完成: 0 个红包待处理, 0 个红包成功领取
2026-03-17 04:22:04,074 - INFO - 检查完成，等待 30 秒后下一轮...
2026-03-17 04:22:34,082 - INFO - 开始新一轮红包检查... (04:22:34)
2026-03-17 04:22:34,082 - INFO - 开始处理红包...
2026-03-17 04:22:34,377 - INFO - 获取到 1 个红包信息
2026-03-17 04:22:34,377 - INFO - 本轮处理完成: 0 个红包待处理, 0 个红包成功领取
2026-03-17 04:22:34,379 - INFO - 检查完成，等待 30 秒后下一轮...
2026-03-17 04:23:04,409 - INFO - 开始新一轮红包检查... (04:23:04)
2026-03-17 04:23:04,409 - INFO - 开始处理红包...
2026-03-17 04:23:04,662 - INFO - 获取到 1 个红包信息
2026-03-17 04:23:04,662 - INFO - 本轮处理完成: 0 个红包待处理, 0 个红包成功领取
2026-03-17 04:23:04,662 - INFO - 检查完成，等待 30 秒后下一轮...
2026-03-17 04:23:34,690 - INFO - 开始新一轮红包检查... (04:23:34)
2026-03-17 04:23:34,690 - INFO - 开始处理红包...
2026-03-17 04:23:34,937 - INFO - 获取到 1 个红包信息
2026-03-17 04:23:34,937 - INFO - 本轮处理完成: 0 个红包待处理, 0 个红包成功领取
2026-03-17 04:23:34,937 - INFO - 检查完成，等待 30 秒后下一轮...
2026-03-17 04:24:04,967 - INFO - 开始新一轮红包检查... (04:24:04)
2026-03-17 04:24:04,967 - INFO - 开始处理红包...
2026-03-17 04:24:05,593 - INFO - 获取到 1 个红包信息
2026-03-17 04:24:05,593 - INFO - 本轮处理完成: 0 个红包待处理, 0 个红包成功领取
2026-03-17 04:24:05,593 - INFO - 检查完成，等待 30 秒后下一轮...
2026-03-17 04:24:35,624 - INFO - 开始新一轮红包检查... (04:24:35)
2026-03-17 04:24:35,624 - INFO - 开始处理红包...
2026-03-17 04:24:35,878 - INFO - 获取到 1 个红包信息
2026-03-17 04:24:35,878 - INFO - 本轮处理完成: 0 个红包待处理, 0 个红包成功领取
2026-03-17 04:24:35,878 - INFO - 检查完成，等待 30 秒后下一轮...
2026-03-17 04:25:05,908 - INFO - 开始新一轮红包检查... (04:25:05)
2026-03-17 04:25:05,908 - INFO - 开始处理红包...
2026-03-17 04:25:06,148 - INFO - 获取到 1 个红包信息
2026-03-17 04:25:06,148 - INFO - 本轮处理完成: 0 个红包待处理, 0 个红包成功领取
2026-03-17 04:25:06,148 - INFO - 检查完成，等待 30 秒后下一轮...
2026-03-17 04:25:36,162 - INFO - 开始新一轮红包检查... (04:25:36)
2026-03-17 04:25:36,162 - INFO - 开始处理红包...
2026-03-17 04:25:36,447 - INFO - 获取到 1 个红包信息
2026-03-17 04:25:36,447 - INFO - 本轮处理完成: 0 个红包待处理, 0 个红包成功领取
2026-03-17 04:25:36,447 - INFO - 检查完成，等待 30 秒后下一轮...
2026-03-17 04:26:06,477 - INFO - 开始新一轮红包检查... (04:26:06)
2026-03-17 04:26:06,477 - INFO - 开始处理红包...
2026-03-17 04:26:06,736 - INFO - 获取到 1 个红包信息
2026-03-17 04:26:06,737 - INFO - 本轮处理完成: 0 个红包待处理, 0 个红包成功领取
2026-03-17 04:26:06,737 - INFO - 检查完成，等待 30 秒后下一轮...
2026-03-17 04:26:36,767 - INFO - 开始新一轮红包检查... (04:26:36)
2026-03-17 04:26:36,767 - INFO - 开始处理红包...
2026-03-17 04:26:37,077 - INFO - 获取到 1 个红包信息
2026-03-17 04:26:37,077 - INFO - 本轮处理完成: 0 个红包待处理, 0 个红包成功领取
2026-03-17 04:26:37,077 - INFO - 检查完成，等待 30 秒后下一轮...
2026-03-17 04:27:07,107 - INFO - 开始新一轮红包检查... (04:27:07)
2026-03-17 04:27:07,108 - INFO - 开始处理红包...
2026-03-17 04:27:07,368 - INFO - 获取到 1 个红包信息
2026-03-17 04:27:07,368 - INFO - 本轮处理完成: 0 个红包待处理, 0 个红包成功领取
2026-03-17 04:27:07,368 - INFO - 检查完成，等待 30 秒后下一轮...
2026-03-17 04:27:37,399 - INFO - 开始新一轮红包检查... (04:27:37)
2026-03-17 04:27:37,399 - INFO - 开始处理红包...
2026-03-17 04:27:37,764 - INFO - 获取到 1 个红包信息
2026-03-17 04:27:37,764 - INFO - 本轮处理完成: 0 个红包待处理, 0 个红包成功领取
2026-03-17 04:27:37,764 - INFO - 检查完成，等待 30 秒后下一轮...
2026-03-17 04:28:07,778 - INFO - 开始新一轮红包检查... (04:28:07)
2026-03-17 04:28:07,778 - INFO - 开始处理红包...
2026-03-17 04:28:08,017 - INFO - 获取到 1 个红包信息
2026-03-17 04:28:08,017 - INFO - 本轮处理完成: 0 个红包待处理, 0 个红包成功领取
2026-03-17 04:28:08,017 - INFO - 检查完成，等待 30 秒后下一轮...
2026-03-17 04:28:38,043 - INFO - 开始新一轮红包检查... (04:28:38)
2026-03-17 04:28:38,043 - INFO - 开始处理红包...
2026-03-17 04:28:38,298 - INFO - 获取到 1 个红包信息
2026-03-17 04:28:38,298 - INFO - 本轮处理完成: 0 个红包待处理, 0 个红包成功领取
2026-03-17 04:28:38,298 - INFO - 检查完成，等待 30 秒后下一轮...
2026-03-17 04:29:08,322 - INFO - 开始新一轮红包检查... (04:29:08)
2026-03-17 04:29:08,322 - INFO - 开始处理红包...
2026-03-17 04:29:08,596 - INFO - 获取到 1 个红包信息
2026-03-17 04:29:08,596 - INFO - 本轮处理完成: 0 个红包待处理, 0 个红包成功领取
2026-03-17 04:29:08,596 - INFO - 检查完成，等待 30 秒后下一轮...
2026-03-17 04:29:38,613 - INFO - 开始新一轮红包检查... (04:29:38)
2026-03-17 04:29:38,613 - INFO - 开始处理红包...
2026-03-17 04:29:38,854 - INFO - 获取到 1 个红包信息
2026-03-17 04:29:38,854 - INFO - 本轮处理完成: 0 个红包待处理, 0 个红包成功领取
2026-03-17 04:29:38,854 - INFO - 检查完成，等待 30 秒后下一轮...
2026-03-17 04:30:08,884 - INFO - 开始新一轮红包检查... (04:30:08)
2026-03-17 04:30:08,884 - INFO - 开始处理红包...
2026-03-17 04:30:09,161 - INFO - 获取到 1 个红包信息
2026-03-17 04:30:09,161 - INFO - 本轮处理完成: 0 个红包待处理, 0 个红包成功领取
2026-03-17 04:30:09,161 - INFO - 检查完成，等待 30 秒后下一轮...
2026-03-17 04:30:39,191 - INFO - 开始新一轮红包检查... (04:30:39)
2026-03-17 04:30:39,192 - INFO - 开始处理红包...
2026-03-17 04:30:39,444 - INFO - 获取到 1 个红包信息
2026-03-17 04:30:39,444 - INFO - 本轮处理完成: 0 个红包待处理, 0 个红包成功领取
2026-03-17 04:30:39,444 - INFO - 检查完成，等待 30 秒后下一轮...
2026-03-17 04:31:09,467 - INFO - 开始新一轮红包检查... (04:31:09)
2026-03-17 04:31:09,467 - INFO - 开始处理红包...
2026-03-17 04:31:09,720 - INFO - 获取到 1 个红包信息
2026-03-17 04:31:09,720 - INFO - 本轮处理完成: 0 个红包待处理, 0 个红包成功领取
2026-03-17 04:31:09,720 - INFO - 检查完成，等待 30 秒后下一轮...
2026-03-17 04:31:39,750 - INFO - 开始新一轮红包检查... (04:31:39)
2026-03-17 04:31:39,751 - INFO - 开始处理红包...
2026-03-17 04:31:40,013 - INFO - 获取到 1 个红包信息
2026-03-17 04:31:40,014 - INFO - 本轮处理完成: 0 个红包待处理, 0 个红包成功领取
2026-03-17 04:31:40,014 - INFO - 检查完成，等待 30 秒后下一轮...
2026-03-17 04:32:10,044 - INFO - 开始新一轮红包检查... (04:32:10)
2026-03-17 04:32:10,044 - INFO - 开始处理红包...
2026-03-17 04:32:10,318 - INFO - 获取到 1 个红包信息
2026-03-17 04:32:10,318 - INFO - 本轮处理完成: 0 个红包待处理, 0 个红包成功领取
2026-03-17 04:32:10,318 - INFO - 检查完成，等待 30 秒后下一轮...
2026-03-17 04:32:40,349 - INFO - 开始新一轮红包检查... (04:32:40)
2026-03-17 04:32:40,349 - INFO - 开始处理红包...
2026-03-17 04:32:40,609 - INFO - 获取到 1 个红包信息
2026-03-17 04:32:40,609 - INFO - 本轮处理完成: 0 个红包待处理, 0 个红包成功领取
2026-03-17 04:32:40,609 - INFO - 检查完成，等待 30 秒后下一轮...
2026-03-17 04:33:10,639 - INFO - 开始新一轮红包检查... (04:33:10)
2026-03-17 04:33:10,640 - INFO - 开始处理红包...
2026-03-17 04:33:10,910 - INFO - 获取到 1 个红包信息
2026-03-17 04:33:10,910 - INFO - 本轮处理完成: 0 个红包待处理, 0 个红包成功领取
2026-03-17 04:33:10,911 - INFO - 检查完成，等待 30 秒后下一轮...
2026-03-17 04:33:40,930 - INFO - 开始新一轮红包检查... (04:33:40)
2026-03-17 04:33:40,930 - INFO - 开始处理红包...
2026-03-17 04:33:41,188 - INFO - 获取到 1 个红包信息
2026-03-17 04:33:41,188 - INFO - 本轮处理完成: 0 个红包待处理, 0 个红包成功领取
2026-03-17 04:33:41,188 - INFO - 检查完成，等待 30 秒后下一轮...
