/usr/lib/python3/dist-packages/requests/__init__.py:87: RequestsDependencyWarning: urllib3 (2.6.3) or chardet (4.0.0) doesn't match a supported version!
  warnings.warn("urllib3 ({}) or chardet ({}) doesn't match a supported "
2026-03-17 08:58:54,699 - INFO - === ClawPi红包监控系统启动 ===
2026-03-17 08:58:54,699 - INFO - 监控创作者: ['FluxA', '龙虾', 'xiaohongshu', 'bilibili', 'douyin', 'weibo', 'zhihu', 'kuaishou', 'xiaohongshu_creator', 'bilibili_up', 'douyin_star', 'weibo_vip', 'zhihu_expert', 'kuaishou_host']
2026-03-17 08:58:54,699 - INFO - 最小金额门槛: 0.01 USDC
2026-03-17 08:58:54,699 - INFO - 检查间隔: 3 秒
2026-03-17 08:58:54,699 - INFO - Agent ID: 7418662c-f339-4215-aae8-fc7a3f29fef1
2026-03-17 08:58:54,699 - INFO - =========================================
2026-03-17 08:58:54,699 - INFO - 开始新一轮红包检查... (08:58:54)
2026-03-17 08:58:54,699 - INFO - 开始处理红包...
2026-03-17 08:58:55,008 - INFO - 获取到 2 个红包信息
2026-03-17 08:58:55,009 - INFO - 发现红包: [] - 
2026-03-17 08:58:55,009 - INFO - 🎯 发现目标红包: 未知创作者 - 0.01 USDC (ID: 98)
2026-03-17 08:58:55,391 - ERROR - ❌ FluxA API返回HTML，可能是token无效或API有问题
2026-03-17 08:58:55,391 - INFO - 发现红包: [] - 
2026-03-17 08:58:55,391 - INFO - 🎯 发现目标红包: 未知创作者 - 0.10 USDC (ID: 41)
2026-03-17 08:58:55,499 - ERROR - ❌ FluxA API返回HTML，可能是token无效或API有问题
2026-03-17 08:58:55,499 - INFO - 本轮处理完成: 2 个红包待处理, 0 个红包成功领取
2026-03-17 08:58:55,499 - INFO - 检查完成，等待 3 秒后下一轮...
2026-03-17 08:58:58,502 - INFO - 开始新一轮红包检查... (08:58:58)
2026-03-17 08:58:58,502 - INFO - 开始处理红包...
2026-03-17 08:58:58,759 - INFO - 获取到 2 个红包信息
2026-03-17 08:58:58,759 - INFO - 发现红包: [] - 
2026-03-17 08:58:58,759 - INFO - 发现红包: [] - 
2026-03-17 08:58:58,759 - INFO - 本轮处理完成: 0 个红包待处理, 0 个红包成功领取
2026-03-17 08:58:58,759 - INFO - 检查完成，等待 3 秒后下一轮...
2026-03-17 08:59:01,762 - INFO - 开始新一轮红包检查... (08:59:01)
2026-03-17 08:59:01,762 - INFO - 开始处理红包...
2026-03-17 08:59:02,023 - INFO - 获取到 2 个红包信息
2026-03-17 08:59:02,023 - INFO - 发现红包: [] - 
2026-03-17 08:59:02,023 - INFO - 发现红包: [] - 
2026-03-17 08:59:02,023 - INFO - 本轮处理完成: 0 个红包待处理, 0 个红包成功领取
2026-03-17 08:59:02,023 - INFO - 检查完成，等待 3 秒后下一轮...
2026-03-17 08:59:05,024 - INFO - 开始新一轮红包检查... (08:59:05)
2026-03-17 08:59:05,024 - INFO - 开始处理红包...
2026-03-17 08:59:05,280 - INFO - 获取到 2 个红包信息
2026-03-17 08:59:05,280 - INFO - 发现红包: [] - 
2026-03-17 08:59:05,280 - INFO - 发现红包: [] - 
2026-03-17 08:59:05,280 - INFO - 本轮处理完成: 0 个红包待处理, 0 个红包成功领取
2026-03-17 08:59:05,280 - INFO - 检查完成，等待 3 秒后下一轮...
2026-03-17 08:59:08,284 - INFO - 开始新一轮红包检查... (08:59:08)
2026-03-17 08:59:08,284 - INFO - 开始处理红包...
2026-03-17 08:59:08,544 - INFO - 获取到 2 个红包信息
2026-03-17 08:59:08,544 - INFO - 发现红包: [] - 
2026-03-17 08:59:08,544 - INFO - 发现红包: [] - 
2026-03-17 08:59:08,544 - INFO - 本轮处理完成: 0 个红包待处理, 0 个红包成功领取
2026-03-17 08:59:08,544 - INFO - 检查完成，等待 3 秒后下一轮...
2026-03-17 08:59:11,548 - INFO - 开始新一轮红包检查... (08:59:11)
2026-03-17 08:59:11,548 - INFO - 开始处理红包...
2026-03-17 08:59:11,803 - INFO - 获取到 2 个红包信息
2026-03-17 08:59:11,804 - INFO - 发现红包: [] - 
2026-03-17 08:59:11,804 - INFO - 发现红包: [] - 
2026-03-17 08:59:11,804 - INFO - 本轮处理完成: 0 个红包待处理, 0 个红包成功领取
2026-03-17 08:59:11,804 - INFO - 检查完成，等待 3 秒后下一轮...
2026-03-17 08:59:14,807 - INFO - 开始新一轮红包检查... (08:59:14)
2026-03-17 08:59:14,807 - INFO - 开始处理红包...
2026-03-17 08:59:15,059 - INFO - 获取到 2 个红包信息
2026-03-17 08:59:15,059 - INFO - 发现红包: [] - 
2026-03-17 08:59:15,059 - INFO - 发现红包: [] - 
2026-03-17 08:59:15,059 - INFO - 本轮处理完成: 0 个红包待处理, 0 个红包成功领取
2026-03-17 08:59:15,059 - INFO - 检查完成，等待 3 秒后下一轮...
2026-03-17 08:59:18,062 - INFO - 开始新一轮红包检查... (08:59:18)
2026-03-17 08:59:18,062 - INFO - 开始处理红包...
2026-03-17 08:59:18,315 - INFO - 获取到 2 个红包信息
2026-03-17 08:59:18,316 - INFO - 发现红包: [] - 
2026-03-17 08:59:18,316 - INFO - 发现红包: [] - 
2026-03-17 08:59:18,316 - INFO - 本轮处理完成: 0 个红包待处理, 0 个红包成功领取
2026-03-17 08:59:18,316 - INFO - 检查完成，等待 3 秒后下一轮...
2026-03-17 08:59:21,319 - INFO - 开始新一轮红包检查... (08:59:21)
2026-03-17 08:59:21,319 - INFO - 开始处理红包...
2026-03-17 08:59:21,572 - INFO - 获取到 2 个红包信息
2026-03-17 08:59:21,572 - INFO - 发现红包: [] - 
2026-03-17 08:59:21,572 - INFO - 发现红包: [] - 
2026-03-17 08:59:21,572 - INFO - 本轮处理完成: 0 个红包待处理, 0 个红包成功领取
2026-03-17 08:59:21,572 - INFO - 检查完成，等待 3 秒后下一轮...
2026-03-17 08:59:24,575 - INFO - 开始新一轮红包检查... (08:59:24)
2026-03-17 08:59:24,575 - INFO - 开始处理红包...
2026-03-17 08:59:24,836 - INFO - 获取到 2 个红包信息
2026-03-17 08:59:24,836 - INFO - 发现红包: [] - 
2026-03-17 08:59:24,836 - INFO - 发现红包: [] - 
2026-03-17 08:59:24,836 - INFO - 本轮处理完成: 0 个红包待处理, 0 个红包成功领取
2026-03-17 08:59:24,836 - INFO - 检查完成，等待 3 秒后下一轮...
2026-03-17 08:59:27,840 - INFO - 开始新一轮红包检查... (08:59:27)
2026-03-17 08:59:27,840 - INFO - 开始处理红包...
2026-03-17 08:59:28,081 - INFO - 获取到 2 个红包信息
2026-03-17 08:59:28,082 - INFO - 发现红包: [] - 
2026-03-17 08:59:28,082 - INFO - 发现红包: [] - 
2026-03-17 08:59:28,082 - INFO - 本轮处理完成: 0 个红包待处理, 0 个红包成功领取
2026-03-17 08:59:28,082 - INFO - 检查完成，等待 3 秒后下一轮...
2026-03-17 08:59:31,085 - INFO - 开始新一轮红包检查... (08:59:31)
2026-03-17 08:59:31,085 - INFO - 开始处理红包...
2026-03-17 08:59:31,332 - INFO - 获取到 2 个红包信息
2026-03-17 08:59:31,332 - INFO - 发现红包: [] - 
2026-03-17 08:59:31,332 - INFO - 发现红包: [] - 
2026-03-17 08:59:31,332 - INFO - 本轮处理完成: 0 个红包待处理, 0 个红包成功领取
2026-03-17 08:59:31,332 - INFO - 检查完成，等待 3 秒后下一轮...
2026-03-17 08:59:34,335 - INFO - 开始新一轮红包检查... (08:59:34)
2026-03-17 08:59:34,335 - INFO - 开始处理红包...
2026-03-17 08:59:34,582 - INFO - 获取到 2 个红包信息
2026-03-17 08:59:34,582 - INFO - 发现红包: [] - 
2026-03-17 08:59:34,582 - INFO - 发现红包: [] - 
2026-03-17 08:59:34,582 - INFO - 本轮处理完成: 0 个红包待处理, 0 个红包成功领取
2026-03-17 08:59:34,582 - INFO - 检查完成，等待 3 秒后下一轮...
2026-03-17 08:59:37,585 - INFO - 开始新一轮红包检查... (08:59:37)
2026-03-17 08:59:37,585 - INFO - 开始处理红包...
2026-03-17 08:59:37,825 - INFO - 获取到 2 个红包信息
2026-03-17 08:59:37,825 - INFO - 发现红包: [] - 
2026-03-17 08:59:37,825 - INFO - 发现红包: [] - 
2026-03-17 08:59:37,825 - INFO - 本轮处理完成: 0 个红包待处理, 0 个红包成功领取
2026-03-17 08:59:37,825 - INFO - 检查完成，等待 3 秒后下一轮...
2026-03-17 08:59:40,826 - INFO - 开始新一轮红包检查... (08:59:40)
2026-03-17 08:59:40,826 - INFO - 开始处理红包...
2026-03-17 08:59:41,065 - INFO - 获取到 2 个红包信息
2026-03-17 08:59:41,066 - INFO - 发现红包: [] - 
2026-03-17 08:59:41,066 - INFO - 发现红包: [] - 
2026-03-17 08:59:41,066 - INFO - 本轮处理完成: 0 个红包待处理, 0 个红包成功领取
2026-03-17 08:59:41,066 - INFO - 检查完成，等待 3 秒后下一轮...
2026-03-17 08:59:44,069 - INFO - 开始新一轮红包检查... (08:59:44)
2026-03-17 08:59:44,069 - INFO - 开始处理红包...
2026-03-17 08:59:44,306 - INFO - 获取到 2 个红包信息
2026-03-17 08:59:44,306 - INFO - 发现红包: [] - 
2026-03-17 08:59:44,306 - INFO - 发现红包: [] - 
2026-03-17 08:59:44,306 - INFO - 本轮处理完成: 0 个红包待处理, 0 个红包成功领取
2026-03-17 08:59:44,306 - INFO - 检查完成，等待 3 秒后下一轮...
2026-03-17 08:59:47,309 - INFO - 开始新一轮红包检查... (08:59:47)
2026-03-17 08:59:47,310 - INFO - 开始处理红包...
2026-03-17 08:59:47,551 - INFO - 获取到 2 个红包信息
2026-03-17 08:59:47,552 - INFO - 发现红包: [] - 
2026-03-17 08:59:47,552 - INFO - 发现红包: [] - 
2026-03-17 08:59:47,552 - INFO - 本轮处理完成: 0 个红包待处理, 0 个红包成功领取
2026-03-17 08:59:47,552 - INFO - 检查完成，等待 3 秒后下一轮...
2026-03-17 08:59:50,555 - INFO - 开始新一轮红包检查... (08:59:50)
2026-03-17 08:59:50,555 - INFO - 开始处理红包...
2026-03-17 08:59:50,810 - INFO - 获取到 2 个红包信息
2026-03-17 08:59:50,810 - INFO - 发现红包: [] - 
2026-03-17 08:59:50,810 - INFO - 发现红包: [] - 
2026-03-17 08:59:50,810 - INFO - 本轮处理完成: 0 个红包待处理, 0 个红包成功领取
2026-03-17 08:59:50,810 - INFO - 检查完成，等待 3 秒后下一轮...
2026-03-17 08:59:53,813 - INFO - 开始新一轮红包检查... (08:59:53)
2026-03-17 08:59:53,813 - INFO - 开始处理红包...
2026-03-17 08:59:54,066 - INFO - 获取到 2 个红包信息
2026-03-17 08:59:54,066 - INFO - 发现红包: [] - 
2026-03-17 08:59:54,066 - INFO - 发现红包: [] - 
2026-03-17 08:59:54,066 - INFO - 本轮处理完成: 0 个红包待处理, 0 个红包成功领取
2026-03-17 08:59:54,066 - INFO - 检查完成，等待 3 秒后下一轮...
2026-03-17 08:59:57,069 - INFO - 开始新一轮红包检查... (08:59:57)
2026-03-17 08:59:57,069 - INFO - 开始处理红包...
2026-03-17 08:59:57,320 - INFO - 获取到 2 个红包信息
2026-03-17 08:59:57,320 - INFO - 发现红包: [] - 
2026-03-17 08:59:57,320 - INFO - 发现红包: [] - 
2026-03-17 08:59:57,320 - INFO - 本轮处理完成: 0 个红包待处理, 0 个红包成功领取
2026-03-17 08:59:57,320 - INFO - 检查完成，等待 3 秒后下一轮...
2026-03-17 09:00:00,323 - INFO - 开始新一轮红包检查... (09:00:00)
2026-03-17 09:00:00,323 - INFO - 开始处理红包...
2026-03-17 09:00:00,567 - INFO - 获取到 2 个红包信息
2026-03-17 09:00:00,567 - INFO - 发现红包: [] - 
2026-03-17 09:00:00,567 - INFO - 发现红包: [] - 
2026-03-17 09:00:00,567 - INFO - 本轮处理完成: 0 个红包待处理, 0 个红包成功领取
2026-03-17 09:00:00,567 - INFO - 检查完成，等待 3 秒后下一轮...
2026-03-17 09:00:03,570 - INFO - 开始新一轮红包检查... (09:00:03)
2026-03-17 09:00:03,571 - INFO - 开始处理红包...
2026-03-17 09:00:03,823 - INFO - 获取到 1 个红包信息
2026-03-17 09:00:03,823 - INFO - 发现红包: [] - 
2026-03-17 09:00:03,823 - INFO - 本轮处理完成: 0 个红包待处理, 0 个红包成功领取
2026-03-17 09:00:03,823 - INFO - 检查完成，等待 3 秒后下一轮...
2026-03-17 09:00:06,826 - INFO - 开始新一轮红包检查... (09:00:06)
2026-03-17 09:00:06,827 - INFO - 开始处理红包...
2026-03-17 09:00:07,074 - INFO - 获取到 1 个红包信息
2026-03-17 09:00:07,074 - INFO - 发现红包: [] - 
2026-03-17 09:00:07,074 - INFO - 本轮处理完成: 0 个红包待处理, 0 个红包成功领取
2026-03-17 09:00:07,074 - INFO - 检查完成，等待 3 秒后下一轮...
2026-03-17 09:00:10,077 - INFO - 开始新一轮红包检查... (09:00:10)
2026-03-17 09:00:10,077 - INFO - 开始处理红包...
2026-03-17 09:00:10,330 - INFO - 获取到 1 个红包信息
2026-03-17 09:00:10,330 - INFO - 发现红包: [] - 
2026-03-17 09:00:10,330 - INFO - 本轮处理完成: 0 个红包待处理, 0 个红包成功领取
2026-03-17 09:00:10,330 - INFO - 检查完成，等待 3 秒后下一轮...
2026-03-17 09:00:13,333 - INFO - 开始新一轮红包检查... (09:00:13)
2026-03-17 09:00:13,333 - INFO - 开始处理红包...
2026-03-17 09:00:13,581 - INFO - 获取到 1 个红包信息
2026-03-17 09:00:13,581 - INFO - 发现红包: [] - 
2026-03-17 09:00:13,581 - INFO - 本轮处理完成: 0 个红包待处理, 0 个红包成功领取
2026-03-17 09:00:13,581 - INFO - 检查完成，等待 3 秒后下一轮...
2026-03-17 09:00:16,584 - INFO - 开始新一轮红包检查... (09:00:16)
2026-03-17 09:00:16,585 - INFO - 开始处理红包...
2026-03-17 09:00:16,827 - INFO - 获取到 1 个红包信息
2026-03-17 09:00:16,828 - INFO - 发现红包: [] - 
2026-03-17 09:00:16,828 - INFO - 本轮处理完成: 0 个红包待处理, 0 个红包成功领取
2026-03-17 09:00:16,828 - INFO - 检查完成，等待 3 秒后下一轮...
2026-03-17 09:00:19,831 - INFO - 开始新一轮红包检查... (09:00:19)
2026-03-17 09:00:19,831 - INFO - 开始处理红包...
2026-03-17 09:00:20,082 - INFO - 获取到 1 个红包信息
2026-03-17 09:00:20,082 - INFO - 发现红包: [] - 
2026-03-17 09:00:20,082 - INFO - 本轮处理完成: 0 个红包待处理, 0 个红包成功领取
2026-03-17 09:00:20,082 - INFO - 检查完成，等待 3 秒后下一轮...
2026-03-17 09:00:23,086 - INFO - 开始新一轮红包检查... (09:00:23)
2026-03-17 09:00:23,086 - INFO - 开始处理红包...
2026-03-17 09:00:23,325 - INFO - 获取到 1 个红包信息
2026-03-17 09:00:23,325 - INFO - 发现红包: [] - 
2026-03-17 09:00:23,325 - INFO - 本轮处理完成: 0 个红包待处理, 0 个红包成功领取
2026-03-17 09:00:23,325 - INFO - 检查完成，等待 3 秒后下一轮...
2026-03-17 09:00:26,328 - INFO - 开始新一轮红包检查... (09:00:26)
2026-03-17 09:00:26,328 - INFO - 开始处理红包...
2026-03-17 09:00:26,572 - INFO - 获取到 1 个红包信息
2026-03-17 09:00:26,572 - INFO - 发现红包: [] - 
2026-03-17 09:00:26,573 - INFO - 本轮处理完成: 0 个红包待处理, 0 个红包成功领取
2026-03-17 09:00:26,573 - INFO - 检查完成，等待 3 秒后下一轮...
2026-03-17 09:00:29,576 - INFO - 开始新一轮红包检查... (09:00:29)
2026-03-17 09:00:29,576 - INFO - 开始处理红包...
2026-03-17 09:00:29,816 - INFO - 获取到 1 个红包信息
2026-03-17 09:00:29,817 - INFO - 发现红包: [] - 
2026-03-17 09:00:29,818 - INFO - 本轮处理完成: 0 个红包待处理, 0 个红包成功领取
2026-03-17 09:00:29,818 - INFO - 检查完成，等待 3 秒后下一轮...
2026-03-17 09:00:32,822 - INFO - 开始新一轮红包检查... (09:00:32)
2026-03-17 09:00:32,822 - INFO - 开始处理红包...
2026-03-17 09:00:33,071 - INFO - 获取到 1 个红包信息
2026-03-17 09:00:33,071 - INFO - 发现红包: [] - 
2026-03-17 09:00:33,071 - INFO - 本轮处理完成: 0 个红包待处理, 0 个红包成功领取
2026-03-17 09:00:33,071 - INFO - 检查完成，等待 3 秒后下一轮...
2026-03-17 09:00:36,074 - INFO - 开始新一轮红包检查... (09:00:36)
2026-03-17 09:00:36,074 - INFO - 开始处理红包...
