/usr/lib/python3/dist-packages/requests/__init__.py:87: RequestsDependencyWarning: urllib3 (2.6.3) or chardet (4.0.0) doesn't match a supported version!
  warnings.warn("urllib3 ({}) or chardet ({}) doesn't match a supported "
2026-03-17 09:02:03,245 - INFO - === ClawPi红包监控系统启动 ===
2026-03-17 09:02:03,245 - INFO - 监控创作者: ['FluxA', '龙虾', 'xiaohongshu', 'bilibili', 'douyin', 'weibo', 'zhihu', 'kuaishou', 'xiaohongshu_creator', 'bilibili_up', 'douyin_star', 'weibo_vip', 'zhihu_expert', 'kuaishou_host']
2026-03-17 09:02:03,245 - INFO - 最小金额门槛: 0.01 USDC
2026-03-17 09:02:03,245 - INFO - 检查间隔: 3 秒
2026-03-17 09:02:03,245 - INFO - Agent ID: 7418662c-f339-4215-aae8-fc7a3f29fef1
2026-03-17 09:02:03,245 - INFO - =========================================
2026-03-17 09:02:03,245 - INFO - 开始新一轮红包检查... (09:02:03)
2026-03-17 09:02:03,245 - INFO - 开始处理红包...
2026-03-17 09:02:03,534 - INFO - 获取到 1 个红包信息
2026-03-17 09:02:03,534 - INFO - 检查红包: [FluxA首席大龙虾🦞] (ID: 41)
2026-03-17 09:02:03,534 - INFO - 🎯 准备领取: FluxA首席大龙虾🦞 - 0.100000 USDC (ID: 41)
2026-03-17 09:02:13,180 - WARNING - 红包领取但支付未完成
2026-03-17 09:02:13,180 - ERROR - 领取红包失败 (ID: 41)
2026-03-17 09:02:13,180 - INFO - 本轮处理完成: 1 个红包尝试领取, 0 个成功
2026-03-17 09:02:16,183 - INFO - 开始新一轮红包检查... (09:02:16)
2026-03-17 09:02:16,183 - INFO - 开始处理红包...
2026-03-17 09:02:16,444 - INFO - 获取到 0 个红包信息
2026-03-17 09:02:16,444 - INFO - 当前没有可用的红包
2026-03-17 09:02:19,448 - INFO - 开始新一轮红包检查... (09:02:19)
2026-03-17 09:02:19,448 - INFO - 开始处理红包...
2026-03-17 09:02:19,694 - INFO - 获取到 0 个红包信息
2026-03-17 09:02:19,694 - INFO - 当前没有可用的红包
2026-03-17 09:02:22,698 - INFO - 开始新一轮红包检查... (09:02:22)
2026-03-17 09:02:22,698 - INFO - 开始处理红包...
2026-03-17 09:02:22,949 - INFO - 获取到 0 个红包信息
2026-03-17 09:02:22,949 - INFO - 当前没有可用的红包
2026-03-17 09:02:25,952 - INFO - 开始新一轮红包检查... (09:02:25)
2026-03-17 09:02:25,952 - INFO - 开始处理红包...
2026-03-17 09:02:26,201 - INFO - 获取到 0 个红包信息
2026-03-17 09:02:26,201 - INFO - 当前没有可用的红包
2026-03-17 09:02:29,204 - INFO - 开始新一轮红包检查... (09:02:29)
2026-03-17 09:02:29,204 - INFO - 开始处理红包...
2026-03-17 09:02:29,463 - INFO - 获取到 0 个红包信息
2026-03-17 09:02:29,463 - INFO - 当前没有可用的红包
2026-03-17 09:02:32,466 - INFO - 开始新一轮红包检查... (09:02:32)
2026-03-17 09:02:32,466 - INFO - 开始处理红包...
2026-03-17 09:02:32,709 - INFO - 获取到 0 个红包信息
2026-03-17 09:02:32,709 - INFO - 当前没有可用的红包
2026-03-17 09:02:35,712 - INFO - 开始新一轮红包检查... (09:02:35)
2026-03-17 09:02:35,712 - INFO - 开始处理红包...
2026-03-17 09:02:35,955 - INFO - 获取到 0 个红包信息
2026-03-17 09:02:35,955 - INFO - 当前没有可用的红包
2026-03-17 09:02:38,958 - INFO - 开始新一轮红包检查... (09:02:38)
2026-03-17 09:02:38,958 - INFO - 开始处理红包...
2026-03-17 09:02:39,196 - INFO - 获取到 0 个红包信息
2026-03-17 09:02:39,196 - INFO - 当前没有可用的红包
2026-03-17 09:02:42,200 - INFO - 开始新一轮红包检查... (09:02:42)
2026-03-17 09:02:42,200 - INFO - 开始处理红包...
2026-03-17 09:02:42,433 - INFO - 获取到 0 个红包信息
2026-03-17 09:02:42,433 - INFO - 当前没有可用的红包
2026-03-17 09:02:45,436 - INFO - 开始新一轮红包检查... (09:02:45)
2026-03-17 09:02:45,436 - INFO - 开始处理红包...
2026-03-17 09:02:45,675 - INFO - 获取到 0 个红包信息
2026-03-17 09:02:45,675 - INFO - 当前没有可用的红包
2026-03-17 09:02:48,678 - INFO - 开始新一轮红包检查... (09:02:48)
2026-03-17 09:02:48,678 - INFO - 开始处理红包...
2026-03-17 09:02:48,914 - INFO - 获取到 0 个红包信息
2026-03-17 09:02:48,914 - INFO - 当前没有可用的红包
2026-03-17 09:02:51,918 - INFO - 开始新一轮红包检查... (09:02:51)
2026-03-17 09:02:51,918 - INFO - 开始处理红包...
2026-03-17 09:02:52,147 - INFO - 获取到 0 个红包信息
2026-03-17 09:02:52,147 - INFO - 当前没有可用的红包
2026-03-17 09:02:55,150 - INFO - 开始新一轮红包检查... (09:02:55)
2026-03-17 09:02:55,150 - INFO - 开始处理红包...
2026-03-17 09:02:55,395 - INFO - 获取到 0 个红包信息
2026-03-17 09:02:55,395 - INFO - 当前没有可用的红包
2026-03-17 09:02:58,398 - INFO - 开始新一轮红包检查... (09:02:58)
2026-03-17 09:02:58,398 - INFO - 开始处理红包...
2026-03-17 09:02:58,631 - INFO - 获取到 0 个红包信息
2026-03-17 09:02:58,632 - INFO - 当前没有可用的红包
2026-03-17 09:03:01,635 - INFO - 开始新一轮红包检查... (09:03:01)
2026-03-17 09:03:01,635 - INFO - 开始处理红包...
2026-03-17 09:03:01,879 - INFO - 获取到 0 个红包信息
2026-03-17 09:03:01,879 - INFO - 当前没有可用的红包
2026-03-17 09:03:04,882 - INFO - 开始新一轮红包检查... (09:03:04)
2026-03-17 09:03:04,883 - INFO - 开始处理红包...
2026-03-17 09:03:05,172 - INFO - 获取到 0 个红包信息
2026-03-17 09:03:05,172 - INFO - 当前没有可用的红包
2026-03-17 09:03:08,175 - INFO - 开始新一轮红包检查... (09:03:08)
2026-03-17 09:03:08,175 - INFO - 开始处理红包...
2026-03-17 09:03:08,474 - INFO - 获取到 0 个红包信息
2026-03-17 09:03:08,474 - INFO - 当前没有可用的红包
2026-03-17 09:03:11,478 - INFO - 开始新一轮红包检查... (09:03:11)
2026-03-17 09:03:11,478 - INFO - 开始处理红包...
2026-03-17 09:03:11,723 - INFO - 获取到 0 个红包信息
2026-03-17 09:03:11,723 - INFO - 当前没有可用的红包
2026-03-17 09:03:14,726 - INFO - 开始新一轮红包检查... (09:03:14)
2026-03-17 09:03:14,726 - INFO - 开始处理红包...
2026-03-17 09:03:14,963 - INFO - 获取到 0 个红包信息
2026-03-17 09:03:14,963 - INFO - 当前没有可用的红包
2026-03-17 09:03:17,967 - INFO - 开始新一轮红包检查... (09:03:17)
2026-03-17 09:03:17,967 - INFO - 开始处理红包...
2026-03-17 09:03:18,209 - INFO - 获取到 0 个红包信息
2026-03-17 09:03:18,210 - INFO - 当前没有可用的红包
2026-03-17 09:03:21,213 - INFO - 开始新一轮红包检查... (09:03:21)
2026-03-17 09:03:21,213 - INFO - 开始处理红包...
2026-03-17 09:03:21,473 - INFO - 获取到 0 个红包信息
2026-03-17 09:03:21,473 - INFO - 当前没有可用的红包
2026-03-17 09:03:24,477 - INFO - 开始新一轮红包检查... (09:03:24)
2026-03-17 09:03:24,477 - INFO - 开始处理红包...
2026-03-17 09:03:24,709 - INFO - 获取到 0 个红包信息
2026-03-17 09:03:24,709 - INFO - 当前没有可用的红包
2026-03-17 09:03:27,712 - INFO - 开始新一轮红包检查... (09:03:27)
2026-03-17 09:03:27,712 - INFO - 开始处理红包...
2026-03-17 09:03:27,966 - INFO - 获取到 0 个红包信息
2026-03-17 09:03:27,966 - INFO - 当前没有可用的红包
2026-03-17 09:03:30,969 - INFO - 开始新一轮红包检查... (09:03:30)
2026-03-17 09:03:30,969 - INFO - 开始处理红包...
2026-03-17 09:03:31,291 - INFO - 获取到 0 个红包信息
2026-03-17 09:03:31,291 - INFO - 当前没有可用的红包
2026-03-17 09:03:34,294 - INFO - 开始新一轮红包检查... (09:03:34)
2026-03-17 09:03:34,294 - INFO - 开始处理红包...
2026-03-17 09:03:34,549 - INFO - 获取到 0 个红包信息
2026-03-17 09:03:34,549 - INFO - 当前没有可用的红包
2026-03-17 09:03:37,552 - INFO - 开始新一轮红包检查... (09:03:37)
2026-03-17 09:03:37,552 - INFO - 开始处理红包...
2026-03-17 09:03:37,790 - INFO - 获取到 0 个红包信息
2026-03-17 09:03:37,790 - INFO - 当前没有可用的红包
2026-03-17 09:03:40,793 - INFO - 开始新一轮红包检查... (09:03:40)
2026-03-17 09:03:40,793 - INFO - 开始处理红包...
2026-03-17 09:03:41,097 - INFO - 获取到 0 个红包信息
2026-03-17 09:03:41,097 - INFO - 当前没有可用的红包
2026-03-17 09:03:44,100 - INFO - 开始新一轮红包检查... (09:03:44)
2026-03-17 09:03:44,101 - INFO - 开始处理红包...
2026-03-17 09:03:44,344 - INFO - 获取到 0 个红包信息
2026-03-17 09:03:44,344 - INFO - 当前没有可用的红包
2026-03-17 09:03:47,347 - INFO - 开始新一轮红包检查... (09:03:47)
2026-03-17 09:03:47,348 - INFO - 开始处理红包...
2026-03-17 09:03:47,592 - INFO - 获取到 0 个红包信息
2026-03-17 09:03:47,592 - INFO - 当前没有可用的红包
2026-03-17 09:03:50,595 - INFO - 开始新一轮红包检查... (09:03:50)
2026-03-17 09:03:50,595 - INFO - 开始处理红包...
2026-03-17 09:03:50,844 - INFO - 获取到 0 个红包信息
2026-03-17 09:03:50,844 - INFO - 当前没有可用的红包
2026-03-17 09:03:53,847 - INFO - 开始新一轮红包检查... (09:03:53)
2026-03-17 09:03:53,848 - INFO - 开始处理红包...
2026-03-17 09:03:54,093 - INFO - 获取到 0 个红包信息
2026-03-17 09:03:54,093 - INFO - 当前没有可用的红包
2026-03-17 09:03:57,096 - INFO - 开始新一轮红包检查... (09:03:57)
2026-03-17 09:03:57,096 - INFO - 开始处理红包...
2026-03-17 09:03:57,333 - INFO - 获取到 0 个红包信息
2026-03-17 09:03:57,333 - INFO - 当前没有可用的红包
2026-03-17 09:04:00,337 - INFO - 开始新一轮红包检查... (09:04:00)
2026-03-17 09:04:00,337 - INFO - 开始处理红包...
2026-03-17 09:04:00,578 - INFO - 获取到 0 个红包信息
2026-03-17 09:04:00,578 - INFO - 当前没有可用的红包
2026-03-17 09:04:03,582 - INFO - 开始新一轮红包检查... (09:04:03)
2026-03-17 09:04:03,582 - INFO - 开始处理红包...
2026-03-17 09:04:03,849 - INFO - 获取到 0 个红包信息
2026-03-17 09:04:03,849 - INFO - 当前没有可用的红包
2026-03-17 09:04:06,853 - INFO - 开始新一轮红包检查... (09:04:06)
2026-03-17 09:04:06,853 - INFO - 开始处理红包...
2026-03-17 09:04:07,103 - INFO - 获取到 0 个红包信息
2026-03-17 09:04:07,103 - INFO - 当前没有可用的红包
2026-03-17 09:04:10,106 - INFO - 开始新一轮红包检查... (09:04:10)
2026-03-17 09:04:10,106 - INFO - 开始处理红包...
2026-03-17 09:04:10,363 - INFO - 获取到 0 个红包信息
2026-03-17 09:04:10,363 - INFO - 当前没有可用的红包
2026-03-17 09:04:13,366 - INFO - 开始新一轮红包检查... (09:04:13)
2026-03-17 09:04:13,366 - INFO - 开始处理红包...
2026-03-17 09:04:13,599 - INFO - 获取到 0 个红包信息
2026-03-17 09:04:13,599 - INFO - 当前没有可用的红包
2026-03-17 09:04:16,603 - INFO - 开始新一轮红包检查... (09:04:16)
2026-03-17 09:04:16,603 - INFO - 开始处理红包...
2026-03-17 09:04:16,849 - INFO - 获取到 0 个红包信息
2026-03-17 09:04:16,849 - INFO - 当前没有可用的红包
2026-03-17 09:04:19,850 - INFO - 开始新一轮红包检查... (09:04:19)
2026-03-17 09:04:19,850 - INFO - 开始处理红包...
2026-03-17 09:04:20,188 - INFO - 获取到 0 个红包信息
2026-03-17 09:04:20,188 - INFO - 当前没有可用的红包
2026-03-17 09:04:23,191 - INFO - 开始新一轮红包检查... (09:04:23)
2026-03-17 09:04:23,191 - INFO - 开始处理红包...
2026-03-17 09:04:23,432 - INFO - 获取到 0 个红包信息
2026-03-17 09:04:23,432 - INFO - 当前没有可用的红包
2026-03-17 09:04:26,435 - INFO - 开始新一轮红包检查... (09:04:26)
2026-03-17 09:04:26,435 - INFO - 开始处理红包...
2026-03-17 09:04:26,682 - INFO - 获取到 0 个红包信息
2026-03-17 09:04:26,682 - INFO - 当前没有可用的红包
2026-03-17 09:04:29,685 - INFO - 开始新一轮红包检查... (09:04:29)
2026-03-17 09:04:29,685 - INFO - 开始处理红包...
2026-03-17 09:04:29,923 - INFO - 获取到 0 个红包信息
2026-03-17 09:04:29,923 - INFO - 当前没有可用的红包
2026-03-17 09:04:32,926 - INFO - 开始新一轮红包检查... (09:04:32)
2026-03-17 09:04:32,926 - INFO - 开始处理红包...
2026-03-17 09:04:33,177 - INFO - 获取到 0 个红包信息
2026-03-17 09:04:33,177 - INFO - 当前没有可用的红包
2026-03-17 09:04:36,181 - INFO - 开始新一轮红包检查... (09:04:36)
2026-03-17 09:04:36,181 - INFO - 开始处理红包...
2026-03-17 09:04:36,424 - INFO - 获取到 0 个红包信息
2026-03-17 09:04:36,424 - INFO - 当前没有可用的红包
2026-03-17 09:04:39,427 - INFO - 开始新一轮红包检查... (09:04:39)
2026-03-17 09:04:39,427 - INFO - 开始处理红包...
2026-03-17 09:04:39,678 - INFO - 获取到 0 个红包信息
2026-03-17 09:04:39,678 - INFO - 当前没有可用的红包
2026-03-17 09:04:42,681 - INFO - 开始新一轮红包检查... (09:04:42)
2026-03-17 09:04:42,681 - INFO - 开始处理红包...
2026-03-17 09:04:42,922 - INFO - 获取到 0 个红包信息
2026-03-17 09:04:42,922 - INFO - 当前没有可用的红包
2026-03-17 09:04:45,925 - INFO - 开始新一轮红包检查... (09:04:45)
2026-03-17 09:04:45,925 - INFO - 开始处理红包...
2026-03-17 09:04:46,194 - INFO - 获取到 0 个红包信息
2026-03-17 09:04:46,194 - INFO - 当前没有可用的红包
2026-03-17 09:04:49,197 - INFO - 开始新一轮红包检查... (09:04:49)
2026-03-17 09:04:49,197 - INFO - 开始处理红包...
2026-03-17 09:04:49,446 - INFO - 获取到 0 个红包信息
2026-03-17 09:04:49,446 - INFO - 当前没有可用的红包
2026-03-17 09:04:52,450 - INFO - 开始新一轮红包检查... (09:04:52)
2026-03-17 09:04:52,450 - INFO - 开始处理红包...
2026-03-17 09:04:52,689 - INFO - 获取到 0 个红包信息
2026-03-17 09:04:52,689 - INFO - 当前没有可用的红包
2026-03-17 09:04:55,691 - INFO - 开始新一轮红包检查... (09:04:55)
2026-03-17 09:04:55,692 - INFO - 开始处理红包...
2026-03-17 09:04:55,938 - INFO - 获取到 0 个红包信息
2026-03-17 09:04:55,939 - INFO - 当前没有可用的红包
2026-03-17 09:04:58,942 - INFO - 开始新一轮红包检查... (09:04:58)
2026-03-17 09:04:58,942 - INFO - 开始处理红包...
2026-03-17 09:04:59,192 - INFO - 获取到 0 个红包信息
2026-03-17 09:04:59,192 - INFO - 当前没有可用的红包
2026-03-17 09:05:02,195 - INFO - 开始新一轮红包检查... (09:05:02)
2026-03-17 09:05:02,195 - INFO - 开始处理红包...
2026-03-17 09:05:02,436 - INFO - 获取到 0 个红包信息
2026-03-17 09:05:02,437 - INFO - 当前没有可用的红包
2026-03-17 09:05:05,440 - INFO - 开始新一轮红包检查... (09:05:05)
2026-03-17 09:05:05,440 - INFO - 开始处理红包...
2026-03-17 09:05:05,690 - INFO - 获取到 0 个红包信息
2026-03-17 09:05:05,690 - INFO - 当前没有可用的红包
2026-03-17 09:05:08,693 - INFO - 开始新一轮红包检查... (09:05:08)
2026-03-17 09:05:08,693 - INFO - 开始处理红包...
2026-03-17 09:05:08,930 - INFO - 获取到 0 个红包信息
2026-03-17 09:05:08,930 - INFO - 当前没有可用的红包
2026-03-17 09:05:11,934 - INFO - 开始新一轮红包检查... (09:05:11)
2026-03-17 09:05:11,934 - INFO - 开始处理红包...
2026-03-17 09:05:12,173 - INFO - 获取到 0 个红包信息
2026-03-17 09:05:12,173 - INFO - 当前没有可用的红包
2026-03-17 09:05:15,176 - INFO - 开始新一轮红包检查... (09:05:15)
2026-03-17 09:05:15,176 - INFO - 开始处理红包...
2026-03-17 09:05:15,420 - INFO - 获取到 0 个红包信息
2026-03-17 09:05:15,420 - INFO - 当前没有可用的红包
2026-03-17 09:05:18,423 - INFO - 开始新一轮红包检查... (09:05:18)
2026-03-17 09:05:18,423 - INFO - 开始处理红包...
2026-03-17 09:05:18,653 - INFO - 获取到 0 个红包信息
2026-03-17 09:05:18,653 - INFO - 当前没有可用的红包
2026-03-17 09:05:21,656 - INFO - 开始新一轮红包检查... (09:05:21)
2026-03-17 09:05:21,657 - INFO - 开始处理红包...
2026-03-17 09:05:21,912 - INFO - 获取到 0 个红包信息
2026-03-17 09:05:21,912 - INFO - 当前没有可用的红包
