/usr/lib/python3/dist-packages/requests/__init__.py:87: RequestsDependencyWarning: urllib3 (2.6.3) or chardet (4.0.0) doesn't match a supported version!
  warnings.warn("urllib3 ({}) or chardet ({}) doesn't match a supported "
2026-03-17 04:33:53,953 - INFO - === ClawPi红包监控系统启动 ===
2026-03-17 04:33:53,954 - INFO - 监控创作者: ['FluxA', '龙虾', 'xiaohongshu', 'bilibili', 'douyin', 'weibo', 'zhihu', 'kuaishou', 'xiaohongshu_creator', 'bilibili_up', 'douyin_star', 'weibo_vip', 'zhihu_expert', 'kuaishou_host']
2026-03-17 04:33:53,954 - INFO - 最小金额门槛: 0.01 USDC
2026-03-17 04:33:53,954 - INFO - 检查间隔: 30 秒
2026-03-17 04:33:53,954 - INFO - Agent ID: 7418662c-f339-4215-aae8-fc7a3f29fef1
2026-03-17 04:33:53,955 - INFO - =========================================
2026-03-17 04:33:53,955 - INFO - 开始新一轮红包检查... (04:33:53)
2026-03-17 04:33:53,955 - INFO - 开始处理红包...
2026-03-17 04:33:54,270 - INFO - 获取到 1 个红包信息
2026-03-17 04:33:54,270 - INFO - 本轮处理完成: 0 个红包待处理, 0 个红包成功领取
2026-03-17 04:33:54,270 - INFO - 检查完成，等待 30 秒后下一轮...
2026-03-17 04:34:24,301 - INFO - 开始新一轮红包检查... (04:34:24)
2026-03-17 04:34:24,301 - INFO - 开始处理红包...
2026-03-17 04:34:24,556 - INFO - 获取到 1 个红包信息
2026-03-17 04:34:24,556 - INFO - 本轮处理完成: 0 个红包待处理, 0 个红包成功领取
2026-03-17 04:34:24,556 - INFO - 检查完成，等待 30 秒后下一轮...
2026-03-17 04:34:54,588 - INFO - 开始新一轮红包检查... (04:34:54)
2026-03-17 04:34:54,588 - INFO - 开始处理红包...
2026-03-17 04:34:54,853 - INFO - 获取到 1 个红包信息
2026-03-17 04:34:54,854 - INFO - 本轮处理完成: 0 个红包待处理, 0 个红包成功领取
2026-03-17 04:34:54,854 - INFO - 检查完成，等待 30 秒后下一轮...
2026-03-17 04:35:24,884 - INFO - 开始新一轮红包检查... (04:35:24)
2026-03-17 04:35:24,884 - INFO - 开始处理红包...
2026-03-17 04:35:25,137 - INFO - 获取到 1 个红包信息
2026-03-17 04:35:25,137 - INFO - 本轮处理完成: 0 个红包待处理, 0 个红包成功领取
2026-03-17 04:35:25,137 - INFO - 检查完成，等待 30 秒后下一轮...
2026-03-17 04:35:55,167 - INFO - 开始新一轮红包检查... (04:35:55)
2026-03-17 04:35:55,167 - INFO - 开始处理红包...
2026-03-17 04:35:55,429 - INFO - 获取到 1 个红包信息
2026-03-17 04:35:55,429 - INFO - 本轮处理完成: 0 个红包待处理, 0 个红包成功领取
2026-03-17 04:35:55,429 - INFO - 检查完成，等待 30 秒后下一轮...
2026-03-17 04:36:25,459 - INFO - 开始新一轮红包检查... (04:36:25)
2026-03-17 04:36:25,460 - INFO - 开始处理红包...
2026-03-17 04:36:25,713 - INFO - 获取到 1 个红包信息
2026-03-17 04:36:25,713 - INFO - 本轮处理完成: 0 个红包待处理, 0 个红包成功领取
2026-03-17 04:36:25,713 - INFO - 检查完成，等待 30 秒后下一轮...
2026-03-17 04:36:55,743 - INFO - 开始新一轮红包检查... (04:36:55)
2026-03-17 04:36:55,743 - INFO - 开始处理红包...
2026-03-17 04:36:55,990 - INFO - 获取到 1 个红包信息
2026-03-17 04:36:55,990 - INFO - 本轮处理完成: 0 个红包待处理, 0 个红包成功领取
2026-03-17 04:36:55,990 - INFO - 检查完成，等待 30 秒后下一轮...
2026-03-17 04:37:26,021 - INFO - 开始新一轮红包检查... (04:37:26)
2026-03-17 04:37:26,021 - INFO - 开始处理红包...
2026-03-17 04:37:26,297 - INFO - 获取到 1 个红包信息
2026-03-17 04:37:26,297 - INFO - 本轮处理完成: 0 个红包待处理, 0 个红包成功领取
2026-03-17 04:37:26,297 - INFO - 检查完成，等待 30 秒后下一轮...
2026-03-17 04:37:56,328 - INFO - 开始新一轮红包检查... (04:37:56)
2026-03-17 04:37:56,328 - INFO - 开始处理红包...
2026-03-17 04:37:56,580 - INFO - 获取到 1 个红包信息
2026-03-17 04:37:56,580 - INFO - 本轮处理完成: 0 个红包待处理, 0 个红包成功领取
2026-03-17 04:37:56,580 - INFO - 检查完成，等待 30 秒后下一轮...
2026-03-17 04:38:26,594 - INFO - 开始新一轮红包检查... (04:38:26)
2026-03-17 04:38:26,594 - INFO - 开始处理红包...
2026-03-17 04:38:26,862 - INFO - 获取到 1 个红包信息
2026-03-17 04:38:26,862 - INFO - 本轮处理完成: 0 个红包待处理, 0 个红包成功领取
2026-03-17 04:38:26,862 - INFO - 检查完成，等待 30 秒后下一轮...
2026-03-17 04:38:56,893 - INFO - 开始新一轮红包检查... (04:38:56)
2026-03-17 04:38:56,893 - INFO - 开始处理红包...
2026-03-17 04:38:57,151 - INFO - 获取到 1 个红包信息
2026-03-17 04:38:57,151 - INFO - 本轮处理完成: 0 个红包待处理, 0 个红包成功领取
2026-03-17 04:38:57,151 - INFO - 检查完成，等待 30 秒后下一轮...
2026-03-17 04:39:27,178 - INFO - 开始新一轮红包检查... (04:39:27)
2026-03-17 04:39:27,178 - INFO - 开始处理红包...
2026-03-17 04:39:27,419 - INFO - 获取到 1 个红包信息
2026-03-17 04:39:27,419 - INFO - 本轮处理完成: 0 个红包待处理, 0 个红包成功领取
2026-03-17 04:39:27,419 - INFO - 检查完成，等待 30 秒后下一轮...
2026-03-17 04:39:57,432 - INFO - 开始新一轮红包检查... (04:39:57)
2026-03-17 04:39:57,432 - INFO - 开始处理红包...
2026-03-17 04:39:57,673 - INFO - 获取到 1 个红包信息
2026-03-17 04:39:57,673 - INFO - 本轮处理完成: 0 个红包待处理, 0 个红包成功领取
2026-03-17 04:39:57,673 - INFO - 检查完成，等待 30 秒后下一轮...
2026-03-17 04:40:27,698 - INFO - 开始新一轮红包检查... (04:40:27)
2026-03-17 04:40:27,698 - INFO - 开始处理红包...
2026-03-17 04:40:27,949 - INFO - 获取到 1 个红包信息
2026-03-17 04:40:27,949 - INFO - 本轮处理完成: 0 个红包待处理, 0 个红包成功领取
2026-03-17 04:40:27,949 - INFO - 检查完成，等待 30 秒后下一轮...
2026-03-17 04:40:57,980 - INFO - 开始新一轮红包检查... (04:40:57)
2026-03-17 04:40:57,980 - INFO - 开始处理红包...
2026-03-17 04:40:58,233 - INFO - 获取到 1 个红包信息
2026-03-17 04:40:58,233 - INFO - 本轮处理完成: 0 个红包待处理, 0 个红包成功领取
2026-03-17 04:40:58,233 - INFO - 检查完成，等待 30 秒后下一轮...
2026-03-17 04:41:28,263 - INFO - 开始新一轮红包检查... (04:41:28)
2026-03-17 04:41:28,263 - INFO - 开始处理红包...
2026-03-17 04:41:28,510 - INFO - 获取到 1 个红包信息
2026-03-17 04:41:28,510 - INFO - 本轮处理完成: 0 个红包待处理, 0 个红包成功领取
2026-03-17 04:41:28,510 - INFO - 检查完成，等待 30 秒后下一轮...
2026-03-17 04:41:58,540 - INFO - 开始新一轮红包检查... (04:41:58)
2026-03-17 04:41:58,541 - INFO - 开始处理红包...
2026-03-17 04:41:58,779 - INFO - 获取到 1 个红包信息
2026-03-17 04:41:58,779 - INFO - 本轮处理完成: 0 个红包待处理, 0 个红包成功领取
2026-03-17 04:41:58,779 - INFO - 检查完成，等待 30 秒后下一轮...
2026-03-17 04:42:28,811 - INFO - 开始新一轮红包检查... (04:42:28)
2026-03-17 04:42:28,811 - INFO - 开始处理红包...
2026-03-17 04:42:29,078 - INFO - 获取到 1 个红包信息
2026-03-17 04:42:29,078 - INFO - 本轮处理完成: 0 个红包待处理, 0 个红包成功领取
2026-03-17 04:42:29,078 - INFO - 检查完成，等待 30 秒后下一轮...
2026-03-17 04:42:59,108 - INFO - 开始新一轮红包检查... (04:42:59)
2026-03-17 04:42:59,109 - INFO - 开始处理红包...
2026-03-17 04:42:59,372 - INFO - 获取到 1 个红包信息
2026-03-17 04:42:59,372 - INFO - 本轮处理完成: 0 个红包待处理, 0 个红包成功领取
2026-03-17 04:42:59,372 - INFO - 检查完成，等待 30 秒后下一轮...
2026-03-17 04:43:29,378 - INFO - 开始新一轮红包检查... (04:43:29)
2026-03-17 04:43:29,378 - INFO - 开始处理红包...
2026-03-17 04:43:29,631 - INFO - 获取到 1 个红包信息
2026-03-17 04:43:29,631 - INFO - 本轮处理完成: 0 个红包待处理, 0 个红包成功领取
2026-03-17 04:43:29,631 - INFO - 检查完成，等待 30 秒后下一轮...
2026-03-17 04:43:59,661 - INFO - 开始新一轮红包检查... (04:43:59)
2026-03-17 04:43:59,661 - INFO - 开始处理红包...
2026-03-17 04:43:59,939 - INFO - 获取到 1 个红包信息
2026-03-17 04:43:59,940 - INFO - 本轮处理完成: 0 个红包待处理, 0 个红包成功领取
2026-03-17 04:43:59,940 - INFO - 检查完成，等待 30 秒后下一轮...
2026-03-17 04:44:29,969 - INFO - 开始新一轮红包检查... (04:44:29)
2026-03-17 04:44:29,969 - INFO - 开始处理红包...
2026-03-17 04:44:30,249 - INFO - 获取到 1 个红包信息
2026-03-17 04:44:30,249 - INFO - 本轮处理完成: 0 个红包待处理, 0 个红包成功领取
2026-03-17 04:44:30,249 - INFO - 检查完成，等待 30 秒后下一轮...
2026-03-17 04:45:00,279 - INFO - 开始新一轮红包检查... (04:45:00)
2026-03-17 04:45:00,279 - INFO - 开始处理红包...
2026-03-17 04:45:00,619 - INFO - 获取到 1 个红包信息
2026-03-17 04:45:00,619 - INFO - 本轮处理完成: 0 个红包待处理, 0 个红包成功领取
2026-03-17 04:45:00,619 - INFO - 检查完成，等待 30 秒后下一轮...
2026-03-17 04:45:30,649 - INFO - 开始新一轮红包检查... (04:45:30)
2026-03-17 04:45:30,649 - INFO - 开始处理红包...
2026-03-17 04:45:30,910 - INFO - 获取到 1 个红包信息
2026-03-17 04:45:30,910 - INFO - 本轮处理完成: 0 个红包待处理, 0 个红包成功领取
2026-03-17 04:45:30,910 - INFO - 检查完成，等待 30 秒后下一轮...
2026-03-17 04:46:00,940 - INFO - 开始新一轮红包检查... (04:46:00)
2026-03-17 04:46:00,940 - INFO - 开始处理红包...
2026-03-17 04:46:01,208 - INFO - 获取到 1 个红包信息
2026-03-17 04:46:01,208 - INFO - 本轮处理完成: 0 个红包待处理, 0 个红包成功领取
2026-03-17 04:46:01,209 - INFO - 检查完成，等待 30 秒后下一轮...
2026-03-17 04:46:31,234 - INFO - 开始新一轮红包检查... (04:46:31)
2026-03-17 04:46:31,234 - INFO - 开始处理红包...
2026-03-17 04:46:31,528 - INFO - 获取到 1 个红包信息
2026-03-17 04:46:31,528 - INFO - 本轮处理完成: 0 个红包待处理, 0 个红包成功领取
2026-03-17 04:46:31,528 - INFO - 检查完成，等待 30 秒后下一轮...
2026-03-17 04:47:01,545 - INFO - 开始新一轮红包检查... (04:47:01)
2026-03-17 04:47:01,545 - INFO - 开始处理红包...
2026-03-17 04:47:01,798 - INFO - 获取到 1 个红包信息
2026-03-17 04:47:01,798 - INFO - 本轮处理完成: 0 个红包待处理, 0 个红包成功领取
2026-03-17 04:47:01,798 - INFO - 检查完成，等待 30 秒后下一轮...
2026-03-17 04:47:31,829 - INFO - 开始新一轮红包检查... (04:47:31)
2026-03-17 04:47:31,829 - INFO - 开始处理红包...
2026-03-17 04:47:32,087 - INFO - 获取到 1 个红包信息
2026-03-17 04:47:32,087 - INFO - 本轮处理完成: 0 个红包待处理, 0 个红包成功领取
2026-03-17 04:47:32,087 - INFO - 检查完成，等待 30 秒后下一轮...
2026-03-17 04:48:02,117 - INFO - 开始新一轮红包检查... (04:48:02)
2026-03-17 04:48:02,117 - INFO - 开始处理红包...
2026-03-17 04:48:02,359 - INFO - 获取到 1 个红包信息
2026-03-17 04:48:02,359 - INFO - 本轮处理完成: 0 个红包待处理, 0 个红包成功领取
2026-03-17 04:48:02,360 - INFO - 检查完成，等待 30 秒后下一轮...
2026-03-17 04:48:32,390 - INFO - 开始新一轮红包检查... (04:48:32)
2026-03-17 04:48:32,390 - INFO - 开始处理红包...
2026-03-17 04:48:32,641 - INFO - 获取到 1 个红包信息
2026-03-17 04:48:32,641 - INFO - 本轮处理完成: 0 个红包待处理, 0 个红包成功领取
2026-03-17 04:48:32,641 - INFO - 检查完成，等待 30 秒后下一轮...
2026-03-17 04:49:02,650 - INFO - 开始新一轮红包检查... (04:49:02)
2026-03-17 04:49:02,650 - INFO - 开始处理红包...
2026-03-17 04:49:02,903 - INFO - 获取到 1 个红包信息
2026-03-17 04:49:02,904 - INFO - 本轮处理完成: 0 个红包待处理, 0 个红包成功领取
2026-03-17 04:49:02,904 - INFO - 检查完成，等待 30 秒后下一轮...
2026-03-17 04:49:32,933 - INFO - 开始新一轮红包检查... (04:49:32)
2026-03-17 04:49:32,933 - INFO - 开始处理红包...
2026-03-17 04:49:33,182 - INFO - 获取到 1 个红包信息
2026-03-17 04:49:33,183 - INFO - 本轮处理完成: 0 个红包待处理, 0 个红包成功领取
2026-03-17 04:49:33,183 - INFO - 检查完成，等待 30 秒后下一轮...
2026-03-17 04:50:03,213 - INFO - 开始新一轮红包检查... (04:50:03)
2026-03-17 04:50:03,213 - INFO - 开始处理红包...
2026-03-17 04:50:03,463 - INFO - 获取到 1 个红包信息
2026-03-17 04:50:03,463 - INFO - 本轮处理完成: 0 个红包待处理, 0 个红包成功领取
2026-03-17 04:50:03,463 - INFO - 检查完成，等待 30 秒后下一轮...
2026-03-17 04:50:33,493 - INFO - 开始新一轮红包检查... (04:50:33)
2026-03-17 04:50:33,493 - INFO - 开始处理红包...
2026-03-17 04:50:33,740 - INFO - 获取到 1 个红包信息
2026-03-17 04:50:33,740 - INFO - 本轮处理完成: 0 个红包待处理, 0 个红包成功领取
2026-03-17 04:50:33,740 - INFO - 检查完成，等待 30 秒后下一轮...
2026-03-17 04:51:03,771 - INFO - 开始新一轮红包检查... (04:51:03)
2026-03-17 04:51:03,771 - INFO - 开始处理红包...
2026-03-17 04:51:04,027 - INFO - 获取到 1 个红包信息
2026-03-17 04:51:04,028 - INFO - 本轮处理完成: 0 个红包待处理, 0 个红包成功领取
2026-03-17 04:51:04,028 - INFO - 检查完成，等待 30 秒后下一轮...
2026-03-17 04:51:34,058 - INFO - 开始新一轮红包检查... (04:51:34)
2026-03-17 04:51:34,058 - INFO - 开始处理红包...
2026-03-17 04:51:34,319 - INFO - 获取到 1 个红包信息
2026-03-17 04:51:34,319 - INFO - 本轮处理完成: 0 个红包待处理, 0 个红包成功领取
2026-03-17 04:51:34,320 - INFO - 检查完成，等待 30 秒后下一轮...
2026-03-17 04:52:04,350 - INFO - 开始新一轮红包检查... (04:52:04)
2026-03-17 04:52:04,350 - INFO - 开始处理红包...
2026-03-17 04:52:04,600 - INFO - 获取到 1 个红包信息
2026-03-17 04:52:04,600 - INFO - 本轮处理完成: 0 个红包待处理, 0 个红包成功领取
2026-03-17 04:52:04,600 - INFO - 检查完成，等待 30 秒后下一轮...
2026-03-17 04:52:34,630 - INFO - 开始新一轮红包检查... (04:52:34)
2026-03-17 04:52:34,631 - INFO - 开始处理红包...
2026-03-17 04:52:34,886 - INFO - 获取到 1 个红包信息
2026-03-17 04:52:34,886 - INFO - 本轮处理完成: 0 个红包待处理, 0 个红包成功领取
2026-03-17 04:52:34,886 - INFO - 检查完成，等待 30 秒后下一轮...
2026-03-17 04:53:04,916 - INFO - 开始新一轮红包检查... (04:53:04)
2026-03-17 04:53:04,916 - INFO - 开始处理红包...
2026-03-17 04:53:05,175 - INFO - 获取到 1 个红包信息
2026-03-17 04:53:05,175 - INFO - 本轮处理完成: 0 个红包待处理, 0 个红包成功领取
2026-03-17 04:53:05,175 - INFO - 检查完成，等待 30 秒后下一轮...
2026-03-17 04:53:35,186 - INFO - 开始新一轮红包检查... (04:53:35)
2026-03-17 04:53:35,186 - INFO - 开始处理红包...
2026-03-17 04:53:35,443 - INFO - 获取到 1 个红包信息
2026-03-17 04:53:35,444 - INFO - 本轮处理完成: 0 个红包待处理, 0 个红包成功领取
2026-03-17 04:53:35,444 - INFO - 检查完成，等待 30 秒后下一轮...
2026-03-17 04:54:05,474 - INFO - 开始新一轮红包检查... (04:54:05)
2026-03-17 04:54:05,474 - INFO - 开始处理红包...
2026-03-17 04:54:05,735 - INFO - 获取到 1 个红包信息
2026-03-17 04:54:05,735 - INFO - 本轮处理完成: 0 个红包待处理, 0 个红包成功领取
2026-03-17 04:54:05,735 - INFO - 检查完成，等待 30 秒后下一轮...
2026-03-17 04:54:35,764 - INFO - 开始新一轮红包检查... (04:54:35)
2026-03-17 04:54:35,764 - INFO - 开始处理红包...
2026-03-17 04:54:36,007 - INFO - 获取到 1 个红包信息
2026-03-17 04:54:36,008 - INFO - 本轮处理完成: 0 个红包待处理, 0 个红包成功领取
2026-03-17 04:54:36,008 - INFO - 检查完成，等待 30 秒后下一轮...
2026-03-17 04:55:06,018 - INFO - 开始新一轮红包检查... (04:55:06)
2026-03-17 04:55:06,018 - INFO - 开始处理红包...
2026-03-17 04:55:06,292 - INFO - 获取到 1 个红包信息
2026-03-17 04:55:06,293 - INFO - 本轮处理完成: 0 个红包待处理, 0 个红包成功领取
2026-03-17 04:55:06,293 - INFO - 检查完成，等待 30 秒后下一轮...
2026-03-17 04:55:36,298 - INFO - 开始新一轮红包检查... (04:55:36)
2026-03-17 04:55:36,298 - INFO - 开始处理红包...
2026-03-17 04:55:36,552 - INFO - 获取到 1 个红包信息
2026-03-17 04:55:36,552 - INFO - 本轮处理完成: 0 个红包待处理, 0 个红包成功领取
2026-03-17 04:55:36,552 - INFO - 检查完成，等待 30 秒后下一轮...
2026-03-17 04:56:06,582 - INFO - 开始新一轮红包检查... (04:56:06)
2026-03-17 04:56:06,582 - INFO - 开始处理红包...
2026-03-17 04:56:06,832 - INFO - 获取到 1 个红包信息
2026-03-17 04:56:06,832 - INFO - 本轮处理完成: 0 个红包待处理, 0 个红包成功领取
2026-03-17 04:56:06,832 - INFO - 检查完成，等待 30 秒后下一轮...
2026-03-17 04:56:36,857 - INFO - 开始新一轮红包检查... (04:56:36)
2026-03-17 04:56:36,857 - INFO - 开始处理红包...
2026-03-17 04:56:37,117 - INFO - 获取到 1 个红包信息
2026-03-17 04:56:37,117 - INFO - 本轮处理完成: 0 个红包待处理, 0 个红包成功领取
2026-03-17 04:56:37,117 - INFO - 检查完成，等待 30 秒后下一轮...
2026-03-17 04:57:07,148 - INFO - 开始新一轮红包检查... (04:57:07)
2026-03-17 04:57:07,148 - INFO - 开始处理红包...
2026-03-17 04:57:07,406 - INFO - 获取到 1 个红包信息
2026-03-17 04:57:07,407 - INFO - 本轮处理完成: 0 个红包待处理, 0 个红包成功领取
2026-03-17 04:57:07,407 - INFO - 检查完成，等待 30 秒后下一轮...
2026-03-17 04:57:37,430 - INFO - 开始新一轮红包检查... (04:57:37)
2026-03-17 04:57:37,430 - INFO - 开始处理红包...
2026-03-17 04:57:37,685 - INFO - 获取到 1 个红包信息
2026-03-17 04:57:37,685 - INFO - 本轮处理完成: 0 个红包待处理, 0 个红包成功领取
2026-03-17 04:57:37,685 - INFO - 检查完成，等待 30 秒后下一轮...
2026-03-17 04:58:07,715 - INFO - 开始新一轮红包检查... (04:58:07)
2026-03-17 04:58:07,716 - INFO - 开始处理红包...
2026-03-17 04:58:07,967 - INFO - 获取到 1 个红包信息
2026-03-17 04:58:07,967 - INFO - 本轮处理完成: 0 个红包待处理, 0 个红包成功领取
2026-03-17 04:58:07,967 - INFO - 检查完成，等待 30 秒后下一轮...
2026-03-17 04:58:37,997 - INFO - 开始新一轮红包检查... (04:58:37)
2026-03-17 04:58:37,997 - INFO - 开始处理红包...
2026-03-17 04:58:38,245 - INFO - 获取到 1 个红包信息
2026-03-17 04:58:38,245 - INFO - 本轮处理完成: 0 个红包待处理, 0 个红包成功领取
2026-03-17 04:58:38,246 - INFO - 检查完成，等待 30 秒后下一轮...
2026-03-17 04:59:08,276 - INFO - 开始新一轮红包检查... (04:59:08)
2026-03-17 04:59:08,276 - INFO - 开始处理红包...
2026-03-17 04:59:08,526 - INFO - 获取到 1 个红包信息
2026-03-17 04:59:08,526 - INFO - 本轮处理完成: 0 个红包待处理, 0 个红包成功领取
2026-03-17 04:59:08,526 - INFO - 检查完成，等待 30 秒后下一轮...
2026-03-17 04:59:38,556 - INFO - 开始新一轮红包检查... (04:59:38)
2026-03-17 04:59:38,557 - INFO - 开始处理红包...
2026-03-17 04:59:38,841 - INFO - 获取到 1 个红包信息
2026-03-17 04:59:38,841 - INFO - 本轮处理完成: 0 个红包待处理, 0 个红包成功领取
2026-03-17 04:59:38,841 - INFO - 检查完成，等待 30 秒后下一轮...
2026-03-17 05:00:08,872 - INFO - 开始新一轮红包检查... (05:00:08)
2026-03-17 05:00:08,872 - INFO - 开始处理红包...
2026-03-17 05:00:09,121 - INFO - 获取到 1 个红包信息
2026-03-17 05:00:09,121 - INFO - 本轮处理完成: 0 个红包待处理, 0 个红包成功领取
2026-03-17 05:00:09,121 - INFO - 检查完成，等待 30 秒后下一轮...
2026-03-17 05:00:39,152 - INFO - 开始新一轮红包检查... (05:00:39)
2026-03-17 05:00:39,152 - INFO - 开始处理红包...
2026-03-17 05:00:39,406 - INFO - 获取到 1 个红包信息
2026-03-17 05:00:39,406 - INFO - 本轮处理完成: 0 个红包待处理, 0 个红包成功领取
2026-03-17 05:00:39,406 - INFO - 检查完成，等待 30 秒后下一轮...
2026-03-17 05:01:09,412 - INFO - 开始新一轮红包检查... (05:01:09)
2026-03-17 05:01:09,412 - INFO - 开始处理红包...
2026-03-17 05:01:09,658 - INFO - 获取到 1 个红包信息
2026-03-17 05:01:09,658 - INFO - 本轮处理完成: 0 个红包待处理, 0 个红包成功领取
2026-03-17 05:01:09,658 - INFO - 检查完成，等待 30 秒后下一轮...
2026-03-17 05:01:39,669 - INFO - 开始新一轮红包检查... (05:01:39)
2026-03-17 05:01:39,669 - INFO - 开始处理红包...
2026-03-17 05:01:39,931 - INFO - 获取到 1 个红包信息
2026-03-17 05:01:39,931 - INFO - 本轮处理完成: 0 个红包待处理, 0 个红包成功领取
2026-03-17 05:01:39,931 - INFO - 检查完成，等待 30 秒后下一轮...
2026-03-17 05:02:09,961 - INFO - 开始新一轮红包检查... (05:02:09)
2026-03-17 05:02:09,961 - INFO - 开始处理红包...
2026-03-17 05:02:10,286 - INFO - 获取到 1 个红包信息
2026-03-17 05:02:10,286 - INFO - 本轮处理完成: 0 个红包待处理, 0 个红包成功领取
2026-03-17 05:02:10,286 - INFO - 检查完成，等待 30 秒后下一轮...
2026-03-17 05:02:40,316 - INFO - 开始新一轮红包检查... (05:02:40)
2026-03-17 05:02:40,316 - INFO - 开始处理红包...
2026-03-17 05:02:40,571 - INFO - 获取到 1 个红包信息
2026-03-17 05:02:40,571 - INFO - 本轮处理完成: 0 个红包待处理, 0 个红包成功领取
2026-03-17 05:02:40,571 - INFO - 检查完成，等待 30 秒后下一轮...
2026-03-17 05:03:10,601 - INFO - 开始新一轮红包检查... (05:03:10)
2026-03-17 05:03:10,601 - INFO - 开始处理红包...
2026-03-17 05:03:10,883 - INFO - 获取到 1 个红包信息
2026-03-17 05:03:10,883 - INFO - 本轮处理完成: 0 个红包待处理, 0 个红包成功领取
2026-03-17 05:03:10,883 - INFO - 检查完成，等待 30 秒后下一轮...
2026-03-17 05:03:40,913 - INFO - 开始新一轮红包检查... (05:03:40)
2026-03-17 05:03:40,914 - INFO - 开始处理红包...
2026-03-17 05:03:41,158 - INFO - 获取到 1 个红包信息
2026-03-17 05:03:41,158 - INFO - 本轮处理完成: 0 个红包待处理, 0 个红包成功领取
2026-03-17 05:03:41,158 - INFO - 检查完成，等待 30 秒后下一轮...
2026-03-17 05:04:11,189 - INFO - 开始新一轮红包检查... (05:04:11)
2026-03-17 05:04:11,189 - INFO - 开始处理红包...
2026-03-17 05:04:11,435 - INFO - 获取到 1 个红包信息
2026-03-17 05:04:11,435 - INFO - 本轮处理完成: 0 个红包待处理, 0 个红包成功领取
2026-03-17 05:04:11,435 - INFO - 检查完成，等待 30 秒后下一轮...
2026-03-17 05:04:41,465 - INFO - 开始新一轮红包检查... (05:04:41)
2026-03-17 05:04:41,465 - INFO - 开始处理红包...
2026-03-17 05:04:41,791 - INFO - 获取到 1 个红包信息
2026-03-17 05:04:41,791 - INFO - 本轮处理完成: 0 个红包待处理, 0 个红包成功领取
2026-03-17 05:04:41,791 - INFO - 检查完成，等待 30 秒后下一轮...
2026-03-17 05:05:11,821 - INFO - 开始新一轮红包检查... (05:05:11)
2026-03-17 05:05:11,821 - INFO - 开始处理红包...
2026-03-17 05:05:12,109 - INFO - 获取到 1 个红包信息
2026-03-17 05:05:12,109 - INFO - 本轮处理完成: 0 个红包待处理, 0 个红包成功领取
2026-03-17 05:05:12,109 - INFO - 检查完成，等待 30 秒后下一轮...
2026-03-17 05:05:42,140 - INFO - 开始新一轮红包检查... (05:05:42)
2026-03-17 05:05:42,140 - INFO - 开始处理红包...
2026-03-17 05:05:42,383 - INFO - 获取到 1 个红包信息
2026-03-17 05:05:42,383 - INFO - 本轮处理完成: 0 个红包待处理, 0 个红包成功领取
2026-03-17 05:05:42,383 - INFO - 检查完成，等待 30 秒后下一轮...
2026-03-17 05:06:12,386 - INFO - 开始新一轮红包检查... (05:06:12)
2026-03-17 05:06:12,386 - INFO - 开始处理红包...
2026-03-17 05:06:12,636 - INFO - 获取到 1 个红包信息
2026-03-17 05:06:12,636 - INFO - 本轮处理完成: 0 个红包待处理, 0 个红包成功领取
2026-03-17 05:06:12,636 - INFO - 检查完成，等待 30 秒后下一轮...
2026-03-17 05:06:42,658 - INFO - 开始新一轮红包检查... (05:06:42)
2026-03-17 05:06:42,658 - INFO - 开始处理红包...
2026-03-17 05:06:42,900 - INFO - 获取到 1 个红包信息
2026-03-17 05:06:42,900 - INFO - 本轮处理完成: 0 个红包待处理, 0 个红包成功领取
2026-03-17 05:06:42,900 - INFO - 检查完成，等待 30 秒后下一轮...
2026-03-17 05:07:12,930 - INFO - 开始新一轮红包检查... (05:07:12)
2026-03-17 05:07:12,930 - INFO - 开始处理红包...
2026-03-17 05:07:13,205 - INFO - 获取到 1 个红包信息
2026-03-17 05:07:13,205 - INFO - 本轮处理完成: 0 个红包待处理, 0 个红包成功领取
2026-03-17 05:07:13,205 - INFO - 检查完成，等待 30 秒后下一轮...
2026-03-17 05:07:43,235 - INFO - 开始新一轮红包检查... (05:07:43)
2026-03-17 05:07:43,235 - INFO - 开始处理红包...
2026-03-17 05:07:43,488 - INFO - 获取到 1 个红包信息
2026-03-17 05:07:43,488 - INFO - 本轮处理完成: 0 个红包待处理, 0 个红包成功领取
2026-03-17 05:07:43,488 - INFO - 检查完成，等待 30 秒后下一轮...
2026-03-17 05:08:13,518 - INFO - 开始新一轮红包检查... (05:08:13)
2026-03-17 05:08:13,518 - INFO - 开始处理红包...
2026-03-17 05:08:13,759 - INFO - 获取到 1 个红包信息
2026-03-17 05:08:13,759 - INFO - 本轮处理完成: 0 个红包待处理, 0 个红包成功领取
2026-03-17 05:08:13,759 - INFO - 检查完成，等待 30 秒后下一轮...
2026-03-17 05:08:43,764 - INFO - 开始新一轮红包检查... (05:08:43)
2026-03-17 05:08:43,764 - INFO - 开始处理红包...
2026-03-17 05:08:44,013 - INFO - 获取到 1 个红包信息
2026-03-17 05:08:44,014 - INFO - 本轮处理完成: 0 个红包待处理, 0 个红包成功领取
2026-03-17 05:08:44,014 - INFO - 检查完成，等待 30 秒后下一轮...
2026-03-17 05:09:14,044 - INFO - 开始新一轮红包检查... (05:09:14)
2026-03-17 05:09:14,044 - INFO - 开始处理红包...
2026-03-17 05:09:14,298 - INFO - 获取到 1 个红包信息
2026-03-17 05:09:14,298 - INFO - 本轮处理完成: 0 个红包待处理, 0 个红包成功领取
2026-03-17 05:09:14,298 - INFO - 检查完成，等待 30 秒后下一轮...
2026-03-17 05:09:44,328 - INFO - 开始新一轮红包检查... (05:09:44)
2026-03-17 05:09:44,329 - INFO - 开始处理红包...
2026-03-17 05:09:44,588 - INFO - 获取到 1 个红包信息
2026-03-17 05:09:44,588 - INFO - 本轮处理完成: 0 个红包待处理, 0 个红包成功领取
2026-03-17 05:09:44,588 - INFO - 检查完成，等待 30 秒后下一轮...
2026-03-17 05:10:14,618 - INFO - 开始新一轮红包检查... (05:10:14)
2026-03-17 05:10:14,618 - INFO - 开始处理红包...
2026-03-17 05:10:14,906 - INFO - 获取到 1 个红包信息
2026-03-17 05:10:14,906 - INFO - 本轮处理完成: 0 个红包待处理, 0 个红包成功领取
2026-03-17 05:10:14,906 - INFO - 检查完成，等待 30 秒后下一轮...
2026-03-17 05:10:44,936 - INFO - 开始新一轮红包检查... (05:10:44)
2026-03-17 05:10:44,937 - INFO - 开始处理红包...
2026-03-17 05:10:45,199 - INFO - 获取到 1 个红包信息
2026-03-17 05:10:45,199 - INFO - 本轮处理完成: 0 个红包待处理, 0 个红包成功领取
2026-03-17 05:10:45,199 - INFO - 检查完成，等待 30 秒后下一轮...
2026-03-17 05:11:15,229 - INFO - 开始新一轮红包检查... (05:11:15)
2026-03-17 05:11:15,229 - INFO - 开始处理红包...
2026-03-17 05:11:15,480 - INFO - 获取到 1 个红包信息
2026-03-17 05:11:15,480 - INFO - 本轮处理完成: 0 个红包待处理, 0 个红包成功领取
2026-03-17 05:11:15,480 - INFO - 检查完成，等待 30 秒后下一轮...
2026-03-17 05:11:45,510 - INFO - 开始新一轮红包检查... (05:11:45)
2026-03-17 05:11:45,510 - INFO - 开始处理红包...
2026-03-17 05:11:45,760 - INFO - 获取到 1 个红包信息
2026-03-17 05:11:45,761 - INFO - 本轮处理完成: 0 个红包待处理, 0 个红包成功领取
2026-03-17 05:11:45,761 - INFO - 检查完成，等待 30 秒后下一轮...
2026-03-17 05:12:15,778 - INFO - 开始新一轮红包检查... (05:12:15)
2026-03-17 05:12:15,778 - INFO - 开始处理红包...
2026-03-17 05:12:16,029 - INFO - 获取到 1 个红包信息
2026-03-17 05:12:16,029 - INFO - 本轮处理完成: 0 个红包待处理, 0 个红包成功领取
2026-03-17 05:12:16,029 - INFO - 检查完成，等待 30 秒后下一轮...
2026-03-17 05:12:46,031 - INFO - 开始新一轮红包检查... (05:12:46)
2026-03-17 05:12:46,031 - INFO - 开始处理红包...
2026-03-17 05:12:46,272 - INFO - 获取到 1 个红包信息
2026-03-17 05:12:46,272 - INFO - 本轮处理完成: 0 个红包待处理, 0 个红包成功领取
2026-03-17 05:12:46,272 - INFO - 检查完成，等待 30 秒后下一轮...
2026-03-17 05:13:16,295 - INFO - 开始新一轮红包检查... (05:13:16)
2026-03-17 05:13:16,295 - INFO - 开始处理红包...
2026-03-17 05:13:16,534 - INFO - 获取到 1 个红包信息
2026-03-17 05:13:16,534 - INFO - 本轮处理完成: 0 个红包待处理, 0 个红包成功领取
2026-03-17 05:13:16,534 - INFO - 检查完成，等待 30 秒后下一轮...
2026-03-17 05:13:46,565 - INFO - 开始新一轮红包检查... (05:13:46)
2026-03-17 05:13:46,565 - INFO - 开始处理红包...
2026-03-17 05:13:46,825 - INFO - 获取到 1 个红包信息
2026-03-17 05:13:46,825 - INFO - 本轮处理完成: 0 个红包待处理, 0 个红包成功领取
2026-03-17 05:13:46,825 - INFO - 检查完成，等待 30 秒后下一轮...
2026-03-17 05:14:16,834 - INFO - 开始新一轮红包检查... (05:14:16)
2026-03-17 05:14:16,834 - INFO - 开始处理红包...
2026-03-17 05:14:17,087 - INFO - 获取到 1 个红包信息
2026-03-17 05:14:17,087 - INFO - 本轮处理完成: 0 个红包待处理, 0 个红包成功领取
2026-03-17 05:14:17,087 - INFO - 检查完成，等待 30 秒后下一轮...
2026-03-17 05:14:47,117 - INFO - 开始新一轮红包检查... (05:14:47)
2026-03-17 05:14:47,118 - INFO - 开始处理红包...
2026-03-17 05:14:47,372 - INFO - 获取到 1 个红包信息
2026-03-17 05:14:47,372 - INFO - 本轮处理完成: 0 个红包待处理, 0 个红包成功领取
2026-03-17 05:14:47,372 - INFO - 检查完成，等待 30 秒后下一轮...
2026-03-17 05:15:17,403 - INFO - 开始新一轮红包检查... (05:15:17)
2026-03-17 05:15:17,403 - INFO - 开始处理红包...
2026-03-17 05:15:17,714 - INFO - 获取到 1 个红包信息
2026-03-17 05:15:17,714 - INFO - 本轮处理完成: 0 个红包待处理, 0 个红包成功领取
2026-03-17 05:15:17,714 - INFO - 检查完成，等待 30 秒后下一轮...
2026-03-17 05:15:47,744 - INFO - 开始新一轮红包检查... (05:15:47)
2026-03-17 05:15:47,744 - INFO - 开始处理红包...
2026-03-17 05:15:48,024 - INFO - 获取到 1 个红包信息
2026-03-17 05:15:48,024 - INFO - 本轮处理完成: 0 个红包待处理, 0 个红包成功领取
2026-03-17 05:15:48,024 - INFO - 检查完成，等待 30 秒后下一轮...
2026-03-17 05:16:18,054 - INFO - 开始新一轮红包检查... (05:16:18)
2026-03-17 05:16:18,054 - INFO - 开始处理红包...
2026-03-17 05:16:18,354 - INFO - 获取到 1 个红包信息
2026-03-17 05:16:18,354 - INFO - 本轮处理完成: 0 个红包待处理, 0 个红包成功领取
2026-03-17 05:16:18,354 - INFO - 检查完成，等待 30 秒后下一轮...
2026-03-17 05:16:48,385 - INFO - 开始新一轮红包检查... (05:16:48)
2026-03-17 05:16:48,385 - INFO - 开始处理红包...
2026-03-17 05:16:48,645 - INFO - 获取到 1 个红包信息
2026-03-17 05:16:48,646 - INFO - 本轮处理完成: 0 个红包待处理, 0 个红包成功领取
2026-03-17 05:16:48,646 - INFO - 检查完成，等待 30 秒后下一轮...
2026-03-17 05:17:18,676 - INFO - 开始新一轮红包检查... (05:17:18)
2026-03-17 05:17:18,676 - INFO - 开始处理红包...
2026-03-17 05:17:18,957 - INFO - 获取到 1 个红包信息
2026-03-17 05:17:18,957 - INFO - 本轮处理完成: 0 个红包待处理, 0 个红包成功领取
2026-03-17 05:17:18,957 - INFO - 检查完成，等待 30 秒后下一轮...
2026-03-17 05:17:48,978 - INFO - 开始新一轮红包检查... (05:17:48)
2026-03-17 05:17:48,978 - INFO - 开始处理红包...
2026-03-17 05:17:49,218 - INFO - 获取到 1 个红包信息
2026-03-17 05:17:49,218 - INFO - 本轮处理完成: 0 个红包待处理, 0 个红包成功领取
2026-03-17 05:17:49,218 - INFO - 检查完成，等待 30 秒后下一轮...
2026-03-17 05:18:19,242 - INFO - 开始新一轮红包检查... (05:18:19)
2026-03-17 05:18:19,243 - INFO - 开始处理红包...
2026-03-17 05:18:19,493 - INFO - 获取到 1 个红包信息
2026-03-17 05:18:19,493 - INFO - 本轮处理完成: 0 个红包待处理, 0 个红包成功领取
2026-03-17 05:18:19,493 - INFO - 检查完成，等待 30 秒后下一轮...
2026-03-17 05:18:49,523 - INFO - 开始新一轮红包检查... (05:18:49)
2026-03-17 05:18:49,523 - INFO - 开始处理红包...
2026-03-17 05:18:49,785 - INFO - 获取到 1 个红包信息
2026-03-17 05:18:49,785 - INFO - 本轮处理完成: 0 个红包待处理, 0 个红包成功领取
2026-03-17 05:18:49,785 - INFO - 检查完成，等待 30 秒后下一轮...
2026-03-17 05:19:19,815 - INFO - 开始新一轮红包检查... (05:19:19)
2026-03-17 05:19:19,815 - INFO - 开始处理红包...
2026-03-17 05:19:20,083 - INFO - 获取到 1 个红包信息
2026-03-17 05:19:20,084 - INFO - 本轮处理完成: 0 个红包待处理, 0 个红包成功领取
2026-03-17 05:19:20,084 - INFO - 检查完成，等待 30 秒后下一轮...
2026-03-17 05:19:50,114 - INFO - 开始新一轮红包检查... (05:19:50)
2026-03-17 05:19:50,114 - INFO - 开始处理红包...
2026-03-17 05:19:50,365 - INFO - 获取到 1 个红包信息
2026-03-17 05:19:50,365 - INFO - 本轮处理完成: 0 个红包待处理, 0 个红包成功领取
2026-03-17 05:19:50,365 - INFO - 检查完成，等待 30 秒后下一轮...
2026-03-17 05:20:20,386 - INFO - 开始新一轮红包检查... (05:20:20)
2026-03-17 05:20:20,386 - INFO - 开始处理红包...
2026-03-17 05:20:20,633 - INFO - 获取到 1 个红包信息
2026-03-17 05:20:20,633 - INFO - 本轮处理完成: 0 个红包待处理, 0 个红包成功领取
2026-03-17 05:20:20,634 - INFO - 检查完成，等待 30 秒后下一轮...
2026-03-17 05:20:50,656 - INFO - 开始新一轮红包检查... (05:20:50)
2026-03-17 05:20:50,656 - INFO - 开始处理红包...
2026-03-17 05:20:50,910 - INFO - 获取到 1 个红包信息
2026-03-17 05:20:50,910 - INFO - 本轮处理完成: 0 个红包待处理, 0 个红包成功领取
2026-03-17 05:20:50,910 - INFO - 检查完成，等待 30 秒后下一轮...
2026-03-17 05:21:20,940 - INFO - 开始新一轮红包检查... (05:21:20)
2026-03-17 05:21:20,940 - INFO - 开始处理红包...
2026-03-17 05:21:21,194 - INFO - 获取到 1 个红包信息
2026-03-17 05:21:21,194 - INFO - 本轮处理完成: 0 个红包待处理, 0 个红包成功领取
2026-03-17 05:21:21,194 - INFO - 检查完成，等待 30 秒后下一轮...
2026-03-17 05:21:51,225 - INFO - 开始新一轮红包检查... (05:21:51)
2026-03-17 05:21:51,225 - INFO - 开始处理红包...
2026-03-17 05:21:51,527 - INFO - 获取到 1 个红包信息
2026-03-17 05:21:51,527 - INFO - 本轮处理完成: 0 个红包待处理, 0 个红包成功领取
2026-03-17 05:21:51,527 - INFO - 检查完成，等待 30 秒后下一轮...
2026-03-17 05:22:21,538 - INFO - 开始新一轮红包检查... (05:22:21)
2026-03-17 05:22:21,538 - INFO - 开始处理红包...
2026-03-17 05:22:21,821 - INFO - 获取到 1 个红包信息
2026-03-17 05:22:21,821 - INFO - 本轮处理完成: 0 个红包待处理, 0 个红包成功领取
2026-03-17 05:22:21,821 - INFO - 检查完成，等待 30 秒后下一轮...
2026-03-17 05:22:51,834 - INFO - 开始新一轮红包检查... (05:22:51)
2026-03-17 05:22:51,834 - INFO - 开始处理红包...
2026-03-17 05:22:52,087 - INFO - 获取到 1 个红包信息
2026-03-17 05:22:52,088 - INFO - 本轮处理完成: 0 个红包待处理, 0 个红包成功领取
2026-03-17 05:22:52,088 - INFO - 检查完成，等待 30 秒后下一轮...
2026-03-17 05:23:22,118 - INFO - 开始新一轮红包检查... (05:23:22)
2026-03-17 05:23:22,118 - INFO - 开始处理红包...
2026-03-17 05:23:22,361 - INFO - 获取到 1 个红包信息
2026-03-17 05:23:22,361 - INFO - 本轮处理完成: 0 个红包待处理, 0 个红包成功领取
2026-03-17 05:23:22,361 - INFO - 检查完成，等待 30 秒后下一轮...
2026-03-17 05:23:52,391 - INFO - 开始新一轮红包检查... (05:23:52)
2026-03-17 05:23:52,391 - INFO - 开始处理红包...
2026-03-17 05:23:52,640 - INFO - 获取到 1 个红包信息
2026-03-17 05:23:52,640 - INFO - 本轮处理完成: 0 个红包待处理, 0 个红包成功领取
2026-03-17 05:23:52,640 - INFO - 检查完成，等待 30 秒后下一轮...
2026-03-17 05:24:22,663 - INFO - 开始新一轮红包检查... (05:24:22)
2026-03-17 05:24:22,663 - INFO - 开始处理红包...
2026-03-17 05:24:22,908 - INFO - 获取到 1 个红包信息
2026-03-17 05:24:22,908 - INFO - 本轮处理完成: 0 个红包待处理, 0 个红包成功领取
2026-03-17 05:24:22,908 - INFO - 检查完成，等待 30 秒后下一轮...
2026-03-17 05:24:52,938 - INFO - 开始新一轮红包检查... (05:24:52)
2026-03-17 05:24:52,938 - INFO - 开始处理红包...
2026-03-17 05:24:53,211 - INFO - 获取到 1 个红包信息
2026-03-17 05:24:53,212 - INFO - 本轮处理完成: 0 个红包待处理, 0 个红包成功领取
2026-03-17 05:24:53,212 - INFO - 检查完成，等待 30 秒后下一轮...
2026-03-17 05:25:23,242 - INFO - 开始新一轮红包检查... (05:25:23)
2026-03-17 05:25:23,242 - INFO - 开始处理红包...
2026-03-17 05:25:23,488 - INFO - 获取到 1 个红包信息
2026-03-17 05:25:23,489 - INFO - 本轮处理完成: 0 个红包待处理, 0 个红包成功领取
2026-03-17 05:25:23,489 - INFO - 检查完成，等待 30 秒后下一轮...
2026-03-17 05:25:53,503 - INFO - 开始新一轮红包检查... (05:25:53)
2026-03-17 05:25:53,503 - INFO - 开始处理红包...
2026-03-17 05:25:53,831 - INFO - 获取到 1 个红包信息
2026-03-17 05:25:53,831 - INFO - 本轮处理完成: 0 个红包待处理, 0 个红包成功领取
2026-03-17 05:25:53,831 - INFO - 检查完成，等待 30 秒后下一轮...
2026-03-17 05:26:23,858 - INFO - 开始新一轮红包检查... (05:26:23)
2026-03-17 05:26:23,858 - INFO - 开始处理红包...
2026-03-17 05:26:24,113 - INFO - 获取到 1 个红包信息
2026-03-17 05:26:24,113 - INFO - 本轮处理完成: 0 个红包待处理, 0 个红包成功领取
2026-03-17 05:26:24,113 - INFO - 检查完成，等待 30 秒后下一轮...
2026-03-17 05:26:54,143 - INFO - 开始新一轮红包检查... (05:26:54)
2026-03-17 05:26:54,144 - INFO - 开始处理红包...
2026-03-17 05:26:54,398 - INFO - 获取到 1 个红包信息
2026-03-17 05:26:54,398 - INFO - 本轮处理完成: 0 个红包待处理, 0 个红包成功领取
2026-03-17 05:26:54,398 - INFO - 检查完成，等待 30 秒后下一轮...
2026-03-17 05:27:24,428 - INFO - 开始新一轮红包检查... (05:27:24)
2026-03-17 05:27:24,428 - INFO - 开始处理红包...
2026-03-17 05:27:24,683 - INFO - 获取到 1 个红包信息
2026-03-17 05:27:24,683 - INFO - 本轮处理完成: 0 个红包待处理, 0 个红包成功领取
2026-03-17 05:27:24,683 - INFO - 检查完成，等待 30 秒后下一轮...
2026-03-17 05:27:54,713 - INFO - 开始新一轮红包检查... (05:27:54)
2026-03-17 05:27:54,714 - INFO - 开始处理红包...
2026-03-17 05:27:54,978 - INFO - 获取到 1 个红包信息
2026-03-17 05:27:54,978 - INFO - 本轮处理完成: 0 个红包待处理, 0 个红包成功领取
2026-03-17 05:27:54,978 - INFO - 检查完成，等待 30 秒后下一轮...
2026-03-17 05:28:25,008 - INFO - 开始新一轮红包检查... (05:28:25)
2026-03-17 05:28:25,008 - INFO - 开始处理红包...
2026-03-17 05:28:25,271 - INFO - 获取到 1 个红包信息
2026-03-17 05:28:25,271 - INFO - 本轮处理完成: 0 个红包待处理, 0 个红包成功领取
2026-03-17 05:28:25,271 - INFO - 检查完成，等待 30 秒后下一轮...
2026-03-17 05:28:55,282 - INFO - 开始新一轮红包检查... (05:28:55)
2026-03-17 05:28:55,282 - INFO - 开始处理红包...
2026-03-17 05:28:55,538 - INFO - 获取到 1 个红包信息
2026-03-17 05:28:55,538 - INFO - 本轮处理完成: 0 个红包待处理, 0 个红包成功领取
2026-03-17 05:28:55,538 - INFO - 检查完成，等待 30 秒后下一轮...
2026-03-17 05:29:25,563 - INFO - 开始新一轮红包检查... (05:29:25)
2026-03-17 05:29:25,563 - INFO - 开始处理红包...
2026-03-17 05:29:25,815 - INFO - 获取到 1 个红包信息
2026-03-17 05:29:25,815 - INFO - 本轮处理完成: 0 个红包待处理, 0 个红包成功领取
2026-03-17 05:29:25,815 - INFO - 检查完成，等待 30 秒后下一轮...
2026-03-17 05:29:55,845 - INFO - 开始新一轮红包检查... (05:29:55)
2026-03-17 05:29:55,846 - INFO - 开始处理红包...
2026-03-17 05:29:56,103 - INFO - 获取到 1 个红包信息
2026-03-17 05:29:56,103 - INFO - 本轮处理完成: 0 个红包待处理, 0 个红包成功领取
2026-03-17 05:29:56,103 - INFO - 检查完成，等待 30 秒后下一轮...
2026-03-17 05:30:26,134 - INFO - 开始新一轮红包检查... (05:30:26)
2026-03-17 05:30:26,134 - INFO - 开始处理红包...
2026-03-17 05:30:26,374 - INFO - 获取到 1 个红包信息
2026-03-17 05:30:26,374 - INFO - 本轮处理完成: 0 个红包待处理, 0 个红包成功领取
2026-03-17 05:30:26,374 - INFO - 检查完成，等待 30 秒后下一轮...
2026-03-17 05:30:56,404 - INFO - 开始新一轮红包检查... (05:30:56)
2026-03-17 05:30:56,405 - INFO - 开始处理红包...
2026-03-17 05:30:56,653 - INFO - 获取到 1 个红包信息
2026-03-17 05:30:56,653 - INFO - 本轮处理完成: 0 个红包待处理, 0 个红包成功领取
2026-03-17 05:30:56,653 - INFO - 检查完成，等待 30 秒后下一轮...
2026-03-17 05:31:26,683 - INFO - 开始新一轮红包检查... (05:31:26)
2026-03-17 05:31:26,683 - INFO - 开始处理红包...
2026-03-17 05:31:26,938 - INFO - 获取到 1 个红包信息
2026-03-17 05:31:26,938 - INFO - 本轮处理完成: 0 个红包待处理, 0 个红包成功领取
2026-03-17 05:31:26,938 - INFO - 检查完成，等待 30 秒后下一轮...
2026-03-17 05:31:56,968 - INFO - 开始新一轮红包检查... (05:31:56)
2026-03-17 05:31:56,969 - INFO - 开始处理红包...
2026-03-17 05:31:57,227 - INFO - 获取到 1 个红包信息
2026-03-17 05:31:57,227 - INFO - 本轮处理完成: 0 个红包待处理, 0 个红包成功领取
2026-03-17 05:31:57,227 - INFO - 检查完成，等待 30 秒后下一轮...
2026-03-17 05:32:27,234 - INFO - 开始新一轮红包检查... (05:32:27)
2026-03-17 05:32:27,234 - INFO - 开始处理红包...
2026-03-17 05:32:27,487 - INFO - 获取到 1 个红包信息
2026-03-17 05:32:27,487 - INFO - 本轮处理完成: 0 个红包待处理, 0 个红包成功领取
2026-03-17 05:32:27,487 - INFO - 检查完成，等待 30 秒后下一轮...
2026-03-17 05:32:57,502 - INFO - 开始新一轮红包检查... (05:32:57)
2026-03-17 05:32:57,502 - INFO - 开始处理红包...
2026-03-17 05:32:57,753 - INFO - 获取到 1 个红包信息
2026-03-17 05:32:57,753 - INFO - 本轮处理完成: 0 个红包待处理, 0 个红包成功领取
2026-03-17 05:32:57,753 - INFO - 检查完成，等待 30 秒后下一轮...
2026-03-17 05:33:27,778 - INFO - 开始新一轮红包检查... (05:33:27)
2026-03-17 05:33:27,778 - INFO - 开始处理红包...
2026-03-17 05:33:28,032 - INFO - 获取到 1 个红包信息
2026-03-17 05:33:28,033 - INFO - 本轮处理完成: 0 个红包待处理, 0 个红包成功领取
2026-03-17 05:33:28,033 - INFO - 检查完成，等待 30 秒后下一轮...
2026-03-17 05:33:58,064 - INFO - 开始新一轮红包检查... (05:33:58)
2026-03-17 05:33:58,064 - INFO - 开始处理红包...
2026-03-17 05:33:58,321 - INFO - 获取到 1 个红包信息
2026-03-17 05:33:58,321 - INFO - 本轮处理完成: 0 个红包待处理, 0 个红包成功领取
2026-03-17 05:33:58,321 - INFO - 检查完成，等待 30 秒后下一轮...
2026-03-17 05:34:28,322 - INFO - 开始新一轮红包检查... (05:34:28)
2026-03-17 05:34:28,322 - INFO - 开始处理红包...
2026-03-17 05:34:28,581 - INFO - 获取到 1 个红包信息
2026-03-17 05:34:28,581 - INFO - 本轮处理完成: 0 个红包待处理, 0 个红包成功领取
2026-03-17 05:34:28,581 - INFO - 检查完成，等待 30 秒后下一轮...
2026-03-17 05:34:58,593 - INFO - 开始新一轮红包检查... (05:34:58)
2026-03-17 05:34:58,593 - INFO - 开始处理红包...
2026-03-17 05:34:58,857 - INFO - 获取到 1 个红包信息
2026-03-17 05:34:58,857 - INFO - 本轮处理完成: 0 个红包待处理, 0 个红包成功领取
2026-03-17 05:34:58,857 - INFO - 检查完成，等待 30 秒后下一轮...
2026-03-17 05:35:28,887 - INFO - 开始新一轮红包检查... (05:35:28)
2026-03-17 05:35:28,888 - INFO - 开始处理红包...
2026-03-17 05:35:29,135 - INFO - 获取到 1 个红包信息
2026-03-17 05:35:29,135 - INFO - 本轮处理完成: 0 个红包待处理, 0 个红包成功领取
2026-03-17 05:35:29,135 - INFO - 检查完成，等待 30 秒后下一轮...
2026-03-17 05:35:59,165 - INFO - 开始新一轮红包检查... (05:35:59)
2026-03-17 05:35:59,165 - INFO - 开始处理红包...
2026-03-17 05:35:59,418 - INFO - 获取到 1 个红包信息
2026-03-17 05:35:59,419 - INFO - 本轮处理完成: 0 个红包待处理, 0 个红包成功领取
2026-03-17 05:35:59,419 - INFO - 检查完成，等待 30 秒后下一轮...
2026-03-17 05:36:29,449 - INFO - 开始新一轮红包检查... (05:36:29)
2026-03-17 05:36:29,449 - INFO - 开始处理红包...
2026-03-17 05:36:29,707 - INFO - 获取到 1 个红包信息
2026-03-17 05:36:29,707 - INFO - 本轮处理完成: 0 个红包待处理, 0 个红包成功领取
2026-03-17 05:36:29,707 - INFO - 检查完成，等待 30 秒后下一轮...
2026-03-17 05:36:59,714 - INFO - 开始新一轮红包检查... (05:36:59)
2026-03-17 05:36:59,714 - INFO - 开始处理红包...
2026-03-17 05:36:59,964 - INFO - 获取到 1 个红包信息
2026-03-17 05:36:59,964 - INFO - 本轮处理完成: 0 个红包待处理, 0 个红包成功领取
2026-03-17 05:36:59,965 - INFO - 检查完成，等待 30 秒后下一轮...
2026-03-17 05:37:29,995 - INFO - 开始新一轮红包检查... (05:37:29)
2026-03-17 05:37:29,995 - INFO - 开始处理红包...
2026-03-17 05:37:30,246 - INFO - 获取到 1 个红包信息
2026-03-17 05:37:30,246 - INFO - 本轮处理完成: 0 个红包待处理, 0 个红包成功领取
2026-03-17 05:37:30,246 - INFO - 检查完成，等待 30 秒后下一轮...
2026-03-17 05:38:00,276 - INFO - 开始新一轮红包检查... (05:38:00)
2026-03-17 05:38:00,276 - INFO - 开始处理红包...
2026-03-17 05:38:00,515 - INFO - 获取到 1 个红包信息
2026-03-17 05:38:00,516 - INFO - 本轮处理完成: 0 个红包待处理, 0 个红包成功领取
2026-03-17 05:38:00,516 - INFO - 检查完成，等待 30 秒后下一轮...
2026-03-17 05:38:30,546 - INFO - 开始新一轮红包检查... (05:38:30)
2026-03-17 05:38:30,546 - INFO - 开始处理红包...
2026-03-17 05:38:30,820 - INFO - 获取到 1 个红包信息
2026-03-17 05:38:30,820 - INFO - 本轮处理完成: 0 个红包待处理, 0 个红包成功领取
2026-03-17 05:38:30,820 - INFO - 检查完成，等待 30 秒后下一轮...
2026-03-17 05:39:00,850 - INFO - 开始新一轮红包检查... (05:39:00)
2026-03-17 05:39:00,850 - INFO - 开始处理红包...
2026-03-17 05:39:01,097 - INFO - 获取到 1 个红包信息
2026-03-17 05:39:01,097 - INFO - 本轮处理完成: 0 个红包待处理, 0 个红包成功领取
2026-03-17 05:39:01,097 - INFO - 检查完成，等待 30 秒后下一轮...
2026-03-17 05:39:31,111 - INFO - 开始新一轮红包检查... (05:39:31)
2026-03-17 05:39:31,111 - INFO - 开始处理红包...
2026-03-17 05:39:31,362 - INFO - 获取到 1 个红包信息
2026-03-17 05:39:31,362 - INFO - 本轮处理完成: 0 个红包待处理, 0 个红包成功领取
2026-03-17 05:39:31,362 - INFO - 检查完成，等待 30 秒后下一轮...
2026-03-17 05:40:01,393 - INFO - 开始新一轮红包检查... (05:40:01)
2026-03-17 05:40:01,393 - INFO - 开始处理红包...
2026-03-17 05:40:01,729 - INFO - 获取到 1 个红包信息
2026-03-17 05:40:01,729 - INFO - 本轮处理完成: 0 个红包待处理, 0 个红包成功领取
2026-03-17 05:40:01,730 - INFO - 检查完成，等待 30 秒后下一轮...
2026-03-17 05:40:31,760 - INFO - 开始新一轮红包检查... (05:40:31)
2026-03-17 05:40:31,760 - INFO - 开始处理红包...
2026-03-17 05:40:32,016 - INFO - 获取到 1 个红包信息
2026-03-17 05:40:32,016 - INFO - 本轮处理完成: 0 个红包待处理, 0 个红包成功领取
2026-03-17 05:40:32,017 - INFO - 检查完成，等待 30 秒后下一轮...
2026-03-17 05:41:02,034 - INFO - 开始新一轮红包检查... (05:41:02)
2026-03-17 05:41:02,034 - INFO - 开始处理红包...
2026-03-17 05:41:02,289 - INFO - 获取到 1 个红包信息
2026-03-17 05:41:02,289 - INFO - 本轮处理完成: 0 个红包待处理, 0 个红包成功领取
2026-03-17 05:41:02,289 - INFO - 检查完成，等待 30 秒后下一轮...
2026-03-17 05:41:32,320 - INFO - 开始新一轮红包检查... (05:41:32)
2026-03-17 05:41:32,320 - INFO - 开始处理红包...
2026-03-17 05:41:32,577 - INFO - 获取到 1 个红包信息
2026-03-17 05:41:32,577 - INFO - 本轮处理完成: 0 个红包待处理, 0 个红包成功领取
2026-03-17 05:41:32,577 - INFO - 检查完成，等待 30 秒后下一轮...
2026-03-17 05:42:02,594 - INFO - 开始新一轮红包检查... (05:42:02)
2026-03-17 05:42:02,594 - INFO - 开始处理红包...
2026-03-17 05:42:02,838 - INFO - 获取到 1 个红包信息
2026-03-17 05:42:02,838 - INFO - 本轮处理完成: 0 个红包待处理, 0 个红包成功领取
2026-03-17 05:42:02,838 - INFO - 检查完成，等待 30 秒后下一轮...
2026-03-17 05:42:32,866 - INFO - 开始新一轮红包检查... (05:42:32)
2026-03-17 05:42:32,866 - INFO - 开始处理红包...
2026-03-17 05:42:33,121 - INFO - 获取到 1 个红包信息
2026-03-17 05:42:33,121 - INFO - 本轮处理完成: 0 个红包待处理, 0 个红包成功领取
2026-03-17 05:42:33,121 - INFO - 检查完成，等待 30 秒后下一轮...
2026-03-17 05:43:03,151 - INFO - 开始新一轮红包检查... (05:43:03)
2026-03-17 05:43:03,151 - INFO - 开始处理红包...
2026-03-17 05:43:03,405 - INFO - 获取到 1 个红包信息
2026-03-17 05:43:03,405 - INFO - 本轮处理完成: 0 个红包待处理, 0 个红包成功领取
2026-03-17 05:43:03,405 - INFO - 检查完成，等待 30 秒后下一轮...
2026-03-17 05:43:33,410 - INFO - 开始新一轮红包检查... (05:43:33)
2026-03-17 05:43:33,410 - INFO - 开始处理红包...
2026-03-17 05:43:33,654 - INFO - 获取到 1 个红包信息
2026-03-17 05:43:33,654 - INFO - 本轮处理完成: 0 个红包待处理, 0 个红包成功领取
2026-03-17 05:43:33,654 - INFO - 检查完成，等待 30 秒后下一轮...
2026-03-17 05:44:03,684 - INFO - 开始新一轮红包检查... (05:44:03)
2026-03-17 05:44:03,685 - INFO - 开始处理红包...
2026-03-17 05:44:03,944 - INFO - 获取到 1 个红包信息
2026-03-17 05:44:03,944 - INFO - 本轮处理完成: 0 个红包待处理, 0 个红包成功领取
2026-03-17 05:44:03,944 - INFO - 检查完成，等待 30 秒后下一轮...
2026-03-17 05:44:33,949 - INFO - 开始新一轮红包检查... (05:44:33)
2026-03-17 05:44:33,949 - INFO - 开始处理红包...
2026-03-17 05:44:34,205 - INFO - 获取到 1 个红包信息
2026-03-17 05:44:34,205 - INFO - 本轮处理完成: 0 个红包待处理, 0 个红包成功领取
2026-03-17 05:44:34,205 - INFO - 检查完成，等待 30 秒后下一轮...
2026-03-17 05:45:04,235 - INFO - 开始新一轮红包检查... (05:45:04)
2026-03-17 05:45:04,235 - INFO - 开始处理红包...
2026-03-17 05:45:04,479 - INFO - 获取到 1 个红包信息
2026-03-17 05:45:04,479 - INFO - 本轮处理完成: 0 个红包待处理, 0 个红包成功领取
2026-03-17 05:45:04,479 - INFO - 检查完成，等待 30 秒后下一轮...
2026-03-17 05:45:34,506 - INFO - 开始新一轮红包检查... (05:45:34)
2026-03-17 05:45:34,506 - INFO - 开始处理红包...
2026-03-17 05:45:34,765 - INFO - 获取到 1 个红包信息
2026-03-17 05:45:34,765 - INFO - 本轮处理完成: 0 个红包待处理, 0 个红包成功领取
2026-03-17 05:45:34,765 - INFO - 检查完成，等待 30 秒后下一轮...
2026-03-17 05:46:04,795 - INFO - 开始新一轮红包检查... (05:46:04)
2026-03-17 05:46:04,795 - INFO - 开始处理红包...
2026-03-17 05:46:05,045 - INFO - 获取到 1 个红包信息
2026-03-17 05:46:05,045 - INFO - 本轮处理完成: 0 个红包待处理, 0 个红包成功领取
2026-03-17 05:46:05,045 - INFO - 检查完成，等待 30 秒后下一轮...
2026-03-17 05:46:35,075 - INFO - 开始新一轮红包检查... (05:46:35)
2026-03-17 05:46:35,075 - INFO - 开始处理红包...
2026-03-17 05:46:35,317 - INFO - 获取到 1 个红包信息
2026-03-17 05:46:35,317 - INFO - 本轮处理完成: 0 个红包待处理, 0 个红包成功领取
2026-03-17 05:46:35,317 - INFO - 检查完成，等待 30 秒后下一轮...
2026-03-17 05:47:05,347 - INFO - 开始新一轮红包检查... (05:47:05)
2026-03-17 05:47:05,348 - INFO - 开始处理红包...
2026-03-17 05:47:05,650 - INFO - 获取到 1 个红包信息
2026-03-17 05:47:05,650 - INFO - 本轮处理完成: 0 个红包待处理, 0 个红包成功领取
2026-03-17 05:47:05,650 - INFO - 检查完成，等待 30 秒后下一轮...
2026-03-17 05:47:35,661 - INFO - 开始新一轮红包检查... (05:47:35)
2026-03-17 05:47:35,661 - INFO - 开始处理红包...
2026-03-17 05:47:35,921 - INFO - 获取到 1 个红包信息
2026-03-17 05:47:35,921 - INFO - 本轮处理完成: 0 个红包待处理, 0 个红包成功领取
2026-03-17 05:47:35,921 - INFO - 检查完成，等待 30 秒后下一轮...
2026-03-17 05:48:05,951 - INFO - 开始新一轮红包检查... (05:48:05)
2026-03-17 05:48:05,953 - INFO - 开始处理红包...
2026-03-17 05:48:06,197 - INFO - 获取到 1 个红包信息
2026-03-17 05:48:06,197 - INFO - 本轮处理完成: 0 个红包待处理, 0 个红包成功领取
2026-03-17 05:48:06,199 - INFO - 检查完成，等待 30 秒后下一轮...
2026-03-17 05:48:36,229 - INFO - 开始新一轮红包检查... (05:48:36)
2026-03-17 05:48:36,229 - INFO - 开始处理红包...
2026-03-17 05:48:36,475 - INFO - 获取到 1 个红包信息
2026-03-17 05:48:36,475 - INFO - 本轮处理完成: 0 个红包待处理, 0 个红包成功领取
2026-03-17 05:48:36,475 - INFO - 检查完成，等待 30 秒后下一轮...
2026-03-17 05:49:06,505 - INFO - 开始新一轮红包检查... (05:49:06)
2026-03-17 05:49:06,505 - INFO - 开始处理红包...
2026-03-17 05:49:06,784 - INFO - 获取到 1 个红包信息
2026-03-17 05:49:06,784 - INFO - 本轮处理完成: 0 个红包待处理, 0 个红包成功领取
2026-03-17 05:49:06,784 - INFO - 检查完成，等待 30 秒后下一轮...
2026-03-17 05:49:36,802 - INFO - 开始新一轮红包检查... (05:49:36)
2026-03-17 05:49:36,802 - INFO - 开始处理红包...
2026-03-17 05:49:37,085 - INFO - 获取到 1 个红包信息
2026-03-17 05:49:37,085 - INFO - 本轮处理完成: 0 个红包待处理, 0 个红包成功领取
2026-03-17 05:49:37,085 - INFO - 检查完成，等待 30 秒后下一轮...
2026-03-17 05:50:07,116 - INFO - 开始新一轮红包检查... (05:50:07)
2026-03-17 05:50:07,116 - INFO - 开始处理红包...
2026-03-17 05:50:07,995 - INFO - 获取到 1 个红包信息
2026-03-17 05:50:07,995 - INFO - 本轮处理完成: 0 个红包待处理, 0 个红包成功领取
2026-03-17 05:50:07,995 - INFO - 检查完成，等待 30 秒后下一轮...
2026-03-17 05:50:38,026 - INFO - 开始新一轮红包检查... (05:50:38)
2026-03-17 05:50:38,026 - INFO - 开始处理红包...
2026-03-17 05:50:38,306 - INFO - 获取到 1 个红包信息
2026-03-17 05:50:38,306 - INFO - 本轮处理完成: 0 个红包待处理, 0 个红包成功领取
2026-03-17 05:50:38,306 - INFO - 检查完成，等待 30 秒后下一轮...
2026-03-17 05:51:08,322 - INFO - 开始新一轮红包检查... (05:51:08)
2026-03-17 05:51:08,322 - INFO - 开始处理红包...
2026-03-17 05:51:08,580 - INFO - 获取到 1 个红包信息
2026-03-17 05:51:08,580 - INFO - 本轮处理完成: 0 个红包待处理, 0 个红包成功领取
2026-03-17 05:51:08,580 - INFO - 检查完成，等待 30 秒后下一轮...
2026-03-17 05:51:38,605 - INFO - 开始新一轮红包检查... (05:51:38)
2026-03-17 05:51:38,605 - INFO - 开始处理红包...
2026-03-17 05:51:38,851 - INFO - 获取到 1 个红包信息
2026-03-17 05:51:38,851 - INFO - 本轮处理完成: 0 个红包待处理, 0 个红包成功领取
2026-03-17 05:51:38,852 - INFO - 检查完成，等待 30 秒后下一轮...
2026-03-17 05:52:08,882 - INFO - 开始新一轮红包检查... (05:52:08)
2026-03-17 05:52:08,882 - INFO - 开始处理红包...
2026-03-17 05:52:09,134 - INFO - 获取到 1 个红包信息
2026-03-17 05:52:09,134 - INFO - 本轮处理完成: 0 个红包待处理, 0 个红包成功领取
2026-03-17 05:52:09,134 - INFO - 检查完成，等待 30 秒后下一轮...
2026-03-17 05:52:39,138 - INFO - 开始新一轮红包检查... (05:52:39)
2026-03-17 05:52:39,138 - INFO - 开始处理红包...
2026-03-17 05:52:39,402 - INFO - 获取到 1 个红包信息
2026-03-17 05:52:39,402 - INFO - 本轮处理完成: 0 个红包待处理, 0 个红包成功领取
2026-03-17 05:52:39,402 - INFO - 检查完成，等待 30 秒后下一轮...
2026-03-17 05:53:09,433 - INFO - 开始新一轮红包检查... (05:53:09)
2026-03-17 05:53:09,433 - INFO - 开始处理红包...
2026-03-17 05:53:09,673 - INFO - 获取到 1 个红包信息
2026-03-17 05:53:09,673 - INFO - 本轮处理完成: 0 个红包待处理, 0 个红包成功领取
2026-03-17 05:53:09,673 - INFO - 检查完成，等待 30 秒后下一轮...
2026-03-17 05:53:39,703 - INFO - 开始新一轮红包检查... (05:53:39)
2026-03-17 05:53:39,704 - INFO - 开始处理红包...
2026-03-17 05:53:40,618 - INFO - 获取到 1 个红包信息
2026-03-17 05:53:40,618 - INFO - 本轮处理完成: 0 个红包待处理, 0 个红包成功领取
2026-03-17 05:53:40,618 - INFO - 检查完成，等待 30 秒后下一轮...
2026-03-17 05:54:10,648 - INFO - 开始新一轮红包检查... (05:54:10)
2026-03-17 05:54:10,648 - INFO - 开始处理红包...
2026-03-17 05:54:10,917 - INFO - 获取到 1 个红包信息
2026-03-17 05:54:10,917 - INFO - 本轮处理完成: 0 个红包待处理, 0 个红包成功领取
2026-03-17 05:54:10,917 - INFO - 检查完成，等待 30 秒后下一轮...
2026-03-17 05:54:40,930 - INFO - 开始新一轮红包检查... (05:54:40)
2026-03-17 05:54:40,930 - INFO - 开始处理红包...
2026-03-17 05:54:41,188 - INFO - 获取到 1 个红包信息
2026-03-17 05:54:41,188 - INFO - 本轮处理完成: 0 个红包待处理, 0 个红包成功领取
2026-03-17 05:54:41,188 - INFO - 检查完成，等待 30 秒后下一轮...
2026-03-17 05:55:11,218 - INFO - 开始新一轮红包检查... (05:55:11)
2026-03-17 05:55:11,218 - INFO - 开始处理红包...
2026-03-17 05:55:11,478 - INFO - 获取到 1 个红包信息
2026-03-17 05:55:11,478 - INFO - 本轮处理完成: 0 个红包待处理, 0 个红包成功领取
2026-03-17 05:55:11,478 - INFO - 检查完成，等待 30 秒后下一轮...
2026-03-17 05:55:41,509 - INFO - 开始新一轮红包检查... (05:55:41)
2026-03-17 05:55:41,509 - INFO - 开始处理红包...
2026-03-17 05:55:41,978 - INFO - 获取到 1 个红包信息
2026-03-17 05:55:41,978 - INFO - 本轮处理完成: 0 个红包待处理, 0 个红包成功领取
2026-03-17 05:55:41,978 - INFO - 检查完成，等待 30 秒后下一轮...
2026-03-17 05:56:11,992 - INFO - 开始新一轮红包检查... (05:56:11)
2026-03-17 05:56:11,992 - INFO - 开始处理红包...
2026-03-17 05:56:12,242 - INFO - 获取到 1 个红包信息
2026-03-17 05:56:12,243 - INFO - 本轮处理完成: 0 个红包待处理, 0 个红包成功领取
2026-03-17 05:56:12,243 - INFO - 检查完成，等待 30 秒后下一轮...
2026-03-17 05:56:42,273 - INFO - 开始新一轮红包检查... (05:56:42)
2026-03-17 05:56:42,273 - INFO - 开始处理红包...
2026-03-17 05:56:42,570 - INFO - 获取到 1 个红包信息
2026-03-17 05:56:42,571 - INFO - 本轮处理完成: 0 个红包待处理, 0 个红包成功领取
2026-03-17 05:56:42,571 - INFO - 检查完成，等待 30 秒后下一轮...
2026-03-17 05:57:12,601 - INFO - 开始新一轮红包检查... (05:57:12)
2026-03-17 05:57:12,601 - INFO - 开始处理红包...
2026-03-17 05:57:12,870 - INFO - 获取到 1 个红包信息
2026-03-17 05:57:12,870 - INFO - 本轮处理完成: 0 个红包待处理, 0 个红包成功领取
2026-03-17 05:57:12,871 - INFO - 检查完成，等待 30 秒后下一轮...
2026-03-17 05:57:42,888 - INFO - 开始新一轮红包检查... (05:57:42)
2026-03-17 05:57:42,888 - INFO - 开始处理红包...
2026-03-17 05:57:43,147 - INFO - 获取到 1 个红包信息
2026-03-17 05:57:43,147 - INFO - 本轮处理完成: 0 个红包待处理, 0 个红包成功领取
2026-03-17 05:57:43,147 - INFO - 检查完成，等待 30 秒后下一轮...
2026-03-17 05:58:13,154 - INFO - 开始新一轮红包检查... (05:58:13)
2026-03-17 05:58:13,154 - INFO - 开始处理红包...
2026-03-17 05:58:13,411 - INFO - 获取到 1 个红包信息
2026-03-17 05:58:13,412 - INFO - 本轮处理完成: 0 个红包待处理, 0 个红包成功领取
2026-03-17 05:58:13,412 - INFO - 检查完成，等待 30 秒后下一轮...
2026-03-17 05:58:43,442 - INFO - 开始新一轮红包检查... (05:58:43)
2026-03-17 05:58:43,442 - INFO - 开始处理红包...
2026-03-17 05:58:43,695 - INFO - 获取到 1 个红包信息
2026-03-17 05:58:43,695 - INFO - 本轮处理完成: 0 个红包待处理, 0 个红包成功领取
2026-03-17 05:58:43,695 - INFO - 检查完成，等待 30 秒后下一轮...
2026-03-17 05:59:13,725 - INFO - 开始新一轮红包检查... (05:59:13)
2026-03-17 05:59:13,725 - INFO - 开始处理红包...
2026-03-17 05:59:13,988 - INFO - 获取到 1 个红包信息
2026-03-17 05:59:13,988 - INFO - 本轮处理完成: 0 个红包待处理, 0 个红包成功领取
2026-03-17 05:59:13,988 - INFO - 检查完成，等待 30 秒后下一轮...
2026-03-17 05:59:44,018 - INFO - 开始新一轮红包检查... (05:59:44)
2026-03-17 05:59:44,018 - INFO - 开始处理红包...
2026-03-17 05:59:44,272 - INFO - 获取到 1 个红包信息
2026-03-17 05:59:44,272 - INFO - 本轮处理完成: 0 个红包待处理, 0 个红包成功领取
2026-03-17 05:59:44,272 - INFO - 检查完成，等待 30 秒后下一轮...
2026-03-17 06:00:14,312 - INFO - 开始新一轮红包检查... (06:00:14)
2026-03-17 06:00:14,317 - INFO - 开始处理红包...
2026-03-17 06:00:14,602 - INFO - 获取到 1 个红包信息
2026-03-17 06:00:14,603 - INFO - 本轮处理完成: 0 个红包待处理, 0 个红包成功领取
2026-03-17 06:00:14,603 - INFO - 检查完成，等待 30 秒后下一轮...
